[INFO] Scanning for projects...
[INFO] 
[INFO] -------------------< com.chrisnewland:jitwatch-core >-------------------
[INFO] Building JITWatch Core 1.4.0
[INFO] --------------------------------[ jar ]---------------------------------
[INFO] 
[INFO] --- maven-resources-plugin:3.0.2:resources (default-resources) @ jitwatch-core ---
[INFO] Using 'UTF-8' encoding to copy filtered resources.
[INFO] Copying 39 resources
[INFO] 
[INFO] --- maven-compiler-plugin:3.8.0:compile (default-compile) @ jitwatch-core ---
[INFO] Changes detected - recompiling the module!
[INFO] Compiling 180 source files to /mnt/c/Users/fujiwara yuma/evaluation/ALL/jitwatch/workingDir/core/target/classes
[INFO] 
[INFO] --- maven-resources-plugin:3.0.2:testResources (default-testResources) @ jitwatch-core ---
[INFO] Using 'UTF-8' encoding to copy filtered resources.
[INFO] Copying 1 resource
[INFO] 
[INFO] --- maven-compiler-plugin:3.8.0:testCompile (default-testCompile) @ jitwatch-core ---
[INFO] Changes detected - recompiling the module!
[INFO] Compiling 39 source files to /mnt/c/Users/fujiwara yuma/evaluation/ALL/jitwatch/workingDir/core/target/test-classes
[WARNING] /mnt/c/Users/fujiwara yuma/evaluation/ALL/jitwatch/workingDir/core/src/test/java/org/adoptopenjdk/jitwatch/test/TestTagProcessor.java:[307,17] <T>assertThat(java.lang.String,T,org.hamcrest.Matcher<? super T>) in org.junit.Assert has been deprecated
[WARNING] /mnt/c/Users/fujiwara yuma/evaluation/ALL/jitwatch/workingDir/core/src/test/java/org/adoptopenjdk/jitwatch/test/TestTagProcessor.java:[327,17] <T>assertThat(java.lang.String,T,org.hamcrest.Matcher<? super T>) in org.junit.Assert has been deprecated
[WARNING] /mnt/c/Users/fujiwara yuma/evaluation/ALL/jitwatch/workingDir/core/src/test/java/org/adoptopenjdk/jitwatch/test/TestTagProcessor.java:[350,17] <T>assertThat(java.lang.String,T,org.hamcrest.Matcher<? super T>) in org.junit.Assert has been deprecated
[WARNING] /mnt/c/Users/fujiwara yuma/evaluation/ALL/jitwatch/workingDir/core/src/test/java/org/adoptopenjdk/jitwatch/test/TestTagProcessor.java:[371,17] <T>assertThat(java.lang.String,T,org.hamcrest.Matcher<? super T>) in org.junit.Assert has been deprecated
[WARNING] /mnt/c/Users/fujiwara yuma/evaluation/ALL/jitwatch/workingDir/core/src/test/java/org/adoptopenjdk/jitwatch/test/TestPackageManager.java:[49,9] <T>assertThat(T,org.hamcrest.Matcher<? super T>) in org.junit.Assert has been deprecated
[WARNING] /mnt/c/Users/fujiwara yuma/evaluation/ALL/jitwatch/workingDir/core/src/test/java/org/adoptopenjdk/jitwatch/test/TestPackageManager.java:[70,9] <T>assertThat(T,org.hamcrest.Matcher<? super T>) in org.junit.Assert has been deprecated
[INFO] 
[INFO] --- maven-surefire-plugin:2.20:test (default-test) @ jitwatch-core ---
[INFO] 
[INFO] -------------------------------------------------------
[INFO]  T E S T S
[INFO] -------------------------------------------------------
[INFO] Running org.adoptopenjdk.jitwatch.test.TestAssemblyLabels
[INFO] Tests run: 7, Failures: 0, Errors: 0, Skipped: 0, Time elapsed: 0.306 s - in org.adoptopenjdk.jitwatch.test.TestAssemblyLabels
[INFO] Running org.adoptopenjdk.jitwatch.test.TestAssemblyParserARM
[INFO] Tests run: 1, Failures: 0, Errors: 0, Skipped: 0, Time elapsed: 0 s - in org.adoptopenjdk.jitwatch.test.TestAssemblyParserARM
[INFO] Running org.adoptopenjdk.jitwatch.test.TestAssemblyParserX86
[INFO] Tests run: 17, Failures: 0, Errors: 0, Skipped: 0, Time elapsed: 0.024 s - in org.adoptopenjdk.jitwatch.test.TestAssemblyParserX86
[INFO] Running org.adoptopenjdk.jitwatch.test.TestAssemblyProcessor
[INFO] Tests run: 12, Failures: 0, Errors: 0, Skipped: 0, Time elapsed: 0.065 s - in org.adoptopenjdk.jitwatch.test.TestAssemblyProcessor
[INFO] Running org.adoptopenjdk.jitwatch.test.TestBytecodeAnnotationBuilder
14:56:09.525 [main] ERROR o.a.j.u.ParseUtil - ClassNotFoundException: 'EscapeTest$Wrapper1'
14:56:09.528 [main] ERROR o.a.j.u.ParseUtil - metaClass not found: EscapeTest$Wrapper1
14:56:09.530 [main] ERROR o.a.j.u.ParseUtil - ClassNotFoundException: 'EscapeTest$Wrapper2'
14:56:09.531 [main] ERROR o.a.j.u.ParseUtil - metaClass not found: EscapeTest$Wrapper2
14:56:09.531 [main] ERROR o.a.j.u.ParseUtil - ClassNotFoundException: 'EscapeTest$Wrapper1'
14:56:09.531 [main] ERROR o.a.j.u.ParseUtil - metaClass not found: EscapeTest$Wrapper1
14:56:09.556 [main] ERROR o.a.j.u.ParseUtil - ClassNotFoundException: 'EscapeTest$Wrapper1'
14:56:09.556 [main] ERROR o.a.j.u.ParseUtil - metaClass not found: EscapeTest$Wrapper1
14:56:09.557 [main] ERROR o.a.j.u.ParseUtil - ClassNotFoundException: 'EscapeTest$Wrapper2'
14:56:09.557 [main] ERROR o.a.j.u.ParseUtil - metaClass not found: EscapeTest$Wrapper2
14:56:09.558 [main] ERROR o.a.j.u.ParseUtil - ClassNotFoundException: 'EscapeTest$Wrapper1'
14:56:09.559 [main] ERROR o.a.j.u.ParseUtil - metaClass not found: EscapeTest$Wrapper1
14:56:09.565 [main] WARN  o.a.j.p.AbstractLogParser - Didn't find compilation with ID null
[INFO] Tests run: 20, Failures: 0, Errors: 0, Skipped: 0, Time elapsed: 0.098 s - in org.adoptopenjdk.jitwatch.test.TestBytecodeAnnotationBuilder
[INFO] Running org.adoptopenjdk.jitwatch.test.TestBytecodeLoader
14:56:09.601 [main] INFO  o.a.j.l.BytecodeLoader - Could not fetch bytecode via reflection, trying Process
14:56:09.634 [main] INFO  o.a.j.p.r.RuntimeJava - JavapProcess() executablePath: /usr/lib/jvm/java-17-openjdk-amd64/bin/javap
14:56:09.634 [main] INFO  o.a.j.p.r.RuntimeJava - Process: /usr/lib/jvm/java-17-openjdk-amd64/bin/javap -c -p -v java.lang.StringBuilder 
14:56:10.136 [main] INFO  o.a.j.l.BytecodeLoader - Could not fetch bytecode via reflection, trying Process
14:56:10.138 [main] INFO  o.a.j.p.r.RuntimeJava - JavapProcess() executablePath: /usr/lib/jvm/java-17-openjdk-amd64/bin/javap
14:56:10.139 [main] INFO  o.a.j.p.r.RuntimeJava - Process: /usr/lib/jvm/java-17-openjdk-amd64/bin/javap -c -p -v -classpath /mnt/c/Users/fujiwara yuma/evaluation/ALL/jitwatch/workingDir/core/target/test-classes org.adoptopenjdk.jitwatch.test.TestBytecodeLoader 
14:56:10.822 [main] INFO  o.a.j.l.BytecodeLoader - Could not fetch bytecode via reflection, trying Process
14:56:10.824 [main] INFO  o.a.j.p.r.RuntimeJava - JavapProcess() executablePath: /usr/lib/jvm/java-17-openjdk-amd64/bin/javap
14:56:10.824 [main] INFO  o.a.j.p.r.RuntimeJava - Process: /usr/lib/jvm/java-17-openjdk-amd64/bin/javap -c -p -v -classpath /mnt/c/Users/fujiwara yuma/evaluation/ALL/jitwatch/workingDir/core/target/test-classes org.adoptopenjdk.jitwatch.test.TestBytecodeLoader 
[INFO] Tests run: 19, Failures: 0, Errors: 0, Skipped: 0, Time elapsed: 1.916 s - in org.adoptopenjdk.jitwatch.test.TestBytecodeLoader
[INFO] Running org.adoptopenjdk.jitwatch.test.TestBytecodeLoaderWithInnerClasses
14:56:11.504 [main] INFO  o.a.j.p.r.RuntimeJava - Process: /usr/lib/jvm/java-17-openjdk-amd64/bin/javac -g -d /tmp/testInnerClasses3262030738636257439 /mnt/c/Users/fujiwara yuma/evaluation/ALL/jitwatch/workingDir/core/src/main/resources/examples/TestInner.java 
14:56:12.256 [main] INFO  o.a.j.l.BytecodeLoader - Could not fetch bytecode via reflection, trying Process
14:56:12.258 [main] INFO  o.a.j.p.r.RuntimeJava - JavapProcess() executablePath: /usr/lib/jvm/java-17-openjdk-amd64/bin/javap
14:56:12.258 [main] INFO  o.a.j.p.r.RuntimeJava - Process: /usr/lib/jvm/java-17-openjdk-amd64/bin/javap -c -p -v -classpath /tmp/testInnerClasses3262030738636257439 TestInner 
14:56:12.630 [main] INFO  o.a.j.l.BytecodeLoader - Could not fetch bytecode via reflection, trying Process
14:56:12.631 [main] INFO  o.a.j.p.r.RuntimeJava - JavapProcess() executablePath: /usr/lib/jvm/java-17-openjdk-amd64/bin/javap
14:56:12.632 [main] INFO  o.a.j.p.r.RuntimeJava - Process: /usr/lib/jvm/java-17-openjdk-amd64/bin/javap -c -p -v -classpath /tmp/testInnerClasses3262030738636257439 TestInner$Inner1 
14:56:12.997 [main] INFO  o.a.j.l.BytecodeLoader - Could not fetch bytecode via reflection, trying Process
14:56:12.998 [main] INFO  o.a.j.p.r.RuntimeJava - JavapProcess() executablePath: /usr/lib/jvm/java-17-openjdk-amd64/bin/javap
14:56:12.999 [main] INFO  o.a.j.p.r.RuntimeJava - Process: /usr/lib/jvm/java-17-openjdk-amd64/bin/javap -c -p -v -classpath /tmp/testInnerClasses3262030738636257439 TestInner$Inner1$Inner2 
14:56:13.368 [main] INFO  o.a.j.p.r.RuntimeJava - Process: /usr/lib/jvm/java-17-openjdk-amd64/bin/javac -g -d /tmp/testInnerClasses9907325701567644237 /mnt/c/Users/fujiwara yuma/evaluation/ALL/jitwatch/workingDir/core/src/main/resources/examples/TestInner.java 
14:56:14.114 [main] INFO  o.a.j.l.BytecodeLoader - Could not fetch bytecode via reflection, trying Process
14:56:14.116 [main] INFO  o.a.j.p.r.RuntimeJava - JavapProcess() executablePath: /usr/lib/jvm/java-17-openjdk-amd64/bin/javap
14:56:14.116 [main] INFO  o.a.j.p.r.RuntimeJava - Process: /usr/lib/jvm/java-17-openjdk-amd64/bin/javap -c -p -v -classpath /tmp/testInnerClasses9907325701567644237 TestInner 
14:56:14.486 [main] INFO  o.a.j.l.BytecodeLoader - Could not fetch bytecode via reflection, trying Process
14:56:14.488 [main] INFO  o.a.j.p.r.RuntimeJava - JavapProcess() executablePath: /usr/lib/jvm/java-17-openjdk-amd64/bin/javap
14:56:14.488 [main] INFO  o.a.j.p.r.RuntimeJava - Process: /usr/lib/jvm/java-17-openjdk-amd64/bin/javap -c -p -v -classpath /tmp/testInnerClasses9907325701567644237 TestInner$Inner1 
14:56:14.872 [main] INFO  o.a.j.l.BytecodeLoader - Could not fetch bytecode via reflection, trying Process
14:56:14.873 [main] INFO  o.a.j.p.r.RuntimeJava - JavapProcess() executablePath: /usr/lib/jvm/java-17-openjdk-amd64/bin/javap
14:56:14.873 [main] INFO  o.a.j.p.r.RuntimeJava - Process: /usr/lib/jvm/java-17-openjdk-amd64/bin/javap -c -p -v -classpath /tmp/testInnerClasses9907325701567644237 TestInner$Inner1$Inner2 
14:56:15.248 [main] INFO  o.a.j.p.r.RuntimeJava - Process: /usr/lib/jvm/java-17-openjdk-amd64/bin/javac -g -d /tmp/testInnerClasses1645682399555314982 /mnt/c/Users/fujiwara yuma/evaluation/ALL/jitwatch/workingDir/core/src/main/resources/examples/TestInner.java 
14:56:15.965 [main] INFO  o.a.j.l.BytecodeLoader - Could not fetch bytecode via reflection, trying Process
14:56:15.966 [main] INFO  o.a.j.p.r.RuntimeJava - JavapProcess() executablePath: /usr/lib/jvm/java-17-openjdk-amd64/bin/javap
14:56:15.966 [main] INFO  o.a.j.p.r.RuntimeJava - Process: /usr/lib/jvm/java-17-openjdk-amd64/bin/javap -c -p -v -classpath /tmp/testInnerClasses1645682399555314982 TestInner 
14:56:16.340 [main] INFO  o.a.j.l.BytecodeLoader - Could not fetch bytecode via reflection, trying Process
14:56:16.342 [main] INFO  o.a.j.p.r.RuntimeJava - JavapProcess() executablePath: /usr/lib/jvm/java-17-openjdk-amd64/bin/javap
14:56:16.343 [main] INFO  o.a.j.p.r.RuntimeJava - Process: /usr/lib/jvm/java-17-openjdk-amd64/bin/javap -c -p -v -classpath /tmp/testInnerClasses1645682399555314982 TestInner$Inner1 
14:56:16.727 [main] INFO  o.a.j.l.BytecodeLoader - Could not fetch bytecode via reflection, trying Process
14:56:16.729 [main] INFO  o.a.j.p.r.RuntimeJava - JavapProcess() executablePath: /usr/lib/jvm/java-17-openjdk-amd64/bin/javap
14:56:16.729 [main] INFO  o.a.j.p.r.RuntimeJava - Process: /usr/lib/jvm/java-17-openjdk-amd64/bin/javap -c -p -v -classpath /tmp/testInnerClasses1645682399555314982 TestInner$Inner1$Inner2 
14:56:17.099 [main] INFO  o.a.j.p.r.RuntimeJava - Process: /usr/lib/jvm/java-17-openjdk-amd64/bin/javac -g -d /tmp/testInnerClasses2551012916430250853 /mnt/c/Users/fujiwara yuma/evaluation/ALL/jitwatch/workingDir/core/src/main/resources/examples/TestInner.java 
14:56:17.851 [main] INFO  o.a.j.l.BytecodeLoader - Could not fetch bytecode via reflection, trying Process
14:56:17.853 [main] INFO  o.a.j.p.r.RuntimeJava - JavapProcess() executablePath: /usr/lib/jvm/java-17-openjdk-amd64/bin/javap
14:56:17.853 [main] INFO  o.a.j.p.r.RuntimeJava - Process: /usr/lib/jvm/java-17-openjdk-amd64/bin/javap -c -p -v -classpath /tmp/testInnerClasses2551012916430250853 TestInner 
14:56:18.253 [main] INFO  o.a.j.l.BytecodeLoader - Could not fetch bytecode via reflection, trying Process
14:56:18.255 [main] INFO  o.a.j.p.r.RuntimeJava - JavapProcess() executablePath: /usr/lib/jvm/java-17-openjdk-amd64/bin/javap
14:56:18.255 [main] INFO  o.a.j.p.r.RuntimeJava - Process: /usr/lib/jvm/java-17-openjdk-amd64/bin/javap -c -p -v -classpath /tmp/testInnerClasses2551012916430250853 TestInner$Inner1 
14:56:18.681 [main] INFO  o.a.j.l.BytecodeLoader - Could not fetch bytecode via reflection, trying Process
14:56:18.682 [main] INFO  o.a.j.p.r.RuntimeJava - JavapProcess() executablePath: /usr/lib/jvm/java-17-openjdk-amd64/bin/javap
14:56:18.682 [main] INFO  o.a.j.p.r.RuntimeJava - Process: /usr/lib/jvm/java-17-openjdk-amd64/bin/javap -c -p -v -classpath /tmp/testInnerClasses2551012916430250853 TestInner$Inner1$Inner2 
14:56:19.052 [main] INFO  o.a.j.p.r.RuntimeJava - Process: /usr/lib/jvm/java-17-openjdk-amd64/bin/javac -g -d /tmp/testInnerClasses12870617121900853910 /mnt/c/Users/fujiwara yuma/evaluation/ALL/jitwatch/workingDir/core/src/main/resources/examples/TestInner.java 
14:56:19.807 [main] INFO  o.a.j.l.BytecodeLoader - Could not fetch bytecode via reflection, trying Process
14:56:19.809 [main] INFO  o.a.j.p.r.RuntimeJava - JavapProcess() executablePath: /usr/lib/jvm/java-17-openjdk-amd64/bin/javap
14:56:19.809 [main] INFO  o.a.j.p.r.RuntimeJava - Process: /usr/lib/jvm/java-17-openjdk-amd64/bin/javap -c -p -v -classpath /tmp/testInnerClasses12870617121900853910 TestInner 
14:56:20.190 [main] INFO  o.a.j.l.BytecodeLoader - Could not fetch bytecode via reflection, trying Process
14:56:20.191 [main] INFO  o.a.j.p.r.RuntimeJava - JavapProcess() executablePath: /usr/lib/jvm/java-17-openjdk-amd64/bin/javap
14:56:20.192 [main] INFO  o.a.j.p.r.RuntimeJava - Process: /usr/lib/jvm/java-17-openjdk-amd64/bin/javap -c -p -v -classpath /tmp/testInnerClasses12870617121900853910 TestInner$Inner1 
14:56:20.584 [main] INFO  o.a.j.l.BytecodeLoader - Could not fetch bytecode via reflection, trying Process
14:56:20.585 [main] INFO  o.a.j.p.r.RuntimeJava - JavapProcess() executablePath: /usr/lib/jvm/java-17-openjdk-amd64/bin/javap
14:56:20.585 [main] INFO  o.a.j.p.r.RuntimeJava - Process: /usr/lib/jvm/java-17-openjdk-amd64/bin/javap -c -p -v -classpath /tmp/testInnerClasses12870617121900853910 TestInner$Inner1$Inner2 
14:56:20.953 [main] INFO  o.a.j.p.r.RuntimeJava - Process: /usr/lib/jvm/java-17-openjdk-amd64/bin/javac -g -d /tmp/testInnerClasses8785823845168041603 /mnt/c/Users/fujiwara yuma/evaluation/ALL/jitwatch/workingDir/core/src/main/resources/examples/TestInner.java 
14:56:21.746 [main] INFO  o.a.j.l.BytecodeLoader - Could not fetch bytecode via reflection, trying Process
14:56:21.747 [main] INFO  o.a.j.p.r.RuntimeJava - JavapProcess() executablePath: /usr/lib/jvm/java-17-openjdk-amd64/bin/javap
14:56:21.747 [main] INFO  o.a.j.p.r.RuntimeJava - Process: /usr/lib/jvm/java-17-openjdk-amd64/bin/javap -c -p -v -classpath /tmp/testInnerClasses8785823845168041603 TestInner 
14:56:22.138 [main] INFO  o.a.j.l.BytecodeLoader - Could not fetch bytecode via reflection, trying Process
14:56:22.140 [main] INFO  o.a.j.p.r.RuntimeJava - JavapProcess() executablePath: /usr/lib/jvm/java-17-openjdk-amd64/bin/javap
14:56:22.140 [main] INFO  o.a.j.p.r.RuntimeJava - Process: /usr/lib/jvm/java-17-openjdk-amd64/bin/javap -c -p -v -classpath /tmp/testInnerClasses8785823845168041603 TestInner$Inner1 
14:56:22.550 [main] INFO  o.a.j.l.BytecodeLoader - Could not fetch bytecode via reflection, trying Process
14:56:22.551 [main] INFO  o.a.j.p.r.RuntimeJava - JavapProcess() executablePath: /usr/lib/jvm/java-17-openjdk-amd64/bin/javap
14:56:22.552 [main] INFO  o.a.j.p.r.RuntimeJava - Process: /usr/lib/jvm/java-17-openjdk-amd64/bin/javap -c -p -v -classpath /tmp/testInnerClasses8785823845168041603 TestInner$Inner1$Inner2 
14:56:22.931 [main] INFO  o.a.j.p.r.RuntimeJava - Process: /usr/lib/jvm/java-17-openjdk-amd64/bin/javac -g -d /tmp/testInnerClasses17592546192882521971 /mnt/c/Users/fujiwara yuma/evaluation/ALL/jitwatch/workingDir/core/src/main/resources/examples/TestInner.java 
14:56:23.714 [main] INFO  o.a.j.l.BytecodeLoader - Could not fetch bytecode via reflection, trying Process
14:56:23.716 [main] INFO  o.a.j.p.r.RuntimeJava - JavapProcess() executablePath: /usr/lib/jvm/java-17-openjdk-amd64/bin/javap
14:56:23.716 [main] INFO  o.a.j.p.r.RuntimeJava - Process: /usr/lib/jvm/java-17-openjdk-amd64/bin/javap -c -p -v -classpath /tmp/testInnerClasses17592546192882521971 TestInner 
14:56:24.093 [main] INFO  o.a.j.l.BytecodeLoader - Could not fetch bytecode via reflection, trying Process
14:56:24.094 [main] INFO  o.a.j.p.r.RuntimeJava - JavapProcess() executablePath: /usr/lib/jvm/java-17-openjdk-amd64/bin/javap
14:56:24.094 [main] INFO  o.a.j.p.r.RuntimeJava - Process: /usr/lib/jvm/java-17-openjdk-amd64/bin/javap -c -p -v -classpath /tmp/testInnerClasses17592546192882521971 TestInner$Inner1 
14:56:24.476 [main] INFO  o.a.j.l.BytecodeLoader - Could not fetch bytecode via reflection, trying Process
14:56:24.478 [main] INFO  o.a.j.p.r.RuntimeJava - JavapProcess() executablePath: /usr/lib/jvm/java-17-openjdk-amd64/bin/javap
14:56:24.478 [main] INFO  o.a.j.p.r.RuntimeJava - Process: /usr/lib/jvm/java-17-openjdk-amd64/bin/javap -c -p -v -classpath /tmp/testInnerClasses17592546192882521971 TestInner$Inner1$Inner2 
14:56:24.869 [main] INFO  o.a.j.p.r.RuntimeJava - Process: /usr/lib/jvm/java-17-openjdk-amd64/bin/javac -g -d /tmp/testInnerClasses11832302993858744986 /mnt/c/Users/fujiwara yuma/evaluation/ALL/jitwatch/workingDir/core/src/main/resources/examples/TestInner.java 
14:56:25.627 [main] INFO  o.a.j.l.BytecodeLoader - Could not fetch bytecode via reflection, trying Process
14:56:25.629 [main] INFO  o.a.j.p.r.RuntimeJava - JavapProcess() executablePath: /usr/lib/jvm/java-17-openjdk-amd64/bin/javap
14:56:25.629 [main] INFO  o.a.j.p.r.RuntimeJava - Process: /usr/lib/jvm/java-17-openjdk-amd64/bin/javap -c -p -v -classpath /tmp/testInnerClasses11832302993858744986 TestInner 
14:56:26.003 [main] INFO  o.a.j.l.BytecodeLoader - Could not fetch bytecode via reflection, trying Process
14:56:26.005 [main] INFO  o.a.j.p.r.RuntimeJava - JavapProcess() executablePath: /usr/lib/jvm/java-17-openjdk-amd64/bin/javap
14:56:26.005 [main] INFO  o.a.j.p.r.RuntimeJava - Process: /usr/lib/jvm/java-17-openjdk-amd64/bin/javap -c -p -v -classpath /tmp/testInnerClasses11832302993858744986 TestInner$Inner1 
14:56:26.404 [main] INFO  o.a.j.l.BytecodeLoader - Could not fetch bytecode via reflection, trying Process
14:56:26.405 [main] INFO  o.a.j.p.r.RuntimeJava - JavapProcess() executablePath: /usr/lib/jvm/java-17-openjdk-amd64/bin/javap
14:56:26.406 [main] INFO  o.a.j.p.r.RuntimeJava - Process: /usr/lib/jvm/java-17-openjdk-amd64/bin/javap -c -p -v -classpath /tmp/testInnerClasses11832302993858744986 TestInner$Inner1$Inner2 
14:56:26.790 [main] INFO  o.a.j.p.r.RuntimeJava - Process: /usr/lib/jvm/java-17-openjdk-amd64/bin/javac -g -d /tmp/testInnerClasses3637803420467971644 /mnt/c/Users/fujiwara yuma/evaluation/ALL/jitwatch/workingDir/core/src/main/resources/examples/TestInner.java 
14:56:27.518 [main] INFO  o.a.j.l.BytecodeLoader - Could not fetch bytecode via reflection, trying Process
14:56:27.519 [main] INFO  o.a.j.p.r.RuntimeJava - JavapProcess() executablePath: /usr/lib/jvm/java-17-openjdk-amd64/bin/javap
14:56:27.519 [main] INFO  o.a.j.p.r.RuntimeJava - Process: /usr/lib/jvm/java-17-openjdk-amd64/bin/javap -c -p -v -classpath /tmp/testInnerClasses3637803420467971644 TestInner 
14:56:27.922 [main] INFO  o.a.j.l.BytecodeLoader - Could not fetch bytecode via reflection, trying Process
14:56:27.924 [main] INFO  o.a.j.p.r.RuntimeJava - JavapProcess() executablePath: /usr/lib/jvm/java-17-openjdk-amd64/bin/javap
14:56:27.924 [main] INFO  o.a.j.p.r.RuntimeJava - Process: /usr/lib/jvm/java-17-openjdk-amd64/bin/javap -c -p -v -classpath /tmp/testInnerClasses3637803420467971644 TestInner$Inner1 
14:56:28.298 [main] INFO  o.a.j.l.BytecodeLoader - Could not fetch bytecode via reflection, trying Process
14:56:28.300 [main] INFO  o.a.j.p.r.RuntimeJava - JavapProcess() executablePath: /usr/lib/jvm/java-17-openjdk-amd64/bin/javap
14:56:28.300 [main] INFO  o.a.j.p.r.RuntimeJava - Process: /usr/lib/jvm/java-17-openjdk-amd64/bin/javap -c -p -v -classpath /tmp/testInnerClasses3637803420467971644 TestInner$Inner1$Inner2 
14:56:28.676 [main] INFO  o.a.j.p.r.RuntimeJava - Process: /usr/lib/jvm/java-17-openjdk-amd64/bin/javac -g -d /tmp/testInnerClasses8349885965377747807 /mnt/c/Users/fujiwara yuma/evaluation/ALL/jitwatch/workingDir/core/src/main/resources/examples/TestInner.java 
14:56:29.427 [main] INFO  o.a.j.l.BytecodeLoader - Could not fetch bytecode via reflection, trying Process
14:56:29.428 [main] INFO  o.a.j.p.r.RuntimeJava - JavapProcess() executablePath: /usr/lib/jvm/java-17-openjdk-amd64/bin/javap
14:56:29.428 [main] INFO  o.a.j.p.r.RuntimeJava - Process: /usr/lib/jvm/java-17-openjdk-amd64/bin/javap -c -p -v -classpath /tmp/testInnerClasses8349885965377747807 TestInner 
14:56:29.813 [main] INFO  o.a.j.l.BytecodeLoader - Could not fetch bytecode via reflection, trying Process
14:56:29.815 [main] INFO  o.a.j.p.r.RuntimeJava - JavapProcess() executablePath: /usr/lib/jvm/java-17-openjdk-amd64/bin/javap
14:56:29.815 [main] INFO  o.a.j.p.r.RuntimeJava - Process: /usr/lib/jvm/java-17-openjdk-amd64/bin/javap -c -p -v -classpath /tmp/testInnerClasses8349885965377747807 TestInner$Inner1 
14:56:30.188 [main] INFO  o.a.j.l.BytecodeLoader - Could not fetch bytecode via reflection, trying Process
14:56:30.190 [main] INFO  o.a.j.p.r.RuntimeJava - JavapProcess() executablePath: /usr/lib/jvm/java-17-openjdk-amd64/bin/javap
14:56:30.190 [main] INFO  o.a.j.p.r.RuntimeJava - Process: /usr/lib/jvm/java-17-openjdk-amd64/bin/javap -c -p -v -classpath /tmp/testInnerClasses8349885965377747807 TestInner$Inner1$Inner2 
14:56:30.557 [main] INFO  o.a.j.p.r.RuntimeJava - Process: /usr/lib/jvm/java-17-openjdk-amd64/bin/javac -g -d /tmp/testInnerClasses4041440697252388674 /mnt/c/Users/fujiwara yuma/evaluation/ALL/jitwatch/workingDir/core/src/main/resources/examples/TestInner.java 
14:56:31.311 [main] INFO  o.a.j.l.BytecodeLoader - Could not fetch bytecode via reflection, trying Process
14:56:31.313 [main] INFO  o.a.j.p.r.RuntimeJava - JavapProcess() executablePath: /usr/lib/jvm/java-17-openjdk-amd64/bin/javap
14:56:31.313 [main] INFO  o.a.j.p.r.RuntimeJava - Process: /usr/lib/jvm/java-17-openjdk-amd64/bin/javap -c -p -v -classpath /tmp/testInnerClasses4041440697252388674 TestInner 
14:56:31.697 [main] INFO  o.a.j.l.BytecodeLoader - Could not fetch bytecode via reflection, trying Process
14:56:31.698 [main] INFO  o.a.j.p.r.RuntimeJava - JavapProcess() executablePath: /usr/lib/jvm/java-17-openjdk-amd64/bin/javap
14:56:31.699 [main] INFO  o.a.j.p.r.RuntimeJava - Process: /usr/lib/jvm/java-17-openjdk-amd64/bin/javap -c -p -v -classpath /tmp/testInnerClasses4041440697252388674 TestInner$Inner1 
14:56:32.067 [main] INFO  o.a.j.l.BytecodeLoader - Could not fetch bytecode via reflection, trying Process
14:56:32.068 [main] INFO  o.a.j.p.r.RuntimeJava - JavapProcess() executablePath: /usr/lib/jvm/java-17-openjdk-amd64/bin/javap
14:56:32.069 [main] INFO  o.a.j.p.r.RuntimeJava - Process: /usr/lib/jvm/java-17-openjdk-amd64/bin/javap -c -p -v -classpath /tmp/testInnerClasses4041440697252388674 TestInner$Inner1$Inner2 
14:56:32.435 [main] INFO  o.a.j.p.r.RuntimeJava - Process: /usr/lib/jvm/java-17-openjdk-amd64/bin/javac -g -d /tmp/testInnerClasses7893687423163664534 /mnt/c/Users/fujiwara yuma/evaluation/ALL/jitwatch/workingDir/core/src/main/resources/examples/TestInner.java 
14:56:33.205 [main] INFO  o.a.j.l.BytecodeLoader - Could not fetch bytecode via reflection, trying Process
14:56:33.207 [main] INFO  o.a.j.p.r.RuntimeJava - JavapProcess() executablePath: /usr/lib/jvm/java-17-openjdk-amd64/bin/javap
14:56:33.207 [main] INFO  o.a.j.p.r.RuntimeJava - Process: /usr/lib/jvm/java-17-openjdk-amd64/bin/javap -c -p -v -classpath /tmp/testInnerClasses7893687423163664534 TestInner 
14:56:33.577 [main] INFO  o.a.j.l.BytecodeLoader - Could not fetch bytecode via reflection, trying Process
14:56:33.579 [main] INFO  o.a.j.p.r.RuntimeJava - JavapProcess() executablePath: /usr/lib/jvm/java-17-openjdk-amd64/bin/javap
14:56:33.579 [main] INFO  o.a.j.p.r.RuntimeJava - Process: /usr/lib/jvm/java-17-openjdk-amd64/bin/javap -c -p -v -classpath /tmp/testInnerClasses7893687423163664534 TestInner$Inner1 
14:56:33.956 [main] INFO  o.a.j.l.BytecodeLoader - Could not fetch bytecode via reflection, trying Process
14:56:33.957 [main] INFO  o.a.j.p.r.RuntimeJava - JavapProcess() executablePath: /usr/lib/jvm/java-17-openjdk-amd64/bin/javap
14:56:33.957 [main] INFO  o.a.j.p.r.RuntimeJava - Process: /usr/lib/jvm/java-17-openjdk-amd64/bin/javap -c -p -v -classpath /tmp/testInnerClasses7893687423163664534 TestInner$Inner1$Inner2 
14:56:34.346 [main] INFO  o.a.j.p.r.RuntimeJava - Process: /usr/lib/jvm/java-17-openjdk-amd64/bin/javac -g -d /tmp/testInnerClasses16481629025048264986 /mnt/c/Users/fujiwara yuma/evaluation/ALL/jitwatch/workingDir/core/src/main/resources/examples/TestInner.java 
14:56:35.071 [main] INFO  o.a.j.l.BytecodeLoader - Could not fetch bytecode via reflection, trying Process
14:56:35.072 [main] INFO  o.a.j.p.r.RuntimeJava - JavapProcess() executablePath: /usr/lib/jvm/java-17-openjdk-amd64/bin/javap
14:56:35.072 [main] INFO  o.a.j.p.r.RuntimeJava - Process: /usr/lib/jvm/java-17-openjdk-amd64/bin/javap -c -p -v -classpath /tmp/testInnerClasses16481629025048264986 TestInner 
14:56:35.466 [main] INFO  o.a.j.l.BytecodeLoader - Could not fetch bytecode via reflection, trying Process
14:56:35.468 [main] INFO  o.a.j.p.r.RuntimeJava - JavapProcess() executablePath: /usr/lib/jvm/java-17-openjdk-amd64/bin/javap
14:56:35.468 [main] INFO  o.a.j.p.r.RuntimeJava - Process: /usr/lib/jvm/java-17-openjdk-amd64/bin/javap -c -p -v -classpath /tmp/testInnerClasses16481629025048264986 TestInner$Inner1 
14:56:35.845 [main] INFO  o.a.j.l.BytecodeLoader - Could not fetch bytecode via reflection, trying Process
14:56:35.846 [main] INFO  o.a.j.p.r.RuntimeJava - JavapProcess() executablePath: /usr/lib/jvm/java-17-openjdk-amd64/bin/javap
14:56:35.847 [main] INFO  o.a.j.p.r.RuntimeJava - Process: /usr/lib/jvm/java-17-openjdk-amd64/bin/javap -c -p -v -classpath /tmp/testInnerClasses16481629025048264986 TestInner$Inner1$Inner2 
[INFO] Tests run: 13, Failures: 0, Errors: 0, Skipped: 0, Time elapsed: 24.712 s - in org.adoptopenjdk.jitwatch.test.TestBytecodeLoaderWithInnerClasses
[INFO] Running org.adoptopenjdk.jitwatch.test.TestCompilationUtil
14:56:36.221 [main] INFO  o.a.j.p.r.RuntimeJava - Process: /usr/lib/jvm/java-17-openjdk-amd64/bin/javac -g -d /tmp/test_compilation_util697182624972378810 /tmp/test_compilation_util697182624972378810/org/adoptopenjdk/jitwatch/compiletest/CompileTest.java 
[INFO] Tests run: 1, Failures: 0, Errors: 0, Skipped: 0, Time elapsed: 0.717 s - in org.adoptopenjdk.jitwatch.test.TestCompilationUtil
[INFO] Running org.adoptopenjdk.jitwatch.test.TestCompileChain
[INFO] Tests run: 5, Failures: 0, Errors: 0, Skipped: 0, Time elapsed: 0.007 s - in org.adoptopenjdk.jitwatch.test.TestCompileChain
[INFO] Running org.adoptopenjdk.jitwatch.test.TestCompositeObjectEquality
[INFO] Tests run: 7, Failures: 0, Errors: 0, Skipped: 0, Time elapsed: 0.003 s - in org.adoptopenjdk.jitwatch.test.TestCompositeObjectEquality
[INFO] Running org.adoptopenjdk.jitwatch.test.TestExecutionUtil
14:56:36.948 [main] INFO  o.a.j.p.r.RuntimeJava - Process: /usr/lib/jvm/java-17-openjdk-amd64/bin/java -XX:+UnlockDiagnosticVMOptions -XX:+TraceClassLoading -XX:+LogCompilation -cp /mnt/c/Users/fujiwara yuma/evaluation/ALL/jitwatch/workingDir/core/target/classes:/mnt/c/Users/fujiwara yuma/evaluation/ALL/jitwatch/workingDir/core/../lib/hamcrest-core-1.3.jar:/mnt/c/Users/fujiwara yuma/evaluation/ALL/jitwatch/workingDir/core/../lib/junit-4.8.2.jar:/mnt/c/Users/fujiwara yuma/evaluation/ALL/jitwatch/workingDir/core/../lib/logback-classic-1.1.2.jar:/mnt/c/Users/fujiwara yuma/evaluation/ALL/jitwatch/workingDir/core/../lib/logback-core-1.1.2.jar:/mnt/c/Users/fujiwara yuma/evaluation/ALL/jitwatch/workingDir/core/../lib/slf4j-api-1.7.7.jar org.adoptopenjdk.jitwatch.demo.MakeHotSpotLog 
[ERROR] Tests run: 1, Failures: 1, Errors: 0, Skipped: 0, Time elapsed: 0.031 s <<< FAILURE! - in org.adoptopenjdk.jitwatch.test.TestExecutionUtil
[ERROR] testExecuteDemo(org.adoptopenjdk.jitwatch.test.TestExecutionUtil)  Time elapsed: 0.031 s  <<< FAILURE!
java.lang.AssertionError
	at org.adoptopenjdk.jitwatch.test.TestExecutionUtil.testExecuteDemo(TestExecutionUtil.java:78)

[INFO] Running org.adoptopenjdk.jitwatch.test.TestHisto
[INFO] Tests run: 1, Failures: 0, Errors: 0, Skipped: 0, Time elapsed: 0.002 s - in org.adoptopenjdk.jitwatch.test.TestHisto
[INFO] Running org.adoptopenjdk.jitwatch.test.TestInnerClassRelationship
[INFO] Tests run: 2, Failures: 0, Errors: 0, Skipped: 0, Time elapsed: 0 s - in org.adoptopenjdk.jitwatch.test.TestInnerClassRelationship
[INFO] Running org.adoptopenjdk.jitwatch.test.TestIntrinsicFinder
[INFO] Tests run: 2, Failures: 0, Errors: 0, Skipped: 0, Time elapsed: 0 s - in org.adoptopenjdk.jitwatch.test.TestIntrinsicFinder
[INFO] Running org.adoptopenjdk.jitwatch.test.TestJ9Parser
[INFO] Tests run: 3, Failures: 0, Errors: 0, Skipped: 0, Time elapsed: 0 s - in org.adoptopenjdk.jitwatch.test.TestJ9Parser
[INFO] Running org.adoptopenjdk.jitwatch.test.TestJarScan
[INFO] Tests run: 8, Failures: 0, Errors: 0, Skipped: 0, Time elapsed: 0 s - in org.adoptopenjdk.jitwatch.test.TestJarScan
[INFO] Running org.adoptopenjdk.jitwatch.test.TestJITWatchConfig
[INFO] Tests run: 4, Failures: 0, Errors: 0, Skipped: 0, Time elapsed: 0.037 s - in org.adoptopenjdk.jitwatch.test.TestJITWatchConfig
[INFO] Running org.adoptopenjdk.jitwatch.test.TestLineTable
[INFO] Tests run: 4, Failures: 0, Errors: 0, Skipped: 0, Time elapsed: 0 s - in org.adoptopenjdk.jitwatch.test.TestLineTable
[INFO] Running org.adoptopenjdk.jitwatch.test.TestLocales
[INFO] Tests run: 2, Failures: 0, Errors: 0, Skipped: 0, Time elapsed: 0 s - in org.adoptopenjdk.jitwatch.test.TestLocales
[INFO] Running org.adoptopenjdk.jitwatch.test.TestLogSplitting
[INFO] Tests run: 3, Failures: 0, Errors: 0, Skipped: 0, Time elapsed: 0.029 s - in org.adoptopenjdk.jitwatch.test.TestLogSplitting
[INFO] Running org.adoptopenjdk.jitwatch.test.TestMemberBytecode
[INFO] Tests run: 2, Failures: 0, Errors: 0, Skipped: 0, Time elapsed: 0.003 s - in org.adoptopenjdk.jitwatch.test.TestMemberBytecode
[INFO] Running org.adoptopenjdk.jitwatch.test.TestMemberSignatureParts
[INFO] Tests run: 17, Failures: 0, Errors: 0, Skipped: 0, Time elapsed: 0.003 s - in org.adoptopenjdk.jitwatch.test.TestMemberSignatureParts
[INFO] Running org.adoptopenjdk.jitwatch.test.TestMetaClass
[INFO] Tests run: 14, Failures: 0, Errors: 0, Skipped: 0, Time elapsed: 0.003 s - in org.adoptopenjdk.jitwatch.test.TestMetaClass
[INFO] Running org.adoptopenjdk.jitwatch.test.TestOpcode
[INFO] Tests run: 1, Failures: 0, Errors: 0, Skipped: 0, Time elapsed: 0.001 s - in org.adoptopenjdk.jitwatch.test.TestOpcode
[INFO] Running org.adoptopenjdk.jitwatch.test.TestPackageManager
[INFO] Tests run: 2, Failures: 0, Errors: 0, Skipped: 0, Time elapsed: 0 s - in org.adoptopenjdk.jitwatch.test.TestPackageManager
[INFO] Running org.adoptopenjdk.jitwatch.test.TestParseUtil
[INFO] Tests run: 53, Failures: 0, Errors: 0, Skipped: 0, Time elapsed: 0.02 s - in org.adoptopenjdk.jitwatch.test.TestParseUtil
[INFO] Running org.adoptopenjdk.jitwatch.test.TestReport
[INFO] Tests run: 2, Failures: 0, Errors: 0, Skipped: 0, Time elapsed: 0.002 s - in org.adoptopenjdk.jitwatch.test.TestReport
[INFO] Running org.adoptopenjdk.jitwatch.test.TestResourceLoader
[INFO] Tests run: 1, Failures: 0, Errors: 0, Skipped: 0, Time elapsed: 0.097 s - in org.adoptopenjdk.jitwatch.test.TestResourceLoader
[INFO] Running org.adoptopenjdk.jitwatch.test.TestStringUtil
[INFO] Tests run: 3, Failures: 0, Errors: 0, Skipped: 0, Time elapsed: 0.007 s - in org.adoptopenjdk.jitwatch.test.TestStringUtil
[INFO] Running org.adoptopenjdk.jitwatch.test.TestTagProcessor
14:56:37.237 [main] WARN  o.a.j.c.TagProcessor - Found a <fragment> in the HotSpot log. The VM exited before the hotspot log was fully written. JIT information may have been lost.
14:56:37.238 [main] WARN  o.a.j.c.TagProcessor - Found a <fragment> in the HotSpot log. The VM exited before the hotspot log was fully written. JIT information may have been lost.
[INFO] Tests run: 13, Failures: 0, Errors: 0, Skipped: 0, Time elapsed: 0 s - in org.adoptopenjdk.jitwatch.test.TestTagProcessor
[INFO] Running org.adoptopenjdk.jitwatch.test.TestVmVersionDetector
[INFO] Tests run: 1, Failures: 0, Errors: 0, Skipped: 0, Time elapsed: 0.009 s - in org.adoptopenjdk.jitwatch.test.TestVmVersionDetector
[INFO] Running org.adoptopenjdk.jitwatch.test.TestZingParser
[INFO] Tests run: 10, Failures: 0, Errors: 0, Skipped: 0, Time elapsed: 0 s - in org.adoptopenjdk.jitwatch.test.TestZingParser
[INFO] 
[INFO] Results:
[INFO] 
[ERROR] Failures: 
[ERROR]   TestExecutionUtil.testExecuteDemo:78
[INFO] 
[ERROR] Tests run: 251, Failures: 1, Errors: 0, Skipped: 0
[INFO] 
[INFO] ------------------------------------------------------------------------
[INFO] BUILD FAILURE
[INFO] ------------------------------------------------------------------------
[INFO] Total time:  36.687 s
[INFO] Finished at: 2023-12-14T14:56:37+09:00
[INFO] ------------------------------------------------------------------------
[ERROR] Failed to execute goal org.apache.maven.plugins:maven-surefire-plugin:2.20:test (default-test) on project jitwatch-core: There are test failures.
[ERROR] 
[ERROR] Please refer to /mnt/c/Users/fujiwara yuma/evaluation/ALL/jitwatch/workingDir/core/target/surefire-reports for the individual test results.
[ERROR] Please refer to dump files (if any exist) [date]-jvmRun[N].dump, [date].dumpstream and [date]-jvmRun[N].dumpstream.
[ERROR] -> [Help 1]
[ERROR] 
[ERROR] To see the full stack trace of the errors, re-run Maven with the -e switch.
[ERROR] Re-run Maven using the -X switch to enable full debug logging.
[ERROR] 
[ERROR] For more information about the errors and possible solutions, please read the following articles:
[ERROR] [Help 1] http://cwiki.apache.org/confluence/display/MAVEN/MojoFailureException
