[INFO] Scanning for projects...
[INFO] Inspecting build with total of 1 modules...
[INFO] Installing Nexus Staging features:
[INFO]   ... total of 1 executions of maven-deploy-plugin replaced with nexus-staging-maven-plugin
[INFO] 
[INFO] ------< com.fasterxml.jackson.dataformat:jackson-dataformat-xml >-------
[INFO] Building Jackson-dataformat-XML 2.14.2-SNAPSHOT
[INFO] -------------------------------[ bundle ]-------------------------------
[INFO] 
[INFO] --- maven-enforcer-plugin:3.0.0-M3:enforce (enforce-java) @ jackson-dataformat-xml ---
[INFO] 
[INFO] --- jacoco-maven-plugin:0.8.7:prepare-agent (default) @ jackson-dataformat-xml ---
[INFO] argLine set to "-javaagent:/home/ym-fujwr/.m2/repository/org/jacoco/org.jacoco.agent/0.8.7/org.jacoco.agent-0.8.7-runtime.jar=destfile=/mnt/c/Users/fujiwara yuma/evaluation/ALL/jacksonXML/workingDir/target/jacoco.exec"
[INFO] 
[INFO] --- build-helper-maven-plugin:3.3.0:add-source (add-generated-sources) @ jackson-dataformat-xml ---
[INFO] Source directory: /mnt/c/Users/fujiwara yuma/evaluation/ALL/jacksonXML/workingDir/target/generated-sources added.
[INFO] 
[INFO] --- replacer:1.5.3:replace (process-packageVersion) @ jackson-dataformat-xml ---
[INFO] Replacement run on 1 file.
[INFO] 
[INFO] --- build-helper-maven-plugin:3.3.0:add-resource (add-resource) @ jackson-dataformat-xml ---
[INFO] 
[INFO] --- maven-resources-plugin:3.3.0:resources (default-resources) @ jackson-dataformat-xml ---
[INFO] Copying 4 resources
[INFO] Copying 1 resource to META-INF
[INFO] 
[INFO] --- maven-compiler-plugin:3.10.1:compile (default-compile) @ jackson-dataformat-xml ---
[INFO] Changes detected - recompiling the module!
[INFO] Compiling 42 source files to /mnt/c/Users/fujiwara yuma/evaluation/ALL/jacksonXML/workingDir/target/classes
[WARNING] bootstrap class path not set in conjunction with -source 8
[INFO] 
[INFO] --- maven-resources-plugin:3.3.0:testResources (default-testResources) @ jackson-dataformat-xml ---
[INFO] Copying 2 resources
[INFO] 
[INFO] --- maven-compiler-plugin:3.10.1:testCompile (default-testCompile) @ jackson-dataformat-xml ---
[INFO] Changes detected - recompiling the module!
[INFO] Compiling 133 source files to /mnt/c/Users/fujiwara yuma/evaluation/ALL/jacksonXML/workingDir/target/test-classes
[WARNING] bootstrap class path not set in conjunction with -source 8
[WARNING] unknown enum constant aQute.bnd.annotation.Resolution.OPTIONAL
  reason: class file for aQute.bnd.annotation.Resolution not found
[INFO] 
[INFO] --- maven-surefire-plugin:2.22.2:test (default-test) @ jackson-dataformat-xml ---
[INFO] 
[INFO] -------------------------------------------------------
[INFO]  T E S T S
[INFO] -------------------------------------------------------
[INFO] Running com.fasterxml.jackson.dataformat.xml.adapters.TestIssue47Attribute
[INFO] Tests run: 1, Failures: 0, Errors: 0, Skipped: 0, Time elapsed: 1.04 s - in com.fasterxml.jackson.dataformat.xml.adapters.TestIssue47Attribute
[INFO] Running com.fasterxml.jackson.dataformat.xml.deser.builder.BuilderSimpleTest
[INFO] Tests run: 9, Failures: 0, Errors: 0, Skipped: 0, Time elapsed: 0.099 s - in com.fasterxml.jackson.dataformat.xml.deser.builder.BuilderSimpleTest
[INFO] Running com.fasterxml.jackson.dataformat.xml.deser.builder.BuilderWithXmlText345Test
[INFO] Tests run: 1, Failures: 0, Errors: 0, Skipped: 0, Time elapsed: 0.065 s - in com.fasterxml.jackson.dataformat.xml.deser.builder.BuilderWithXmlText345Test
[INFO] Running com.fasterxml.jackson.dataformat.xml.deser.CaseInsensitiveDeserTest
[INFO] Tests run: 2, Failures: 0, Errors: 0, Skipped: 0, Time elapsed: 0.027 s - in com.fasterxml.jackson.dataformat.xml.deser.CaseInsensitiveDeserTest
[INFO] Running com.fasterxml.jackson.dataformat.xml.deser.CoerceFromEmptyStringTest
[INFO] Tests run: 5, Failures: 0, Errors: 0, Skipped: 0, Time elapsed: 0.06 s - in com.fasterxml.jackson.dataformat.xml.deser.CoerceFromEmptyStringTest
[INFO] Running com.fasterxml.jackson.dataformat.xml.deser.convert.CoerceStringToIntsTest
[INFO] Tests run: 6, Failures: 0, Errors: 0, Skipped: 0, Time elapsed: 0.111 s - in com.fasterxml.jackson.dataformat.xml.deser.convert.CoerceStringToIntsTest
[INFO] Running com.fasterxml.jackson.dataformat.xml.deser.convert.CoerceToBooleanTest
[INFO] Tests run: 3, Failures: 0, Errors: 0, Skipped: 0, Time elapsed: 0.02 s - in com.fasterxml.jackson.dataformat.xml.deser.convert.CoerceToBooleanTest
[INFO] Running com.fasterxml.jackson.dataformat.xml.deser.creator.NestedSingleArgCtors547Test
[INFO] Tests run: 2, Failures: 0, Errors: 0, Skipped: 0, Time elapsed: 0.018 s - in com.fasterxml.jackson.dataformat.xml.deser.creator.NestedSingleArgCtors547Test
[INFO] Running com.fasterxml.jackson.dataformat.xml.deser.creator.NoArgCtorDeser491Test
[INFO] Tests run: 2, Failures: 0, Errors: 0, Skipped: 0, Time elapsed: 0.042 s - in com.fasterxml.jackson.dataformat.xml.deser.creator.NoArgCtorDeser491Test
[INFO] Running com.fasterxml.jackson.dataformat.xml.deser.creator.PojoWithCreatorRequired538Test
[INFO] Tests run: 1, Failures: 0, Errors: 0, Skipped: 0, Time elapsed: 0.004 s - in com.fasterxml.jackson.dataformat.xml.deser.creator.PojoWithCreatorRequired538Test
[INFO] Running com.fasterxml.jackson.dataformat.xml.deser.DefaultTyping325Test
[INFO] Tests run: 1, Failures: 0, Errors: 0, Skipped: 0, Time elapsed: 0.022 s - in com.fasterxml.jackson.dataformat.xml.deser.DefaultTyping325Test
[INFO] Running com.fasterxml.jackson.dataformat.xml.deser.DelegatingCreator254Test
[INFO] Tests run: 1, Failures: 0, Errors: 0, Skipped: 0, Time elapsed: 0.001 s - in com.fasterxml.jackson.dataformat.xml.deser.DelegatingCreator254Test
[INFO] Running com.fasterxml.jackson.dataformat.xml.deser.DeserErrorHandling236Test
[INFO] Tests run: 1, Failures: 0, Errors: 0, Skipped: 0, Time elapsed: 0.01 s - in com.fasterxml.jackson.dataformat.xml.deser.DeserErrorHandling236Test
[INFO] Running com.fasterxml.jackson.dataformat.xml.deser.ElementWithScalarAndAttr412Test
[INFO] Tests run: 7, Failures: 0, Errors: 0, Skipped: 0, Time elapsed: 0.056 s - in com.fasterxml.jackson.dataformat.xml.deser.ElementWithScalarAndAttr412Test
[INFO] Running com.fasterxml.jackson.dataformat.xml.deser.EmptyBeanDeser318Test
[INFO] Tests run: 5, Failures: 0, Errors: 0, Skipped: 0, Time elapsed: 0.014 s - in com.fasterxml.jackson.dataformat.xml.deser.EmptyBeanDeser318Test
[INFO] Running com.fasterxml.jackson.dataformat.xml.deser.EmptyStringValueTest
[INFO] Tests run: 5, Failures: 0, Errors: 0, Skipped: 0, Time elapsed: 0.022 s - in com.fasterxml.jackson.dataformat.xml.deser.EmptyStringValueTest
[INFO] Running com.fasterxml.jackson.dataformat.xml.deser.EmptyWithScalarsTest
[INFO] Tests run: 6, Failures: 0, Errors: 0, Skipped: 0, Time elapsed: 0.029 s - in com.fasterxml.jackson.dataformat.xml.deser.EmptyWithScalarsTest
[INFO] Running com.fasterxml.jackson.dataformat.xml.deser.EnumDeserTest
[INFO] Tests run: 2, Failures: 0, Errors: 0, Skipped: 0, Time elapsed: 0.017 s - in com.fasterxml.jackson.dataformat.xml.deser.EnumDeserTest
[INFO] Running com.fasterxml.jackson.dataformat.xml.deser.ExceptionDeserializationTest
[INFO] Tests run: 1, Failures: 0, Errors: 0, Skipped: 0, Time elapsed: 0.046 s - in com.fasterxml.jackson.dataformat.xml.deser.ExceptionDeserializationTest
[INFO] Running com.fasterxml.jackson.dataformat.xml.deser.Issue274PropertyNameTest
[INFO] Tests run: 1, Failures: 0, Errors: 0, Skipped: 0, Time elapsed: 0.006 s - in com.fasterxml.jackson.dataformat.xml.deser.Issue274PropertyNameTest
[INFO] Running com.fasterxml.jackson.dataformat.xml.deser.MapDeserializationTest
[INFO] Tests run: 1, Failures: 0, Errors: 0, Skipped: 0, Time elapsed: 0.009 s - in com.fasterxml.jackson.dataformat.xml.deser.MapDeserializationTest
[INFO] Running com.fasterxml.jackson.dataformat.xml.deser.MapWithDupsDeser498Test
[INFO] Tests run: 1, Failures: 0, Errors: 0, Skipped: 0, Time elapsed: 0.005 s - in com.fasterxml.jackson.dataformat.xml.deser.MapWithDupsDeser498Test
[INFO] Running com.fasterxml.jackson.dataformat.xml.deser.NonNamespaceAwareDeser422Test
[INFO] Tests run: 1, Failures: 0, Errors: 0, Skipped: 0, Time elapsed: 0.01 s - in com.fasterxml.jackson.dataformat.xml.deser.NonNamespaceAwareDeser422Test
[INFO] Running com.fasterxml.jackson.dataformat.xml.deser.NullConversionsSkipTest
[INFO] Tests run: 5, Failures: 0, Errors: 0, Skipped: 0, Time elapsed: 0.017 s - in com.fasterxml.jackson.dataformat.xml.deser.NullConversionsSkipTest
[INFO] Running com.fasterxml.jackson.dataformat.xml.deser.NumberDeserWithXMLTest
[INFO] Tests run: 4, Failures: 0, Errors: 0, Skipped: 0, Time elapsed: 0.048 s - in com.fasterxml.jackson.dataformat.xml.deser.NumberDeserWithXMLTest
[INFO] Running com.fasterxml.jackson.dataformat.xml.deser.RootValueDeserTest
[INFO] Tests run: 1, Failures: 0, Errors: 0, Skipped: 0, Time elapsed: 0.017 s - in com.fasterxml.jackson.dataformat.xml.deser.RootValueDeserTest
[INFO] Running com.fasterxml.jackson.dataformat.xml.deser.SimpleStringValuesTest
[INFO] Tests run: 7, Failures: 0, Errors: 0, Skipped: 0, Time elapsed: 0.029 s - in com.fasterxml.jackson.dataformat.xml.deser.SimpleStringValuesTest
[INFO] Running com.fasterxml.jackson.dataformat.xml.deser.TestBinaryData
[INFO] Tests run: 1, Failures: 0, Errors: 0, Skipped: 0, Time elapsed: 0.004 s - in com.fasterxml.jackson.dataformat.xml.deser.TestBinaryData
[INFO] Running com.fasterxml.jackson.dataformat.xml.deser.TestDeserialization
[INFO] Tests run: 5, Failures: 0, Errors: 0, Skipped: 0, Time elapsed: 0.024 s - in com.fasterxml.jackson.dataformat.xml.deser.TestDeserialization
[INFO] Running com.fasterxml.jackson.dataformat.xml.deser.TestViews
[INFO] Tests run: 3, Failures: 0, Errors: 0, Skipped: 0, Time elapsed: 0.027 s - in com.fasterxml.jackson.dataformat.xml.deser.TestViews
[INFO] Running com.fasterxml.jackson.dataformat.xml.deser.TypeAttributeOrder242Test
[INFO] Tests run: 1, Failures: 0, Errors: 0, Skipped: 0, Time elapsed: 0.01 s - in com.fasterxml.jackson.dataformat.xml.deser.TypeAttributeOrder242Test
[INFO] Running com.fasterxml.jackson.dataformat.xml.deser.UntypedObjectDeserTest
[INFO] Tests run: 3, Failures: 0, Errors: 0, Skipped: 0, Time elapsed: 0.031 s - in com.fasterxml.jackson.dataformat.xml.deser.UntypedObjectDeserTest
[INFO] Running com.fasterxml.jackson.dataformat.xml.deser.XsiNilBasicTest
[INFO] Tests run: 8, Failures: 0, Errors: 0, Skipped: 0, Time elapsed: 0.031 s - in com.fasterxml.jackson.dataformat.xml.deser.XsiNilBasicTest
[INFO] Running com.fasterxml.jackson.dataformat.xml.deser.XsiNilForStringsTest
[INFO] Tests run: 2, Failures: 0, Errors: 0, Skipped: 0, Time elapsed: 0.009 s - in com.fasterxml.jackson.dataformat.xml.deser.XsiNilForStringsTest
[INFO] Running com.fasterxml.jackson.dataformat.xml.deser.XsiNilNestingTest
[INFO] Tests run: 1, Failures: 0, Errors: 0, Skipped: 0, Time elapsed: 0.005 s - in com.fasterxml.jackson.dataformat.xml.deser.XsiNilNestingTest
[INFO] Running com.fasterxml.jackson.dataformat.xml.fuzz.Fuzz463_32872_XmlDeclTest
[INFO] Tests run: 1, Failures: 0, Errors: 0, Skipped: 0, Time elapsed: 0.017 s - in com.fasterxml.jackson.dataformat.xml.fuzz.Fuzz463_32872_XmlDeclTest
[INFO] Running com.fasterxml.jackson.dataformat.xml.fuzz.Fuzz465_32906_CDataReadTest
[INFO] Tests run: 1, Failures: 0, Errors: 0, Skipped: 0, Time elapsed: 0.006 s - in com.fasterxml.jackson.dataformat.xml.fuzz.Fuzz465_32906_CDataReadTest
[INFO] Running com.fasterxml.jackson.dataformat.xml.fuzz.FuzzXXX_32969_UTF32Test
[INFO] Tests run: 1, Failures: 0, Errors: 0, Skipped: 0, Time elapsed: 0.012 s - in com.fasterxml.jackson.dataformat.xml.fuzz.FuzzXXX_32969_UTF32Test
[INFO] Running com.fasterxml.jackson.dataformat.xml.incr.IncrementalWritingTest
[INFO] Tests run: 1, Failures: 0, Errors: 0, Skipped: 0, Time elapsed: 0 s - in com.fasterxml.jackson.dataformat.xml.incr.IncrementalWritingTest
[INFO] Running com.fasterxml.jackson.dataformat.xml.incr.PartialReadTest
[INFO] Tests run: 1, Failures: 0, Errors: 0, Skipped: 0, Time elapsed: 0.003 s - in com.fasterxml.jackson.dataformat.xml.incr.PartialReadTest
[INFO] Running com.fasterxml.jackson.dataformat.xml.interop.NonWoodstoxStaxImpl482Test
[INFO] Tests run: 2, Failures: 0, Errors: 0, Skipped: 0, Time elapsed: 0.095 s - in com.fasterxml.jackson.dataformat.xml.interop.NonWoodstoxStaxImpl482Test
[INFO] Running com.fasterxml.jackson.dataformat.xml.jaxb.AttributesWithJAXBTest
[INFO] Tests run: 2, Failures: 0, Errors: 0, Skipped: 0, Time elapsed: 0.027 s - in com.fasterxml.jackson.dataformat.xml.jaxb.AttributesWithJAXBTest
[INFO] Running com.fasterxml.jackson.dataformat.xml.jaxb.BuilderWithJAXB291Test
[INFO] Tests run: 1, Failures: 0, Errors: 0, Skipped: 0, Time elapsed: 0.01 s - in com.fasterxml.jackson.dataformat.xml.jaxb.BuilderWithJAXB291Test
[INFO] Running com.fasterxml.jackson.dataformat.xml.jaxb.ElementWrapperTest
[INFO] Tests run: 2, Failures: 0, Errors: 0, Skipped: 0, Time elapsed: 0.017 s - in com.fasterxml.jackson.dataformat.xml.jaxb.ElementWrapperTest
[INFO] Running com.fasterxml.jackson.dataformat.xml.jaxb.JAXBObjectId170Test
[INFO] Tests run: 1, Failures: 0, Errors: 0, Skipped: 0, Time elapsed: 0.022 s - in com.fasterxml.jackson.dataformat.xml.jaxb.JAXBObjectId170Test
[INFO] Running com.fasterxml.jackson.dataformat.xml.jaxb.JaxbXmlValue418Test
[INFO] Tests run: 2, Failures: 0, Errors: 0, Skipped: 0, Time elapsed: 0.016 s - in com.fasterxml.jackson.dataformat.xml.jaxb.JaxbXmlValue418Test
[INFO] Running com.fasterxml.jackson.dataformat.xml.jaxb.NamespaceViaJAXB18Test
[INFO] Tests run: 1, Failures: 0, Errors: 0, Skipped: 0, Time elapsed: 0.008 s - in com.fasterxml.jackson.dataformat.xml.jaxb.NamespaceViaJAXB18Test
[INFO] Running com.fasterxml.jackson.dataformat.xml.jaxb.WithJAXBAnnotationsTest
[INFO] Tests run: 4, Failures: 0, Errors: 0, Skipped: 0, Time elapsed: 0.021 s - in com.fasterxml.jackson.dataformat.xml.jaxb.WithJAXBAnnotationsTest
[INFO] Running com.fasterxml.jackson.dataformat.xml.lists.DeserializePolyList178Test
[INFO] Tests run: 1, Failures: 0, Errors: 0, Skipped: 0, Time elapsed: 0.018 s - in com.fasterxml.jackson.dataformat.xml.lists.DeserializePolyList178Test
[INFO] Running com.fasterxml.jackson.dataformat.xml.lists.EmptyListDeserTest
[INFO] Tests run: 5, Failures: 0, Errors: 0, Skipped: 0, Time elapsed: 0.032 s - in com.fasterxml.jackson.dataformat.xml.lists.EmptyListDeserTest
[INFO] Running com.fasterxml.jackson.dataformat.xml.lists.Issue101UnwrappedListAttributesTest
[INFO] Tests run: 1, Failures: 0, Errors: 0, Skipped: 0, Time elapsed: 0.017 s - in com.fasterxml.jackson.dataformat.xml.lists.Issue101UnwrappedListAttributesTest
[INFO] Running com.fasterxml.jackson.dataformat.xml.lists.ListAnnotationSharingTest
[INFO] Tests run: 1, Failures: 0, Errors: 0, Skipped: 0, Time elapsed: 0 s - in com.fasterxml.jackson.dataformat.xml.lists.ListAnnotationSharingTest
[INFO] Running com.fasterxml.jackson.dataformat.xml.lists.ListAsObjectTest
[ERROR] Tests run: 1, Failures: 0, Errors: 1, Skipped: 0, Time elapsed: 0.033 s <<< FAILURE! - in com.fasterxml.jackson.dataformat.xml.lists.ListAsObjectTest
[ERROR] testCollection(com.fasterxml.jackson.dataformat.xml.lists.ListAsObjectTest)  Time elapsed: 0.033 s  <<< ERROR!
com.fasterxml.jackson.databind.exc.InvalidDefinitionException: 
Invalid type definition for type `com.fasterxml.jackson.dataformat.xml.lists.ListAsObjectTest$Values`: Failed to call `setAccess()` on Field 'first' (of class `java.util.LinkedList`) due to `java.lang.reflect.InaccessibleObjectException`, problem: Unable to make field transient java.util.LinkedList$Node java.util.LinkedList.first accessible: module java.base does not "opens java.util" to unnamed module @66a29884
 at [Source: (StringReader); line: 1, column: 1]
	at com.fasterxml.jackson.dataformat.xml.lists.ListAsObjectTest.testCollection(ListAsObjectTest.java:48)
Caused by: java.lang.IllegalArgumentException: Failed to call `setAccess()` on Field 'first' (of class `java.util.LinkedList`) due to `java.lang.reflect.InaccessibleObjectException`, problem: Unable to make field transient java.util.LinkedList$Node java.util.LinkedList.first accessible: module java.base does not "opens java.util" to unnamed module @66a29884
	at com.fasterxml.jackson.dataformat.xml.lists.ListAsObjectTest.testCollection(ListAsObjectTest.java:48)
Caused by: java.lang.reflect.InaccessibleObjectException: Unable to make field transient java.util.LinkedList$Node java.util.LinkedList.first accessible: module java.base does not "opens java.util" to unnamed module @66a29884
	at com.fasterxml.jackson.dataformat.xml.lists.ListAsObjectTest.testCollection(ListAsObjectTest.java:48)

[INFO] Running com.fasterxml.jackson.dataformat.xml.lists.ListDeser393Test
[INFO] Tests run: 1, Failures: 0, Errors: 0, Skipped: 0, Time elapsed: 0 s - in com.fasterxml.jackson.dataformat.xml.lists.ListDeser393Test
[INFO] Running com.fasterxml.jackson.dataformat.xml.lists.ListDeser399Test
[INFO] Tests run: 1, Failures: 0, Errors: 0, Skipped: 0, Time elapsed: 0.01 s - in com.fasterxml.jackson.dataformat.xml.lists.ListDeser399Test
[INFO] Running com.fasterxml.jackson.dataformat.xml.lists.ListDeser469Test
[INFO] Tests run: 2, Failures: 0, Errors: 0, Skipped: 0, Time elapsed: 0.021 s - in com.fasterxml.jackson.dataformat.xml.lists.ListDeser469Test
[INFO] Running com.fasterxml.jackson.dataformat.xml.lists.ListDeserializationTest
[INFO] Tests run: 11, Failures: 0, Errors: 0, Skipped: 0, Time elapsed: 0.076 s - in com.fasterxml.jackson.dataformat.xml.lists.ListDeserializationTest
[INFO] Running com.fasterxml.jackson.dataformat.xml.lists.ListRoundtripTest
[INFO] Tests run: 3, Failures: 0, Errors: 0, Skipped: 0, Time elapsed: 0.021 s - in com.fasterxml.jackson.dataformat.xml.lists.ListRoundtripTest
[INFO] Running com.fasterxml.jackson.dataformat.xml.lists.ListSerializationTest
[INFO] Tests run: 3, Failures: 0, Errors: 0, Skipped: 0, Time elapsed: 0.016 s - in com.fasterxml.jackson.dataformat.xml.lists.ListSerializationTest
[INFO] Running com.fasterxml.jackson.dataformat.xml.lists.ListWithAttributesDeserTest
[INFO] Tests run: 8, Failures: 0, Errors: 0, Skipped: 0, Time elapsed: 0.066 s - in com.fasterxml.jackson.dataformat.xml.lists.ListWithAttributesDeserTest
[INFO] Running com.fasterxml.jackson.dataformat.xml.lists.NestedUnwrappedLists180Test
[INFO] Tests run: 1, Failures: 0, Errors: 0, Skipped: 0, Time elapsed: 0.006 s - in com.fasterxml.jackson.dataformat.xml.lists.NestedUnwrappedLists180Test
[INFO] Running com.fasterxml.jackson.dataformat.xml.lists.NestedUnwrappedLists86Test
[INFO] Tests run: 1, Failures: 0, Errors: 0, Skipped: 0, Time elapsed: 0.006 s - in com.fasterxml.jackson.dataformat.xml.lists.NestedUnwrappedLists86Test
[INFO] Running com.fasterxml.jackson.dataformat.xml.lists.NestedUnwrappedListsTest
[INFO] Tests run: 5, Failures: 0, Errors: 0, Skipped: 0, Time elapsed: 0.02 s - in com.fasterxml.jackson.dataformat.xml.lists.NestedUnwrappedListsTest
[INFO] Running com.fasterxml.jackson.dataformat.xml.lists.PolymorphicList97Test
[INFO] Tests run: 2, Failures: 0, Errors: 0, Skipped: 0, Time elapsed: 0.018 s - in com.fasterxml.jackson.dataformat.xml.lists.PolymorphicList97Test
[INFO] Running com.fasterxml.jackson.dataformat.xml.lists.RootListHandlingTest
[INFO] Tests run: 3, Failures: 0, Errors: 0, Skipped: 0, Time elapsed: 0.027 s - in com.fasterxml.jackson.dataformat.xml.lists.RootListHandlingTest
[INFO] Running com.fasterxml.jackson.dataformat.xml.lists.UnwrappedListsTest
[INFO] Tests run: 5, Failures: 0, Errors: 0, Skipped: 0, Time elapsed: 0.021 s - in com.fasterxml.jackson.dataformat.xml.lists.UnwrappedListsTest
[INFO] Running com.fasterxml.jackson.dataformat.xml.lists.UnwrappedListWithEmptyCData129Test
[INFO] Tests run: 1, Failures: 0, Errors: 0, Skipped: 0, Time elapsed: 0.001 s - in com.fasterxml.jackson.dataformat.xml.lists.UnwrappedListWithEmptyCData129Test
[INFO] Running com.fasterxml.jackson.dataformat.xml.lists.UnwrappedPolymorphicList490Test
[INFO] Tests run: 1, Failures: 0, Errors: 0, Skipped: 0, Time elapsed: 0.016 s - in com.fasterxml.jackson.dataformat.xml.lists.UnwrappedPolymorphicList490Test
[INFO] Running com.fasterxml.jackson.dataformat.xml.lists.WrappedListsTest
[INFO] Tests run: 1, Failures: 0, Errors: 0, Skipped: 0, Time elapsed: 0 s - in com.fasterxml.jackson.dataformat.xml.lists.WrappedListsTest
[INFO] Running com.fasterxml.jackson.dataformat.xml.MapperCopyTest
[INFO] Tests run: 4, Failures: 0, Errors: 0, Skipped: 0, Time elapsed: 0.125 s - in com.fasterxml.jackson.dataformat.xml.MapperCopyTest
[INFO] Running com.fasterxml.jackson.dataformat.xml.misc.ArrayConversionsTest
[INFO] Tests run: 8, Failures: 0, Errors: 0, Skipped: 0, Time elapsed: 0.043 s - in com.fasterxml.jackson.dataformat.xml.misc.ArrayConversionsTest
[INFO] Running com.fasterxml.jackson.dataformat.xml.misc.BadEncodingTest
[INFO] Tests run: 1, Failures: 0, Errors: 0, Skipped: 0, Time elapsed: 0.005 s - in com.fasterxml.jackson.dataformat.xml.misc.BadEncodingTest
[INFO] Running com.fasterxml.jackson.dataformat.xml.misc.DTDSupportTest
[INFO] Tests run: 1, Failures: 0, Errors: 0, Skipped: 0, Time elapsed: 0.003 s - in com.fasterxml.jackson.dataformat.xml.misc.DTDSupportTest
[INFO] Running com.fasterxml.jackson.dataformat.xml.misc.ObjectId104Test
[INFO] Tests run: 1, Failures: 0, Errors: 0, Skipped: 0, Time elapsed: 0.005 s - in com.fasterxml.jackson.dataformat.xml.misc.ObjectId104Test
[INFO] Running com.fasterxml.jackson.dataformat.xml.misc.PolymorphicTypesTest
[INFO] Tests run: 4, Failures: 0, Errors: 0, Skipped: 0, Time elapsed: 0.025 s - in com.fasterxml.jackson.dataformat.xml.misc.PolymorphicTypesTest
[INFO] Running com.fasterxml.jackson.dataformat.xml.misc.RootNameTest
[INFO] Tests run: 3, Failures: 0, Errors: 0, Skipped: 0, Time elapsed: 0.013 s - in com.fasterxml.jackson.dataformat.xml.misc.RootNameTest
[INFO] Running com.fasterxml.jackson.dataformat.xml.misc.RootNameWrapping374Test
[INFO] Tests run: 3, Failures: 0, Errors: 0, Skipped: 0, Time elapsed: 0.011 s - in com.fasterxml.jackson.dataformat.xml.misc.RootNameWrapping374Test
[INFO] Running com.fasterxml.jackson.dataformat.xml.misc.SequenceWrite493Test
[INFO] Tests run: 1, Failures: 0, Errors: 0, Skipped: 0, Time elapsed: 0.004 s - in com.fasterxml.jackson.dataformat.xml.misc.SequenceWrite493Test
[INFO] Running com.fasterxml.jackson.dataformat.xml.misc.StreamingDecoratorsTest
[INFO] Tests run: 2, Failures: 0, Errors: 0, Skipped: 0, Time elapsed: 0.01 s - in com.fasterxml.jackson.dataformat.xml.misc.StreamingDecoratorsTest
[INFO] Running com.fasterxml.jackson.dataformat.xml.misc.TagEscapeTest
[INFO] Tests run: 5, Failures: 0, Errors: 0, Skipped: 0, Time elapsed: 0.026 s - in com.fasterxml.jackson.dataformat.xml.misc.TagEscapeTest
[INFO] Running com.fasterxml.jackson.dataformat.xml.misc.TextValueTest
[INFO] Tests run: 6, Failures: 0, Errors: 0, Skipped: 0, Time elapsed: 0.026 s - in com.fasterxml.jackson.dataformat.xml.misc.TextValueTest
[INFO] Running com.fasterxml.jackson.dataformat.xml.misc.UnwrappingWithXMLTest
[INFO] Tests run: 3, Failures: 0, Errors: 0, Skipped: 0, Time elapsed: 0.019 s - in com.fasterxml.jackson.dataformat.xml.misc.UnwrappingWithXMLTest
[INFO] Running com.fasterxml.jackson.dataformat.xml.misc.XmlTextTest
[INFO] Tests run: 4, Failures: 0, Errors: 0, Skipped: 0, Time elapsed: 0.021 s - in com.fasterxml.jackson.dataformat.xml.misc.XmlTextTest
[INFO] Running com.fasterxml.jackson.dataformat.xml.node.JsonNodeBasicDeserTest
[INFO] Tests run: 3, Failures: 0, Errors: 0, Skipped: 0, Time elapsed: 0.008 s - in com.fasterxml.jackson.dataformat.xml.node.JsonNodeBasicDeserTest
[INFO] Running com.fasterxml.jackson.dataformat.xml.node.JsonNodeMixedContent403Test
[INFO] Tests run: 5, Failures: 0, Errors: 0, Skipped: 0, Time elapsed: 0.005 s - in com.fasterxml.jackson.dataformat.xml.node.JsonNodeMixedContent403Test
[INFO] Running com.fasterxml.jackson.dataformat.xml.node.JsonNodeSerUnwrapped441Test
[INFO] Tests run: 4, Failures: 0, Errors: 0, Skipped: 0, Time elapsed: 0.011 s - in com.fasterxml.jackson.dataformat.xml.node.JsonNodeSerUnwrapped441Test
[INFO] Running com.fasterxml.jackson.dataformat.xml.RoundtripContentTest
[INFO] Tests run: 1, Failures: 0, Errors: 0, Skipped: 0, Time elapsed: 0.006 s - in com.fasterxml.jackson.dataformat.xml.RoundtripContentTest
[INFO] Running com.fasterxml.jackson.dataformat.xml.ser.Base64VariantWriteTest
[INFO] Tests run: 2, Failures: 0, Errors: 0, Skipped: 0, Time elapsed: 0.01 s - in com.fasterxml.jackson.dataformat.xml.ser.Base64VariantWriteTest
[INFO] Running com.fasterxml.jackson.dataformat.xml.ser.CustomSerializerTest
[INFO] Tests run: 1, Failures: 0, Errors: 0, Skipped: 0, Time elapsed: 0.003 s - in com.fasterxml.jackson.dataformat.xml.ser.CustomSerializerTest
[INFO] Running com.fasterxml.jackson.dataformat.xml.ser.EmptyPolymorphicTest
[INFO] Tests run: 1, Failures: 0, Errors: 0, Skipped: 0, Time elapsed: 0.005 s - in com.fasterxml.jackson.dataformat.xml.ser.EmptyPolymorphicTest
[INFO] Running com.fasterxml.jackson.dataformat.xml.ser.PolymorphicSerialization389Test
[INFO] Tests run: 1, Failures: 0, Errors: 0, Skipped: 0, Time elapsed: 0.003 s - in com.fasterxml.jackson.dataformat.xml.ser.PolymorphicSerialization389Test
[INFO] Running com.fasterxml.jackson.dataformat.xml.ser.RawValueSerializationTest
[INFO] Tests run: 1, Failures: 0, Errors: 0, Skipped: 0, Time elapsed: 0.01 s - in com.fasterxml.jackson.dataformat.xml.ser.RawValueSerializationTest
[INFO] Running com.fasterxml.jackson.dataformat.xml.ser.TestBinaryStreamToXMLSerialization
[INFO] Tests run: 5, Failures: 0, Errors: 0, Skipped: 0, Time elapsed: 0.013 s - in com.fasterxml.jackson.dataformat.xml.ser.TestBinaryStreamToXMLSerialization
[INFO] Running com.fasterxml.jackson.dataformat.xml.ser.TestJDKSerializability
[INFO] Tests run: 2, Failures: 0, Errors: 0, Skipped: 0, Time elapsed: 0.012 s - in com.fasterxml.jackson.dataformat.xml.ser.TestJDKSerializability
[INFO] Running com.fasterxml.jackson.dataformat.xml.ser.TestNamespaces
[INFO] Tests run: 5, Failures: 0, Errors: 0, Skipped: 0, Time elapsed: 0.005 s - in com.fasterxml.jackson.dataformat.xml.ser.TestNamespaces
[INFO] Running com.fasterxml.jackson.dataformat.xml.ser.TestSerialization
[INFO] Tests run: 8, Failures: 0, Errors: 0, Skipped: 0, Time elapsed: 0.019 s - in com.fasterxml.jackson.dataformat.xml.ser.TestSerialization
[INFO] Running com.fasterxml.jackson.dataformat.xml.ser.TestSerializationAttr
[INFO] Tests run: 4, Failures: 0, Errors: 0, Skipped: 0, Time elapsed: 0.009 s - in com.fasterxml.jackson.dataformat.xml.ser.TestSerializationAttr
[INFO] Running com.fasterxml.jackson.dataformat.xml.ser.TestSerializationManual
[INFO] Tests run: 1, Failures: 0, Errors: 0, Skipped: 0, Time elapsed: 0.02 s - in com.fasterxml.jackson.dataformat.xml.ser.TestSerializationManual
[INFO] Running com.fasterxml.jackson.dataformat.xml.ser.TestSerializationOrdering
[INFO] Tests run: 1, Failures: 0, Errors: 0, Skipped: 0, Time elapsed: 0.003 s - in com.fasterxml.jackson.dataformat.xml.ser.TestSerializationOrdering
[INFO] Running com.fasterxml.jackson.dataformat.xml.ser.TestSerializerCustom
[INFO] Tests run: 1, Failures: 0, Errors: 0, Skipped: 0, Time elapsed: 0 s - in com.fasterxml.jackson.dataformat.xml.ser.TestSerializerCustom
[INFO] Running com.fasterxml.jackson.dataformat.xml.ser.TestXmlDeclaration
[INFO] Tests run: 2, Failures: 0, Errors: 0, Skipped: 0, Time elapsed: 0 s - in com.fasterxml.jackson.dataformat.xml.ser.TestXmlDeclaration
[INFO] Running com.fasterxml.jackson.dataformat.xml.ser.XmlPrettyPrinterTest
[INFO] Tests run: 6, Failures: 0, Errors: 0, Skipped: 0, Time elapsed: 0.023 s - in com.fasterxml.jackson.dataformat.xml.ser.XmlPrettyPrinterTest
[INFO] Running com.fasterxml.jackson.dataformat.xml.ser.XsiNilSerializationTest
[INFO] Tests run: 3, Failures: 0, Errors: 0, Skipped: 0, Time elapsed: 0.004 s - in com.fasterxml.jackson.dataformat.xml.ser.XsiNilSerializationTest
[INFO] Running com.fasterxml.jackson.dataformat.xml.stream.FormatDetectionTest
[INFO] Tests run: 8, Failures: 0, Errors: 0, Skipped: 0, Time elapsed: 0.038 s - in com.fasterxml.jackson.dataformat.xml.stream.FormatDetectionTest
[INFO] Running com.fasterxml.jackson.dataformat.xml.stream.StreamCapabilitiesTest
[INFO] Tests run: 1, Failures: 0, Errors: 0, Skipped: 0, Time elapsed: 0.002 s - in com.fasterxml.jackson.dataformat.xml.stream.StreamCapabilitiesTest
[INFO] Running com.fasterxml.jackson.dataformat.xml.stream.XmlGeneratorTest
[INFO] Tests run: 15, Failures: 0, Errors: 0, Skipped: 0, Time elapsed: 0.023 s - in com.fasterxml.jackson.dataformat.xml.stream.XmlGeneratorTest
[INFO] Running com.fasterxml.jackson.dataformat.xml.stream.XmlParser442Test
[INFO] Tests run: 1, Failures: 0, Errors: 0, Skipped: 0, Time elapsed: 0.003 s - in com.fasterxml.jackson.dataformat.xml.stream.XmlParser442Test
[INFO] Running com.fasterxml.jackson.dataformat.xml.stream.XmlParserNextXxxTest
[INFO] Tests run: 1, Failures: 0, Errors: 0, Skipped: 0, Time elapsed: 0 s - in com.fasterxml.jackson.dataformat.xml.stream.XmlParserNextXxxTest
[INFO] Running com.fasterxml.jackson.dataformat.xml.stream.XmlParserTest
[INFO] Tests run: 10, Failures: 0, Errors: 0, Skipped: 0, Time elapsed: 0.014 s - in com.fasterxml.jackson.dataformat.xml.stream.XmlParserTest
[INFO] Running com.fasterxml.jackson.dataformat.xml.stream.XmlTokenStreamTest
[INFO] Tests run: 6, Failures: 0, Errors: 0, Skipped: 0, Time elapsed: 0.007 s - in com.fasterxml.jackson.dataformat.xml.stream.XmlTokenStreamTest
[INFO] Running com.fasterxml.jackson.dataformat.xml.VersionInfoTest
[INFO] Tests run: 1, Failures: 0, Errors: 0, Skipped: 0, Time elapsed: 0.003 s - in com.fasterxml.jackson.dataformat.xml.VersionInfoTest
[INFO] Running com.fasterxml.jackson.dataformat.xml.vld.DTDValidationTest
[INFO] Tests run: 2, Failures: 0, Errors: 0, Skipped: 0, Time elapsed: 0.046 s - in com.fasterxml.jackson.dataformat.xml.vld.DTDValidationTest
[INFO] Running com.fasterxml.jackson.dataformat.xml.vld.RelaxNGValidationTest
[INFO] Tests run: 2, Failures: 0, Errors: 0, Skipped: 0, Time elapsed: 0.197 s - in com.fasterxml.jackson.dataformat.xml.vld.RelaxNGValidationTest
[INFO] Running com.fasterxml.jackson.dataformat.xml.vld.W3CSchemaValidationTest
[INFO] Tests run: 1, Failures: 0, Errors: 0, Skipped: 0, Time elapsed: 0.075 s - in com.fasterxml.jackson.dataformat.xml.vld.W3CSchemaValidationTest
[INFO] 
[INFO] Results:
[INFO] 
[ERROR] Errors: 
[ERROR]   ListAsObjectTest.testCollection:48 Â» InvalidDefinition Invalid type definition...
[INFO] 
[ERROR] Tests run: 335, Failures: 0, Errors: 1, Skipped: 0
[INFO] 
[INFO] ------------------------------------------------------------------------
[INFO] BUILD FAILURE
[INFO] ------------------------------------------------------------------------
[INFO] Total time:  15.733 s
[INFO] Finished at: 2023-12-14T13:14:20+09:00
[INFO] ------------------------------------------------------------------------
[ERROR] Failed to execute goal org.apache.maven.plugins:maven-surefire-plugin:2.22.2:test (default-test) on project jackson-dataformat-xml: There are test failures.
[ERROR] 
[ERROR] Please refer to /mnt/c/Users/fujiwara yuma/evaluation/ALL/jacksonXML/workingDir/target/surefire-reports for the individual test results.
[ERROR] Please refer to dump files (if any exist) [date].dump, [date]-jvmRun[N].dump and [date].dumpstream.
[ERROR] -> [Help 1]
[ERROR] 
[ERROR] To see the full stack trace of the errors, re-run Maven with the -e switch.
[ERROR] Re-run Maven using the -X switch to enable full debug logging.
[ERROR] 
[ERROR] For more information about the errors and possible solutions, please read the following articles:
[ERROR] [Help 1] http://cwiki.apache.org/confluence/display/MAVEN/MojoFailureException
