[INFO] Scanning for projects...
[INFO] 
[INFO] -------------------< com.chrisnewland:jitwatch-core >-------------------
[INFO] Building JITWatch Core 1.3.0
[INFO] --------------------------------[ jar ]---------------------------------
[INFO] 
[INFO] --- maven-resources-plugin:3.0.2:resources (default-resources) @ jitwatch-core ---
[INFO] Using 'UTF-8' encoding to copy filtered resources.
[INFO] Copying 38 resources
[INFO] 
[INFO] --- maven-compiler-plugin:3.8.1:compile (default-compile) @ jitwatch-core ---
[INFO] Changes detected - recompiling the module!
[INFO] Compiling 180 source files to /mnt/c/Users/fujiwara yuma/evaluation/ALL/jitwatch/workingDir/core/target/classes
[WARNING] /mnt/c/Users/fujiwara yuma/evaluation/ALL/jitwatch/workingDir/core/src/main/java/org/adoptopenjdk/jitwatch/process/javap/ReflectionJavap.java:[110,49] Boolean(boolean) in java.lang.Boolean has been deprecated and marked for removal
[WARNING] /mnt/c/Users/fujiwara yuma/evaluation/ALL/jitwatch/workingDir/core/src/main/java/org/adoptopenjdk/jitwatch/process/javap/ReflectionJavap.java:[133,68] newInstance() in java.lang.Class has been deprecated
[INFO] 
[INFO] --- maven-resources-plugin:3.0.2:testResources (default-testResources) @ jitwatch-core ---
[INFO] Using 'UTF-8' encoding to copy filtered resources.
[INFO] Copying 1 resource
[INFO] 
[INFO] --- maven-compiler-plugin:3.8.1:testCompile (default-testCompile) @ jitwatch-core ---
[INFO] Changes detected - recompiling the module!
[INFO] Compiling 38 source files to /mnt/c/Users/fujiwara yuma/evaluation/ALL/jitwatch/workingDir/core/target/test-classes
[INFO] 
[INFO] --- maven-surefire-plugin:2.20:test (default-test) @ jitwatch-core ---
[INFO] 
[INFO] -------------------------------------------------------
[INFO]  T E S T S
[INFO] -------------------------------------------------------
[INFO] Running org.adoptopenjdk.jitwatch.test.TestAssemblyLabels
[INFO] Tests run: 7, Failures: 0, Errors: 0, Skipped: 0, Time elapsed: 0.078 s - in org.adoptopenjdk.jitwatch.test.TestAssemblyLabels
[INFO] Running org.adoptopenjdk.jitwatch.test.TestAssemblyParserARM
[INFO] Tests run: 1, Failures: 0, Errors: 0, Skipped: 0, Time elapsed: 0.001 s - in org.adoptopenjdk.jitwatch.test.TestAssemblyParserARM
[INFO] Running org.adoptopenjdk.jitwatch.test.TestAssemblyParserX86
[INFO] Tests run: 17, Failures: 0, Errors: 0, Skipped: 0, Time elapsed: 0.314 s - in org.adoptopenjdk.jitwatch.test.TestAssemblyParserX86
[INFO] Running org.adoptopenjdk.jitwatch.test.TestAssemblyProcessor
[INFO] Tests run: 11, Failures: 0, Errors: 0, Skipped: 0, Time elapsed: 0.094 s - in org.adoptopenjdk.jitwatch.test.TestAssemblyProcessor
[INFO] Running org.adoptopenjdk.jitwatch.test.TestBytecodeAnnotationBuilder
14:37:03.195 [main] ERROR o.a.j.u.ParseUtil - ClassNotFoundException: 'EscapeTest$Wrapper1'
14:37:03.198 [main] ERROR o.a.j.u.ParseUtil - metaClass not found: EscapeTest$Wrapper1
14:37:03.200 [main] ERROR o.a.j.u.ParseUtil - ClassNotFoundException: 'EscapeTest$Wrapper2'
14:37:03.200 [main] ERROR o.a.j.u.ParseUtil - metaClass not found: EscapeTest$Wrapper2
14:37:03.201 [main] ERROR o.a.j.u.ParseUtil - ClassNotFoundException: 'EscapeTest$Wrapper1'
14:37:03.201 [main] ERROR o.a.j.u.ParseUtil - metaClass not found: EscapeTest$Wrapper1
14:37:03.237 [main] ERROR o.a.j.u.ParseUtil - ClassNotFoundException: 'EscapeTest$Wrapper1'
14:37:03.238 [main] ERROR o.a.j.u.ParseUtil - metaClass not found: EscapeTest$Wrapper1
14:37:03.238 [main] ERROR o.a.j.u.ParseUtil - ClassNotFoundException: 'EscapeTest$Wrapper2'
14:37:03.239 [main] ERROR o.a.j.u.ParseUtil - metaClass not found: EscapeTest$Wrapper2
14:37:03.239 [main] ERROR o.a.j.u.ParseUtil - ClassNotFoundException: 'EscapeTest$Wrapper1'
14:37:03.239 [main] ERROR o.a.j.u.ParseUtil - metaClass not found: EscapeTest$Wrapper1
14:37:03.246 [main] WARN  o.a.j.p.AbstractLogParser - Didn't find compilation with ID null
[INFO] Tests run: 20, Failures: 0, Errors: 0, Skipped: 0, Time elapsed: 0.122 s - in org.adoptopenjdk.jitwatch.test.TestBytecodeAnnotationBuilder
[INFO] Running org.adoptopenjdk.jitwatch.test.TestBytecodeLoader
14:37:03.286 [main] ERROR o.a.j.p.j.ReflectionJavap - Could not load bytecode via reflection
java.lang.IllegalAccessException: class org.adoptopenjdk.jitwatch.process.javap.ReflectionJavap cannot access class com.sun.tools.javap.JavapTask (in module jdk.jdeps) because module jdk.jdeps does not export com.sun.tools.javap to unnamed module @4015e7ec
	at java.base/jdk.internal.reflect.Reflection.newIllegalAccessException(Reflection.java:392)
	at java.base/java.lang.reflect.AccessibleObject.checkAccess(AccessibleObject.java:674)
	at java.base/java.lang.reflect.Constructor.newInstanceWithCaller(Constructor.java:489)
	at java.base/java.lang.reflect.ReflectAccess.newInstance(ReflectAccess.java:128)
	at java.base/jdk.internal.reflect.ReflectionFactory.newInstance(ReflectionFactory.java:347)
	at java.base/java.lang.Class.newInstance(Class.java:645)
	at org.adoptopenjdk.jitwatch.process.javap.ReflectionJavap.createJavapTaskFromArguments(ReflectionJavap.java:133)
	at org.adoptopenjdk.jitwatch.process.javap.ReflectionJavap.getBytecode(ReflectionJavap.java:120)
	at org.adoptopenjdk.jitwatch.loader.BytecodeLoader.fetchBytecodeForClass(BytecodeLoader.java:134)
	at org.adoptopenjdk.jitwatch.loader.BytecodeLoader.fetchBytecodeForClass(BytecodeLoader.java:112)
	at org.adoptopenjdk.jitwatch.test.TestBytecodeLoader.testBytecodeSignature(TestBytecodeLoader.java:48)
	at java.base/jdk.internal.reflect.NativeMethodAccessorImpl.invoke0(Native Method)
	at java.base/jdk.internal.reflect.NativeMethodAccessorImpl.invoke(NativeMethodAccessorImpl.java:77)
	at java.base/jdk.internal.reflect.DelegatingMethodAccessorImpl.invoke(DelegatingMethodAccessorImpl.java:43)
	at java.base/java.lang.reflect.Method.invoke(Method.java:568)
	at org.junit.runners.model.FrameworkMethod$1.runReflectiveCall(FrameworkMethod.java:50)
	at org.junit.internal.runners.model.ReflectiveCallable.run(ReflectiveCallable.java:12)
	at org.junit.runners.model.FrameworkMethod.invokeExplosively(FrameworkMethod.java:47)
	at org.junit.internal.runners.statements.InvokeMethod.evaluate(InvokeMethod.java:17)
	at org.junit.runners.ParentRunner.runLeaf(ParentRunner.java:325)
	at org.junit.runners.BlockJUnit4ClassRunner.runChild(BlockJUnit4ClassRunner.java:78)
	at org.junit.runners.BlockJUnit4ClassRunner.runChild(BlockJUnit4ClassRunner.java:57)
	at org.junit.runners.ParentRunner$3.run(ParentRunner.java:290)
	at org.junit.runners.ParentRunner$1.schedule(ParentRunner.java:71)
	at org.junit.runners.ParentRunner.runChildren(ParentRunner.java:288)
	at org.junit.runners.ParentRunner.access$000(ParentRunner.java:58)
	at org.junit.runners.ParentRunner$2.evaluate(ParentRunner.java:268)
	at org.junit.runners.ParentRunner.run(ParentRunner.java:363)
	at org.apache.maven.surefire.junit4.JUnit4Provider.execute(JUnit4Provider.java:365)
	at org.apache.maven.surefire.junit4.JUnit4Provider.executeWithRerun(JUnit4Provider.java:272)
	at org.apache.maven.surefire.junit4.JUnit4Provider.executeTestSet(JUnit4Provider.java:236)
	at org.apache.maven.surefire.junit4.JUnit4Provider.invoke(JUnit4Provider.java:159)
	at org.apache.maven.surefire.booter.ForkedBooter.invokeProviderInSameClassLoader(ForkedBooter.java:386)
	at org.apache.maven.surefire.booter.ForkedBooter.runSuitesInProcess(ForkedBooter.java:323)
	at org.apache.maven.surefire.booter.ForkedBooter.main(ForkedBooter.java:143)
14:37:03.293 [main] ERROR o.a.j.p.j.ReflectionJavap - Could not load bytecode via reflection
java.lang.IllegalAccessException: class org.adoptopenjdk.jitwatch.process.javap.ReflectionJavap cannot access class com.sun.tools.javap.JavapTask (in module jdk.jdeps) because module jdk.jdeps does not export com.sun.tools.javap to unnamed module @4015e7ec
	at java.base/jdk.internal.reflect.Reflection.newIllegalAccessException(Reflection.java:392)
	at java.base/java.lang.reflect.AccessibleObject.checkAccess(AccessibleObject.java:674)
	at java.base/java.lang.reflect.Constructor.newInstanceWithCaller(Constructor.java:489)
	at java.base/java.lang.reflect.ReflectAccess.newInstance(ReflectAccess.java:128)
	at java.base/jdk.internal.reflect.ReflectionFactory.newInstance(ReflectionFactory.java:347)
	at java.base/java.lang.Class.newInstance(Class.java:645)
	at org.adoptopenjdk.jitwatch.process.javap.ReflectionJavap.createJavapTaskFromArguments(ReflectionJavap.java:133)
	at org.adoptopenjdk.jitwatch.process.javap.ReflectionJavap.getBytecode(ReflectionJavap.java:120)
	at org.adoptopenjdk.jitwatch.loader.BytecodeLoader.fetchBytecodeForClass(BytecodeLoader.java:134)
	at org.adoptopenjdk.jitwatch.loader.BytecodeLoader.fetchBytecodeForClass(BytecodeLoader.java:112)
	at org.adoptopenjdk.jitwatch.test.TestBytecodeLoader.doTestOverloadedMethod(TestBytecodeLoader.java:801)
	at org.adoptopenjdk.jitwatch.test.TestBytecodeLoader.testExampleOverloadedMethodObject(TestBytecodeLoader.java:823)
	at java.base/jdk.internal.reflect.NativeMethodAccessorImpl.invoke0(Native Method)
	at java.base/jdk.internal.reflect.NativeMethodAccessorImpl.invoke(NativeMethodAccessorImpl.java:77)
	at java.base/jdk.internal.reflect.DelegatingMethodAccessorImpl.invoke(DelegatingMethodAccessorImpl.java:43)
	at java.base/java.lang.reflect.Method.invoke(Method.java:568)
	at org.junit.runners.model.FrameworkMethod$1.runReflectiveCall(FrameworkMethod.java:50)
	at org.junit.internal.runners.model.ReflectiveCallable.run(ReflectiveCallable.java:12)
	at org.junit.runners.model.FrameworkMethod.invokeExplosively(FrameworkMethod.java:47)
	at org.junit.internal.runners.statements.InvokeMethod.evaluate(InvokeMethod.java:17)
	at org.junit.runners.ParentRunner.runLeaf(ParentRunner.java:325)
	at org.junit.runners.BlockJUnit4ClassRunner.runChild(BlockJUnit4ClassRunner.java:78)
	at org.junit.runners.BlockJUnit4ClassRunner.runChild(BlockJUnit4ClassRunner.java:57)
	at org.junit.runners.ParentRunner$3.run(ParentRunner.java:290)
	at org.junit.runners.ParentRunner$1.schedule(ParentRunner.java:71)
	at org.junit.runners.ParentRunner.runChildren(ParentRunner.java:288)
	at org.junit.runners.ParentRunner.access$000(ParentRunner.java:58)
	at org.junit.runners.ParentRunner$2.evaluate(ParentRunner.java:268)
	at org.junit.runners.ParentRunner.run(ParentRunner.java:363)
	at org.apache.maven.surefire.junit4.JUnit4Provider.execute(JUnit4Provider.java:365)
	at org.apache.maven.surefire.junit4.JUnit4Provider.executeWithRerun(JUnit4Provider.java:272)
	at org.apache.maven.surefire.junit4.JUnit4Provider.executeTestSet(JUnit4Provider.java:236)
	at org.apache.maven.surefire.junit4.JUnit4Provider.invoke(JUnit4Provider.java:159)
	at org.apache.maven.surefire.booter.ForkedBooter.invokeProviderInSameClassLoader(ForkedBooter.java:386)
	at org.apache.maven.surefire.booter.ForkedBooter.runSuitesInProcess(ForkedBooter.java:323)
	at org.apache.maven.surefire.booter.ForkedBooter.main(ForkedBooter.java:143)
14:37:03.298 [main] ERROR o.a.j.p.j.ReflectionJavap - Could not load bytecode via reflection
java.lang.IllegalAccessException: class org.adoptopenjdk.jitwatch.process.javap.ReflectionJavap cannot access class com.sun.tools.javap.JavapTask (in module jdk.jdeps) because module jdk.jdeps does not export com.sun.tools.javap to unnamed module @4015e7ec
	at java.base/jdk.internal.reflect.Reflection.newIllegalAccessException(Reflection.java:392)
	at java.base/java.lang.reflect.AccessibleObject.checkAccess(AccessibleObject.java:674)
	at java.base/java.lang.reflect.Constructor.newInstanceWithCaller(Constructor.java:489)
	at java.base/java.lang.reflect.ReflectAccess.newInstance(ReflectAccess.java:128)
	at java.base/jdk.internal.reflect.ReflectionFactory.newInstance(ReflectionFactory.java:347)
	at java.base/java.lang.Class.newInstance(Class.java:645)
	at org.adoptopenjdk.jitwatch.process.javap.ReflectionJavap.createJavapTaskFromArguments(ReflectionJavap.java:133)
	at org.adoptopenjdk.jitwatch.process.javap.ReflectionJavap.getBytecode(ReflectionJavap.java:120)
	at org.adoptopenjdk.jitwatch.loader.BytecodeLoader.fetchBytecodeForClass(BytecodeLoader.java:134)
	at org.adoptopenjdk.jitwatch.loader.BytecodeLoader.fetchBytecodeForClass(BytecodeLoader.java:112)
	at org.adoptopenjdk.jitwatch.test.TestBytecodeLoader.doTestOverloadedMethod(TestBytecodeLoader.java:801)
	at org.adoptopenjdk.jitwatch.test.TestBytecodeLoader.testExampleOverloadedMethodString(TestBytecodeLoader.java:817)
	at java.base/jdk.internal.reflect.NativeMethodAccessorImpl.invoke0(Native Method)
	at java.base/jdk.internal.reflect.NativeMethodAccessorImpl.invoke(NativeMethodAccessorImpl.java:77)
	at java.base/jdk.internal.reflect.DelegatingMethodAccessorImpl.invoke(DelegatingMethodAccessorImpl.java:43)
	at java.base/java.lang.reflect.Method.invoke(Method.java:568)
	at org.junit.runners.model.FrameworkMethod$1.runReflectiveCall(FrameworkMethod.java:50)
	at org.junit.internal.runners.model.ReflectiveCallable.run(ReflectiveCallable.java:12)
	at org.junit.runners.model.FrameworkMethod.invokeExplosively(FrameworkMethod.java:47)
	at org.junit.internal.runners.statements.InvokeMethod.evaluate(InvokeMethod.java:17)
	at org.junit.runners.ParentRunner.runLeaf(ParentRunner.java:325)
	at org.junit.runners.BlockJUnit4ClassRunner.runChild(BlockJUnit4ClassRunner.java:78)
	at org.junit.runners.BlockJUnit4ClassRunner.runChild(BlockJUnit4ClassRunner.java:57)
	at org.junit.runners.ParentRunner$3.run(ParentRunner.java:290)
	at org.junit.runners.ParentRunner$1.schedule(ParentRunner.java:71)
	at org.junit.runners.ParentRunner.runChildren(ParentRunner.java:288)
	at org.junit.runners.ParentRunner.access$000(ParentRunner.java:58)
	at org.junit.runners.ParentRunner$2.evaluate(ParentRunner.java:268)
	at org.junit.runners.ParentRunner.run(ParentRunner.java:363)
	at org.apache.maven.surefire.junit4.JUnit4Provider.execute(JUnit4Provider.java:365)
	at org.apache.maven.surefire.junit4.JUnit4Provider.executeWithRerun(JUnit4Provider.java:272)
	at org.apache.maven.surefire.junit4.JUnit4Provider.executeTestSet(JUnit4Provider.java:236)
	at org.apache.maven.surefire.junit4.JUnit4Provider.invoke(JUnit4Provider.java:159)
	at org.apache.maven.surefire.booter.ForkedBooter.invokeProviderInSameClassLoader(ForkedBooter.java:386)
	at org.apache.maven.surefire.booter.ForkedBooter.runSuitesInProcess(ForkedBooter.java:323)
	at org.apache.maven.surefire.booter.ForkedBooter.main(ForkedBooter.java:143)
[ERROR] Tests run: 18, Failures: 0, Errors: 3, Skipped: 0, Time elapsed: 0.041 s <<< FAILURE! - in org.adoptopenjdk.jitwatch.test.TestBytecodeLoader
[ERROR] testBytecodeSignature(org.adoptopenjdk.jitwatch.test.TestBytecodeLoader)  Time elapsed: 0.018 s  <<< ERROR!
java.lang.NullPointerException: Cannot invoke "org.adoptopenjdk.jitwatch.model.bytecode.ClassBC.getMemberBytecode(org.adoptopenjdk.jitwatch.model.IMetaMember)" because "<local5>" is null
	at org.adoptopenjdk.jitwatch.test.TestBytecodeLoader.testBytecodeSignature(TestBytecodeLoader.java:50)

[ERROR] testExampleOverloadedMethodObject(org.adoptopenjdk.jitwatch.test.TestBytecodeLoader)  Time elapsed: 0.008 s  <<< ERROR!
java.lang.NullPointerException: Cannot invoke "org.adoptopenjdk.jitwatch.model.bytecode.ClassBC.getMemberBytecode(org.adoptopenjdk.jitwatch.model.IMetaMember)" because "<local7>" is null
	at org.adoptopenjdk.jitwatch.test.TestBytecodeLoader.doTestOverloadedMethod(TestBytecodeLoader.java:803)
	at org.adoptopenjdk.jitwatch.test.TestBytecodeLoader.testExampleOverloadedMethodObject(TestBytecodeLoader.java:823)

[ERROR] testExampleOverloadedMethodString(org.adoptopenjdk.jitwatch.test.TestBytecodeLoader)  Time elapsed: 0.001 s  <<< ERROR!
java.lang.NullPointerException: Cannot invoke "org.adoptopenjdk.jitwatch.model.bytecode.ClassBC.getMemberBytecode(org.adoptopenjdk.jitwatch.model.IMetaMember)" because "<local7>" is null
	at org.adoptopenjdk.jitwatch.test.TestBytecodeLoader.doTestOverloadedMethod(TestBytecodeLoader.java:803)
	at org.adoptopenjdk.jitwatch.test.TestBytecodeLoader.testExampleOverloadedMethodString(TestBytecodeLoader.java:817)

[INFO] Running org.adoptopenjdk.jitwatch.test.TestBytecodeLoaderWithInnerClasses
14:37:04.222 [main] ERROR o.a.j.p.j.ReflectionJavap - Could not load bytecode via reflection
java.lang.IllegalAccessException: class org.adoptopenjdk.jitwatch.process.javap.ReflectionJavap cannot access class com.sun.tools.javap.JavapTask (in module jdk.jdeps) because module jdk.jdeps does not export com.sun.tools.javap to unnamed module @4015e7ec
	at java.base/jdk.internal.reflect.Reflection.newIllegalAccessException(Reflection.java:392)
	at java.base/java.lang.reflect.AccessibleObject.checkAccess(AccessibleObject.java:674)
	at java.base/java.lang.reflect.Constructor.newInstanceWithCaller(Constructor.java:489)
	at java.base/java.lang.reflect.ReflectAccess.newInstance(ReflectAccess.java:128)
	at java.base/jdk.internal.reflect.ReflectionFactory.newInstance(ReflectionFactory.java:347)
	at java.base/java.lang.Class.newInstance(Class.java:645)
	at org.adoptopenjdk.jitwatch.process.javap.ReflectionJavap.createJavapTaskFromArguments(ReflectionJavap.java:133)
	at org.adoptopenjdk.jitwatch.process.javap.ReflectionJavap.getBytecode(ReflectionJavap.java:120)
	at org.adoptopenjdk.jitwatch.loader.BytecodeLoader.fetchBytecodeForClass(BytecodeLoader.java:134)
	at org.adoptopenjdk.jitwatch.loader.BytecodeLoader.fetchBytecodeForClass(BytecodeLoader.java:112)
	at org.adoptopenjdk.jitwatch.test.TestBytecodeLoaderWithInnerClasses.setUp(TestBytecodeLoaderWithInnerClasses.java:125)
	at java.base/jdk.internal.reflect.NativeMethodAccessorImpl.invoke0(Native Method)
	at java.base/jdk.internal.reflect.NativeMethodAccessorImpl.invoke(NativeMethodAccessorImpl.java:77)
	at java.base/jdk.internal.reflect.DelegatingMethodAccessorImpl.invoke(DelegatingMethodAccessorImpl.java:43)
	at java.base/java.lang.reflect.Method.invoke(Method.java:568)
	at org.junit.runners.model.FrameworkMethod$1.runReflectiveCall(FrameworkMethod.java:50)
	at org.junit.internal.runners.model.ReflectiveCallable.run(ReflectiveCallable.java:12)
	at org.junit.runners.model.FrameworkMethod.invokeExplosively(FrameworkMethod.java:47)
	at org.junit.internal.runners.statements.RunBefores.evaluate(RunBefores.java:24)
	at org.junit.internal.runners.statements.RunAfters.evaluate(RunAfters.java:27)
	at org.junit.runners.ParentRunner.runLeaf(ParentRunner.java:325)
	at org.junit.runners.BlockJUnit4ClassRunner.runChild(BlockJUnit4ClassRunner.java:78)
	at org.junit.runners.BlockJUnit4ClassRunner.runChild(BlockJUnit4ClassRunner.java:57)
	at org.junit.runners.ParentRunner$3.run(ParentRunner.java:290)
	at org.junit.runners.ParentRunner$1.schedule(ParentRunner.java:71)
	at org.junit.runners.ParentRunner.runChildren(ParentRunner.java:288)
	at org.junit.runners.ParentRunner.access$000(ParentRunner.java:58)
	at org.junit.runners.ParentRunner$2.evaluate(ParentRunner.java:268)
	at org.junit.runners.ParentRunner.run(ParentRunner.java:363)
	at org.apache.maven.surefire.junit4.JUnit4Provider.execute(JUnit4Provider.java:365)
	at org.apache.maven.surefire.junit4.JUnit4Provider.executeWithRerun(JUnit4Provider.java:272)
	at org.apache.maven.surefire.junit4.JUnit4Provider.executeTestSet(JUnit4Provider.java:236)
	at org.apache.maven.surefire.junit4.JUnit4Provider.invoke(JUnit4Provider.java:159)
	at org.apache.maven.surefire.booter.ForkedBooter.invokeProviderInSameClassLoader(ForkedBooter.java:386)
	at org.apache.maven.surefire.booter.ForkedBooter.runSuitesInProcess(ForkedBooter.java:323)
	at org.apache.maven.surefire.booter.ForkedBooter.main(ForkedBooter.java:143)
14:37:04.223 [main] ERROR o.a.j.p.j.ReflectionJavap - Could not load bytecode via reflection
java.lang.IllegalAccessException: class org.adoptopenjdk.jitwatch.process.javap.ReflectionJavap cannot access class com.sun.tools.javap.JavapTask (in module jdk.jdeps) because module jdk.jdeps does not export com.sun.tools.javap to unnamed module @4015e7ec
	at java.base/jdk.internal.reflect.Reflection.newIllegalAccessException(Reflection.java:392)
	at java.base/java.lang.reflect.AccessibleObject.checkAccess(AccessibleObject.java:674)
	at java.base/java.lang.reflect.Constructor.newInstanceWithCaller(Constructor.java:489)
	at java.base/java.lang.reflect.ReflectAccess.newInstance(ReflectAccess.java:128)
	at java.base/jdk.internal.reflect.ReflectionFactory.newInstance(ReflectionFactory.java:347)
	at java.base/java.lang.Class.newInstance(Class.java:645)
	at org.adoptopenjdk.jitwatch.process.javap.ReflectionJavap.createJavapTaskFromArguments(ReflectionJavap.java:133)
	at org.adoptopenjdk.jitwatch.process.javap.ReflectionJavap.getBytecode(ReflectionJavap.java:120)
	at org.adoptopenjdk.jitwatch.loader.BytecodeLoader.fetchBytecodeForClass(BytecodeLoader.java:134)
	at org.adoptopenjdk.jitwatch.loader.BytecodeLoader.fetchBytecodeForClass(BytecodeLoader.java:112)
	at org.adoptopenjdk.jitwatch.test.TestBytecodeLoaderWithInnerClasses.setUp(TestBytecodeLoaderWithInnerClasses.java:127)
	at java.base/jdk.internal.reflect.NativeMethodAccessorImpl.invoke0(Native Method)
	at java.base/jdk.internal.reflect.NativeMethodAccessorImpl.invoke(NativeMethodAccessorImpl.java:77)
	at java.base/jdk.internal.reflect.DelegatingMethodAccessorImpl.invoke(DelegatingMethodAccessorImpl.java:43)
	at java.base/java.lang.reflect.Method.invoke(Method.java:568)
	at org.junit.runners.model.FrameworkMethod$1.runReflectiveCall(FrameworkMethod.java:50)
	at org.junit.internal.runners.model.ReflectiveCallable.run(ReflectiveCallable.java:12)
	at org.junit.runners.model.FrameworkMethod.invokeExplosively(FrameworkMethod.java:47)
	at org.junit.internal.runners.statements.RunBefores.evaluate(RunBefores.java:24)
	at org.junit.internal.runners.statements.RunAfters.evaluate(RunAfters.java:27)
	at org.junit.runners.ParentRunner.runLeaf(ParentRunner.java:325)
	at org.junit.runners.BlockJUnit4ClassRunner.runChild(BlockJUnit4ClassRunner.java:78)
	at org.junit.runners.BlockJUnit4ClassRunner.runChild(BlockJUnit4ClassRunner.java:57)
	at org.junit.runners.ParentRunner$3.run(ParentRunner.java:290)
	at org.junit.runners.ParentRunner$1.schedule(ParentRunner.java:71)
	at org.junit.runners.ParentRunner.runChildren(ParentRunner.java:288)
	at org.junit.runners.ParentRunner.access$000(ParentRunner.java:58)
	at org.junit.runners.ParentRunner$2.evaluate(ParentRunner.java:268)
	at org.junit.runners.ParentRunner.run(ParentRunner.java:363)
	at org.apache.maven.surefire.junit4.JUnit4Provider.execute(JUnit4Provider.java:365)
	at org.apache.maven.surefire.junit4.JUnit4Provider.executeWithRerun(JUnit4Provider.java:272)
	at org.apache.maven.surefire.junit4.JUnit4Provider.executeTestSet(JUnit4Provider.java:236)
	at org.apache.maven.surefire.junit4.JUnit4Provider.invoke(JUnit4Provider.java:159)
	at org.apache.maven.surefire.booter.ForkedBooter.invokeProviderInSameClassLoader(ForkedBooter.java:386)
	at org.apache.maven.surefire.booter.ForkedBooter.runSuitesInProcess(ForkedBooter.java:323)
	at org.apache.maven.surefire.booter.ForkedBooter.main(ForkedBooter.java:143)
14:37:04.224 [main] ERROR o.a.j.p.j.ReflectionJavap - Could not load bytecode via reflection
java.lang.IllegalAccessException: class org.adoptopenjdk.jitwatch.process.javap.ReflectionJavap cannot access class com.sun.tools.javap.JavapTask (in module jdk.jdeps) because module jdk.jdeps does not export com.sun.tools.javap to unnamed module @4015e7ec
	at java.base/jdk.internal.reflect.Reflection.newIllegalAccessException(Reflection.java:392)
	at java.base/java.lang.reflect.AccessibleObject.checkAccess(AccessibleObject.java:674)
	at java.base/java.lang.reflect.Constructor.newInstanceWithCaller(Constructor.java:489)
	at java.base/java.lang.reflect.ReflectAccess.newInstance(ReflectAccess.java:128)
	at java.base/jdk.internal.reflect.ReflectionFactory.newInstance(ReflectionFactory.java:347)
	at java.base/java.lang.Class.newInstance(Class.java:645)
	at org.adoptopenjdk.jitwatch.process.javap.ReflectionJavap.createJavapTaskFromArguments(ReflectionJavap.java:133)
	at org.adoptopenjdk.jitwatch.process.javap.ReflectionJavap.getBytecode(ReflectionJavap.java:120)
	at org.adoptopenjdk.jitwatch.loader.BytecodeLoader.fetchBytecodeForClass(BytecodeLoader.java:134)
	at org.adoptopenjdk.jitwatch.loader.BytecodeLoader.fetchBytecodeForClass(BytecodeLoader.java:112)
	at org.adoptopenjdk.jitwatch.test.TestBytecodeLoaderWithInnerClasses.setUp(TestBytecodeLoaderWithInnerClasses.java:128)
	at java.base/jdk.internal.reflect.NativeMethodAccessorImpl.invoke0(Native Method)
	at java.base/jdk.internal.reflect.NativeMethodAccessorImpl.invoke(NativeMethodAccessorImpl.java:77)
	at java.base/jdk.internal.reflect.DelegatingMethodAccessorImpl.invoke(DelegatingMethodAccessorImpl.java:43)
	at java.base/java.lang.reflect.Method.invoke(Method.java:568)
	at org.junit.runners.model.FrameworkMethod$1.runReflectiveCall(FrameworkMethod.java:50)
	at org.junit.internal.runners.model.ReflectiveCallable.run(ReflectiveCallable.java:12)
	at org.junit.runners.model.FrameworkMethod.invokeExplosively(FrameworkMethod.java:47)
	at org.junit.internal.runners.statements.RunBefores.evaluate(RunBefores.java:24)
	at org.junit.internal.runners.statements.RunAfters.evaluate(RunAfters.java:27)
	at org.junit.runners.ParentRunner.runLeaf(ParentRunner.java:325)
	at org.junit.runners.BlockJUnit4ClassRunner.runChild(BlockJUnit4ClassRunner.java:78)
	at org.junit.runners.BlockJUnit4ClassRunner.runChild(BlockJUnit4ClassRunner.java:57)
	at org.junit.runners.ParentRunner$3.run(ParentRunner.java:290)
	at org.junit.runners.ParentRunner$1.schedule(ParentRunner.java:71)
	at org.junit.runners.ParentRunner.runChildren(ParentRunner.java:288)
	at org.junit.runners.ParentRunner.access$000(ParentRunner.java:58)
	at org.junit.runners.ParentRunner$2.evaluate(ParentRunner.java:268)
	at org.junit.runners.ParentRunner.run(ParentRunner.java:363)
	at org.apache.maven.surefire.junit4.JUnit4Provider.execute(JUnit4Provider.java:365)
	at org.apache.maven.surefire.junit4.JUnit4Provider.executeWithRerun(JUnit4Provider.java:272)
	at org.apache.maven.surefire.junit4.JUnit4Provider.executeTestSet(JUnit4Provider.java:236)
	at org.apache.maven.surefire.junit4.JUnit4Provider.invoke(JUnit4Provider.java:159)
	at org.apache.maven.surefire.booter.ForkedBooter.invokeProviderInSameClassLoader(ForkedBooter.java:386)
	at org.apache.maven.surefire.booter.ForkedBooter.runSuitesInProcess(ForkedBooter.java:323)
	at org.apache.maven.surefire.booter.ForkedBooter.main(ForkedBooter.java:143)
14:37:05.124 [main] ERROR o.a.j.p.j.ReflectionJavap - Could not load bytecode via reflection
java.lang.IllegalAccessException: class org.adoptopenjdk.jitwatch.process.javap.ReflectionJavap cannot access class com.sun.tools.javap.JavapTask (in module jdk.jdeps) because module jdk.jdeps does not export com.sun.tools.javap to unnamed module @4015e7ec
	at java.base/jdk.internal.reflect.Reflection.newIllegalAccessException(Reflection.java:392)
	at java.base/java.lang.reflect.AccessibleObject.checkAccess(AccessibleObject.java:674)
	at java.base/java.lang.reflect.Constructor.newInstanceWithCaller(Constructor.java:489)
	at java.base/java.lang.reflect.ReflectAccess.newInstance(ReflectAccess.java:128)
	at java.base/jdk.internal.reflect.ReflectionFactory.newInstance(ReflectionFactory.java:347)
	at java.base/java.lang.Class.newInstance(Class.java:645)
	at org.adoptopenjdk.jitwatch.process.javap.ReflectionJavap.createJavapTaskFromArguments(ReflectionJavap.java:133)
	at org.adoptopenjdk.jitwatch.process.javap.ReflectionJavap.getBytecode(ReflectionJavap.java:120)
	at org.adoptopenjdk.jitwatch.loader.BytecodeLoader.fetchBytecodeForClass(BytecodeLoader.java:134)
	at org.adoptopenjdk.jitwatch.loader.BytecodeLoader.fetchBytecodeForClass(BytecodeLoader.java:112)
	at org.adoptopenjdk.jitwatch.test.TestBytecodeLoaderWithInnerClasses.setUp(TestBytecodeLoaderWithInnerClasses.java:125)
	at java.base/jdk.internal.reflect.NativeMethodAccessorImpl.invoke0(Native Method)
	at java.base/jdk.internal.reflect.NativeMethodAccessorImpl.invoke(NativeMethodAccessorImpl.java:77)
	at java.base/jdk.internal.reflect.DelegatingMethodAccessorImpl.invoke(DelegatingMethodAccessorImpl.java:43)
	at java.base/java.lang.reflect.Method.invoke(Method.java:568)
	at org.junit.runners.model.FrameworkMethod$1.runReflectiveCall(FrameworkMethod.java:50)
	at org.junit.internal.runners.model.ReflectiveCallable.run(ReflectiveCallable.java:12)
	at org.junit.runners.model.FrameworkMethod.invokeExplosively(FrameworkMethod.java:47)
	at org.junit.internal.runners.statements.RunBefores.evaluate(RunBefores.java:24)
	at org.junit.internal.runners.statements.RunAfters.evaluate(RunAfters.java:27)
	at org.junit.runners.ParentRunner.runLeaf(ParentRunner.java:325)
	at org.junit.runners.BlockJUnit4ClassRunner.runChild(BlockJUnit4ClassRunner.java:78)
	at org.junit.runners.BlockJUnit4ClassRunner.runChild(BlockJUnit4ClassRunner.java:57)
	at org.junit.runners.ParentRunner$3.run(ParentRunner.java:290)
	at org.junit.runners.ParentRunner$1.schedule(ParentRunner.java:71)
	at org.junit.runners.ParentRunner.runChildren(ParentRunner.java:288)
	at org.junit.runners.ParentRunner.access$000(ParentRunner.java:58)
	at org.junit.runners.ParentRunner$2.evaluate(ParentRunner.java:268)
	at org.junit.runners.ParentRunner.run(ParentRunner.java:363)
	at org.apache.maven.surefire.junit4.JUnit4Provider.execute(JUnit4Provider.java:365)
	at org.apache.maven.surefire.junit4.JUnit4Provider.executeWithRerun(JUnit4Provider.java:272)
	at org.apache.maven.surefire.junit4.JUnit4Provider.executeTestSet(JUnit4Provider.java:236)
	at org.apache.maven.surefire.junit4.JUnit4Provider.invoke(JUnit4Provider.java:159)
	at org.apache.maven.surefire.booter.ForkedBooter.invokeProviderInSameClassLoader(ForkedBooter.java:386)
	at org.apache.maven.surefire.booter.ForkedBooter.runSuitesInProcess(ForkedBooter.java:323)
	at org.apache.maven.surefire.booter.ForkedBooter.main(ForkedBooter.java:143)
14:37:05.125 [main] ERROR o.a.j.p.j.ReflectionJavap - Could not load bytecode via reflection
java.lang.IllegalAccessException: class org.adoptopenjdk.jitwatch.process.javap.ReflectionJavap cannot access class com.sun.tools.javap.JavapTask (in module jdk.jdeps) because module jdk.jdeps does not export com.sun.tools.javap to unnamed module @4015e7ec
	at java.base/jdk.internal.reflect.Reflection.newIllegalAccessException(Reflection.java:392)
	at java.base/java.lang.reflect.AccessibleObject.checkAccess(AccessibleObject.java:674)
	at java.base/java.lang.reflect.Constructor.newInstanceWithCaller(Constructor.java:489)
	at java.base/java.lang.reflect.ReflectAccess.newInstance(ReflectAccess.java:128)
	at java.base/jdk.internal.reflect.ReflectionFactory.newInstance(ReflectionFactory.java:347)
	at java.base/java.lang.Class.newInstance(Class.java:645)
	at org.adoptopenjdk.jitwatch.process.javap.ReflectionJavap.createJavapTaskFromArguments(ReflectionJavap.java:133)
	at org.adoptopenjdk.jitwatch.process.javap.ReflectionJavap.getBytecode(ReflectionJavap.java:120)
	at org.adoptopenjdk.jitwatch.loader.BytecodeLoader.fetchBytecodeForClass(BytecodeLoader.java:134)
	at org.adoptopenjdk.jitwatch.loader.BytecodeLoader.fetchBytecodeForClass(BytecodeLoader.java:112)
	at org.adoptopenjdk.jitwatch.test.TestBytecodeLoaderWithInnerClasses.setUp(TestBytecodeLoaderWithInnerClasses.java:127)
	at java.base/jdk.internal.reflect.NativeMethodAccessorImpl.invoke0(Native Method)
	at java.base/jdk.internal.reflect.NativeMethodAccessorImpl.invoke(NativeMethodAccessorImpl.java:77)
	at java.base/jdk.internal.reflect.DelegatingMethodAccessorImpl.invoke(DelegatingMethodAccessorImpl.java:43)
	at java.base/java.lang.reflect.Method.invoke(Method.java:568)
	at org.junit.runners.model.FrameworkMethod$1.runReflectiveCall(FrameworkMethod.java:50)
	at org.junit.internal.runners.model.ReflectiveCallable.run(ReflectiveCallable.java:12)
	at org.junit.runners.model.FrameworkMethod.invokeExplosively(FrameworkMethod.java:47)
	at org.junit.internal.runners.statements.RunBefores.evaluate(RunBefores.java:24)
	at org.junit.internal.runners.statements.RunAfters.evaluate(RunAfters.java:27)
	at org.junit.runners.ParentRunner.runLeaf(ParentRunner.java:325)
	at org.junit.runners.BlockJUnit4ClassRunner.runChild(BlockJUnit4ClassRunner.java:78)
	at org.junit.runners.BlockJUnit4ClassRunner.runChild(BlockJUnit4ClassRunner.java:57)
	at org.junit.runners.ParentRunner$3.run(ParentRunner.java:290)
	at org.junit.runners.ParentRunner$1.schedule(ParentRunner.java:71)
	at org.junit.runners.ParentRunner.runChildren(ParentRunner.java:288)
	at org.junit.runners.ParentRunner.access$000(ParentRunner.java:58)
	at org.junit.runners.ParentRunner$2.evaluate(ParentRunner.java:268)
	at org.junit.runners.ParentRunner.run(ParentRunner.java:363)
	at org.apache.maven.surefire.junit4.JUnit4Provider.execute(JUnit4Provider.java:365)
	at org.apache.maven.surefire.junit4.JUnit4Provider.executeWithRerun(JUnit4Provider.java:272)
	at org.apache.maven.surefire.junit4.JUnit4Provider.executeTestSet(JUnit4Provider.java:236)
	at org.apache.maven.surefire.junit4.JUnit4Provider.invoke(JUnit4Provider.java:159)
	at org.apache.maven.surefire.booter.ForkedBooter.invokeProviderInSameClassLoader(ForkedBooter.java:386)
	at org.apache.maven.surefire.booter.ForkedBooter.runSuitesInProcess(ForkedBooter.java:323)
	at org.apache.maven.surefire.booter.ForkedBooter.main(ForkedBooter.java:143)
14:37:05.126 [main] ERROR o.a.j.p.j.ReflectionJavap - Could not load bytecode via reflection
java.lang.IllegalAccessException: class org.adoptopenjdk.jitwatch.process.javap.ReflectionJavap cannot access class com.sun.tools.javap.JavapTask (in module jdk.jdeps) because module jdk.jdeps does not export com.sun.tools.javap to unnamed module @4015e7ec
	at java.base/jdk.internal.reflect.Reflection.newIllegalAccessException(Reflection.java:392)
	at java.base/java.lang.reflect.AccessibleObject.checkAccess(AccessibleObject.java:674)
	at java.base/java.lang.reflect.Constructor.newInstanceWithCaller(Constructor.java:489)
	at java.base/java.lang.reflect.ReflectAccess.newInstance(ReflectAccess.java:128)
	at java.base/jdk.internal.reflect.ReflectionFactory.newInstance(ReflectionFactory.java:347)
	at java.base/java.lang.Class.newInstance(Class.java:645)
	at org.adoptopenjdk.jitwatch.process.javap.ReflectionJavap.createJavapTaskFromArguments(ReflectionJavap.java:133)
	at org.adoptopenjdk.jitwatch.process.javap.ReflectionJavap.getBytecode(ReflectionJavap.java:120)
	at org.adoptopenjdk.jitwatch.loader.BytecodeLoader.fetchBytecodeForClass(BytecodeLoader.java:134)
	at org.adoptopenjdk.jitwatch.loader.BytecodeLoader.fetchBytecodeForClass(BytecodeLoader.java:112)
	at org.adoptopenjdk.jitwatch.test.TestBytecodeLoaderWithInnerClasses.setUp(TestBytecodeLoaderWithInnerClasses.java:128)
	at java.base/jdk.internal.reflect.NativeMethodAccessorImpl.invoke0(Native Method)
	at java.base/jdk.internal.reflect.NativeMethodAccessorImpl.invoke(NativeMethodAccessorImpl.java:77)
	at java.base/jdk.internal.reflect.DelegatingMethodAccessorImpl.invoke(DelegatingMethodAccessorImpl.java:43)
	at java.base/java.lang.reflect.Method.invoke(Method.java:568)
	at org.junit.runners.model.FrameworkMethod$1.runReflectiveCall(FrameworkMethod.java:50)
	at org.junit.internal.runners.model.ReflectiveCallable.run(ReflectiveCallable.java:12)
	at org.junit.runners.model.FrameworkMethod.invokeExplosively(FrameworkMethod.java:47)
	at org.junit.internal.runners.statements.RunBefores.evaluate(RunBefores.java:24)
	at org.junit.internal.runners.statements.RunAfters.evaluate(RunAfters.java:27)
	at org.junit.runners.ParentRunner.runLeaf(ParentRunner.java:325)
	at org.junit.runners.BlockJUnit4ClassRunner.runChild(BlockJUnit4ClassRunner.java:78)
	at org.junit.runners.BlockJUnit4ClassRunner.runChild(BlockJUnit4ClassRunner.java:57)
	at org.junit.runners.ParentRunner$3.run(ParentRunner.java:290)
	at org.junit.runners.ParentRunner$1.schedule(ParentRunner.java:71)
	at org.junit.runners.ParentRunner.runChildren(ParentRunner.java:288)
	at org.junit.runners.ParentRunner.access$000(ParentRunner.java:58)
	at org.junit.runners.ParentRunner$2.evaluate(ParentRunner.java:268)
	at org.junit.runners.ParentRunner.run(ParentRunner.java:363)
	at org.apache.maven.surefire.junit4.JUnit4Provider.execute(JUnit4Provider.java:365)
	at org.apache.maven.surefire.junit4.JUnit4Provider.executeWithRerun(JUnit4Provider.java:272)
	at org.apache.maven.surefire.junit4.JUnit4Provider.executeTestSet(JUnit4Provider.java:236)
	at org.apache.maven.surefire.junit4.JUnit4Provider.invoke(JUnit4Provider.java:159)
	at org.apache.maven.surefire.booter.ForkedBooter.invokeProviderInSameClassLoader(ForkedBooter.java:386)
	at org.apache.maven.surefire.booter.ForkedBooter.runSuitesInProcess(ForkedBooter.java:323)
	at org.apache.maven.surefire.booter.ForkedBooter.main(ForkedBooter.java:143)
14:37:05.996 [main] ERROR o.a.j.p.j.ReflectionJavap - Could not load bytecode via reflection
java.lang.IllegalAccessException: class org.adoptopenjdk.jitwatch.process.javap.ReflectionJavap cannot access class com.sun.tools.javap.JavapTask (in module jdk.jdeps) because module jdk.jdeps does not export com.sun.tools.javap to unnamed module @4015e7ec
	at java.base/jdk.internal.reflect.Reflection.newIllegalAccessException(Reflection.java:392)
	at java.base/java.lang.reflect.AccessibleObject.checkAccess(AccessibleObject.java:674)
	at java.base/java.lang.reflect.Constructor.newInstanceWithCaller(Constructor.java:489)
	at java.base/java.lang.reflect.ReflectAccess.newInstance(ReflectAccess.java:128)
	at java.base/jdk.internal.reflect.ReflectionFactory.newInstance(ReflectionFactory.java:347)
	at java.base/java.lang.Class.newInstance(Class.java:645)
	at org.adoptopenjdk.jitwatch.process.javap.ReflectionJavap.createJavapTaskFromArguments(ReflectionJavap.java:133)
	at org.adoptopenjdk.jitwatch.process.javap.ReflectionJavap.getBytecode(ReflectionJavap.java:120)
	at org.adoptopenjdk.jitwatch.loader.BytecodeLoader.fetchBytecodeForClass(BytecodeLoader.java:134)
	at org.adoptopenjdk.jitwatch.loader.BytecodeLoader.fetchBytecodeForClass(BytecodeLoader.java:112)
	at org.adoptopenjdk.jitwatch.test.TestBytecodeLoaderWithInnerClasses.setUp(TestBytecodeLoaderWithInnerClasses.java:125)
	at java.base/jdk.internal.reflect.NativeMethodAccessorImpl.invoke0(Native Method)
	at java.base/jdk.internal.reflect.NativeMethodAccessorImpl.invoke(NativeMethodAccessorImpl.java:77)
	at java.base/jdk.internal.reflect.DelegatingMethodAccessorImpl.invoke(DelegatingMethodAccessorImpl.java:43)
	at java.base/java.lang.reflect.Method.invoke(Method.java:568)
	at org.junit.runners.model.FrameworkMethod$1.runReflectiveCall(FrameworkMethod.java:50)
	at org.junit.internal.runners.model.ReflectiveCallable.run(ReflectiveCallable.java:12)
	at org.junit.runners.model.FrameworkMethod.invokeExplosively(FrameworkMethod.java:47)
	at org.junit.internal.runners.statements.RunBefores.evaluate(RunBefores.java:24)
	at org.junit.internal.runners.statements.RunAfters.evaluate(RunAfters.java:27)
	at org.junit.runners.ParentRunner.runLeaf(ParentRunner.java:325)
	at org.junit.runners.BlockJUnit4ClassRunner.runChild(BlockJUnit4ClassRunner.java:78)
	at org.junit.runners.BlockJUnit4ClassRunner.runChild(BlockJUnit4ClassRunner.java:57)
	at org.junit.runners.ParentRunner$3.run(ParentRunner.java:290)
	at org.junit.runners.ParentRunner$1.schedule(ParentRunner.java:71)
	at org.junit.runners.ParentRunner.runChildren(ParentRunner.java:288)
	at org.junit.runners.ParentRunner.access$000(ParentRunner.java:58)
	at org.junit.runners.ParentRunner$2.evaluate(ParentRunner.java:268)
	at org.junit.runners.ParentRunner.run(ParentRunner.java:363)
	at org.apache.maven.surefire.junit4.JUnit4Provider.execute(JUnit4Provider.java:365)
	at org.apache.maven.surefire.junit4.JUnit4Provider.executeWithRerun(JUnit4Provider.java:272)
	at org.apache.maven.surefire.junit4.JUnit4Provider.executeTestSet(JUnit4Provider.java:236)
	at org.apache.maven.surefire.junit4.JUnit4Provider.invoke(JUnit4Provider.java:159)
	at org.apache.maven.surefire.booter.ForkedBooter.invokeProviderInSameClassLoader(ForkedBooter.java:386)
	at org.apache.maven.surefire.booter.ForkedBooter.runSuitesInProcess(ForkedBooter.java:323)
	at org.apache.maven.surefire.booter.ForkedBooter.main(ForkedBooter.java:143)
14:37:05.997 [main] ERROR o.a.j.p.j.ReflectionJavap - Could not load bytecode via reflection
java.lang.IllegalAccessException: class org.adoptopenjdk.jitwatch.process.javap.ReflectionJavap cannot access class com.sun.tools.javap.JavapTask (in module jdk.jdeps) because module jdk.jdeps does not export com.sun.tools.javap to unnamed module @4015e7ec
	at java.base/jdk.internal.reflect.Reflection.newIllegalAccessException(Reflection.java:392)
	at java.base/java.lang.reflect.AccessibleObject.checkAccess(AccessibleObject.java:674)
	at java.base/java.lang.reflect.Constructor.newInstanceWithCaller(Constructor.java:489)
	at java.base/java.lang.reflect.ReflectAccess.newInstance(ReflectAccess.java:128)
	at java.base/jdk.internal.reflect.ReflectionFactory.newInstance(ReflectionFactory.java:347)
	at java.base/java.lang.Class.newInstance(Class.java:645)
	at org.adoptopenjdk.jitwatch.process.javap.ReflectionJavap.createJavapTaskFromArguments(ReflectionJavap.java:133)
	at org.adoptopenjdk.jitwatch.process.javap.ReflectionJavap.getBytecode(ReflectionJavap.java:120)
	at org.adoptopenjdk.jitwatch.loader.BytecodeLoader.fetchBytecodeForClass(BytecodeLoader.java:134)
	at org.adoptopenjdk.jitwatch.loader.BytecodeLoader.fetchBytecodeForClass(BytecodeLoader.java:112)
	at org.adoptopenjdk.jitwatch.test.TestBytecodeLoaderWithInnerClasses.setUp(TestBytecodeLoaderWithInnerClasses.java:127)
	at java.base/jdk.internal.reflect.NativeMethodAccessorImpl.invoke0(Native Method)
	at java.base/jdk.internal.reflect.NativeMethodAccessorImpl.invoke(NativeMethodAccessorImpl.java:77)
	at java.base/jdk.internal.reflect.DelegatingMethodAccessorImpl.invoke(DelegatingMethodAccessorImpl.java:43)
	at java.base/java.lang.reflect.Method.invoke(Method.java:568)
	at org.junit.runners.model.FrameworkMethod$1.runReflectiveCall(FrameworkMethod.java:50)
	at org.junit.internal.runners.model.ReflectiveCallable.run(ReflectiveCallable.java:12)
	at org.junit.runners.model.FrameworkMethod.invokeExplosively(FrameworkMethod.java:47)
	at org.junit.internal.runners.statements.RunBefores.evaluate(RunBefores.java:24)
	at org.junit.internal.runners.statements.RunAfters.evaluate(RunAfters.java:27)
	at org.junit.runners.ParentRunner.runLeaf(ParentRunner.java:325)
	at org.junit.runners.BlockJUnit4ClassRunner.runChild(BlockJUnit4ClassRunner.java:78)
	at org.junit.runners.BlockJUnit4ClassRunner.runChild(BlockJUnit4ClassRunner.java:57)
	at org.junit.runners.ParentRunner$3.run(ParentRunner.java:290)
	at org.junit.runners.ParentRunner$1.schedule(ParentRunner.java:71)
	at org.junit.runners.ParentRunner.runChildren(ParentRunner.java:288)
	at org.junit.runners.ParentRunner.access$000(ParentRunner.java:58)
	at org.junit.runners.ParentRunner$2.evaluate(ParentRunner.java:268)
	at org.junit.runners.ParentRunner.run(ParentRunner.java:363)
	at org.apache.maven.surefire.junit4.JUnit4Provider.execute(JUnit4Provider.java:365)
	at org.apache.maven.surefire.junit4.JUnit4Provider.executeWithRerun(JUnit4Provider.java:272)
	at org.apache.maven.surefire.junit4.JUnit4Provider.executeTestSet(JUnit4Provider.java:236)
	at org.apache.maven.surefire.junit4.JUnit4Provider.invoke(JUnit4Provider.java:159)
	at org.apache.maven.surefire.booter.ForkedBooter.invokeProviderInSameClassLoader(ForkedBooter.java:386)
	at org.apache.maven.surefire.booter.ForkedBooter.runSuitesInProcess(ForkedBooter.java:323)
	at org.apache.maven.surefire.booter.ForkedBooter.main(ForkedBooter.java:143)
14:37:05.998 [main] ERROR o.a.j.p.j.ReflectionJavap - Could not load bytecode via reflection
java.lang.IllegalAccessException: class org.adoptopenjdk.jitwatch.process.javap.ReflectionJavap cannot access class com.sun.tools.javap.JavapTask (in module jdk.jdeps) because module jdk.jdeps does not export com.sun.tools.javap to unnamed module @4015e7ec
	at java.base/jdk.internal.reflect.Reflection.newIllegalAccessException(Reflection.java:392)
	at java.base/java.lang.reflect.AccessibleObject.checkAccess(AccessibleObject.java:674)
	at java.base/java.lang.reflect.Constructor.newInstanceWithCaller(Constructor.java:489)
	at java.base/java.lang.reflect.ReflectAccess.newInstance(ReflectAccess.java:128)
	at java.base/jdk.internal.reflect.ReflectionFactory.newInstance(ReflectionFactory.java:347)
	at java.base/java.lang.Class.newInstance(Class.java:645)
	at org.adoptopenjdk.jitwatch.process.javap.ReflectionJavap.createJavapTaskFromArguments(ReflectionJavap.java:133)
	at org.adoptopenjdk.jitwatch.process.javap.ReflectionJavap.getBytecode(ReflectionJavap.java:120)
	at org.adoptopenjdk.jitwatch.loader.BytecodeLoader.fetchBytecodeForClass(BytecodeLoader.java:134)
	at org.adoptopenjdk.jitwatch.loader.BytecodeLoader.fetchBytecodeForClass(BytecodeLoader.java:112)
	at org.adoptopenjdk.jitwatch.test.TestBytecodeLoaderWithInnerClasses.setUp(TestBytecodeLoaderWithInnerClasses.java:128)
	at java.base/jdk.internal.reflect.NativeMethodAccessorImpl.invoke0(Native Method)
	at java.base/jdk.internal.reflect.NativeMethodAccessorImpl.invoke(NativeMethodAccessorImpl.java:77)
	at java.base/jdk.internal.reflect.DelegatingMethodAccessorImpl.invoke(DelegatingMethodAccessorImpl.java:43)
	at java.base/java.lang.reflect.Method.invoke(Method.java:568)
	at org.junit.runners.model.FrameworkMethod$1.runReflectiveCall(FrameworkMethod.java:50)
	at org.junit.internal.runners.model.ReflectiveCallable.run(ReflectiveCallable.java:12)
	at org.junit.runners.model.FrameworkMethod.invokeExplosively(FrameworkMethod.java:47)
	at org.junit.internal.runners.statements.RunBefores.evaluate(RunBefores.java:24)
	at org.junit.internal.runners.statements.RunAfters.evaluate(RunAfters.java:27)
	at org.junit.runners.ParentRunner.runLeaf(ParentRunner.java:325)
	at org.junit.runners.BlockJUnit4ClassRunner.runChild(BlockJUnit4ClassRunner.java:78)
	at org.junit.runners.BlockJUnit4ClassRunner.runChild(BlockJUnit4ClassRunner.java:57)
	at org.junit.runners.ParentRunner$3.run(ParentRunner.java:290)
	at org.junit.runners.ParentRunner$1.schedule(ParentRunner.java:71)
	at org.junit.runners.ParentRunner.runChildren(ParentRunner.java:288)
	at org.junit.runners.ParentRunner.access$000(ParentRunner.java:58)
	at org.junit.runners.ParentRunner$2.evaluate(ParentRunner.java:268)
	at org.junit.runners.ParentRunner.run(ParentRunner.java:363)
	at org.apache.maven.surefire.junit4.JUnit4Provider.execute(JUnit4Provider.java:365)
	at org.apache.maven.surefire.junit4.JUnit4Provider.executeWithRerun(JUnit4Provider.java:272)
	at org.apache.maven.surefire.junit4.JUnit4Provider.executeTestSet(JUnit4Provider.java:236)
	at org.apache.maven.surefire.junit4.JUnit4Provider.invoke(JUnit4Provider.java:159)
	at org.apache.maven.surefire.booter.ForkedBooter.invokeProviderInSameClassLoader(ForkedBooter.java:386)
	at org.apache.maven.surefire.booter.ForkedBooter.runSuitesInProcess(ForkedBooter.java:323)
	at org.apache.maven.surefire.booter.ForkedBooter.main(ForkedBooter.java:143)
14:37:06.861 [main] ERROR o.a.j.p.j.ReflectionJavap - Could not load bytecode via reflection
java.lang.IllegalAccessException: class org.adoptopenjdk.jitwatch.process.javap.ReflectionJavap cannot access class com.sun.tools.javap.JavapTask (in module jdk.jdeps) because module jdk.jdeps does not export com.sun.tools.javap to unnamed module @4015e7ec
	at java.base/jdk.internal.reflect.Reflection.newIllegalAccessException(Reflection.java:392)
	at java.base/java.lang.reflect.AccessibleObject.checkAccess(AccessibleObject.java:674)
	at java.base/java.lang.reflect.Constructor.newInstanceWithCaller(Constructor.java:489)
	at java.base/java.lang.reflect.ReflectAccess.newInstance(ReflectAccess.java:128)
	at java.base/jdk.internal.reflect.ReflectionFactory.newInstance(ReflectionFactory.java:347)
	at java.base/java.lang.Class.newInstance(Class.java:645)
	at org.adoptopenjdk.jitwatch.process.javap.ReflectionJavap.createJavapTaskFromArguments(ReflectionJavap.java:133)
	at org.adoptopenjdk.jitwatch.process.javap.ReflectionJavap.getBytecode(ReflectionJavap.java:120)
	at org.adoptopenjdk.jitwatch.loader.BytecodeLoader.fetchBytecodeForClass(BytecodeLoader.java:134)
	at org.adoptopenjdk.jitwatch.loader.BytecodeLoader.fetchBytecodeForClass(BytecodeLoader.java:112)
	at org.adoptopenjdk.jitwatch.test.TestBytecodeLoaderWithInnerClasses.setUp(TestBytecodeLoaderWithInnerClasses.java:125)
	at java.base/jdk.internal.reflect.NativeMethodAccessorImpl.invoke0(Native Method)
	at java.base/jdk.internal.reflect.NativeMethodAccessorImpl.invoke(NativeMethodAccessorImpl.java:77)
	at java.base/jdk.internal.reflect.DelegatingMethodAccessorImpl.invoke(DelegatingMethodAccessorImpl.java:43)
	at java.base/java.lang.reflect.Method.invoke(Method.java:568)
	at org.junit.runners.model.FrameworkMethod$1.runReflectiveCall(FrameworkMethod.java:50)
	at org.junit.internal.runners.model.ReflectiveCallable.run(ReflectiveCallable.java:12)
	at org.junit.runners.model.FrameworkMethod.invokeExplosively(FrameworkMethod.java:47)
	at org.junit.internal.runners.statements.RunBefores.evaluate(RunBefores.java:24)
	at org.junit.internal.runners.statements.RunAfters.evaluate(RunAfters.java:27)
	at org.junit.runners.ParentRunner.runLeaf(ParentRunner.java:325)
	at org.junit.runners.BlockJUnit4ClassRunner.runChild(BlockJUnit4ClassRunner.java:78)
	at org.junit.runners.BlockJUnit4ClassRunner.runChild(BlockJUnit4ClassRunner.java:57)
	at org.junit.runners.ParentRunner$3.run(ParentRunner.java:290)
	at org.junit.runners.ParentRunner$1.schedule(ParentRunner.java:71)
	at org.junit.runners.ParentRunner.runChildren(ParentRunner.java:288)
	at org.junit.runners.ParentRunner.access$000(ParentRunner.java:58)
	at org.junit.runners.ParentRunner$2.evaluate(ParentRunner.java:268)
	at org.junit.runners.ParentRunner.run(ParentRunner.java:363)
	at org.apache.maven.surefire.junit4.JUnit4Provider.execute(JUnit4Provider.java:365)
	at org.apache.maven.surefire.junit4.JUnit4Provider.executeWithRerun(JUnit4Provider.java:272)
	at org.apache.maven.surefire.junit4.JUnit4Provider.executeTestSet(JUnit4Provider.java:236)
	at org.apache.maven.surefire.junit4.JUnit4Provider.invoke(JUnit4Provider.java:159)
	at org.apache.maven.surefire.booter.ForkedBooter.invokeProviderInSameClassLoader(ForkedBooter.java:386)
	at org.apache.maven.surefire.booter.ForkedBooter.runSuitesInProcess(ForkedBooter.java:323)
	at org.apache.maven.surefire.booter.ForkedBooter.main(ForkedBooter.java:143)
14:37:06.861 [main] ERROR o.a.j.p.j.ReflectionJavap - Could not load bytecode via reflection
java.lang.IllegalAccessException: class org.adoptopenjdk.jitwatch.process.javap.ReflectionJavap cannot access class com.sun.tools.javap.JavapTask (in module jdk.jdeps) because module jdk.jdeps does not export com.sun.tools.javap to unnamed module @4015e7ec
	at java.base/jdk.internal.reflect.Reflection.newIllegalAccessException(Reflection.java:392)
	at java.base/java.lang.reflect.AccessibleObject.checkAccess(AccessibleObject.java:674)
	at java.base/java.lang.reflect.Constructor.newInstanceWithCaller(Constructor.java:489)
	at java.base/java.lang.reflect.ReflectAccess.newInstance(ReflectAccess.java:128)
	at java.base/jdk.internal.reflect.ReflectionFactory.newInstance(ReflectionFactory.java:347)
	at java.base/java.lang.Class.newInstance(Class.java:645)
	at org.adoptopenjdk.jitwatch.process.javap.ReflectionJavap.createJavapTaskFromArguments(ReflectionJavap.java:133)
	at org.adoptopenjdk.jitwatch.process.javap.ReflectionJavap.getBytecode(ReflectionJavap.java:120)
	at org.adoptopenjdk.jitwatch.loader.BytecodeLoader.fetchBytecodeForClass(BytecodeLoader.java:134)
	at org.adoptopenjdk.jitwatch.loader.BytecodeLoader.fetchBytecodeForClass(BytecodeLoader.java:112)
	at org.adoptopenjdk.jitwatch.test.TestBytecodeLoaderWithInnerClasses.setUp(TestBytecodeLoaderWithInnerClasses.java:127)
	at java.base/jdk.internal.reflect.NativeMethodAccessorImpl.invoke0(Native Method)
	at java.base/jdk.internal.reflect.NativeMethodAccessorImpl.invoke(NativeMethodAccessorImpl.java:77)
	at java.base/jdk.internal.reflect.DelegatingMethodAccessorImpl.invoke(DelegatingMethodAccessorImpl.java:43)
	at java.base/java.lang.reflect.Method.invoke(Method.java:568)
	at org.junit.runners.model.FrameworkMethod$1.runReflectiveCall(FrameworkMethod.java:50)
	at org.junit.internal.runners.model.ReflectiveCallable.run(ReflectiveCallable.java:12)
	at org.junit.runners.model.FrameworkMethod.invokeExplosively(FrameworkMethod.java:47)
	at org.junit.internal.runners.statements.RunBefores.evaluate(RunBefores.java:24)
	at org.junit.internal.runners.statements.RunAfters.evaluate(RunAfters.java:27)
	at org.junit.runners.ParentRunner.runLeaf(ParentRunner.java:325)
	at org.junit.runners.BlockJUnit4ClassRunner.runChild(BlockJUnit4ClassRunner.java:78)
	at org.junit.runners.BlockJUnit4ClassRunner.runChild(BlockJUnit4ClassRunner.java:57)
	at org.junit.runners.ParentRunner$3.run(ParentRunner.java:290)
	at org.junit.runners.ParentRunner$1.schedule(ParentRunner.java:71)
	at org.junit.runners.ParentRunner.runChildren(ParentRunner.java:288)
	at org.junit.runners.ParentRunner.access$000(ParentRunner.java:58)
	at org.junit.runners.ParentRunner$2.evaluate(ParentRunner.java:268)
	at org.junit.runners.ParentRunner.run(ParentRunner.java:363)
	at org.apache.maven.surefire.junit4.JUnit4Provider.execute(JUnit4Provider.java:365)
	at org.apache.maven.surefire.junit4.JUnit4Provider.executeWithRerun(JUnit4Provider.java:272)
	at org.apache.maven.surefire.junit4.JUnit4Provider.executeTestSet(JUnit4Provider.java:236)
	at org.apache.maven.surefire.junit4.JUnit4Provider.invoke(JUnit4Provider.java:159)
	at org.apache.maven.surefire.booter.ForkedBooter.invokeProviderInSameClassLoader(ForkedBooter.java:386)
	at org.apache.maven.surefire.booter.ForkedBooter.runSuitesInProcess(ForkedBooter.java:323)
	at org.apache.maven.surefire.booter.ForkedBooter.main(ForkedBooter.java:143)
14:37:06.862 [main] ERROR o.a.j.p.j.ReflectionJavap - Could not load bytecode via reflection
java.lang.IllegalAccessException: class org.adoptopenjdk.jitwatch.process.javap.ReflectionJavap cannot access class com.sun.tools.javap.JavapTask (in module jdk.jdeps) because module jdk.jdeps does not export com.sun.tools.javap to unnamed module @4015e7ec
	at java.base/jdk.internal.reflect.Reflection.newIllegalAccessException(Reflection.java:392)
	at java.base/java.lang.reflect.AccessibleObject.checkAccess(AccessibleObject.java:674)
	at java.base/java.lang.reflect.Constructor.newInstanceWithCaller(Constructor.java:489)
	at java.base/java.lang.reflect.ReflectAccess.newInstance(ReflectAccess.java:128)
	at java.base/jdk.internal.reflect.ReflectionFactory.newInstance(ReflectionFactory.java:347)
	at java.base/java.lang.Class.newInstance(Class.java:645)
	at org.adoptopenjdk.jitwatch.process.javap.ReflectionJavap.createJavapTaskFromArguments(ReflectionJavap.java:133)
	at org.adoptopenjdk.jitwatch.process.javap.ReflectionJavap.getBytecode(ReflectionJavap.java:120)
	at org.adoptopenjdk.jitwatch.loader.BytecodeLoader.fetchBytecodeForClass(BytecodeLoader.java:134)
	at org.adoptopenjdk.jitwatch.loader.BytecodeLoader.fetchBytecodeForClass(BytecodeLoader.java:112)
	at org.adoptopenjdk.jitwatch.test.TestBytecodeLoaderWithInnerClasses.setUp(TestBytecodeLoaderWithInnerClasses.java:128)
	at java.base/jdk.internal.reflect.NativeMethodAccessorImpl.invoke0(Native Method)
	at java.base/jdk.internal.reflect.NativeMethodAccessorImpl.invoke(NativeMethodAccessorImpl.java:77)
	at java.base/jdk.internal.reflect.DelegatingMethodAccessorImpl.invoke(DelegatingMethodAccessorImpl.java:43)
	at java.base/java.lang.reflect.Method.invoke(Method.java:568)
	at org.junit.runners.model.FrameworkMethod$1.runReflectiveCall(FrameworkMethod.java:50)
	at org.junit.internal.runners.model.ReflectiveCallable.run(ReflectiveCallable.java:12)
	at org.junit.runners.model.FrameworkMethod.invokeExplosively(FrameworkMethod.java:47)
	at org.junit.internal.runners.statements.RunBefores.evaluate(RunBefores.java:24)
	at org.junit.internal.runners.statements.RunAfters.evaluate(RunAfters.java:27)
	at org.junit.runners.ParentRunner.runLeaf(ParentRunner.java:325)
	at org.junit.runners.BlockJUnit4ClassRunner.runChild(BlockJUnit4ClassRunner.java:78)
	at org.junit.runners.BlockJUnit4ClassRunner.runChild(BlockJUnit4ClassRunner.java:57)
	at org.junit.runners.ParentRunner$3.run(ParentRunner.java:290)
	at org.junit.runners.ParentRunner$1.schedule(ParentRunner.java:71)
	at org.junit.runners.ParentRunner.runChildren(ParentRunner.java:288)
	at org.junit.runners.ParentRunner.access$000(ParentRunner.java:58)
	at org.junit.runners.ParentRunner$2.evaluate(ParentRunner.java:268)
	at org.junit.runners.ParentRunner.run(ParentRunner.java:363)
	at org.apache.maven.surefire.junit4.JUnit4Provider.execute(JUnit4Provider.java:365)
	at org.apache.maven.surefire.junit4.JUnit4Provider.executeWithRerun(JUnit4Provider.java:272)
	at org.apache.maven.surefire.junit4.JUnit4Provider.executeTestSet(JUnit4Provider.java:236)
	at org.apache.maven.surefire.junit4.JUnit4Provider.invoke(JUnit4Provider.java:159)
	at org.apache.maven.surefire.booter.ForkedBooter.invokeProviderInSameClassLoader(ForkedBooter.java:386)
	at org.apache.maven.surefire.booter.ForkedBooter.runSuitesInProcess(ForkedBooter.java:323)
	at org.apache.maven.surefire.booter.ForkedBooter.main(ForkedBooter.java:143)
14:37:07.687 [main] ERROR o.a.j.p.j.ReflectionJavap - Could not load bytecode via reflection
java.lang.IllegalAccessException: class org.adoptopenjdk.jitwatch.process.javap.ReflectionJavap cannot access class com.sun.tools.javap.JavapTask (in module jdk.jdeps) because module jdk.jdeps does not export com.sun.tools.javap to unnamed module @4015e7ec
	at java.base/jdk.internal.reflect.Reflection.newIllegalAccessException(Reflection.java:392)
	at java.base/java.lang.reflect.AccessibleObject.checkAccess(AccessibleObject.java:674)
	at java.base/java.lang.reflect.Constructor.newInstanceWithCaller(Constructor.java:489)
	at java.base/java.lang.reflect.ReflectAccess.newInstance(ReflectAccess.java:128)
	at java.base/jdk.internal.reflect.ReflectionFactory.newInstance(ReflectionFactory.java:347)
	at java.base/java.lang.Class.newInstance(Class.java:645)
	at org.adoptopenjdk.jitwatch.process.javap.ReflectionJavap.createJavapTaskFromArguments(ReflectionJavap.java:133)
	at org.adoptopenjdk.jitwatch.process.javap.ReflectionJavap.getBytecode(ReflectionJavap.java:120)
	at org.adoptopenjdk.jitwatch.loader.BytecodeLoader.fetchBytecodeForClass(BytecodeLoader.java:134)
	at org.adoptopenjdk.jitwatch.loader.BytecodeLoader.fetchBytecodeForClass(BytecodeLoader.java:112)
	at org.adoptopenjdk.jitwatch.test.TestBytecodeLoaderWithInnerClasses.setUp(TestBytecodeLoaderWithInnerClasses.java:125)
	at java.base/jdk.internal.reflect.NativeMethodAccessorImpl.invoke0(Native Method)
	at java.base/jdk.internal.reflect.NativeMethodAccessorImpl.invoke(NativeMethodAccessorImpl.java:77)
	at java.base/jdk.internal.reflect.DelegatingMethodAccessorImpl.invoke(DelegatingMethodAccessorImpl.java:43)
	at java.base/java.lang.reflect.Method.invoke(Method.java:568)
	at org.junit.runners.model.FrameworkMethod$1.runReflectiveCall(FrameworkMethod.java:50)
	at org.junit.internal.runners.model.ReflectiveCallable.run(ReflectiveCallable.java:12)
	at org.junit.runners.model.FrameworkMethod.invokeExplosively(FrameworkMethod.java:47)
	at org.junit.internal.runners.statements.RunBefores.evaluate(RunBefores.java:24)
	at org.junit.internal.runners.statements.RunAfters.evaluate(RunAfters.java:27)
	at org.junit.runners.ParentRunner.runLeaf(ParentRunner.java:325)
	at org.junit.runners.BlockJUnit4ClassRunner.runChild(BlockJUnit4ClassRunner.java:78)
	at org.junit.runners.BlockJUnit4ClassRunner.runChild(BlockJUnit4ClassRunner.java:57)
	at org.junit.runners.ParentRunner$3.run(ParentRunner.java:290)
	at org.junit.runners.ParentRunner$1.schedule(ParentRunner.java:71)
	at org.junit.runners.ParentRunner.runChildren(ParentRunner.java:288)
	at org.junit.runners.ParentRunner.access$000(ParentRunner.java:58)
	at org.junit.runners.ParentRunner$2.evaluate(ParentRunner.java:268)
	at org.junit.runners.ParentRunner.run(ParentRunner.java:363)
	at org.apache.maven.surefire.junit4.JUnit4Provider.execute(JUnit4Provider.java:365)
	at org.apache.maven.surefire.junit4.JUnit4Provider.executeWithRerun(JUnit4Provider.java:272)
	at org.apache.maven.surefire.junit4.JUnit4Provider.executeTestSet(JUnit4Provider.java:236)
	at org.apache.maven.surefire.junit4.JUnit4Provider.invoke(JUnit4Provider.java:159)
	at org.apache.maven.surefire.booter.ForkedBooter.invokeProviderInSameClassLoader(ForkedBooter.java:386)
	at org.apache.maven.surefire.booter.ForkedBooter.runSuitesInProcess(ForkedBooter.java:323)
	at org.apache.maven.surefire.booter.ForkedBooter.main(ForkedBooter.java:143)
14:37:07.687 [main] ERROR o.a.j.p.j.ReflectionJavap - Could not load bytecode via reflection
java.lang.IllegalAccessException: class org.adoptopenjdk.jitwatch.process.javap.ReflectionJavap cannot access class com.sun.tools.javap.JavapTask (in module jdk.jdeps) because module jdk.jdeps does not export com.sun.tools.javap to unnamed module @4015e7ec
	at java.base/jdk.internal.reflect.Reflection.newIllegalAccessException(Reflection.java:392)
	at java.base/java.lang.reflect.AccessibleObject.checkAccess(AccessibleObject.java:674)
	at java.base/java.lang.reflect.Constructor.newInstanceWithCaller(Constructor.java:489)
	at java.base/java.lang.reflect.ReflectAccess.newInstance(ReflectAccess.java:128)
	at java.base/jdk.internal.reflect.ReflectionFactory.newInstance(ReflectionFactory.java:347)
	at java.base/java.lang.Class.newInstance(Class.java:645)
	at org.adoptopenjdk.jitwatch.process.javap.ReflectionJavap.createJavapTaskFromArguments(ReflectionJavap.java:133)
	at org.adoptopenjdk.jitwatch.process.javap.ReflectionJavap.getBytecode(ReflectionJavap.java:120)
	at org.adoptopenjdk.jitwatch.loader.BytecodeLoader.fetchBytecodeForClass(BytecodeLoader.java:134)
	at org.adoptopenjdk.jitwatch.loader.BytecodeLoader.fetchBytecodeForClass(BytecodeLoader.java:112)
	at org.adoptopenjdk.jitwatch.test.TestBytecodeLoaderWithInnerClasses.setUp(TestBytecodeLoaderWithInnerClasses.java:127)
	at java.base/jdk.internal.reflect.NativeMethodAccessorImpl.invoke0(Native Method)
	at java.base/jdk.internal.reflect.NativeMethodAccessorImpl.invoke(NativeMethodAccessorImpl.java:77)
	at java.base/jdk.internal.reflect.DelegatingMethodAccessorImpl.invoke(DelegatingMethodAccessorImpl.java:43)
	at java.base/java.lang.reflect.Method.invoke(Method.java:568)
	at org.junit.runners.model.FrameworkMethod$1.runReflectiveCall(FrameworkMethod.java:50)
	at org.junit.internal.runners.model.ReflectiveCallable.run(ReflectiveCallable.java:12)
	at org.junit.runners.model.FrameworkMethod.invokeExplosively(FrameworkMethod.java:47)
	at org.junit.internal.runners.statements.RunBefores.evaluate(RunBefores.java:24)
	at org.junit.internal.runners.statements.RunAfters.evaluate(RunAfters.java:27)
	at org.junit.runners.ParentRunner.runLeaf(ParentRunner.java:325)
	at org.junit.runners.BlockJUnit4ClassRunner.runChild(BlockJUnit4ClassRunner.java:78)
	at org.junit.runners.BlockJUnit4ClassRunner.runChild(BlockJUnit4ClassRunner.java:57)
	at org.junit.runners.ParentRunner$3.run(ParentRunner.java:290)
	at org.junit.runners.ParentRunner$1.schedule(ParentRunner.java:71)
	at org.junit.runners.ParentRunner.runChildren(ParentRunner.java:288)
	at org.junit.runners.ParentRunner.access$000(ParentRunner.java:58)
	at org.junit.runners.ParentRunner$2.evaluate(ParentRunner.java:268)
	at org.junit.runners.ParentRunner.run(ParentRunner.java:363)
	at org.apache.maven.surefire.junit4.JUnit4Provider.execute(JUnit4Provider.java:365)
	at org.apache.maven.surefire.junit4.JUnit4Provider.executeWithRerun(JUnit4Provider.java:272)
	at org.apache.maven.surefire.junit4.JUnit4Provider.executeTestSet(JUnit4Provider.java:236)
	at org.apache.maven.surefire.junit4.JUnit4Provider.invoke(JUnit4Provider.java:159)
	at org.apache.maven.surefire.booter.ForkedBooter.invokeProviderInSameClassLoader(ForkedBooter.java:386)
	at org.apache.maven.surefire.booter.ForkedBooter.runSuitesInProcess(ForkedBooter.java:323)
	at org.apache.maven.surefire.booter.ForkedBooter.main(ForkedBooter.java:143)
14:37:07.688 [main] ERROR o.a.j.p.j.ReflectionJavap - Could not load bytecode via reflection
java.lang.IllegalAccessException: class org.adoptopenjdk.jitwatch.process.javap.ReflectionJavap cannot access class com.sun.tools.javap.JavapTask (in module jdk.jdeps) because module jdk.jdeps does not export com.sun.tools.javap to unnamed module @4015e7ec
	at java.base/jdk.internal.reflect.Reflection.newIllegalAccessException(Reflection.java:392)
	at java.base/java.lang.reflect.AccessibleObject.checkAccess(AccessibleObject.java:674)
	at java.base/java.lang.reflect.Constructor.newInstanceWithCaller(Constructor.java:489)
	at java.base/java.lang.reflect.ReflectAccess.newInstance(ReflectAccess.java:128)
	at java.base/jdk.internal.reflect.ReflectionFactory.newInstance(ReflectionFactory.java:347)
	at java.base/java.lang.Class.newInstance(Class.java:645)
	at org.adoptopenjdk.jitwatch.process.javap.ReflectionJavap.createJavapTaskFromArguments(ReflectionJavap.java:133)
	at org.adoptopenjdk.jitwatch.process.javap.ReflectionJavap.getBytecode(ReflectionJavap.java:120)
	at org.adoptopenjdk.jitwatch.loader.BytecodeLoader.fetchBytecodeForClass(BytecodeLoader.java:134)
	at org.adoptopenjdk.jitwatch.loader.BytecodeLoader.fetchBytecodeForClass(BytecodeLoader.java:112)
	at org.adoptopenjdk.jitwatch.test.TestBytecodeLoaderWithInnerClasses.setUp(TestBytecodeLoaderWithInnerClasses.java:128)
	at java.base/jdk.internal.reflect.NativeMethodAccessorImpl.invoke0(Native Method)
	at java.base/jdk.internal.reflect.NativeMethodAccessorImpl.invoke(NativeMethodAccessorImpl.java:77)
	at java.base/jdk.internal.reflect.DelegatingMethodAccessorImpl.invoke(DelegatingMethodAccessorImpl.java:43)
	at java.base/java.lang.reflect.Method.invoke(Method.java:568)
	at org.junit.runners.model.FrameworkMethod$1.runReflectiveCall(FrameworkMethod.java:50)
	at org.junit.internal.runners.model.ReflectiveCallable.run(ReflectiveCallable.java:12)
	at org.junit.runners.model.FrameworkMethod.invokeExplosively(FrameworkMethod.java:47)
	at org.junit.internal.runners.statements.RunBefores.evaluate(RunBefores.java:24)
	at org.junit.internal.runners.statements.RunAfters.evaluate(RunAfters.java:27)
	at org.junit.runners.ParentRunner.runLeaf(ParentRunner.java:325)
	at org.junit.runners.BlockJUnit4ClassRunner.runChild(BlockJUnit4ClassRunner.java:78)
	at org.junit.runners.BlockJUnit4ClassRunner.runChild(BlockJUnit4ClassRunner.java:57)
	at org.junit.runners.ParentRunner$3.run(ParentRunner.java:290)
	at org.junit.runners.ParentRunner$1.schedule(ParentRunner.java:71)
	at org.junit.runners.ParentRunner.runChildren(ParentRunner.java:288)
	at org.junit.runners.ParentRunner.access$000(ParentRunner.java:58)
	at org.junit.runners.ParentRunner$2.evaluate(ParentRunner.java:268)
	at org.junit.runners.ParentRunner.run(ParentRunner.java:363)
	at org.apache.maven.surefire.junit4.JUnit4Provider.execute(JUnit4Provider.java:365)
	at org.apache.maven.surefire.junit4.JUnit4Provider.executeWithRerun(JUnit4Provider.java:272)
	at org.apache.maven.surefire.junit4.JUnit4Provider.executeTestSet(JUnit4Provider.java:236)
	at org.apache.maven.surefire.junit4.JUnit4Provider.invoke(JUnit4Provider.java:159)
	at org.apache.maven.surefire.booter.ForkedBooter.invokeProviderInSameClassLoader(ForkedBooter.java:386)
	at org.apache.maven.surefire.booter.ForkedBooter.runSuitesInProcess(ForkedBooter.java:323)
	at org.apache.maven.surefire.booter.ForkedBooter.main(ForkedBooter.java:143)
14:37:08.507 [main] ERROR o.a.j.p.j.ReflectionJavap - Could not load bytecode via reflection
java.lang.IllegalAccessException: class org.adoptopenjdk.jitwatch.process.javap.ReflectionJavap cannot access class com.sun.tools.javap.JavapTask (in module jdk.jdeps) because module jdk.jdeps does not export com.sun.tools.javap to unnamed module @4015e7ec
	at java.base/jdk.internal.reflect.Reflection.newIllegalAccessException(Reflection.java:392)
	at java.base/java.lang.reflect.AccessibleObject.checkAccess(AccessibleObject.java:674)
	at java.base/java.lang.reflect.Constructor.newInstanceWithCaller(Constructor.java:489)
	at java.base/java.lang.reflect.ReflectAccess.newInstance(ReflectAccess.java:128)
	at java.base/jdk.internal.reflect.ReflectionFactory.newInstance(ReflectionFactory.java:347)
	at java.base/java.lang.Class.newInstance(Class.java:645)
	at org.adoptopenjdk.jitwatch.process.javap.ReflectionJavap.createJavapTaskFromArguments(ReflectionJavap.java:133)
	at org.adoptopenjdk.jitwatch.process.javap.ReflectionJavap.getBytecode(ReflectionJavap.java:120)
	at org.adoptopenjdk.jitwatch.loader.BytecodeLoader.fetchBytecodeForClass(BytecodeLoader.java:134)
	at org.adoptopenjdk.jitwatch.loader.BytecodeLoader.fetchBytecodeForClass(BytecodeLoader.java:112)
	at org.adoptopenjdk.jitwatch.test.TestBytecodeLoaderWithInnerClasses.setUp(TestBytecodeLoaderWithInnerClasses.java:125)
	at java.base/jdk.internal.reflect.NativeMethodAccessorImpl.invoke0(Native Method)
	at java.base/jdk.internal.reflect.NativeMethodAccessorImpl.invoke(NativeMethodAccessorImpl.java:77)
	at java.base/jdk.internal.reflect.DelegatingMethodAccessorImpl.invoke(DelegatingMethodAccessorImpl.java:43)
	at java.base/java.lang.reflect.Method.invoke(Method.java:568)
	at org.junit.runners.model.FrameworkMethod$1.runReflectiveCall(FrameworkMethod.java:50)
	at org.junit.internal.runners.model.ReflectiveCallable.run(ReflectiveCallable.java:12)
	at org.junit.runners.model.FrameworkMethod.invokeExplosively(FrameworkMethod.java:47)
	at org.junit.internal.runners.statements.RunBefores.evaluate(RunBefores.java:24)
	at org.junit.internal.runners.statements.RunAfters.evaluate(RunAfters.java:27)
	at org.junit.runners.ParentRunner.runLeaf(ParentRunner.java:325)
	at org.junit.runners.BlockJUnit4ClassRunner.runChild(BlockJUnit4ClassRunner.java:78)
	at org.junit.runners.BlockJUnit4ClassRunner.runChild(BlockJUnit4ClassRunner.java:57)
	at org.junit.runners.ParentRunner$3.run(ParentRunner.java:290)
	at org.junit.runners.ParentRunner$1.schedule(ParentRunner.java:71)
	at org.junit.runners.ParentRunner.runChildren(ParentRunner.java:288)
	at org.junit.runners.ParentRunner.access$000(ParentRunner.java:58)
	at org.junit.runners.ParentRunner$2.evaluate(ParentRunner.java:268)
	at org.junit.runners.ParentRunner.run(ParentRunner.java:363)
	at org.apache.maven.surefire.junit4.JUnit4Provider.execute(JUnit4Provider.java:365)
	at org.apache.maven.surefire.junit4.JUnit4Provider.executeWithRerun(JUnit4Provider.java:272)
	at org.apache.maven.surefire.junit4.JUnit4Provider.executeTestSet(JUnit4Provider.java:236)
	at org.apache.maven.surefire.junit4.JUnit4Provider.invoke(JUnit4Provider.java:159)
	at org.apache.maven.surefire.booter.ForkedBooter.invokeProviderInSameClassLoader(ForkedBooter.java:386)
	at org.apache.maven.surefire.booter.ForkedBooter.runSuitesInProcess(ForkedBooter.java:323)
	at org.apache.maven.surefire.booter.ForkedBooter.main(ForkedBooter.java:143)
14:37:08.508 [main] ERROR o.a.j.p.j.ReflectionJavap - Could not load bytecode via reflection
java.lang.IllegalAccessException: class org.adoptopenjdk.jitwatch.process.javap.ReflectionJavap cannot access class com.sun.tools.javap.JavapTask (in module jdk.jdeps) because module jdk.jdeps does not export com.sun.tools.javap to unnamed module @4015e7ec
	at java.base/jdk.internal.reflect.Reflection.newIllegalAccessException(Reflection.java:392)
	at java.base/java.lang.reflect.AccessibleObject.checkAccess(AccessibleObject.java:674)
	at java.base/java.lang.reflect.Constructor.newInstanceWithCaller(Constructor.java:489)
	at java.base/java.lang.reflect.ReflectAccess.newInstance(ReflectAccess.java:128)
	at java.base/jdk.internal.reflect.ReflectionFactory.newInstance(ReflectionFactory.java:347)
	at java.base/java.lang.Class.newInstance(Class.java:645)
	at org.adoptopenjdk.jitwatch.process.javap.ReflectionJavap.createJavapTaskFromArguments(ReflectionJavap.java:133)
	at org.adoptopenjdk.jitwatch.process.javap.ReflectionJavap.getBytecode(ReflectionJavap.java:120)
	at org.adoptopenjdk.jitwatch.loader.BytecodeLoader.fetchBytecodeForClass(BytecodeLoader.java:134)
	at org.adoptopenjdk.jitwatch.loader.BytecodeLoader.fetchBytecodeForClass(BytecodeLoader.java:112)
	at org.adoptopenjdk.jitwatch.test.TestBytecodeLoaderWithInnerClasses.setUp(TestBytecodeLoaderWithInnerClasses.java:127)
	at java.base/jdk.internal.reflect.NativeMethodAccessorImpl.invoke0(Native Method)
	at java.base/jdk.internal.reflect.NativeMethodAccessorImpl.invoke(NativeMethodAccessorImpl.java:77)
	at java.base/jdk.internal.reflect.DelegatingMethodAccessorImpl.invoke(DelegatingMethodAccessorImpl.java:43)
	at java.base/java.lang.reflect.Method.invoke(Method.java:568)
	at org.junit.runners.model.FrameworkMethod$1.runReflectiveCall(FrameworkMethod.java:50)
	at org.junit.internal.runners.model.ReflectiveCallable.run(ReflectiveCallable.java:12)
	at org.junit.runners.model.FrameworkMethod.invokeExplosively(FrameworkMethod.java:47)
	at org.junit.internal.runners.statements.RunBefores.evaluate(RunBefores.java:24)
	at org.junit.internal.runners.statements.RunAfters.evaluate(RunAfters.java:27)
	at org.junit.runners.ParentRunner.runLeaf(ParentRunner.java:325)
	at org.junit.runners.BlockJUnit4ClassRunner.runChild(BlockJUnit4ClassRunner.java:78)
	at org.junit.runners.BlockJUnit4ClassRunner.runChild(BlockJUnit4ClassRunner.java:57)
	at org.junit.runners.ParentRunner$3.run(ParentRunner.java:290)
	at org.junit.runners.ParentRunner$1.schedule(ParentRunner.java:71)
	at org.junit.runners.ParentRunner.runChildren(ParentRunner.java:288)
	at org.junit.runners.ParentRunner.access$000(ParentRunner.java:58)
	at org.junit.runners.ParentRunner$2.evaluate(ParentRunner.java:268)
	at org.junit.runners.ParentRunner.run(ParentRunner.java:363)
	at org.apache.maven.surefire.junit4.JUnit4Provider.execute(JUnit4Provider.java:365)
	at org.apache.maven.surefire.junit4.JUnit4Provider.executeWithRerun(JUnit4Provider.java:272)
	at org.apache.maven.surefire.junit4.JUnit4Provider.executeTestSet(JUnit4Provider.java:236)
	at org.apache.maven.surefire.junit4.JUnit4Provider.invoke(JUnit4Provider.java:159)
	at org.apache.maven.surefire.booter.ForkedBooter.invokeProviderInSameClassLoader(ForkedBooter.java:386)
	at org.apache.maven.surefire.booter.ForkedBooter.runSuitesInProcess(ForkedBooter.java:323)
	at org.apache.maven.surefire.booter.ForkedBooter.main(ForkedBooter.java:143)
14:37:08.508 [main] ERROR o.a.j.p.j.ReflectionJavap - Could not load bytecode via reflection
java.lang.IllegalAccessException: class org.adoptopenjdk.jitwatch.process.javap.ReflectionJavap cannot access class com.sun.tools.javap.JavapTask (in module jdk.jdeps) because module jdk.jdeps does not export com.sun.tools.javap to unnamed module @4015e7ec
	at java.base/jdk.internal.reflect.Reflection.newIllegalAccessException(Reflection.java:392)
	at java.base/java.lang.reflect.AccessibleObject.checkAccess(AccessibleObject.java:674)
	at java.base/java.lang.reflect.Constructor.newInstanceWithCaller(Constructor.java:489)
	at java.base/java.lang.reflect.ReflectAccess.newInstance(ReflectAccess.java:128)
	at java.base/jdk.internal.reflect.ReflectionFactory.newInstance(ReflectionFactory.java:347)
	at java.base/java.lang.Class.newInstance(Class.java:645)
	at org.adoptopenjdk.jitwatch.process.javap.ReflectionJavap.createJavapTaskFromArguments(ReflectionJavap.java:133)
	at org.adoptopenjdk.jitwatch.process.javap.ReflectionJavap.getBytecode(ReflectionJavap.java:120)
	at org.adoptopenjdk.jitwatch.loader.BytecodeLoader.fetchBytecodeForClass(BytecodeLoader.java:134)
	at org.adoptopenjdk.jitwatch.loader.BytecodeLoader.fetchBytecodeForClass(BytecodeLoader.java:112)
	at org.adoptopenjdk.jitwatch.test.TestBytecodeLoaderWithInnerClasses.setUp(TestBytecodeLoaderWithInnerClasses.java:128)
	at java.base/jdk.internal.reflect.NativeMethodAccessorImpl.invoke0(Native Method)
	at java.base/jdk.internal.reflect.NativeMethodAccessorImpl.invoke(NativeMethodAccessorImpl.java:77)
	at java.base/jdk.internal.reflect.DelegatingMethodAccessorImpl.invoke(DelegatingMethodAccessorImpl.java:43)
	at java.base/java.lang.reflect.Method.invoke(Method.java:568)
	at org.junit.runners.model.FrameworkMethod$1.runReflectiveCall(FrameworkMethod.java:50)
	at org.junit.internal.runners.model.ReflectiveCallable.run(ReflectiveCallable.java:12)
	at org.junit.runners.model.FrameworkMethod.invokeExplosively(FrameworkMethod.java:47)
	at org.junit.internal.runners.statements.RunBefores.evaluate(RunBefores.java:24)
	at org.junit.internal.runners.statements.RunAfters.evaluate(RunAfters.java:27)
	at org.junit.runners.ParentRunner.runLeaf(ParentRunner.java:325)
	at org.junit.runners.BlockJUnit4ClassRunner.runChild(BlockJUnit4ClassRunner.java:78)
	at org.junit.runners.BlockJUnit4ClassRunner.runChild(BlockJUnit4ClassRunner.java:57)
	at org.junit.runners.ParentRunner$3.run(ParentRunner.java:290)
	at org.junit.runners.ParentRunner$1.schedule(ParentRunner.java:71)
	at org.junit.runners.ParentRunner.runChildren(ParentRunner.java:288)
	at org.junit.runners.ParentRunner.access$000(ParentRunner.java:58)
	at org.junit.runners.ParentRunner$2.evaluate(ParentRunner.java:268)
	at org.junit.runners.ParentRunner.run(ParentRunner.java:363)
	at org.apache.maven.surefire.junit4.JUnit4Provider.execute(JUnit4Provider.java:365)
	at org.apache.maven.surefire.junit4.JUnit4Provider.executeWithRerun(JUnit4Provider.java:272)
	at org.apache.maven.surefire.junit4.JUnit4Provider.executeTestSet(JUnit4Provider.java:236)
	at org.apache.maven.surefire.junit4.JUnit4Provider.invoke(JUnit4Provider.java:159)
	at org.apache.maven.surefire.booter.ForkedBooter.invokeProviderInSameClassLoader(ForkedBooter.java:386)
	at org.apache.maven.surefire.booter.ForkedBooter.runSuitesInProcess(ForkedBooter.java:323)
	at org.apache.maven.surefire.booter.ForkedBooter.main(ForkedBooter.java:143)
14:37:09.286 [main] ERROR o.a.j.p.j.ReflectionJavap - Could not load bytecode via reflection
java.lang.IllegalAccessException: class org.adoptopenjdk.jitwatch.process.javap.ReflectionJavap cannot access class com.sun.tools.javap.JavapTask (in module jdk.jdeps) because module jdk.jdeps does not export com.sun.tools.javap to unnamed module @4015e7ec
	at java.base/jdk.internal.reflect.Reflection.newIllegalAccessException(Reflection.java:392)
	at java.base/java.lang.reflect.AccessibleObject.checkAccess(AccessibleObject.java:674)
	at java.base/java.lang.reflect.Constructor.newInstanceWithCaller(Constructor.java:489)
	at java.base/java.lang.reflect.ReflectAccess.newInstance(ReflectAccess.java:128)
	at java.base/jdk.internal.reflect.ReflectionFactory.newInstance(ReflectionFactory.java:347)
	at java.base/java.lang.Class.newInstance(Class.java:645)
	at org.adoptopenjdk.jitwatch.process.javap.ReflectionJavap.createJavapTaskFromArguments(ReflectionJavap.java:133)
	at org.adoptopenjdk.jitwatch.process.javap.ReflectionJavap.getBytecode(ReflectionJavap.java:120)
	at org.adoptopenjdk.jitwatch.loader.BytecodeLoader.fetchBytecodeForClass(BytecodeLoader.java:134)
	at org.adoptopenjdk.jitwatch.loader.BytecodeLoader.fetchBytecodeForClass(BytecodeLoader.java:112)
	at org.adoptopenjdk.jitwatch.test.TestBytecodeLoaderWithInnerClasses.setUp(TestBytecodeLoaderWithInnerClasses.java:125)
	at java.base/jdk.internal.reflect.NativeMethodAccessorImpl.invoke0(Native Method)
	at java.base/jdk.internal.reflect.NativeMethodAccessorImpl.invoke(NativeMethodAccessorImpl.java:77)
	at java.base/jdk.internal.reflect.DelegatingMethodAccessorImpl.invoke(DelegatingMethodAccessorImpl.java:43)
	at java.base/java.lang.reflect.Method.invoke(Method.java:568)
	at org.junit.runners.model.FrameworkMethod$1.runReflectiveCall(FrameworkMethod.java:50)
	at org.junit.internal.runners.model.ReflectiveCallable.run(ReflectiveCallable.java:12)
	at org.junit.runners.model.FrameworkMethod.invokeExplosively(FrameworkMethod.java:47)
	at org.junit.internal.runners.statements.RunBefores.evaluate(RunBefores.java:24)
	at org.junit.internal.runners.statements.RunAfters.evaluate(RunAfters.java:27)
	at org.junit.runners.ParentRunner.runLeaf(ParentRunner.java:325)
	at org.junit.runners.BlockJUnit4ClassRunner.runChild(BlockJUnit4ClassRunner.java:78)
	at org.junit.runners.BlockJUnit4ClassRunner.runChild(BlockJUnit4ClassRunner.java:57)
	at org.junit.runners.ParentRunner$3.run(ParentRunner.java:290)
	at org.junit.runners.ParentRunner$1.schedule(ParentRunner.java:71)
	at org.junit.runners.ParentRunner.runChildren(ParentRunner.java:288)
	at org.junit.runners.ParentRunner.access$000(ParentRunner.java:58)
	at org.junit.runners.ParentRunner$2.evaluate(ParentRunner.java:268)
	at org.junit.runners.ParentRunner.run(ParentRunner.java:363)
	at org.apache.maven.surefire.junit4.JUnit4Provider.execute(JUnit4Provider.java:365)
	at org.apache.maven.surefire.junit4.JUnit4Provider.executeWithRerun(JUnit4Provider.java:272)
	at org.apache.maven.surefire.junit4.JUnit4Provider.executeTestSet(JUnit4Provider.java:236)
	at org.apache.maven.surefire.junit4.JUnit4Provider.invoke(JUnit4Provider.java:159)
	at org.apache.maven.surefire.booter.ForkedBooter.invokeProviderInSameClassLoader(ForkedBooter.java:386)
	at org.apache.maven.surefire.booter.ForkedBooter.runSuitesInProcess(ForkedBooter.java:323)
	at org.apache.maven.surefire.booter.ForkedBooter.main(ForkedBooter.java:143)
14:37:09.286 [main] ERROR o.a.j.p.j.ReflectionJavap - Could not load bytecode via reflection
java.lang.IllegalAccessException: class org.adoptopenjdk.jitwatch.process.javap.ReflectionJavap cannot access class com.sun.tools.javap.JavapTask (in module jdk.jdeps) because module jdk.jdeps does not export com.sun.tools.javap to unnamed module @4015e7ec
	at java.base/jdk.internal.reflect.Reflection.newIllegalAccessException(Reflection.java:392)
	at java.base/java.lang.reflect.AccessibleObject.checkAccess(AccessibleObject.java:674)
	at java.base/java.lang.reflect.Constructor.newInstanceWithCaller(Constructor.java:489)
	at java.base/java.lang.reflect.ReflectAccess.newInstance(ReflectAccess.java:128)
	at java.base/jdk.internal.reflect.ReflectionFactory.newInstance(ReflectionFactory.java:347)
	at java.base/java.lang.Class.newInstance(Class.java:645)
	at org.adoptopenjdk.jitwatch.process.javap.ReflectionJavap.createJavapTaskFromArguments(ReflectionJavap.java:133)
	at org.adoptopenjdk.jitwatch.process.javap.ReflectionJavap.getBytecode(ReflectionJavap.java:120)
	at org.adoptopenjdk.jitwatch.loader.BytecodeLoader.fetchBytecodeForClass(BytecodeLoader.java:134)
	at org.adoptopenjdk.jitwatch.loader.BytecodeLoader.fetchBytecodeForClass(BytecodeLoader.java:112)
	at org.adoptopenjdk.jitwatch.test.TestBytecodeLoaderWithInnerClasses.setUp(TestBytecodeLoaderWithInnerClasses.java:127)
	at java.base/jdk.internal.reflect.NativeMethodAccessorImpl.invoke0(Native Method)
	at java.base/jdk.internal.reflect.NativeMethodAccessorImpl.invoke(NativeMethodAccessorImpl.java:77)
	at java.base/jdk.internal.reflect.DelegatingMethodAccessorImpl.invoke(DelegatingMethodAccessorImpl.java:43)
	at java.base/java.lang.reflect.Method.invoke(Method.java:568)
	at org.junit.runners.model.FrameworkMethod$1.runReflectiveCall(FrameworkMethod.java:50)
	at org.junit.internal.runners.model.ReflectiveCallable.run(ReflectiveCallable.java:12)
	at org.junit.runners.model.FrameworkMethod.invokeExplosively(FrameworkMethod.java:47)
	at org.junit.internal.runners.statements.RunBefores.evaluate(RunBefores.java:24)
	at org.junit.internal.runners.statements.RunAfters.evaluate(RunAfters.java:27)
	at org.junit.runners.ParentRunner.runLeaf(ParentRunner.java:325)
	at org.junit.runners.BlockJUnit4ClassRunner.runChild(BlockJUnit4ClassRunner.java:78)
	at org.junit.runners.BlockJUnit4ClassRunner.runChild(BlockJUnit4ClassRunner.java:57)
	at org.junit.runners.ParentRunner$3.run(ParentRunner.java:290)
	at org.junit.runners.ParentRunner$1.schedule(ParentRunner.java:71)
	at org.junit.runners.ParentRunner.runChildren(ParentRunner.java:288)
	at org.junit.runners.ParentRunner.access$000(ParentRunner.java:58)
	at org.junit.runners.ParentRunner$2.evaluate(ParentRunner.java:268)
	at org.junit.runners.ParentRunner.run(ParentRunner.java:363)
	at org.apache.maven.surefire.junit4.JUnit4Provider.execute(JUnit4Provider.java:365)
	at org.apache.maven.surefire.junit4.JUnit4Provider.executeWithRerun(JUnit4Provider.java:272)
	at org.apache.maven.surefire.junit4.JUnit4Provider.executeTestSet(JUnit4Provider.java:236)
	at org.apache.maven.surefire.junit4.JUnit4Provider.invoke(JUnit4Provider.java:159)
	at org.apache.maven.surefire.booter.ForkedBooter.invokeProviderInSameClassLoader(ForkedBooter.java:386)
	at org.apache.maven.surefire.booter.ForkedBooter.runSuitesInProcess(ForkedBooter.java:323)
	at org.apache.maven.surefire.booter.ForkedBooter.main(ForkedBooter.java:143)
14:37:09.287 [main] ERROR o.a.j.p.j.ReflectionJavap - Could not load bytecode via reflection
java.lang.IllegalAccessException: class org.adoptopenjdk.jitwatch.process.javap.ReflectionJavap cannot access class com.sun.tools.javap.JavapTask (in module jdk.jdeps) because module jdk.jdeps does not export com.sun.tools.javap to unnamed module @4015e7ec
	at java.base/jdk.internal.reflect.Reflection.newIllegalAccessException(Reflection.java:392)
	at java.base/java.lang.reflect.AccessibleObject.checkAccess(AccessibleObject.java:674)
	at java.base/java.lang.reflect.Constructor.newInstanceWithCaller(Constructor.java:489)
	at java.base/java.lang.reflect.ReflectAccess.newInstance(ReflectAccess.java:128)
	at java.base/jdk.internal.reflect.ReflectionFactory.newInstance(ReflectionFactory.java:347)
	at java.base/java.lang.Class.newInstance(Class.java:645)
	at org.adoptopenjdk.jitwatch.process.javap.ReflectionJavap.createJavapTaskFromArguments(ReflectionJavap.java:133)
	at org.adoptopenjdk.jitwatch.process.javap.ReflectionJavap.getBytecode(ReflectionJavap.java:120)
	at org.adoptopenjdk.jitwatch.loader.BytecodeLoader.fetchBytecodeForClass(BytecodeLoader.java:134)
	at org.adoptopenjdk.jitwatch.loader.BytecodeLoader.fetchBytecodeForClass(BytecodeLoader.java:112)
	at org.adoptopenjdk.jitwatch.test.TestBytecodeLoaderWithInnerClasses.setUp(TestBytecodeLoaderWithInnerClasses.java:128)
	at java.base/jdk.internal.reflect.NativeMethodAccessorImpl.invoke0(Native Method)
	at java.base/jdk.internal.reflect.NativeMethodAccessorImpl.invoke(NativeMethodAccessorImpl.java:77)
	at java.base/jdk.internal.reflect.DelegatingMethodAccessorImpl.invoke(DelegatingMethodAccessorImpl.java:43)
	at java.base/java.lang.reflect.Method.invoke(Method.java:568)
	at org.junit.runners.model.FrameworkMethod$1.runReflectiveCall(FrameworkMethod.java:50)
	at org.junit.internal.runners.model.ReflectiveCallable.run(ReflectiveCallable.java:12)
	at org.junit.runners.model.FrameworkMethod.invokeExplosively(FrameworkMethod.java:47)
	at org.junit.internal.runners.statements.RunBefores.evaluate(RunBefores.java:24)
	at org.junit.internal.runners.statements.RunAfters.evaluate(RunAfters.java:27)
	at org.junit.runners.ParentRunner.runLeaf(ParentRunner.java:325)
	at org.junit.runners.BlockJUnit4ClassRunner.runChild(BlockJUnit4ClassRunner.java:78)
	at org.junit.runners.BlockJUnit4ClassRunner.runChild(BlockJUnit4ClassRunner.java:57)
	at org.junit.runners.ParentRunner$3.run(ParentRunner.java:290)
	at org.junit.runners.ParentRunner$1.schedule(ParentRunner.java:71)
	at org.junit.runners.ParentRunner.runChildren(ParentRunner.java:288)
	at org.junit.runners.ParentRunner.access$000(ParentRunner.java:58)
	at org.junit.runners.ParentRunner$2.evaluate(ParentRunner.java:268)
	at org.junit.runners.ParentRunner.run(ParentRunner.java:363)
	at org.apache.maven.surefire.junit4.JUnit4Provider.execute(JUnit4Provider.java:365)
	at org.apache.maven.surefire.junit4.JUnit4Provider.executeWithRerun(JUnit4Provider.java:272)
	at org.apache.maven.surefire.junit4.JUnit4Provider.executeTestSet(JUnit4Provider.java:236)
	at org.apache.maven.surefire.junit4.JUnit4Provider.invoke(JUnit4Provider.java:159)
	at org.apache.maven.surefire.booter.ForkedBooter.invokeProviderInSameClassLoader(ForkedBooter.java:386)
	at org.apache.maven.surefire.booter.ForkedBooter.runSuitesInProcess(ForkedBooter.java:323)
	at org.apache.maven.surefire.booter.ForkedBooter.main(ForkedBooter.java:143)
14:37:10.022 [main] ERROR o.a.j.p.j.ReflectionJavap - Could not load bytecode via reflection
java.lang.IllegalAccessException: class org.adoptopenjdk.jitwatch.process.javap.ReflectionJavap cannot access class com.sun.tools.javap.JavapTask (in module jdk.jdeps) because module jdk.jdeps does not export com.sun.tools.javap to unnamed module @4015e7ec
	at java.base/jdk.internal.reflect.Reflection.newIllegalAccessException(Reflection.java:392)
	at java.base/java.lang.reflect.AccessibleObject.checkAccess(AccessibleObject.java:674)
	at java.base/java.lang.reflect.Constructor.newInstanceWithCaller(Constructor.java:489)
	at java.base/java.lang.reflect.ReflectAccess.newInstance(ReflectAccess.java:128)
	at java.base/jdk.internal.reflect.ReflectionFactory.newInstance(ReflectionFactory.java:347)
	at java.base/java.lang.Class.newInstance(Class.java:645)
	at org.adoptopenjdk.jitwatch.process.javap.ReflectionJavap.createJavapTaskFromArguments(ReflectionJavap.java:133)
	at org.adoptopenjdk.jitwatch.process.javap.ReflectionJavap.getBytecode(ReflectionJavap.java:120)
	at org.adoptopenjdk.jitwatch.loader.BytecodeLoader.fetchBytecodeForClass(BytecodeLoader.java:134)
	at org.adoptopenjdk.jitwatch.loader.BytecodeLoader.fetchBytecodeForClass(BytecodeLoader.java:112)
	at org.adoptopenjdk.jitwatch.test.TestBytecodeLoaderWithInnerClasses.setUp(TestBytecodeLoaderWithInnerClasses.java:125)
	at java.base/jdk.internal.reflect.NativeMethodAccessorImpl.invoke0(Native Method)
	at java.base/jdk.internal.reflect.NativeMethodAccessorImpl.invoke(NativeMethodAccessorImpl.java:77)
	at java.base/jdk.internal.reflect.DelegatingMethodAccessorImpl.invoke(DelegatingMethodAccessorImpl.java:43)
	at java.base/java.lang.reflect.Method.invoke(Method.java:568)
	at org.junit.runners.model.FrameworkMethod$1.runReflectiveCall(FrameworkMethod.java:50)
	at org.junit.internal.runners.model.ReflectiveCallable.run(ReflectiveCallable.java:12)
	at org.junit.runners.model.FrameworkMethod.invokeExplosively(FrameworkMethod.java:47)
	at org.junit.internal.runners.statements.RunBefores.evaluate(RunBefores.java:24)
	at org.junit.internal.runners.statements.RunAfters.evaluate(RunAfters.java:27)
	at org.junit.runners.ParentRunner.runLeaf(ParentRunner.java:325)
	at org.junit.runners.BlockJUnit4ClassRunner.runChild(BlockJUnit4ClassRunner.java:78)
	at org.junit.runners.BlockJUnit4ClassRunner.runChild(BlockJUnit4ClassRunner.java:57)
	at org.junit.runners.ParentRunner$3.run(ParentRunner.java:290)
	at org.junit.runners.ParentRunner$1.schedule(ParentRunner.java:71)
	at org.junit.runners.ParentRunner.runChildren(ParentRunner.java:288)
	at org.junit.runners.ParentRunner.access$000(ParentRunner.java:58)
	at org.junit.runners.ParentRunner$2.evaluate(ParentRunner.java:268)
	at org.junit.runners.ParentRunner.run(ParentRunner.java:363)
	at org.apache.maven.surefire.junit4.JUnit4Provider.execute(JUnit4Provider.java:365)
	at org.apache.maven.surefire.junit4.JUnit4Provider.executeWithRerun(JUnit4Provider.java:272)
	at org.apache.maven.surefire.junit4.JUnit4Provider.executeTestSet(JUnit4Provider.java:236)
	at org.apache.maven.surefire.junit4.JUnit4Provider.invoke(JUnit4Provider.java:159)
	at org.apache.maven.surefire.booter.ForkedBooter.invokeProviderInSameClassLoader(ForkedBooter.java:386)
	at org.apache.maven.surefire.booter.ForkedBooter.runSuitesInProcess(ForkedBooter.java:323)
	at org.apache.maven.surefire.booter.ForkedBooter.main(ForkedBooter.java:143)
14:37:10.023 [main] ERROR o.a.j.p.j.ReflectionJavap - Could not load bytecode via reflection
java.lang.IllegalAccessException: class org.adoptopenjdk.jitwatch.process.javap.ReflectionJavap cannot access class com.sun.tools.javap.JavapTask (in module jdk.jdeps) because module jdk.jdeps does not export com.sun.tools.javap to unnamed module @4015e7ec
	at java.base/jdk.internal.reflect.Reflection.newIllegalAccessException(Reflection.java:392)
	at java.base/java.lang.reflect.AccessibleObject.checkAccess(AccessibleObject.java:674)
	at java.base/java.lang.reflect.Constructor.newInstanceWithCaller(Constructor.java:489)
	at java.base/java.lang.reflect.ReflectAccess.newInstance(ReflectAccess.java:128)
	at java.base/jdk.internal.reflect.ReflectionFactory.newInstance(ReflectionFactory.java:347)
	at java.base/java.lang.Class.newInstance(Class.java:645)
	at org.adoptopenjdk.jitwatch.process.javap.ReflectionJavap.createJavapTaskFromArguments(ReflectionJavap.java:133)
	at org.adoptopenjdk.jitwatch.process.javap.ReflectionJavap.getBytecode(ReflectionJavap.java:120)
	at org.adoptopenjdk.jitwatch.loader.BytecodeLoader.fetchBytecodeForClass(BytecodeLoader.java:134)
	at org.adoptopenjdk.jitwatch.loader.BytecodeLoader.fetchBytecodeForClass(BytecodeLoader.java:112)
	at org.adoptopenjdk.jitwatch.test.TestBytecodeLoaderWithInnerClasses.setUp(TestBytecodeLoaderWithInnerClasses.java:127)
	at java.base/jdk.internal.reflect.NativeMethodAccessorImpl.invoke0(Native Method)
	at java.base/jdk.internal.reflect.NativeMethodAccessorImpl.invoke(NativeMethodAccessorImpl.java:77)
	at java.base/jdk.internal.reflect.DelegatingMethodAccessorImpl.invoke(DelegatingMethodAccessorImpl.java:43)
	at java.base/java.lang.reflect.Method.invoke(Method.java:568)
	at org.junit.runners.model.FrameworkMethod$1.runReflectiveCall(FrameworkMethod.java:50)
	at org.junit.internal.runners.model.ReflectiveCallable.run(ReflectiveCallable.java:12)
	at org.junit.runners.model.FrameworkMethod.invokeExplosively(FrameworkMethod.java:47)
	at org.junit.internal.runners.statements.RunBefores.evaluate(RunBefores.java:24)
	at org.junit.internal.runners.statements.RunAfters.evaluate(RunAfters.java:27)
	at org.junit.runners.ParentRunner.runLeaf(ParentRunner.java:325)
	at org.junit.runners.BlockJUnit4ClassRunner.runChild(BlockJUnit4ClassRunner.java:78)
	at org.junit.runners.BlockJUnit4ClassRunner.runChild(BlockJUnit4ClassRunner.java:57)
	at org.junit.runners.ParentRunner$3.run(ParentRunner.java:290)
	at org.junit.runners.ParentRunner$1.schedule(ParentRunner.java:71)
	at org.junit.runners.ParentRunner.runChildren(ParentRunner.java:288)
	at org.junit.runners.ParentRunner.access$000(ParentRunner.java:58)
	at org.junit.runners.ParentRunner$2.evaluate(ParentRunner.java:268)
	at org.junit.runners.ParentRunner.run(ParentRunner.java:363)
	at org.apache.maven.surefire.junit4.JUnit4Provider.execute(JUnit4Provider.java:365)
	at org.apache.maven.surefire.junit4.JUnit4Provider.executeWithRerun(JUnit4Provider.java:272)
	at org.apache.maven.surefire.junit4.JUnit4Provider.executeTestSet(JUnit4Provider.java:236)
	at org.apache.maven.surefire.junit4.JUnit4Provider.invoke(JUnit4Provider.java:159)
	at org.apache.maven.surefire.booter.ForkedBooter.invokeProviderInSameClassLoader(ForkedBooter.java:386)
	at org.apache.maven.surefire.booter.ForkedBooter.runSuitesInProcess(ForkedBooter.java:323)
	at org.apache.maven.surefire.booter.ForkedBooter.main(ForkedBooter.java:143)
14:37:10.023 [main] ERROR o.a.j.p.j.ReflectionJavap - Could not load bytecode via reflection
java.lang.IllegalAccessException: class org.adoptopenjdk.jitwatch.process.javap.ReflectionJavap cannot access class com.sun.tools.javap.JavapTask (in module jdk.jdeps) because module jdk.jdeps does not export com.sun.tools.javap to unnamed module @4015e7ec
	at java.base/jdk.internal.reflect.Reflection.newIllegalAccessException(Reflection.java:392)
	at java.base/java.lang.reflect.AccessibleObject.checkAccess(AccessibleObject.java:674)
	at java.base/java.lang.reflect.Constructor.newInstanceWithCaller(Constructor.java:489)
	at java.base/java.lang.reflect.ReflectAccess.newInstance(ReflectAccess.java:128)
	at java.base/jdk.internal.reflect.ReflectionFactory.newInstance(ReflectionFactory.java:347)
	at java.base/java.lang.Class.newInstance(Class.java:645)
	at org.adoptopenjdk.jitwatch.process.javap.ReflectionJavap.createJavapTaskFromArguments(ReflectionJavap.java:133)
	at org.adoptopenjdk.jitwatch.process.javap.ReflectionJavap.getBytecode(ReflectionJavap.java:120)
	at org.adoptopenjdk.jitwatch.loader.BytecodeLoader.fetchBytecodeForClass(BytecodeLoader.java:134)
	at org.adoptopenjdk.jitwatch.loader.BytecodeLoader.fetchBytecodeForClass(BytecodeLoader.java:112)
	at org.adoptopenjdk.jitwatch.test.TestBytecodeLoaderWithInnerClasses.setUp(TestBytecodeLoaderWithInnerClasses.java:128)
	at java.base/jdk.internal.reflect.NativeMethodAccessorImpl.invoke0(Native Method)
	at java.base/jdk.internal.reflect.NativeMethodAccessorImpl.invoke(NativeMethodAccessorImpl.java:77)
	at java.base/jdk.internal.reflect.DelegatingMethodAccessorImpl.invoke(DelegatingMethodAccessorImpl.java:43)
	at java.base/java.lang.reflect.Method.invoke(Method.java:568)
	at org.junit.runners.model.FrameworkMethod$1.runReflectiveCall(FrameworkMethod.java:50)
	at org.junit.internal.runners.model.ReflectiveCallable.run(ReflectiveCallable.java:12)
	at org.junit.runners.model.FrameworkMethod.invokeExplosively(FrameworkMethod.java:47)
	at org.junit.internal.runners.statements.RunBefores.evaluate(RunBefores.java:24)
	at org.junit.internal.runners.statements.RunAfters.evaluate(RunAfters.java:27)
	at org.junit.runners.ParentRunner.runLeaf(ParentRunner.java:325)
	at org.junit.runners.BlockJUnit4ClassRunner.runChild(BlockJUnit4ClassRunner.java:78)
	at org.junit.runners.BlockJUnit4ClassRunner.runChild(BlockJUnit4ClassRunner.java:57)
	at org.junit.runners.ParentRunner$3.run(ParentRunner.java:290)
	at org.junit.runners.ParentRunner$1.schedule(ParentRunner.java:71)
	at org.junit.runners.ParentRunner.runChildren(ParentRunner.java:288)
	at org.junit.runners.ParentRunner.access$000(ParentRunner.java:58)
	at org.junit.runners.ParentRunner$2.evaluate(ParentRunner.java:268)
	at org.junit.runners.ParentRunner.run(ParentRunner.java:363)
	at org.apache.maven.surefire.junit4.JUnit4Provider.execute(JUnit4Provider.java:365)
	at org.apache.maven.surefire.junit4.JUnit4Provider.executeWithRerun(JUnit4Provider.java:272)
	at org.apache.maven.surefire.junit4.JUnit4Provider.executeTestSet(JUnit4Provider.java:236)
	at org.apache.maven.surefire.junit4.JUnit4Provider.invoke(JUnit4Provider.java:159)
	at org.apache.maven.surefire.booter.ForkedBooter.invokeProviderInSameClassLoader(ForkedBooter.java:386)
	at org.apache.maven.surefire.booter.ForkedBooter.runSuitesInProcess(ForkedBooter.java:323)
	at org.apache.maven.surefire.booter.ForkedBooter.main(ForkedBooter.java:143)
14:37:10.739 [main] ERROR o.a.j.p.j.ReflectionJavap - Could not load bytecode via reflection
java.lang.IllegalAccessException: class org.adoptopenjdk.jitwatch.process.javap.ReflectionJavap cannot access class com.sun.tools.javap.JavapTask (in module jdk.jdeps) because module jdk.jdeps does not export com.sun.tools.javap to unnamed module @4015e7ec
	at java.base/jdk.internal.reflect.Reflection.newIllegalAccessException(Reflection.java:392)
	at java.base/java.lang.reflect.AccessibleObject.checkAccess(AccessibleObject.java:674)
	at java.base/java.lang.reflect.Constructor.newInstanceWithCaller(Constructor.java:489)
	at java.base/java.lang.reflect.ReflectAccess.newInstance(ReflectAccess.java:128)
	at java.base/jdk.internal.reflect.ReflectionFactory.newInstance(ReflectionFactory.java:347)
	at java.base/java.lang.Class.newInstance(Class.java:645)
	at org.adoptopenjdk.jitwatch.process.javap.ReflectionJavap.createJavapTaskFromArguments(ReflectionJavap.java:133)
	at org.adoptopenjdk.jitwatch.process.javap.ReflectionJavap.getBytecode(ReflectionJavap.java:120)
	at org.adoptopenjdk.jitwatch.loader.BytecodeLoader.fetchBytecodeForClass(BytecodeLoader.java:134)
	at org.adoptopenjdk.jitwatch.loader.BytecodeLoader.fetchBytecodeForClass(BytecodeLoader.java:112)
	at org.adoptopenjdk.jitwatch.test.TestBytecodeLoaderWithInnerClasses.setUp(TestBytecodeLoaderWithInnerClasses.java:125)
	at java.base/jdk.internal.reflect.NativeMethodAccessorImpl.invoke0(Native Method)
	at java.base/jdk.internal.reflect.NativeMethodAccessorImpl.invoke(NativeMethodAccessorImpl.java:77)
	at java.base/jdk.internal.reflect.DelegatingMethodAccessorImpl.invoke(DelegatingMethodAccessorImpl.java:43)
	at java.base/java.lang.reflect.Method.invoke(Method.java:568)
	at org.junit.runners.model.FrameworkMethod$1.runReflectiveCall(FrameworkMethod.java:50)
	at org.junit.internal.runners.model.ReflectiveCallable.run(ReflectiveCallable.java:12)
	at org.junit.runners.model.FrameworkMethod.invokeExplosively(FrameworkMethod.java:47)
	at org.junit.internal.runners.statements.RunBefores.evaluate(RunBefores.java:24)
	at org.junit.internal.runners.statements.RunAfters.evaluate(RunAfters.java:27)
	at org.junit.runners.ParentRunner.runLeaf(ParentRunner.java:325)
	at org.junit.runners.BlockJUnit4ClassRunner.runChild(BlockJUnit4ClassRunner.java:78)
	at org.junit.runners.BlockJUnit4ClassRunner.runChild(BlockJUnit4ClassRunner.java:57)
	at org.junit.runners.ParentRunner$3.run(ParentRunner.java:290)
	at org.junit.runners.ParentRunner$1.schedule(ParentRunner.java:71)
	at org.junit.runners.ParentRunner.runChildren(ParentRunner.java:288)
	at org.junit.runners.ParentRunner.access$000(ParentRunner.java:58)
	at org.junit.runners.ParentRunner$2.evaluate(ParentRunner.java:268)
	at org.junit.runners.ParentRunner.run(ParentRunner.java:363)
	at org.apache.maven.surefire.junit4.JUnit4Provider.execute(JUnit4Provider.java:365)
	at org.apache.maven.surefire.junit4.JUnit4Provider.executeWithRerun(JUnit4Provider.java:272)
	at org.apache.maven.surefire.junit4.JUnit4Provider.executeTestSet(JUnit4Provider.java:236)
	at org.apache.maven.surefire.junit4.JUnit4Provider.invoke(JUnit4Provider.java:159)
	at org.apache.maven.surefire.booter.ForkedBooter.invokeProviderInSameClassLoader(ForkedBooter.java:386)
	at org.apache.maven.surefire.booter.ForkedBooter.runSuitesInProcess(ForkedBooter.java:323)
	at org.apache.maven.surefire.booter.ForkedBooter.main(ForkedBooter.java:143)
14:37:10.739 [main] ERROR o.a.j.p.j.ReflectionJavap - Could not load bytecode via reflection
java.lang.IllegalAccessException: class org.adoptopenjdk.jitwatch.process.javap.ReflectionJavap cannot access class com.sun.tools.javap.JavapTask (in module jdk.jdeps) because module jdk.jdeps does not export com.sun.tools.javap to unnamed module @4015e7ec
	at java.base/jdk.internal.reflect.Reflection.newIllegalAccessException(Reflection.java:392)
	at java.base/java.lang.reflect.AccessibleObject.checkAccess(AccessibleObject.java:674)
	at java.base/java.lang.reflect.Constructor.newInstanceWithCaller(Constructor.java:489)
	at java.base/java.lang.reflect.ReflectAccess.newInstance(ReflectAccess.java:128)
	at java.base/jdk.internal.reflect.ReflectionFactory.newInstance(ReflectionFactory.java:347)
	at java.base/java.lang.Class.newInstance(Class.java:645)
	at org.adoptopenjdk.jitwatch.process.javap.ReflectionJavap.createJavapTaskFromArguments(ReflectionJavap.java:133)
	at org.adoptopenjdk.jitwatch.process.javap.ReflectionJavap.getBytecode(ReflectionJavap.java:120)
	at org.adoptopenjdk.jitwatch.loader.BytecodeLoader.fetchBytecodeForClass(BytecodeLoader.java:134)
	at org.adoptopenjdk.jitwatch.loader.BytecodeLoader.fetchBytecodeForClass(BytecodeLoader.java:112)
	at org.adoptopenjdk.jitwatch.test.TestBytecodeLoaderWithInnerClasses.setUp(TestBytecodeLoaderWithInnerClasses.java:127)
	at java.base/jdk.internal.reflect.NativeMethodAccessorImpl.invoke0(Native Method)
	at java.base/jdk.internal.reflect.NativeMethodAccessorImpl.invoke(NativeMethodAccessorImpl.java:77)
	at java.base/jdk.internal.reflect.DelegatingMethodAccessorImpl.invoke(DelegatingMethodAccessorImpl.java:43)
	at java.base/java.lang.reflect.Method.invoke(Method.java:568)
	at org.junit.runners.model.FrameworkMethod$1.runReflectiveCall(FrameworkMethod.java:50)
	at org.junit.internal.runners.model.ReflectiveCallable.run(ReflectiveCallable.java:12)
	at org.junit.runners.model.FrameworkMethod.invokeExplosively(FrameworkMethod.java:47)
	at org.junit.internal.runners.statements.RunBefores.evaluate(RunBefores.java:24)
	at org.junit.internal.runners.statements.RunAfters.evaluate(RunAfters.java:27)
	at org.junit.runners.ParentRunner.runLeaf(ParentRunner.java:325)
	at org.junit.runners.BlockJUnit4ClassRunner.runChild(BlockJUnit4ClassRunner.java:78)
	at org.junit.runners.BlockJUnit4ClassRunner.runChild(BlockJUnit4ClassRunner.java:57)
	at org.junit.runners.ParentRunner$3.run(ParentRunner.java:290)
	at org.junit.runners.ParentRunner$1.schedule(ParentRunner.java:71)
	at org.junit.runners.ParentRunner.runChildren(ParentRunner.java:288)
	at org.junit.runners.ParentRunner.access$000(ParentRunner.java:58)
	at org.junit.runners.ParentRunner$2.evaluate(ParentRunner.java:268)
	at org.junit.runners.ParentRunner.run(ParentRunner.java:363)
	at org.apache.maven.surefire.junit4.JUnit4Provider.execute(JUnit4Provider.java:365)
	at org.apache.maven.surefire.junit4.JUnit4Provider.executeWithRerun(JUnit4Provider.java:272)
	at org.apache.maven.surefire.junit4.JUnit4Provider.executeTestSet(JUnit4Provider.java:236)
	at org.apache.maven.surefire.junit4.JUnit4Provider.invoke(JUnit4Provider.java:159)
	at org.apache.maven.surefire.booter.ForkedBooter.invokeProviderInSameClassLoader(ForkedBooter.java:386)
	at org.apache.maven.surefire.booter.ForkedBooter.runSuitesInProcess(ForkedBooter.java:323)
	at org.apache.maven.surefire.booter.ForkedBooter.main(ForkedBooter.java:143)
14:37:10.740 [main] ERROR o.a.j.p.j.ReflectionJavap - Could not load bytecode via reflection
java.lang.IllegalAccessException: class org.adoptopenjdk.jitwatch.process.javap.ReflectionJavap cannot access class com.sun.tools.javap.JavapTask (in module jdk.jdeps) because module jdk.jdeps does not export com.sun.tools.javap to unnamed module @4015e7ec
	at java.base/jdk.internal.reflect.Reflection.newIllegalAccessException(Reflection.java:392)
	at java.base/java.lang.reflect.AccessibleObject.checkAccess(AccessibleObject.java:674)
	at java.base/java.lang.reflect.Constructor.newInstanceWithCaller(Constructor.java:489)
	at java.base/java.lang.reflect.ReflectAccess.newInstance(ReflectAccess.java:128)
	at java.base/jdk.internal.reflect.ReflectionFactory.newInstance(ReflectionFactory.java:347)
	at java.base/java.lang.Class.newInstance(Class.java:645)
	at org.adoptopenjdk.jitwatch.process.javap.ReflectionJavap.createJavapTaskFromArguments(ReflectionJavap.java:133)
	at org.adoptopenjdk.jitwatch.process.javap.ReflectionJavap.getBytecode(ReflectionJavap.java:120)
	at org.adoptopenjdk.jitwatch.loader.BytecodeLoader.fetchBytecodeForClass(BytecodeLoader.java:134)
	at org.adoptopenjdk.jitwatch.loader.BytecodeLoader.fetchBytecodeForClass(BytecodeLoader.java:112)
	at org.adoptopenjdk.jitwatch.test.TestBytecodeLoaderWithInnerClasses.setUp(TestBytecodeLoaderWithInnerClasses.java:128)
	at java.base/jdk.internal.reflect.NativeMethodAccessorImpl.invoke0(Native Method)
	at java.base/jdk.internal.reflect.NativeMethodAccessorImpl.invoke(NativeMethodAccessorImpl.java:77)
	at java.base/jdk.internal.reflect.DelegatingMethodAccessorImpl.invoke(DelegatingMethodAccessorImpl.java:43)
	at java.base/java.lang.reflect.Method.invoke(Method.java:568)
	at org.junit.runners.model.FrameworkMethod$1.runReflectiveCall(FrameworkMethod.java:50)
	at org.junit.internal.runners.model.ReflectiveCallable.run(ReflectiveCallable.java:12)
	at org.junit.runners.model.FrameworkMethod.invokeExplosively(FrameworkMethod.java:47)
	at org.junit.internal.runners.statements.RunBefores.evaluate(RunBefores.java:24)
	at org.junit.internal.runners.statements.RunAfters.evaluate(RunAfters.java:27)
	at org.junit.runners.ParentRunner.runLeaf(ParentRunner.java:325)
	at org.junit.runners.BlockJUnit4ClassRunner.runChild(BlockJUnit4ClassRunner.java:78)
	at org.junit.runners.BlockJUnit4ClassRunner.runChild(BlockJUnit4ClassRunner.java:57)
	at org.junit.runners.ParentRunner$3.run(ParentRunner.java:290)
	at org.junit.runners.ParentRunner$1.schedule(ParentRunner.java:71)
	at org.junit.runners.ParentRunner.runChildren(ParentRunner.java:288)
	at org.junit.runners.ParentRunner.access$000(ParentRunner.java:58)
	at org.junit.runners.ParentRunner$2.evaluate(ParentRunner.java:268)
	at org.junit.runners.ParentRunner.run(ParentRunner.java:363)
	at org.apache.maven.surefire.junit4.JUnit4Provider.execute(JUnit4Provider.java:365)
	at org.apache.maven.surefire.junit4.JUnit4Provider.executeWithRerun(JUnit4Provider.java:272)
	at org.apache.maven.surefire.junit4.JUnit4Provider.executeTestSet(JUnit4Provider.java:236)
	at org.apache.maven.surefire.junit4.JUnit4Provider.invoke(JUnit4Provider.java:159)
	at org.apache.maven.surefire.booter.ForkedBooter.invokeProviderInSameClassLoader(ForkedBooter.java:386)
	at org.apache.maven.surefire.booter.ForkedBooter.runSuitesInProcess(ForkedBooter.java:323)
	at org.apache.maven.surefire.booter.ForkedBooter.main(ForkedBooter.java:143)
14:37:11.465 [main] ERROR o.a.j.p.j.ReflectionJavap - Could not load bytecode via reflection
java.lang.IllegalAccessException: class org.adoptopenjdk.jitwatch.process.javap.ReflectionJavap cannot access class com.sun.tools.javap.JavapTask (in module jdk.jdeps) because module jdk.jdeps does not export com.sun.tools.javap to unnamed module @4015e7ec
	at java.base/jdk.internal.reflect.Reflection.newIllegalAccessException(Reflection.java:392)
	at java.base/java.lang.reflect.AccessibleObject.checkAccess(AccessibleObject.java:674)
	at java.base/java.lang.reflect.Constructor.newInstanceWithCaller(Constructor.java:489)
	at java.base/java.lang.reflect.ReflectAccess.newInstance(ReflectAccess.java:128)
	at java.base/jdk.internal.reflect.ReflectionFactory.newInstance(ReflectionFactory.java:347)
	at java.base/java.lang.Class.newInstance(Class.java:645)
	at org.adoptopenjdk.jitwatch.process.javap.ReflectionJavap.createJavapTaskFromArguments(ReflectionJavap.java:133)
	at org.adoptopenjdk.jitwatch.process.javap.ReflectionJavap.getBytecode(ReflectionJavap.java:120)
	at org.adoptopenjdk.jitwatch.loader.BytecodeLoader.fetchBytecodeForClass(BytecodeLoader.java:134)
	at org.adoptopenjdk.jitwatch.loader.BytecodeLoader.fetchBytecodeForClass(BytecodeLoader.java:112)
	at org.adoptopenjdk.jitwatch.test.TestBytecodeLoaderWithInnerClasses.setUp(TestBytecodeLoaderWithInnerClasses.java:125)
	at java.base/jdk.internal.reflect.NativeMethodAccessorImpl.invoke0(Native Method)
	at java.base/jdk.internal.reflect.NativeMethodAccessorImpl.invoke(NativeMethodAccessorImpl.java:77)
	at java.base/jdk.internal.reflect.DelegatingMethodAccessorImpl.invoke(DelegatingMethodAccessorImpl.java:43)
	at java.base/java.lang.reflect.Method.invoke(Method.java:568)
	at org.junit.runners.model.FrameworkMethod$1.runReflectiveCall(FrameworkMethod.java:50)
	at org.junit.internal.runners.model.ReflectiveCallable.run(ReflectiveCallable.java:12)
	at org.junit.runners.model.FrameworkMethod.invokeExplosively(FrameworkMethod.java:47)
	at org.junit.internal.runners.statements.RunBefores.evaluate(RunBefores.java:24)
	at org.junit.internal.runners.statements.RunAfters.evaluate(RunAfters.java:27)
	at org.junit.runners.ParentRunner.runLeaf(ParentRunner.java:325)
	at org.junit.runners.BlockJUnit4ClassRunner.runChild(BlockJUnit4ClassRunner.java:78)
	at org.junit.runners.BlockJUnit4ClassRunner.runChild(BlockJUnit4ClassRunner.java:57)
	at org.junit.runners.ParentRunner$3.run(ParentRunner.java:290)
	at org.junit.runners.ParentRunner$1.schedule(ParentRunner.java:71)
	at org.junit.runners.ParentRunner.runChildren(ParentRunner.java:288)
	at org.junit.runners.ParentRunner.access$000(ParentRunner.java:58)
	at org.junit.runners.ParentRunner$2.evaluate(ParentRunner.java:268)
	at org.junit.runners.ParentRunner.run(ParentRunner.java:363)
	at org.apache.maven.surefire.junit4.JUnit4Provider.execute(JUnit4Provider.java:365)
	at org.apache.maven.surefire.junit4.JUnit4Provider.executeWithRerun(JUnit4Provider.java:272)
	at org.apache.maven.surefire.junit4.JUnit4Provider.executeTestSet(JUnit4Provider.java:236)
	at org.apache.maven.surefire.junit4.JUnit4Provider.invoke(JUnit4Provider.java:159)
	at org.apache.maven.surefire.booter.ForkedBooter.invokeProviderInSameClassLoader(ForkedBooter.java:386)
	at org.apache.maven.surefire.booter.ForkedBooter.runSuitesInProcess(ForkedBooter.java:323)
	at org.apache.maven.surefire.booter.ForkedBooter.main(ForkedBooter.java:143)
14:37:11.466 [main] ERROR o.a.j.p.j.ReflectionJavap - Could not load bytecode via reflection
java.lang.IllegalAccessException: class org.adoptopenjdk.jitwatch.process.javap.ReflectionJavap cannot access class com.sun.tools.javap.JavapTask (in module jdk.jdeps) because module jdk.jdeps does not export com.sun.tools.javap to unnamed module @4015e7ec
	at java.base/jdk.internal.reflect.Reflection.newIllegalAccessException(Reflection.java:392)
	at java.base/java.lang.reflect.AccessibleObject.checkAccess(AccessibleObject.java:674)
	at java.base/java.lang.reflect.Constructor.newInstanceWithCaller(Constructor.java:489)
	at java.base/java.lang.reflect.ReflectAccess.newInstance(ReflectAccess.java:128)
	at java.base/jdk.internal.reflect.ReflectionFactory.newInstance(ReflectionFactory.java:347)
	at java.base/java.lang.Class.newInstance(Class.java:645)
	at org.adoptopenjdk.jitwatch.process.javap.ReflectionJavap.createJavapTaskFromArguments(ReflectionJavap.java:133)
	at org.adoptopenjdk.jitwatch.process.javap.ReflectionJavap.getBytecode(ReflectionJavap.java:120)
	at org.adoptopenjdk.jitwatch.loader.BytecodeLoader.fetchBytecodeForClass(BytecodeLoader.java:134)
	at org.adoptopenjdk.jitwatch.loader.BytecodeLoader.fetchBytecodeForClass(BytecodeLoader.java:112)
	at org.adoptopenjdk.jitwatch.test.TestBytecodeLoaderWithInnerClasses.setUp(TestBytecodeLoaderWithInnerClasses.java:127)
	at java.base/jdk.internal.reflect.NativeMethodAccessorImpl.invoke0(Native Method)
	at java.base/jdk.internal.reflect.NativeMethodAccessorImpl.invoke(NativeMethodAccessorImpl.java:77)
	at java.base/jdk.internal.reflect.DelegatingMethodAccessorImpl.invoke(DelegatingMethodAccessorImpl.java:43)
	at java.base/java.lang.reflect.Method.invoke(Method.java:568)
	at org.junit.runners.model.FrameworkMethod$1.runReflectiveCall(FrameworkMethod.java:50)
	at org.junit.internal.runners.model.ReflectiveCallable.run(ReflectiveCallable.java:12)
	at org.junit.runners.model.FrameworkMethod.invokeExplosively(FrameworkMethod.java:47)
	at org.junit.internal.runners.statements.RunBefores.evaluate(RunBefores.java:24)
	at org.junit.internal.runners.statements.RunAfters.evaluate(RunAfters.java:27)
	at org.junit.runners.ParentRunner.runLeaf(ParentRunner.java:325)
	at org.junit.runners.BlockJUnit4ClassRunner.runChild(BlockJUnit4ClassRunner.java:78)
	at org.junit.runners.BlockJUnit4ClassRunner.runChild(BlockJUnit4ClassRunner.java:57)
	at org.junit.runners.ParentRunner$3.run(ParentRunner.java:290)
	at org.junit.runners.ParentRunner$1.schedule(ParentRunner.java:71)
	at org.junit.runners.ParentRunner.runChildren(ParentRunner.java:288)
	at org.junit.runners.ParentRunner.access$000(ParentRunner.java:58)
	at org.junit.runners.ParentRunner$2.evaluate(ParentRunner.java:268)
	at org.junit.runners.ParentRunner.run(ParentRunner.java:363)
	at org.apache.maven.surefire.junit4.JUnit4Provider.execute(JUnit4Provider.java:365)
	at org.apache.maven.surefire.junit4.JUnit4Provider.executeWithRerun(JUnit4Provider.java:272)
	at org.apache.maven.surefire.junit4.JUnit4Provider.executeTestSet(JUnit4Provider.java:236)
	at org.apache.maven.surefire.junit4.JUnit4Provider.invoke(JUnit4Provider.java:159)
	at org.apache.maven.surefire.booter.ForkedBooter.invokeProviderInSameClassLoader(ForkedBooter.java:386)
	at org.apache.maven.surefire.booter.ForkedBooter.runSuitesInProcess(ForkedBooter.java:323)
	at org.apache.maven.surefire.booter.ForkedBooter.main(ForkedBooter.java:143)
14:37:11.466 [main] ERROR o.a.j.p.j.ReflectionJavap - Could not load bytecode via reflection
java.lang.IllegalAccessException: class org.adoptopenjdk.jitwatch.process.javap.ReflectionJavap cannot access class com.sun.tools.javap.JavapTask (in module jdk.jdeps) because module jdk.jdeps does not export com.sun.tools.javap to unnamed module @4015e7ec
	at java.base/jdk.internal.reflect.Reflection.newIllegalAccessException(Reflection.java:392)
	at java.base/java.lang.reflect.AccessibleObject.checkAccess(AccessibleObject.java:674)
	at java.base/java.lang.reflect.Constructor.newInstanceWithCaller(Constructor.java:489)
	at java.base/java.lang.reflect.ReflectAccess.newInstance(ReflectAccess.java:128)
	at java.base/jdk.internal.reflect.ReflectionFactory.newInstance(ReflectionFactory.java:347)
	at java.base/java.lang.Class.newInstance(Class.java:645)
	at org.adoptopenjdk.jitwatch.process.javap.ReflectionJavap.createJavapTaskFromArguments(ReflectionJavap.java:133)
	at org.adoptopenjdk.jitwatch.process.javap.ReflectionJavap.getBytecode(ReflectionJavap.java:120)
	at org.adoptopenjdk.jitwatch.loader.BytecodeLoader.fetchBytecodeForClass(BytecodeLoader.java:134)
	at org.adoptopenjdk.jitwatch.loader.BytecodeLoader.fetchBytecodeForClass(BytecodeLoader.java:112)
	at org.adoptopenjdk.jitwatch.test.TestBytecodeLoaderWithInnerClasses.setUp(TestBytecodeLoaderWithInnerClasses.java:128)
	at java.base/jdk.internal.reflect.NativeMethodAccessorImpl.invoke0(Native Method)
	at java.base/jdk.internal.reflect.NativeMethodAccessorImpl.invoke(NativeMethodAccessorImpl.java:77)
	at java.base/jdk.internal.reflect.DelegatingMethodAccessorImpl.invoke(DelegatingMethodAccessorImpl.java:43)
	at java.base/java.lang.reflect.Method.invoke(Method.java:568)
	at org.junit.runners.model.FrameworkMethod$1.runReflectiveCall(FrameworkMethod.java:50)
	at org.junit.internal.runners.model.ReflectiveCallable.run(ReflectiveCallable.java:12)
	at org.junit.runners.model.FrameworkMethod.invokeExplosively(FrameworkMethod.java:47)
	at org.junit.internal.runners.statements.RunBefores.evaluate(RunBefores.java:24)
	at org.junit.internal.runners.statements.RunAfters.evaluate(RunAfters.java:27)
	at org.junit.runners.ParentRunner.runLeaf(ParentRunner.java:325)
	at org.junit.runners.BlockJUnit4ClassRunner.runChild(BlockJUnit4ClassRunner.java:78)
	at org.junit.runners.BlockJUnit4ClassRunner.runChild(BlockJUnit4ClassRunner.java:57)
	at org.junit.runners.ParentRunner$3.run(ParentRunner.java:290)
	at org.junit.runners.ParentRunner$1.schedule(ParentRunner.java:71)
	at org.junit.runners.ParentRunner.runChildren(ParentRunner.java:288)
	at org.junit.runners.ParentRunner.access$000(ParentRunner.java:58)
	at org.junit.runners.ParentRunner$2.evaluate(ParentRunner.java:268)
	at org.junit.runners.ParentRunner.run(ParentRunner.java:363)
	at org.apache.maven.surefire.junit4.JUnit4Provider.execute(JUnit4Provider.java:365)
	at org.apache.maven.surefire.junit4.JUnit4Provider.executeWithRerun(JUnit4Provider.java:272)
	at org.apache.maven.surefire.junit4.JUnit4Provider.executeTestSet(JUnit4Provider.java:236)
	at org.apache.maven.surefire.junit4.JUnit4Provider.invoke(JUnit4Provider.java:159)
	at org.apache.maven.surefire.booter.ForkedBooter.invokeProviderInSameClassLoader(ForkedBooter.java:386)
	at org.apache.maven.surefire.booter.ForkedBooter.runSuitesInProcess(ForkedBooter.java:323)
	at org.apache.maven.surefire.booter.ForkedBooter.main(ForkedBooter.java:143)
14:37:12.226 [main] ERROR o.a.j.p.j.ReflectionJavap - Could not load bytecode via reflection
java.lang.IllegalAccessException: class org.adoptopenjdk.jitwatch.process.javap.ReflectionJavap cannot access class com.sun.tools.javap.JavapTask (in module jdk.jdeps) because module jdk.jdeps does not export com.sun.tools.javap to unnamed module @4015e7ec
	at java.base/jdk.internal.reflect.Reflection.newIllegalAccessException(Reflection.java:392)
	at java.base/java.lang.reflect.AccessibleObject.checkAccess(AccessibleObject.java:674)
	at java.base/java.lang.reflect.Constructor.newInstanceWithCaller(Constructor.java:489)
	at java.base/java.lang.reflect.ReflectAccess.newInstance(ReflectAccess.java:128)
	at java.base/jdk.internal.reflect.ReflectionFactory.newInstance(ReflectionFactory.java:347)
	at java.base/java.lang.Class.newInstance(Class.java:645)
	at org.adoptopenjdk.jitwatch.process.javap.ReflectionJavap.createJavapTaskFromArguments(ReflectionJavap.java:133)
	at org.adoptopenjdk.jitwatch.process.javap.ReflectionJavap.getBytecode(ReflectionJavap.java:120)
	at org.adoptopenjdk.jitwatch.loader.BytecodeLoader.fetchBytecodeForClass(BytecodeLoader.java:134)
	at org.adoptopenjdk.jitwatch.loader.BytecodeLoader.fetchBytecodeForClass(BytecodeLoader.java:112)
	at org.adoptopenjdk.jitwatch.test.TestBytecodeLoaderWithInnerClasses.setUp(TestBytecodeLoaderWithInnerClasses.java:125)
	at java.base/jdk.internal.reflect.NativeMethodAccessorImpl.invoke0(Native Method)
	at java.base/jdk.internal.reflect.NativeMethodAccessorImpl.invoke(NativeMethodAccessorImpl.java:77)
	at java.base/jdk.internal.reflect.DelegatingMethodAccessorImpl.invoke(DelegatingMethodAccessorImpl.java:43)
	at java.base/java.lang.reflect.Method.invoke(Method.java:568)
	at org.junit.runners.model.FrameworkMethod$1.runReflectiveCall(FrameworkMethod.java:50)
	at org.junit.internal.runners.model.ReflectiveCallable.run(ReflectiveCallable.java:12)
	at org.junit.runners.model.FrameworkMethod.invokeExplosively(FrameworkMethod.java:47)
	at org.junit.internal.runners.statements.RunBefores.evaluate(RunBefores.java:24)
	at org.junit.internal.runners.statements.RunAfters.evaluate(RunAfters.java:27)
	at org.junit.runners.ParentRunner.runLeaf(ParentRunner.java:325)
	at org.junit.runners.BlockJUnit4ClassRunner.runChild(BlockJUnit4ClassRunner.java:78)
	at org.junit.runners.BlockJUnit4ClassRunner.runChild(BlockJUnit4ClassRunner.java:57)
	at org.junit.runners.ParentRunner$3.run(ParentRunner.java:290)
	at org.junit.runners.ParentRunner$1.schedule(ParentRunner.java:71)
	at org.junit.runners.ParentRunner.runChildren(ParentRunner.java:288)
	at org.junit.runners.ParentRunner.access$000(ParentRunner.java:58)
	at org.junit.runners.ParentRunner$2.evaluate(ParentRunner.java:268)
	at org.junit.runners.ParentRunner.run(ParentRunner.java:363)
	at org.apache.maven.surefire.junit4.JUnit4Provider.execute(JUnit4Provider.java:365)
	at org.apache.maven.surefire.junit4.JUnit4Provider.executeWithRerun(JUnit4Provider.java:272)
	at org.apache.maven.surefire.junit4.JUnit4Provider.executeTestSet(JUnit4Provider.java:236)
	at org.apache.maven.surefire.junit4.JUnit4Provider.invoke(JUnit4Provider.java:159)
	at org.apache.maven.surefire.booter.ForkedBooter.invokeProviderInSameClassLoader(ForkedBooter.java:386)
	at org.apache.maven.surefire.booter.ForkedBooter.runSuitesInProcess(ForkedBooter.java:323)
	at org.apache.maven.surefire.booter.ForkedBooter.main(ForkedBooter.java:143)
14:37:12.226 [main] ERROR o.a.j.p.j.ReflectionJavap - Could not load bytecode via reflection
java.lang.IllegalAccessException: class org.adoptopenjdk.jitwatch.process.javap.ReflectionJavap cannot access class com.sun.tools.javap.JavapTask (in module jdk.jdeps) because module jdk.jdeps does not export com.sun.tools.javap to unnamed module @4015e7ec
	at java.base/jdk.internal.reflect.Reflection.newIllegalAccessException(Reflection.java:392)
	at java.base/java.lang.reflect.AccessibleObject.checkAccess(AccessibleObject.java:674)
	at java.base/java.lang.reflect.Constructor.newInstanceWithCaller(Constructor.java:489)
	at java.base/java.lang.reflect.ReflectAccess.newInstance(ReflectAccess.java:128)
	at java.base/jdk.internal.reflect.ReflectionFactory.newInstance(ReflectionFactory.java:347)
	at java.base/java.lang.Class.newInstance(Class.java:645)
	at org.adoptopenjdk.jitwatch.process.javap.ReflectionJavap.createJavapTaskFromArguments(ReflectionJavap.java:133)
	at org.adoptopenjdk.jitwatch.process.javap.ReflectionJavap.getBytecode(ReflectionJavap.java:120)
	at org.adoptopenjdk.jitwatch.loader.BytecodeLoader.fetchBytecodeForClass(BytecodeLoader.java:134)
	at org.adoptopenjdk.jitwatch.loader.BytecodeLoader.fetchBytecodeForClass(BytecodeLoader.java:112)
	at org.adoptopenjdk.jitwatch.test.TestBytecodeLoaderWithInnerClasses.setUp(TestBytecodeLoaderWithInnerClasses.java:127)
	at java.base/jdk.internal.reflect.NativeMethodAccessorImpl.invoke0(Native Method)
	at java.base/jdk.internal.reflect.NativeMethodAccessorImpl.invoke(NativeMethodAccessorImpl.java:77)
	at java.base/jdk.internal.reflect.DelegatingMethodAccessorImpl.invoke(DelegatingMethodAccessorImpl.java:43)
	at java.base/java.lang.reflect.Method.invoke(Method.java:568)
	at org.junit.runners.model.FrameworkMethod$1.runReflectiveCall(FrameworkMethod.java:50)
	at org.junit.internal.runners.model.ReflectiveCallable.run(ReflectiveCallable.java:12)
	at org.junit.runners.model.FrameworkMethod.invokeExplosively(FrameworkMethod.java:47)
	at org.junit.internal.runners.statements.RunBefores.evaluate(RunBefores.java:24)
	at org.junit.internal.runners.statements.RunAfters.evaluate(RunAfters.java:27)
	at org.junit.runners.ParentRunner.runLeaf(ParentRunner.java:325)
	at org.junit.runners.BlockJUnit4ClassRunner.runChild(BlockJUnit4ClassRunner.java:78)
	at org.junit.runners.BlockJUnit4ClassRunner.runChild(BlockJUnit4ClassRunner.java:57)
	at org.junit.runners.ParentRunner$3.run(ParentRunner.java:290)
	at org.junit.runners.ParentRunner$1.schedule(ParentRunner.java:71)
	at org.junit.runners.ParentRunner.runChildren(ParentRunner.java:288)
	at org.junit.runners.ParentRunner.access$000(ParentRunner.java:58)
	at org.junit.runners.ParentRunner$2.evaluate(ParentRunner.java:268)
	at org.junit.runners.ParentRunner.run(ParentRunner.java:363)
	at org.apache.maven.surefire.junit4.JUnit4Provider.execute(JUnit4Provider.java:365)
	at org.apache.maven.surefire.junit4.JUnit4Provider.executeWithRerun(JUnit4Provider.java:272)
	at org.apache.maven.surefire.junit4.JUnit4Provider.executeTestSet(JUnit4Provider.java:236)
	at org.apache.maven.surefire.junit4.JUnit4Provider.invoke(JUnit4Provider.java:159)
	at org.apache.maven.surefire.booter.ForkedBooter.invokeProviderInSameClassLoader(ForkedBooter.java:386)
	at org.apache.maven.surefire.booter.ForkedBooter.runSuitesInProcess(ForkedBooter.java:323)
	at org.apache.maven.surefire.booter.ForkedBooter.main(ForkedBooter.java:143)
14:37:12.226 [main] ERROR o.a.j.p.j.ReflectionJavap - Could not load bytecode via reflection
java.lang.IllegalAccessException: class org.adoptopenjdk.jitwatch.process.javap.ReflectionJavap cannot access class com.sun.tools.javap.JavapTask (in module jdk.jdeps) because module jdk.jdeps does not export com.sun.tools.javap to unnamed module @4015e7ec
	at java.base/jdk.internal.reflect.Reflection.newIllegalAccessException(Reflection.java:392)
	at java.base/java.lang.reflect.AccessibleObject.checkAccess(AccessibleObject.java:674)
	at java.base/java.lang.reflect.Constructor.newInstanceWithCaller(Constructor.java:489)
	at java.base/java.lang.reflect.ReflectAccess.newInstance(ReflectAccess.java:128)
	at java.base/jdk.internal.reflect.ReflectionFactory.newInstance(ReflectionFactory.java:347)
	at java.base/java.lang.Class.newInstance(Class.java:645)
	at org.adoptopenjdk.jitwatch.process.javap.ReflectionJavap.createJavapTaskFromArguments(ReflectionJavap.java:133)
	at org.adoptopenjdk.jitwatch.process.javap.ReflectionJavap.getBytecode(ReflectionJavap.java:120)
	at org.adoptopenjdk.jitwatch.loader.BytecodeLoader.fetchBytecodeForClass(BytecodeLoader.java:134)
	at org.adoptopenjdk.jitwatch.loader.BytecodeLoader.fetchBytecodeForClass(BytecodeLoader.java:112)
	at org.adoptopenjdk.jitwatch.test.TestBytecodeLoaderWithInnerClasses.setUp(TestBytecodeLoaderWithInnerClasses.java:128)
	at java.base/jdk.internal.reflect.NativeMethodAccessorImpl.invoke0(Native Method)
	at java.base/jdk.internal.reflect.NativeMethodAccessorImpl.invoke(NativeMethodAccessorImpl.java:77)
	at java.base/jdk.internal.reflect.DelegatingMethodAccessorImpl.invoke(DelegatingMethodAccessorImpl.java:43)
	at java.base/java.lang.reflect.Method.invoke(Method.java:568)
	at org.junit.runners.model.FrameworkMethod$1.runReflectiveCall(FrameworkMethod.java:50)
	at org.junit.internal.runners.model.ReflectiveCallable.run(ReflectiveCallable.java:12)
	at org.junit.runners.model.FrameworkMethod.invokeExplosively(FrameworkMethod.java:47)
	at org.junit.internal.runners.statements.RunBefores.evaluate(RunBefores.java:24)
	at org.junit.internal.runners.statements.RunAfters.evaluate(RunAfters.java:27)
	at org.junit.runners.ParentRunner.runLeaf(ParentRunner.java:325)
	at org.junit.runners.BlockJUnit4ClassRunner.runChild(BlockJUnit4ClassRunner.java:78)
	at org.junit.runners.BlockJUnit4ClassRunner.runChild(BlockJUnit4ClassRunner.java:57)
	at org.junit.runners.ParentRunner$3.run(ParentRunner.java:290)
	at org.junit.runners.ParentRunner$1.schedule(ParentRunner.java:71)
	at org.junit.runners.ParentRunner.runChildren(ParentRunner.java:288)
	at org.junit.runners.ParentRunner.access$000(ParentRunner.java:58)
	at org.junit.runners.ParentRunner$2.evaluate(ParentRunner.java:268)
	at org.junit.runners.ParentRunner.run(ParentRunner.java:363)
	at org.apache.maven.surefire.junit4.JUnit4Provider.execute(JUnit4Provider.java:365)
	at org.apache.maven.surefire.junit4.JUnit4Provider.executeWithRerun(JUnit4Provider.java:272)
	at org.apache.maven.surefire.junit4.JUnit4Provider.executeTestSet(JUnit4Provider.java:236)
	at org.apache.maven.surefire.junit4.JUnit4Provider.invoke(JUnit4Provider.java:159)
	at org.apache.maven.surefire.booter.ForkedBooter.invokeProviderInSameClassLoader(ForkedBooter.java:386)
	at org.apache.maven.surefire.booter.ForkedBooter.runSuitesInProcess(ForkedBooter.java:323)
	at org.apache.maven.surefire.booter.ForkedBooter.main(ForkedBooter.java:143)
14:37:12.955 [main] ERROR o.a.j.p.j.ReflectionJavap - Could not load bytecode via reflection
java.lang.IllegalAccessException: class org.adoptopenjdk.jitwatch.process.javap.ReflectionJavap cannot access class com.sun.tools.javap.JavapTask (in module jdk.jdeps) because module jdk.jdeps does not export com.sun.tools.javap to unnamed module @4015e7ec
	at java.base/jdk.internal.reflect.Reflection.newIllegalAccessException(Reflection.java:392)
	at java.base/java.lang.reflect.AccessibleObject.checkAccess(AccessibleObject.java:674)
	at java.base/java.lang.reflect.Constructor.newInstanceWithCaller(Constructor.java:489)
	at java.base/java.lang.reflect.ReflectAccess.newInstance(ReflectAccess.java:128)
	at java.base/jdk.internal.reflect.ReflectionFactory.newInstance(ReflectionFactory.java:347)
	at java.base/java.lang.Class.newInstance(Class.java:645)
	at org.adoptopenjdk.jitwatch.process.javap.ReflectionJavap.createJavapTaskFromArguments(ReflectionJavap.java:133)
	at org.adoptopenjdk.jitwatch.process.javap.ReflectionJavap.getBytecode(ReflectionJavap.java:120)
	at org.adoptopenjdk.jitwatch.loader.BytecodeLoader.fetchBytecodeForClass(BytecodeLoader.java:134)
	at org.adoptopenjdk.jitwatch.loader.BytecodeLoader.fetchBytecodeForClass(BytecodeLoader.java:112)
	at org.adoptopenjdk.jitwatch.test.TestBytecodeLoaderWithInnerClasses.setUp(TestBytecodeLoaderWithInnerClasses.java:125)
	at java.base/jdk.internal.reflect.NativeMethodAccessorImpl.invoke0(Native Method)
	at java.base/jdk.internal.reflect.NativeMethodAccessorImpl.invoke(NativeMethodAccessorImpl.java:77)
	at java.base/jdk.internal.reflect.DelegatingMethodAccessorImpl.invoke(DelegatingMethodAccessorImpl.java:43)
	at java.base/java.lang.reflect.Method.invoke(Method.java:568)
	at org.junit.runners.model.FrameworkMethod$1.runReflectiveCall(FrameworkMethod.java:50)
	at org.junit.internal.runners.model.ReflectiveCallable.run(ReflectiveCallable.java:12)
	at org.junit.runners.model.FrameworkMethod.invokeExplosively(FrameworkMethod.java:47)
	at org.junit.internal.runners.statements.RunBefores.evaluate(RunBefores.java:24)
	at org.junit.internal.runners.statements.RunAfters.evaluate(RunAfters.java:27)
	at org.junit.runners.ParentRunner.runLeaf(ParentRunner.java:325)
	at org.junit.runners.BlockJUnit4ClassRunner.runChild(BlockJUnit4ClassRunner.java:78)
	at org.junit.runners.BlockJUnit4ClassRunner.runChild(BlockJUnit4ClassRunner.java:57)
	at org.junit.runners.ParentRunner$3.run(ParentRunner.java:290)
	at org.junit.runners.ParentRunner$1.schedule(ParentRunner.java:71)
	at org.junit.runners.ParentRunner.runChildren(ParentRunner.java:288)
	at org.junit.runners.ParentRunner.access$000(ParentRunner.java:58)
	at org.junit.runners.ParentRunner$2.evaluate(ParentRunner.java:268)
	at org.junit.runners.ParentRunner.run(ParentRunner.java:363)
	at org.apache.maven.surefire.junit4.JUnit4Provider.execute(JUnit4Provider.java:365)
	at org.apache.maven.surefire.junit4.JUnit4Provider.executeWithRerun(JUnit4Provider.java:272)
	at org.apache.maven.surefire.junit4.JUnit4Provider.executeTestSet(JUnit4Provider.java:236)
	at org.apache.maven.surefire.junit4.JUnit4Provider.invoke(JUnit4Provider.java:159)
	at org.apache.maven.surefire.booter.ForkedBooter.invokeProviderInSameClassLoader(ForkedBooter.java:386)
	at org.apache.maven.surefire.booter.ForkedBooter.runSuitesInProcess(ForkedBooter.java:323)
	at org.apache.maven.surefire.booter.ForkedBooter.main(ForkedBooter.java:143)
14:37:12.956 [main] ERROR o.a.j.p.j.ReflectionJavap - Could not load bytecode via reflection
java.lang.IllegalAccessException: class org.adoptopenjdk.jitwatch.process.javap.ReflectionJavap cannot access class com.sun.tools.javap.JavapTask (in module jdk.jdeps) because module jdk.jdeps does not export com.sun.tools.javap to unnamed module @4015e7ec
	at java.base/jdk.internal.reflect.Reflection.newIllegalAccessException(Reflection.java:392)
	at java.base/java.lang.reflect.AccessibleObject.checkAccess(AccessibleObject.java:674)
	at java.base/java.lang.reflect.Constructor.newInstanceWithCaller(Constructor.java:489)
	at java.base/java.lang.reflect.ReflectAccess.newInstance(ReflectAccess.java:128)
	at java.base/jdk.internal.reflect.ReflectionFactory.newInstance(ReflectionFactory.java:347)
	at java.base/java.lang.Class.newInstance(Class.java:645)
	at org.adoptopenjdk.jitwatch.process.javap.ReflectionJavap.createJavapTaskFromArguments(ReflectionJavap.java:133)
	at org.adoptopenjdk.jitwatch.process.javap.ReflectionJavap.getBytecode(ReflectionJavap.java:120)
	at org.adoptopenjdk.jitwatch.loader.BytecodeLoader.fetchBytecodeForClass(BytecodeLoader.java:134)
	at org.adoptopenjdk.jitwatch.loader.BytecodeLoader.fetchBytecodeForClass(BytecodeLoader.java:112)
	at org.adoptopenjdk.jitwatch.test.TestBytecodeLoaderWithInnerClasses.setUp(TestBytecodeLoaderWithInnerClasses.java:127)
	at java.base/jdk.internal.reflect.NativeMethodAccessorImpl.invoke0(Native Method)
	at java.base/jdk.internal.reflect.NativeMethodAccessorImpl.invoke(NativeMethodAccessorImpl.java:77)
	at java.base/jdk.internal.reflect.DelegatingMethodAccessorImpl.invoke(DelegatingMethodAccessorImpl.java:43)
	at java.base/java.lang.reflect.Method.invoke(Method.java:568)
	at org.junit.runners.model.FrameworkMethod$1.runReflectiveCall(FrameworkMethod.java:50)
	at org.junit.internal.runners.model.ReflectiveCallable.run(ReflectiveCallable.java:12)
	at org.junit.runners.model.FrameworkMethod.invokeExplosively(FrameworkMethod.java:47)
	at org.junit.internal.runners.statements.RunBefores.evaluate(RunBefores.java:24)
	at org.junit.internal.runners.statements.RunAfters.evaluate(RunAfters.java:27)
	at org.junit.runners.ParentRunner.runLeaf(ParentRunner.java:325)
	at org.junit.runners.BlockJUnit4ClassRunner.runChild(BlockJUnit4ClassRunner.java:78)
	at org.junit.runners.BlockJUnit4ClassRunner.runChild(BlockJUnit4ClassRunner.java:57)
	at org.junit.runners.ParentRunner$3.run(ParentRunner.java:290)
	at org.junit.runners.ParentRunner$1.schedule(ParentRunner.java:71)
	at org.junit.runners.ParentRunner.runChildren(ParentRunner.java:288)
	at org.junit.runners.ParentRunner.access$000(ParentRunner.java:58)
	at org.junit.runners.ParentRunner$2.evaluate(ParentRunner.java:268)
	at org.junit.runners.ParentRunner.run(ParentRunner.java:363)
	at org.apache.maven.surefire.junit4.JUnit4Provider.execute(JUnit4Provider.java:365)
	at org.apache.maven.surefire.junit4.JUnit4Provider.executeWithRerun(JUnit4Provider.java:272)
	at org.apache.maven.surefire.junit4.JUnit4Provider.executeTestSet(JUnit4Provider.java:236)
	at org.apache.maven.surefire.junit4.JUnit4Provider.invoke(JUnit4Provider.java:159)
	at org.apache.maven.surefire.booter.ForkedBooter.invokeProviderInSameClassLoader(ForkedBooter.java:386)
	at org.apache.maven.surefire.booter.ForkedBooter.runSuitesInProcess(ForkedBooter.java:323)
	at org.apache.maven.surefire.booter.ForkedBooter.main(ForkedBooter.java:143)
14:37:12.956 [main] ERROR o.a.j.p.j.ReflectionJavap - Could not load bytecode via reflection
java.lang.IllegalAccessException: class org.adoptopenjdk.jitwatch.process.javap.ReflectionJavap cannot access class com.sun.tools.javap.JavapTask (in module jdk.jdeps) because module jdk.jdeps does not export com.sun.tools.javap to unnamed module @4015e7ec
	at java.base/jdk.internal.reflect.Reflection.newIllegalAccessException(Reflection.java:392)
	at java.base/java.lang.reflect.AccessibleObject.checkAccess(AccessibleObject.java:674)
	at java.base/java.lang.reflect.Constructor.newInstanceWithCaller(Constructor.java:489)
	at java.base/java.lang.reflect.ReflectAccess.newInstance(ReflectAccess.java:128)
	at java.base/jdk.internal.reflect.ReflectionFactory.newInstance(ReflectionFactory.java:347)
	at java.base/java.lang.Class.newInstance(Class.java:645)
	at org.adoptopenjdk.jitwatch.process.javap.ReflectionJavap.createJavapTaskFromArguments(ReflectionJavap.java:133)
	at org.adoptopenjdk.jitwatch.process.javap.ReflectionJavap.getBytecode(ReflectionJavap.java:120)
	at org.adoptopenjdk.jitwatch.loader.BytecodeLoader.fetchBytecodeForClass(BytecodeLoader.java:134)
	at org.adoptopenjdk.jitwatch.loader.BytecodeLoader.fetchBytecodeForClass(BytecodeLoader.java:112)
	at org.adoptopenjdk.jitwatch.test.TestBytecodeLoaderWithInnerClasses.setUp(TestBytecodeLoaderWithInnerClasses.java:128)
	at java.base/jdk.internal.reflect.NativeMethodAccessorImpl.invoke0(Native Method)
	at java.base/jdk.internal.reflect.NativeMethodAccessorImpl.invoke(NativeMethodAccessorImpl.java:77)
	at java.base/jdk.internal.reflect.DelegatingMethodAccessorImpl.invoke(DelegatingMethodAccessorImpl.java:43)
	at java.base/java.lang.reflect.Method.invoke(Method.java:568)
	at org.junit.runners.model.FrameworkMethod$1.runReflectiveCall(FrameworkMethod.java:50)
	at org.junit.internal.runners.model.ReflectiveCallable.run(ReflectiveCallable.java:12)
	at org.junit.runners.model.FrameworkMethod.invokeExplosively(FrameworkMethod.java:47)
	at org.junit.internal.runners.statements.RunBefores.evaluate(RunBefores.java:24)
	at org.junit.internal.runners.statements.RunAfters.evaluate(RunAfters.java:27)
	at org.junit.runners.ParentRunner.runLeaf(ParentRunner.java:325)
	at org.junit.runners.BlockJUnit4ClassRunner.runChild(BlockJUnit4ClassRunner.java:78)
	at org.junit.runners.BlockJUnit4ClassRunner.runChild(BlockJUnit4ClassRunner.java:57)
	at org.junit.runners.ParentRunner$3.run(ParentRunner.java:290)
	at org.junit.runners.ParentRunner$1.schedule(ParentRunner.java:71)
	at org.junit.runners.ParentRunner.runChildren(ParentRunner.java:288)
	at org.junit.runners.ParentRunner.access$000(ParentRunner.java:58)
	at org.junit.runners.ParentRunner$2.evaluate(ParentRunner.java:268)
	at org.junit.runners.ParentRunner.run(ParentRunner.java:363)
	at org.apache.maven.surefire.junit4.JUnit4Provider.execute(JUnit4Provider.java:365)
	at org.apache.maven.surefire.junit4.JUnit4Provider.executeWithRerun(JUnit4Provider.java:272)
	at org.apache.maven.surefire.junit4.JUnit4Provider.executeTestSet(JUnit4Provider.java:236)
	at org.apache.maven.surefire.junit4.JUnit4Provider.invoke(JUnit4Provider.java:159)
	at org.apache.maven.surefire.booter.ForkedBooter.invokeProviderInSameClassLoader(ForkedBooter.java:386)
	at org.apache.maven.surefire.booter.ForkedBooter.runSuitesInProcess(ForkedBooter.java:323)
	at org.apache.maven.surefire.booter.ForkedBooter.main(ForkedBooter.java:143)
14:37:13.682 [main] ERROR o.a.j.p.j.ReflectionJavap - Could not load bytecode via reflection
java.lang.IllegalAccessException: class org.adoptopenjdk.jitwatch.process.javap.ReflectionJavap cannot access class com.sun.tools.javap.JavapTask (in module jdk.jdeps) because module jdk.jdeps does not export com.sun.tools.javap to unnamed module @4015e7ec
	at java.base/jdk.internal.reflect.Reflection.newIllegalAccessException(Reflection.java:392)
	at java.base/java.lang.reflect.AccessibleObject.checkAccess(AccessibleObject.java:674)
	at java.base/java.lang.reflect.Constructor.newInstanceWithCaller(Constructor.java:489)
	at java.base/java.lang.reflect.ReflectAccess.newInstance(ReflectAccess.java:128)
	at java.base/jdk.internal.reflect.ReflectionFactory.newInstance(ReflectionFactory.java:347)
	at java.base/java.lang.Class.newInstance(Class.java:645)
	at org.adoptopenjdk.jitwatch.process.javap.ReflectionJavap.createJavapTaskFromArguments(ReflectionJavap.java:133)
	at org.adoptopenjdk.jitwatch.process.javap.ReflectionJavap.getBytecode(ReflectionJavap.java:120)
	at org.adoptopenjdk.jitwatch.loader.BytecodeLoader.fetchBytecodeForClass(BytecodeLoader.java:134)
	at org.adoptopenjdk.jitwatch.loader.BytecodeLoader.fetchBytecodeForClass(BytecodeLoader.java:112)
	at org.adoptopenjdk.jitwatch.test.TestBytecodeLoaderWithInnerClasses.setUp(TestBytecodeLoaderWithInnerClasses.java:125)
	at java.base/jdk.internal.reflect.NativeMethodAccessorImpl.invoke0(Native Method)
	at java.base/jdk.internal.reflect.NativeMethodAccessorImpl.invoke(NativeMethodAccessorImpl.java:77)
	at java.base/jdk.internal.reflect.DelegatingMethodAccessorImpl.invoke(DelegatingMethodAccessorImpl.java:43)
	at java.base/java.lang.reflect.Method.invoke(Method.java:568)
	at org.junit.runners.model.FrameworkMethod$1.runReflectiveCall(FrameworkMethod.java:50)
	at org.junit.internal.runners.model.ReflectiveCallable.run(ReflectiveCallable.java:12)
	at org.junit.runners.model.FrameworkMethod.invokeExplosively(FrameworkMethod.java:47)
	at org.junit.internal.runners.statements.RunBefores.evaluate(RunBefores.java:24)
	at org.junit.internal.runners.statements.RunAfters.evaluate(RunAfters.java:27)
	at org.junit.runners.ParentRunner.runLeaf(ParentRunner.java:325)
	at org.junit.runners.BlockJUnit4ClassRunner.runChild(BlockJUnit4ClassRunner.java:78)
	at org.junit.runners.BlockJUnit4ClassRunner.runChild(BlockJUnit4ClassRunner.java:57)
	at org.junit.runners.ParentRunner$3.run(ParentRunner.java:290)
	at org.junit.runners.ParentRunner$1.schedule(ParentRunner.java:71)
	at org.junit.runners.ParentRunner.runChildren(ParentRunner.java:288)
	at org.junit.runners.ParentRunner.access$000(ParentRunner.java:58)
	at org.junit.runners.ParentRunner$2.evaluate(ParentRunner.java:268)
	at org.junit.runners.ParentRunner.run(ParentRunner.java:363)
	at org.apache.maven.surefire.junit4.JUnit4Provider.execute(JUnit4Provider.java:365)
	at org.apache.maven.surefire.junit4.JUnit4Provider.executeWithRerun(JUnit4Provider.java:272)
	at org.apache.maven.surefire.junit4.JUnit4Provider.executeTestSet(JUnit4Provider.java:236)
	at org.apache.maven.surefire.junit4.JUnit4Provider.invoke(JUnit4Provider.java:159)
	at org.apache.maven.surefire.booter.ForkedBooter.invokeProviderInSameClassLoader(ForkedBooter.java:386)
	at org.apache.maven.surefire.booter.ForkedBooter.runSuitesInProcess(ForkedBooter.java:323)
	at org.apache.maven.surefire.booter.ForkedBooter.main(ForkedBooter.java:143)
14:37:13.682 [main] ERROR o.a.j.p.j.ReflectionJavap - Could not load bytecode via reflection
java.lang.IllegalAccessException: class org.adoptopenjdk.jitwatch.process.javap.ReflectionJavap cannot access class com.sun.tools.javap.JavapTask (in module jdk.jdeps) because module jdk.jdeps does not export com.sun.tools.javap to unnamed module @4015e7ec
	at java.base/jdk.internal.reflect.Reflection.newIllegalAccessException(Reflection.java:392)
	at java.base/java.lang.reflect.AccessibleObject.checkAccess(AccessibleObject.java:674)
	at java.base/java.lang.reflect.Constructor.newInstanceWithCaller(Constructor.java:489)
	at java.base/java.lang.reflect.ReflectAccess.newInstance(ReflectAccess.java:128)
	at java.base/jdk.internal.reflect.ReflectionFactory.newInstance(ReflectionFactory.java:347)
	at java.base/java.lang.Class.newInstance(Class.java:645)
	at org.adoptopenjdk.jitwatch.process.javap.ReflectionJavap.createJavapTaskFromArguments(ReflectionJavap.java:133)
	at org.adoptopenjdk.jitwatch.process.javap.ReflectionJavap.getBytecode(ReflectionJavap.java:120)
	at org.adoptopenjdk.jitwatch.loader.BytecodeLoader.fetchBytecodeForClass(BytecodeLoader.java:134)
	at org.adoptopenjdk.jitwatch.loader.BytecodeLoader.fetchBytecodeForClass(BytecodeLoader.java:112)
	at org.adoptopenjdk.jitwatch.test.TestBytecodeLoaderWithInnerClasses.setUp(TestBytecodeLoaderWithInnerClasses.java:127)
	at java.base/jdk.internal.reflect.NativeMethodAccessorImpl.invoke0(Native Method)
	at java.base/jdk.internal.reflect.NativeMethodAccessorImpl.invoke(NativeMethodAccessorImpl.java:77)
	at java.base/jdk.internal.reflect.DelegatingMethodAccessorImpl.invoke(DelegatingMethodAccessorImpl.java:43)
	at java.base/java.lang.reflect.Method.invoke(Method.java:568)
	at org.junit.runners.model.FrameworkMethod$1.runReflectiveCall(FrameworkMethod.java:50)
	at org.junit.internal.runners.model.ReflectiveCallable.run(ReflectiveCallable.java:12)
	at org.junit.runners.model.FrameworkMethod.invokeExplosively(FrameworkMethod.java:47)
	at org.junit.internal.runners.statements.RunBefores.evaluate(RunBefores.java:24)
	at org.junit.internal.runners.statements.RunAfters.evaluate(RunAfters.java:27)
	at org.junit.runners.ParentRunner.runLeaf(ParentRunner.java:325)
	at org.junit.runners.BlockJUnit4ClassRunner.runChild(BlockJUnit4ClassRunner.java:78)
	at org.junit.runners.BlockJUnit4ClassRunner.runChild(BlockJUnit4ClassRunner.java:57)
	at org.junit.runners.ParentRunner$3.run(ParentRunner.java:290)
	at org.junit.runners.ParentRunner$1.schedule(ParentRunner.java:71)
	at org.junit.runners.ParentRunner.runChildren(ParentRunner.java:288)
	at org.junit.runners.ParentRunner.access$000(ParentRunner.java:58)
	at org.junit.runners.ParentRunner$2.evaluate(ParentRunner.java:268)
	at org.junit.runners.ParentRunner.run(ParentRunner.java:363)
	at org.apache.maven.surefire.junit4.JUnit4Provider.execute(JUnit4Provider.java:365)
	at org.apache.maven.surefire.junit4.JUnit4Provider.executeWithRerun(JUnit4Provider.java:272)
	at org.apache.maven.surefire.junit4.JUnit4Provider.executeTestSet(JUnit4Provider.java:236)
	at org.apache.maven.surefire.junit4.JUnit4Provider.invoke(JUnit4Provider.java:159)
	at org.apache.maven.surefire.booter.ForkedBooter.invokeProviderInSameClassLoader(ForkedBooter.java:386)
	at org.apache.maven.surefire.booter.ForkedBooter.runSuitesInProcess(ForkedBooter.java:323)
	at org.apache.maven.surefire.booter.ForkedBooter.main(ForkedBooter.java:143)
14:37:13.682 [main] ERROR o.a.j.p.j.ReflectionJavap - Could not load bytecode via reflection
java.lang.IllegalAccessException: class org.adoptopenjdk.jitwatch.process.javap.ReflectionJavap cannot access class com.sun.tools.javap.JavapTask (in module jdk.jdeps) because module jdk.jdeps does not export com.sun.tools.javap to unnamed module @4015e7ec
	at java.base/jdk.internal.reflect.Reflection.newIllegalAccessException(Reflection.java:392)
	at java.base/java.lang.reflect.AccessibleObject.checkAccess(AccessibleObject.java:674)
	at java.base/java.lang.reflect.Constructor.newInstanceWithCaller(Constructor.java:489)
	at java.base/java.lang.reflect.ReflectAccess.newInstance(ReflectAccess.java:128)
	at java.base/jdk.internal.reflect.ReflectionFactory.newInstance(ReflectionFactory.java:347)
	at java.base/java.lang.Class.newInstance(Class.java:645)
	at org.adoptopenjdk.jitwatch.process.javap.ReflectionJavap.createJavapTaskFromArguments(ReflectionJavap.java:133)
	at org.adoptopenjdk.jitwatch.process.javap.ReflectionJavap.getBytecode(ReflectionJavap.java:120)
	at org.adoptopenjdk.jitwatch.loader.BytecodeLoader.fetchBytecodeForClass(BytecodeLoader.java:134)
	at org.adoptopenjdk.jitwatch.loader.BytecodeLoader.fetchBytecodeForClass(BytecodeLoader.java:112)
	at org.adoptopenjdk.jitwatch.test.TestBytecodeLoaderWithInnerClasses.setUp(TestBytecodeLoaderWithInnerClasses.java:128)
	at java.base/jdk.internal.reflect.NativeMethodAccessorImpl.invoke0(Native Method)
	at java.base/jdk.internal.reflect.NativeMethodAccessorImpl.invoke(NativeMethodAccessorImpl.java:77)
	at java.base/jdk.internal.reflect.DelegatingMethodAccessorImpl.invoke(DelegatingMethodAccessorImpl.java:43)
	at java.base/java.lang.reflect.Method.invoke(Method.java:568)
	at org.junit.runners.model.FrameworkMethod$1.runReflectiveCall(FrameworkMethod.java:50)
	at org.junit.internal.runners.model.ReflectiveCallable.run(ReflectiveCallable.java:12)
	at org.junit.runners.model.FrameworkMethod.invokeExplosively(FrameworkMethod.java:47)
	at org.junit.internal.runners.statements.RunBefores.evaluate(RunBefores.java:24)
	at org.junit.internal.runners.statements.RunAfters.evaluate(RunAfters.java:27)
	at org.junit.runners.ParentRunner.runLeaf(ParentRunner.java:325)
	at org.junit.runners.BlockJUnit4ClassRunner.runChild(BlockJUnit4ClassRunner.java:78)
	at org.junit.runners.BlockJUnit4ClassRunner.runChild(BlockJUnit4ClassRunner.java:57)
	at org.junit.runners.ParentRunner$3.run(ParentRunner.java:290)
	at org.junit.runners.ParentRunner$1.schedule(ParentRunner.java:71)
	at org.junit.runners.ParentRunner.runChildren(ParentRunner.java:288)
	at org.junit.runners.ParentRunner.access$000(ParentRunner.java:58)
	at org.junit.runners.ParentRunner$2.evaluate(ParentRunner.java:268)
	at org.junit.runners.ParentRunner.run(ParentRunner.java:363)
	at org.apache.maven.surefire.junit4.JUnit4Provider.execute(JUnit4Provider.java:365)
	at org.apache.maven.surefire.junit4.JUnit4Provider.executeWithRerun(JUnit4Provider.java:272)
	at org.apache.maven.surefire.junit4.JUnit4Provider.executeTestSet(JUnit4Provider.java:236)
	at org.apache.maven.surefire.junit4.JUnit4Provider.invoke(JUnit4Provider.java:159)
	at org.apache.maven.surefire.booter.ForkedBooter.invokeProviderInSameClassLoader(ForkedBooter.java:386)
	at org.apache.maven.surefire.booter.ForkedBooter.runSuitesInProcess(ForkedBooter.java:323)
	at org.apache.maven.surefire.booter.ForkedBooter.main(ForkedBooter.java:143)
[ERROR] Tests run: 13, Failures: 0, Errors: 13, Skipped: 0, Time elapsed: 10.312 s <<< FAILURE! - in org.adoptopenjdk.jitwatch.test.TestBytecodeLoaderWithInnerClasses
[ERROR] testSearchFromSourceOuterClassMethod(org.adoptopenjdk.jitwatch.test.TestBytecodeLoaderWithInnerClasses)  Time elapsed: 0.857 s  <<< ERROR!
java.lang.NullPointerException: Cannot invoke "org.adoptopenjdk.jitwatch.model.bytecode.ClassBC.getPackageName()" because "<parameter1>" is null
	at org.adoptopenjdk.jitwatch.test.TestBytecodeLoaderWithInnerClasses.setUp(TestBytecodeLoaderWithInnerClasses.java:130)

[ERROR] testCompilationCreatedCorrectOutputs(org.adoptopenjdk.jitwatch.test.TestBytecodeLoaderWithInnerClasses)  Time elapsed: 0.899 s  <<< ERROR!
java.lang.NullPointerException: Cannot invoke "org.adoptopenjdk.jitwatch.model.bytecode.ClassBC.getPackageName()" because "<parameter1>" is null
	at org.adoptopenjdk.jitwatch.test.TestBytecodeLoaderWithInnerClasses.setUp(TestBytecodeLoaderWithInnerClasses.java:130)

[ERROR] testSearchFromBytecodeOuterClassMethod(org.adoptopenjdk.jitwatch.test.TestBytecodeLoaderWithInnerClasses)  Time elapsed: 0.876 s  <<< ERROR!
java.lang.NullPointerException: Cannot invoke "org.adoptopenjdk.jitwatch.model.bytecode.ClassBC.getPackageName()" because "<parameter1>" is null
	at org.adoptopenjdk.jitwatch.test.TestBytecodeLoaderWithInnerClasses.setUp(TestBytecodeLoaderWithInnerClasses.java:130)

[ERROR] testSearchFromSourceInner2ClassConstructor(org.adoptopenjdk.jitwatch.test.TestBytecodeLoaderWithInnerClasses)  Time elapsed: 0.861 s  <<< ERROR!
java.lang.NullPointerException: Cannot invoke "org.adoptopenjdk.jitwatch.model.bytecode.ClassBC.getPackageName()" because "<parameter1>" is null
	at org.adoptopenjdk.jitwatch.test.TestBytecodeLoaderWithInnerClasses.setUp(TestBytecodeLoaderWithInnerClasses.java:130)

[ERROR] testSearchFromSourceOuterClassConstructor(org.adoptopenjdk.jitwatch.test.TestBytecodeLoaderWithInnerClasses)  Time elapsed: 0.825 s  <<< ERROR!
java.lang.NullPointerException: Cannot invoke "org.adoptopenjdk.jitwatch.model.bytecode.ClassBC.getPackageName()" because "<parameter1>" is null
	at org.adoptopenjdk.jitwatch.test.TestBytecodeLoaderWithInnerClasses.setUp(TestBytecodeLoaderWithInnerClasses.java:130)

[ERROR] testSearchFromBytecodeInner1ClassMethod(org.adoptopenjdk.jitwatch.test.TestBytecodeLoaderWithInnerClasses)  Time elapsed: 0.823 s  <<< ERROR!
java.lang.NullPointerException: Cannot invoke "org.adoptopenjdk.jitwatch.model.bytecode.ClassBC.getPackageName()" because "<parameter1>" is null
	at org.adoptopenjdk.jitwatch.test.TestBytecodeLoaderWithInnerClasses.setUp(TestBytecodeLoaderWithInnerClasses.java:130)

[ERROR] testSearchFromBytecodeInner2ClassMethod(org.adoptopenjdk.jitwatch.test.TestBytecodeLoaderWithInnerClasses)  Time elapsed: 0.777 s  <<< ERROR!
java.lang.NullPointerException: Cannot invoke "org.adoptopenjdk.jitwatch.model.bytecode.ClassBC.getPackageName()" because "<parameter1>" is null
	at org.adoptopenjdk.jitwatch.test.TestBytecodeLoaderWithInnerClasses.setUp(TestBytecodeLoaderWithInnerClasses.java:130)

[ERROR] testSearchFromBytecodeInner1ClassConstructor(org.adoptopenjdk.jitwatch.test.TestBytecodeLoaderWithInnerClasses)  Time elapsed: 0.735 s  <<< ERROR!
java.lang.NullPointerException: Cannot invoke "org.adoptopenjdk.jitwatch.model.bytecode.ClassBC.getPackageName()" because "<parameter1>" is null
	at org.adoptopenjdk.jitwatch.test.TestBytecodeLoaderWithInnerClasses.setUp(TestBytecodeLoaderWithInnerClasses.java:130)

[ERROR] testSearchFromSourceInner1ClassMethod(org.adoptopenjdk.jitwatch.test.TestBytecodeLoaderWithInnerClasses)  Time elapsed: 0.716 s  <<< ERROR!
java.lang.NullPointerException: Cannot invoke "org.adoptopenjdk.jitwatch.model.bytecode.ClassBC.getPackageName()" because "<parameter1>" is null
	at org.adoptopenjdk.jitwatch.test.TestBytecodeLoaderWithInnerClasses.setUp(TestBytecodeLoaderWithInnerClasses.java:130)

[ERROR] testSearchFromSourceInner2ClassMethod(org.adoptopenjdk.jitwatch.test.TestBytecodeLoaderWithInnerClasses)  Time elapsed: 0.731 s  <<< ERROR!
java.lang.NullPointerException: Cannot invoke "org.adoptopenjdk.jitwatch.model.bytecode.ClassBC.getPackageName()" because "<parameter1>" is null
	at org.adoptopenjdk.jitwatch.test.TestBytecodeLoaderWithInnerClasses.setUp(TestBytecodeLoaderWithInnerClasses.java:130)

[ERROR] testSearchFromSourceInner1ClassConstructor(org.adoptopenjdk.jitwatch.test.TestBytecodeLoaderWithInnerClasses)  Time elapsed: 0.759 s  <<< ERROR!
java.lang.NullPointerException: Cannot invoke "org.adoptopenjdk.jitwatch.model.bytecode.ClassBC.getPackageName()" because "<parameter1>" is null
	at org.adoptopenjdk.jitwatch.test.TestBytecodeLoaderWithInnerClasses.setUp(TestBytecodeLoaderWithInnerClasses.java:130)

[ERROR] testSearchFromBytecodeOuterClassConstructor(org.adoptopenjdk.jitwatch.test.TestBytecodeLoaderWithInnerClasses)  Time elapsed: 0.726 s  <<< ERROR!
java.lang.NullPointerException: Cannot invoke "org.adoptopenjdk.jitwatch.model.bytecode.ClassBC.getPackageName()" because "<parameter1>" is null
	at org.adoptopenjdk.jitwatch.test.TestBytecodeLoaderWithInnerClasses.setUp(TestBytecodeLoaderWithInnerClasses.java:130)

[ERROR] testSearchFromBytecodeInner2ClassConstructor(org.adoptopenjdk.jitwatch.test.TestBytecodeLoaderWithInnerClasses)  Time elapsed: 0.726 s  <<< ERROR!
java.lang.NullPointerException: Cannot invoke "org.adoptopenjdk.jitwatch.model.bytecode.ClassBC.getPackageName()" because "<parameter1>" is null
	at org.adoptopenjdk.jitwatch.test.TestBytecodeLoaderWithInnerClasses.setUp(TestBytecodeLoaderWithInnerClasses.java:130)

[INFO] Running org.adoptopenjdk.jitwatch.test.TestCompilationUtil
[INFO] Tests run: 1, Failures: 0, Errors: 0, Skipped: 0, Time elapsed: 0 s - in org.adoptopenjdk.jitwatch.test.TestCompilationUtil
[INFO] Running org.adoptopenjdk.jitwatch.test.TestCompileChain
[INFO] Tests run: 5, Failures: 0, Errors: 0, Skipped: 0, Time elapsed: 0 s - in org.adoptopenjdk.jitwatch.test.TestCompileChain
[INFO] Running org.adoptopenjdk.jitwatch.test.TestCompositeObjectEquality
[INFO] Tests run: 7, Failures: 0, Errors: 0, Skipped: 0, Time elapsed: 0 s - in org.adoptopenjdk.jitwatch.test.TestCompositeObjectEquality
[INFO] Running org.adoptopenjdk.jitwatch.test.TestExecutionUtil
[ERROR] Tests run: 1, Failures: 1, Errors: 0, Skipped: 0, Time elapsed: 0.025 s <<< FAILURE! - in org.adoptopenjdk.jitwatch.test.TestExecutionUtil
[ERROR] testExecuteDemo(org.adoptopenjdk.jitwatch.test.TestExecutionUtil)  Time elapsed: 0.025 s  <<< FAILURE!
java.lang.AssertionError
	at org.adoptopenjdk.jitwatch.test.TestExecutionUtil.testExecuteDemo(TestExecutionUtil.java:78)

[INFO] Running org.adoptopenjdk.jitwatch.test.TestHisto
[INFO] Tests run: 1, Failures: 0, Errors: 0, Skipped: 0, Time elapsed: 0 s - in org.adoptopenjdk.jitwatch.test.TestHisto
[INFO] Running org.adoptopenjdk.jitwatch.test.TestInnerClassRelationship
[INFO] Tests run: 2, Failures: 0, Errors: 0, Skipped: 0, Time elapsed: 0.006 s - in org.adoptopenjdk.jitwatch.test.TestInnerClassRelationship
[INFO] Running org.adoptopenjdk.jitwatch.test.TestIntrinsicFinder
[INFO] Tests run: 2, Failures: 0, Errors: 0, Skipped: 0, Time elapsed: 0.004 s - in org.adoptopenjdk.jitwatch.test.TestIntrinsicFinder
[INFO] Running org.adoptopenjdk.jitwatch.test.TestJ9Parser
[INFO] Tests run: 3, Failures: 0, Errors: 0, Skipped: 0, Time elapsed: 0 s - in org.adoptopenjdk.jitwatch.test.TestJ9Parser
[INFO] Running org.adoptopenjdk.jitwatch.test.TestJarScan
[INFO] Tests run: 8, Failures: 0, Errors: 0, Skipped: 0, Time elapsed: 0.006 s - in org.adoptopenjdk.jitwatch.test.TestJarScan
[INFO] Running org.adoptopenjdk.jitwatch.test.TestJITWatchConfig
[INFO] Tests run: 4, Failures: 0, Errors: 0, Skipped: 0, Time elapsed: 0.027 s - in org.adoptopenjdk.jitwatch.test.TestJITWatchConfig
[INFO] Running org.adoptopenjdk.jitwatch.test.TestLineTable
[INFO] Tests run: 4, Failures: 0, Errors: 0, Skipped: 0, Time elapsed: 0.002 s - in org.adoptopenjdk.jitwatch.test.TestLineTable
[INFO] Running org.adoptopenjdk.jitwatch.test.TestLocales
[INFO] Tests run: 2, Failures: 0, Errors: 0, Skipped: 0, Time elapsed: 0.002 s - in org.adoptopenjdk.jitwatch.test.TestLocales
[INFO] Running org.adoptopenjdk.jitwatch.test.TestLogSplitting
[INFO] Tests run: 3, Failures: 0, Errors: 0, Skipped: 0, Time elapsed: 0.035 s - in org.adoptopenjdk.jitwatch.test.TestLogSplitting
[INFO] Running org.adoptopenjdk.jitwatch.test.TestMemberBytecode
[INFO] Tests run: 2, Failures: 0, Errors: 0, Skipped: 0, Time elapsed: 0 s - in org.adoptopenjdk.jitwatch.test.TestMemberBytecode
[INFO] Running org.adoptopenjdk.jitwatch.test.TestMemberSignatureParts
[INFO] Tests run: 17, Failures: 0, Errors: 0, Skipped: 0, Time elapsed: 0 s - in org.adoptopenjdk.jitwatch.test.TestMemberSignatureParts
[INFO] Running org.adoptopenjdk.jitwatch.test.TestMetaClass
[INFO] Tests run: 14, Failures: 0, Errors: 0, Skipped: 0, Time elapsed: 0.006 s - in org.adoptopenjdk.jitwatch.test.TestMetaClass
[INFO] Running org.adoptopenjdk.jitwatch.test.TestOpcode
[INFO] Tests run: 1, Failures: 0, Errors: 0, Skipped: 0, Time elapsed: 0 s - in org.adoptopenjdk.jitwatch.test.TestOpcode
[INFO] Running org.adoptopenjdk.jitwatch.test.TestPackageManager
[INFO] Tests run: 2, Failures: 0, Errors: 0, Skipped: 0, Time elapsed: 0 s - in org.adoptopenjdk.jitwatch.test.TestPackageManager
[INFO] Running org.adoptopenjdk.jitwatch.test.TestParseUtil
[ERROR] Tests run: 54, Failures: 1, Errors: 1, Skipped: 0, Time elapsed: 0.024 s <<< FAILURE! - in org.adoptopenjdk.jitwatch.test.TestParseUtil
[ERROR] testMethodWithInnerClassDollarSign(org.adoptopenjdk.jitwatch.test.TestParseUtil)  Time elapsed: 0.019 s  <<< FAILURE!
java.lang.AssertionError
	at org.adoptopenjdk.jitwatch.test.TestParseUtil.testMethodWithInnerClassDollarSign(TestParseUtil.java:398)

[ERROR] testRegressionJavaUtilPropertiesLoadConvert(org.adoptopenjdk.jitwatch.test.TestParseUtil)  Time elapsed: 0.001 s  <<< ERROR!
java.lang.NullPointerException: Cannot invoke "java.lang.reflect.Method.getName()" because "<parameter1>" is null
	at org.adoptopenjdk.jitwatch.test.TestParseUtil.testRegressionJavaUtilPropertiesLoadConvert(TestParseUtil.java:99)

[INFO] Running org.adoptopenjdk.jitwatch.test.TestReport
[INFO] Tests run: 2, Failures: 0, Errors: 0, Skipped: 0, Time elapsed: 0.001 s - in org.adoptopenjdk.jitwatch.test.TestReport
[INFO] Running org.adoptopenjdk.jitwatch.test.TestResourceLoader
[INFO] Tests run: 1, Failures: 0, Errors: 0, Skipped: 0, Time elapsed: 0.081 s - in org.adoptopenjdk.jitwatch.test.TestResourceLoader
[INFO] Running org.adoptopenjdk.jitwatch.test.TestStringUtil
[INFO] Tests run: 3, Failures: 0, Errors: 0, Skipped: 0, Time elapsed: 0 s - in org.adoptopenjdk.jitwatch.test.TestStringUtil
[INFO] Running org.adoptopenjdk.jitwatch.test.TestTagProcessor
14:37:14.708 [main] WARN  o.a.j.c.TagProcessor - Found a <fragment> in the HotSpot log. The VM exited before the hotspot log was fully written. JIT information may have been lost.
14:37:14.709 [main] WARN  o.a.j.c.TagProcessor - Found a <fragment> in the HotSpot log. The VM exited before the hotspot log was fully written. JIT information may have been lost.
[INFO] Tests run: 13, Failures: 0, Errors: 0, Skipped: 0, Time elapsed: 0.002 s - in org.adoptopenjdk.jitwatch.test.TestTagProcessor
[INFO] Running org.adoptopenjdk.jitwatch.test.TestVmVersionDetector
[INFO] Tests run: 1, Failures: 0, Errors: 0, Skipped: 0, Time elapsed: 0 s - in org.adoptopenjdk.jitwatch.test.TestVmVersionDetector
[INFO] Running org.adoptopenjdk.jitwatch.test.TestZingParser
[INFO] Tests run: 10, Failures: 0, Errors: 0, Skipped: 0, Time elapsed: 0.007 s - in org.adoptopenjdk.jitwatch.test.TestZingParser
[INFO] 
[INFO] Results:
[INFO] 
[ERROR] Failures: 
[ERROR]   TestExecutionUtil.testExecuteDemo:78
[ERROR]   TestParseUtil.testMethodWithInnerClassDollarSign:398
[ERROR] Errors: 
[ERROR]   TestBytecodeLoader.testBytecodeSignature:50 NullPointer Cannot invoke "org.ado...
[ERROR]   TestBytecodeLoader.testExampleOverloadedMethodObject:823->doTestOverloadedMethod:803 NullPointer
[ERROR]   TestBytecodeLoader.testExampleOverloadedMethodString:817->doTestOverloadedMethod:803 NullPointer
[ERROR]   TestBytecodeLoaderWithInnerClasses.setUp:130 » NullPointer Cannot invoke "org....
[ERROR]   TestBytecodeLoaderWithInnerClasses.setUp:130 » NullPointer Cannot invoke "org....
[ERROR]   TestBytecodeLoaderWithInnerClasses.setUp:130 » NullPointer Cannot invoke "org....
[ERROR]   TestBytecodeLoaderWithInnerClasses.setUp:130 » NullPointer Cannot invoke "org....
[ERROR]   TestBytecodeLoaderWithInnerClasses.setUp:130 » NullPointer Cannot invoke "org....
[ERROR]   TestBytecodeLoaderWithInnerClasses.setUp:130 » NullPointer Cannot invoke "org....
[ERROR]   TestBytecodeLoaderWithInnerClasses.setUp:130 » NullPointer Cannot invoke "org....
[ERROR]   TestBytecodeLoaderWithInnerClasses.setUp:130 » NullPointer Cannot invoke "org....
[ERROR]   TestBytecodeLoaderWithInnerClasses.setUp:130 » NullPointer Cannot invoke "org....
[ERROR]   TestBytecodeLoaderWithInnerClasses.setUp:130 » NullPointer Cannot invoke "org....
[ERROR]   TestBytecodeLoaderWithInnerClasses.setUp:130 » NullPointer Cannot invoke "org....
[ERROR]   TestBytecodeLoaderWithInnerClasses.setUp:130 » NullPointer Cannot invoke "org....
[ERROR]   TestBytecodeLoaderWithInnerClasses.setUp:130 » NullPointer Cannot invoke "org....
[ERROR]   TestParseUtil.testRegressionJavaUtilPropertiesLoadConvert:99 » NullPointer Can...
[INFO] 
[ERROR] Tests run: 250, Failures: 2, Errors: 17, Skipped: 0
[INFO] 
[INFO] ------------------------------------------------------------------------
[INFO] BUILD FAILURE
[INFO] ------------------------------------------------------------------------
[INFO] Total time:  20.670 s
[INFO] Finished at: 2023-12-14T14:37:15+09:00
[INFO] ------------------------------------------------------------------------
[ERROR] Failed to execute goal org.apache.maven.plugins:maven-surefire-plugin:2.20:test (default-test) on project jitwatch-core: There are test failures.
[ERROR] 
[ERROR] Please refer to /mnt/c/Users/fujiwara yuma/evaluation/ALL/jitwatch/workingDir/core/target/surefire-reports for the individual test results.
[ERROR] Please refer to dump files (if any exist) [date]-jvmRun[N].dump, [date].dumpstream and [date]-jvmRun[N].dumpstream.
[ERROR] -> [Help 1]
[ERROR] 
[ERROR] To see the full stack trace of the errors, re-run Maven with the -e switch.
[ERROR] Re-run Maven using the -X switch to enable full debug logging.
[ERROR] 
[ERROR] For more information about the errors and possible solutions, please read the following articles:
[ERROR] [Help 1] http://cwiki.apache.org/confluence/display/MAVEN/MojoFailureException
