[INFO] Scanning for projects...
[INFO] Inspecting build with total of 1 modules...
[INFO] Installing Nexus Staging features:
[INFO]   ... total of 1 executions of maven-deploy-plugin replaced with nexus-staging-maven-plugin
[INFO] 
[INFO] ----------------< com.github.davidmoten:hilbert-curve >-----------------
[INFO] Building hilbert-curve 0.1.5-SNAPSHOT
[INFO] --------------------------------[ jar ]---------------------------------
[INFO] 
[INFO] --- jacoco-maven-plugin:0.8.3:prepare-agent (default) @ hilbert-curve ---
[INFO] argLine set to "-javaagent:/home/ym-fujwr/.m2/repository/org/jacoco/org.jacoco.agent/0.8.3/org.jacoco.agent-0.8.3-runtime.jar=destfile=/mnt/c/Users/fujiwara yuma/evaluation/ALL/hilbertCurve/workingDir/target/jacoco.exec"
[INFO] 
[INFO] --- maven-resources-plugin:2.6:resources (default-resources) @ hilbert-curve ---
[INFO] Using 'UTF-8' encoding to copy filtered resources.
[INFO] skip non existing resourceDirectory /mnt/c/Users/fujiwara yuma/evaluation/ALL/hilbertCurve/workingDir/src/main/resources
[INFO] 
[INFO] --- maven-compiler-plugin:3.5.1:compile (default-compile) @ hilbert-curve ---
[INFO] Changes detected - recompiling the module!
[INFO] Compiling 11 source files to /mnt/c/Users/fujiwara yuma/evaluation/ALL/hilbertCurve/workingDir/target/classes
[INFO] 
[INFO] --- maven-resources-plugin:2.6:testResources (default-testResources) @ hilbert-curve ---
[INFO] Using 'UTF-8' encoding to copy filtered resources.
[INFO] Copying 15 resources
[INFO] 
[INFO] --- maven-compiler-plugin:3.5.1:testCompile (default-testCompile) @ hilbert-curve ---
[INFO] Changes detected - recompiling the module!
[INFO] Compiling 10 source files to /mnt/c/Users/fujiwara yuma/evaluation/ALL/hilbertCurve/workingDir/target/test-classes
[INFO] 
[INFO] --- maven-surefire-plugin:2.12.4:test (default-test) @ hilbert-curve ---
[INFO] Surefire report directory: /mnt/c/Users/fujiwara yuma/evaluation/ALL/hilbertCurve/workingDir/target/surefire-reports

-------------------------------------------------------
 T E S T S
-------------------------------------------------------
Running org.davidmoten.hilbert.BoxTest
Tests run: 11, Failures: 0, Errors: 0, Skipped: 0, Time elapsed: 0.173 sec
Running org.davidmoten.hilbert.HilbertCurveRendererTest
Tests run: 4, Failures: 0, Errors: 0, Skipped: 1, Time elapsed: 1.248 sec
Running org.davidmoten.hilbert.HilbertCurveTest
Range [low=10, high=10]
Range [low=26, high=28]
Range [low=31, high=48]
Range [low=51, high=53]
Range [low=69, high=69]
Range [low=122, high=124]
Range [low=127, high=128]
Range [low=131, high=132]
Range [low=210, high=221]
Range [low=227, high=229]
Range [low=10, high=53]
Range [low=69, high=69]
Range [low=122, high=229]
Range [low=10, high=10]
Range [low=26, high=53]
Range [low=69, high=69]
Range [low=122, high=132]
Range [low=210, high=221]
Range [low=227, high=229]
0	[0, 0]
1	[1, 0]
2	[1, 1]
3	[0, 1]
maxOrdinate=1023
full domain query in 3 dimensions, 10 bits, took 4548ms with 1 ranges
full domain query in 3 dimensions, 10 bits, took 9140ms with 1 ranges
full domain query in 3 dimensions, 10 bits, took 13705ms with 1 ranges
full domain query in 3 dimensions, 10 bits, for first hour took 1692ms with 295051 ranges
length = 46
[845160956002304, 772841539928063, 1110767956099071]
Tests run: 41, Failures: 0, Errors: 0, Skipped: 0, Time elapsed: 18.994 sec
Running org.davidmoten.hilbert.internal.util.BoundedPriorityQueueTest
Tests run: 15, Failures: 0, Errors: 0, Skipped: 0, Time elapsed: 0.023 sec
Running org.davidmoten.hilbert.Ranges2Test
Range [low=18, high=18]
Range [low=10, high=12]
Range [low=1, high=1]
Tests run: 5, Failures: 1, Errors: 0, Skipped: 0, Time elapsed: 0.012 sec <<< FAILURE!
testBufferSizeOneThrows(org.davidmoten.hilbert.Ranges2Test)  Time elapsed: 0.001 sec  <<< FAILURE!
java.lang.AssertionError: Expected exception: java.lang.IllegalArgumentException
	at org.junit.internal.runners.statements.ExpectException.evaluate(ExpectException.java:32)
	at org.junit.runners.ParentRunner.runLeaf(ParentRunner.java:325)
	at org.junit.runners.BlockJUnit4ClassRunner.runChild(BlockJUnit4ClassRunner.java:78)
	at org.junit.runners.BlockJUnit4ClassRunner.runChild(BlockJUnit4ClassRunner.java:57)
	at org.junit.runners.ParentRunner$3.run(ParentRunner.java:290)
	at org.junit.runners.ParentRunner$1.schedule(ParentRunner.java:71)
	at org.junit.runners.ParentRunner.runChildren(ParentRunner.java:288)
	at org.junit.runners.ParentRunner.access$000(ParentRunner.java:58)
	at org.junit.runners.ParentRunner$2.evaluate(ParentRunner.java:268)
	at org.junit.runners.ParentRunner.run(ParentRunner.java:363)
	at org.apache.maven.surefire.junit4.JUnit4Provider.execute(JUnit4Provider.java:252)
	at org.apache.maven.surefire.junit4.JUnit4Provider.executeTestSet(JUnit4Provider.java:141)
	at org.apache.maven.surefire.junit4.JUnit4Provider.invoke(JUnit4Provider.java:112)
	at java.base/jdk.internal.reflect.NativeMethodAccessorImpl.invoke0(Native Method)
	at java.base/jdk.internal.reflect.NativeMethodAccessorImpl.invoke(NativeMethodAccessorImpl.java:77)
	at java.base/jdk.internal.reflect.DelegatingMethodAccessorImpl.invoke(DelegatingMethodAccessorImpl.java:43)
	at java.base/java.lang.reflect.Method.invoke(Method.java:568)
	at org.apache.maven.surefire.util.ReflectionUtils.invokeMethodWithArray(ReflectionUtils.java:189)
	at org.apache.maven.surefire.booter.ProviderFactory$ProviderProxy.invoke(ProviderFactory.java:165)
	at org.apache.maven.surefire.booter.ProviderFactory.invokeProvider(ProviderFactory.java:85)
	at org.apache.maven.surefire.booter.ForkedBooter.runSuitesInProcess(ForkedBooter.java:115)
	at org.apache.maven.surefire.booter.ForkedBooter.main(ForkedBooter.java:75)

Running org.davidmoten.hilbert.RangesTest
Range [low=1, high=1]
Range [low=10, high=12]
Range [low=18, high=18]
Tests run: 5, Failures: 0, Errors: 0, Skipped: 0, Time elapsed: 0 sec
Running org.davidmoten.hilbert.UtilTest
Tests run: 5, Failures: 0, Errors: 0, Skipped: 0, Time elapsed: 0 sec
Running org.davidmoten.hilbert.WikipediaHilbertTest
Tests run: 2, Failures: 0, Errors: 0, Skipped: 0, Time elapsed: 0.031 sec

Results :

Failed tests:   testBufferSizeOneThrows(org.davidmoten.hilbert.Ranges2Test): Expected exception: java.lang.IllegalArgumentException

Tests run: 88, Failures: 1, Errors: 0, Skipped: 1

[INFO] ------------------------------------------------------------------------
[INFO] BUILD FAILURE
[INFO] ------------------------------------------------------------------------
[INFO] Total time:  28.252 s
[INFO] Finished at: 2023-12-14T10:31:24+09:00
[INFO] ------------------------------------------------------------------------
[ERROR] Failed to execute goal org.apache.maven.plugins:maven-surefire-plugin:2.12.4:test (default-test) on project hilbert-curve: There are test failures.
[ERROR] 
[ERROR] Please refer to /mnt/c/Users/fujiwara yuma/evaluation/ALL/hilbertCurve/workingDir/target/surefire-reports for the individual test results.
[ERROR] -> [Help 1]
[ERROR] 
[ERROR] To see the full stack trace of the errors, re-run Maven with the -e switch.
[ERROR] Re-run Maven using the -X switch to enable full debug logging.
[ERROR] 
[ERROR] For more information about the errors and possible solutions, please read the following articles:
[ERROR] [Help 1] http://cwiki.apache.org/confluence/display/MAVEN/MojoFailureException
