[INFO] Scanning for projects...
[INFO] 
[INFO] ----------------------< commons-net:commons-net >-----------------------
[INFO] Building Apache Commons Net 3.9.0-SNAPSHOT
[INFO] --------------------------------[ jar ]---------------------------------
[INFO] 
[INFO] --- maven-enforcer-plugin:3.1.0:enforce (enforce-maven-version) @ commons-net ---
[INFO] 
[INFO] --- maven-enforcer-plugin:3.1.0:enforce (enforce-java-version) @ commons-net ---
[INFO] 
[INFO] --- maven-enforcer-plugin:3.1.0:enforce (enforce-maven-3) @ commons-net ---
[INFO] 
[INFO] --- apache-rat-plugin:0.15:check (rat-check) @ commons-net ---
[INFO] RAT will not execute since it is configured to be skipped via system property 'rat.skip'.
[INFO] 
[INFO] --- build-helper-maven-plugin:3.3.0:parse-version (parse-version) @ commons-net ---
[INFO] 
[INFO] --- maven-antrun-plugin:3.1.0:run (javadoc.resources) @ commons-net ---
[INFO] Executing tasks
[INFO]      [copy] Copying 2 files to /mnt/c/Users/fujiwara yuma/evaluation/rts-trace/commonsNet/workingDir/target/apidocs/META-INF
[INFO] Executed tasks
[INFO] 
[INFO] --- maven-remote-resources-plugin:1.7.0:process (process-resource-bundles) @ commons-net ---
[INFO] Skipping remote resources execution.
[INFO] 
[INFO] --- buildnumber-maven-plugin:3.0.0:create (default) @ commons-net ---
[INFO] Executing: /bin/sh -c cd '/mnt/c/Users/fujiwara yuma/evaluation/rts-trace/commonsNet/workingDir' && 'git' 'rev-parse' '--verify' 'HEAD'
[INFO] Working directory: /mnt/c/Users/fujiwara yuma/evaluation/rts-trace/commonsNet/workingDir
[INFO] Storing buildNumber: null at timestamp: 1703851622694
[WARNING] Cannot get the branch information from the git repository: 
Detecting the current branch failed: fatal: ref HEAD is not a symbolic ref

[INFO] Executing: /bin/sh -c cd '/mnt/c/Users/fujiwara yuma/evaluation/rts-trace/commonsNet/workingDir' && 'git' 'rev-parse' '--verify' 'HEAD'
[INFO] Working directory: /mnt/c/Users/fujiwara yuma/evaluation/rts-trace/commonsNet/workingDir
[INFO] Storing buildScmBranch: UNKNOWN
[INFO] 
[INFO] --- maven-resources-plugin:3.2.0:resources (default-resources) @ commons-net ---
[INFO] Using 'iso-8859-1' encoding to copy filtered resources.
[INFO] Using 'iso-8859-1' encoding to copy filtered properties files.
[INFO] Copying 1 resource
[INFO] Copying 2 resources to META-INF
[INFO] 
[INFO] --- maven-compiler-plugin:3.10.1:compile (default-compile) @ commons-net ---
[INFO] Changes detected - recompiling the module!
[INFO] Compiling 192 source files to /mnt/c/Users/fujiwara yuma/evaluation/rts-trace/commonsNet/workingDir/target/classes
[INFO] /mnt/c/Users/fujiwara yuma/evaluation/rts-trace/commonsNet/workingDir/src/main/java/org/apache/commons/net/ftp/parser/DefaultFTPFileEntryParserFactory.java: /mnt/c/Users/fujiwara yuma/evaluation/rts-trace/commonsNet/workingDir/src/main/java/org/apache/commons/net/ftp/parser/DefaultFTPFileEntryParserFactory.java uses or overrides a deprecated API.
[INFO] /mnt/c/Users/fujiwara yuma/evaluation/rts-trace/commonsNet/workingDir/src/main/java/org/apache/commons/net/ftp/parser/DefaultFTPFileEntryParserFactory.java: Recompile with -Xlint:deprecation for details.
[INFO] 
[INFO] --- maven-bundle-plugin:5.1.8:manifest (bundle-manifest) @ commons-net ---
[INFO] Writing manifest: /mnt/c/Users/fujiwara yuma/evaluation/rts-trace/commonsNet/workingDir/target/osgi/MANIFEST.MF
[INFO] 
[INFO] --- maven-resources-plugin:3.2.0:testResources (default-testResources) @ commons-net ---
[INFO] Using 'iso-8859-1' encoding to copy filtered resources.
[INFO] Using 'iso-8859-1' encoding to copy filtered properties files.
[INFO] Copying 3 resources
[INFO] Copying 2 resources to META-INF
[INFO] 
[INFO] --- maven-compiler-plugin:3.10.1:testCompile (default-testCompile) @ commons-net ---
[INFO] Changes detected - recompiling the module!
[INFO] Compiling 63 source files to /mnt/c/Users/fujiwara yuma/evaluation/rts-trace/commonsNet/workingDir/target/test-classes
[INFO] /mnt/c/Users/fujiwara yuma/evaluation/rts-trace/commonsNet/workingDir/src/test/java/org/apache/commons/net/tftp/TFTPServer.java: /mnt/c/Users/fujiwara yuma/evaluation/rts-trace/commonsNet/workingDir/src/test/java/org/apache/commons/net/tftp/TFTPServer.java uses or overrides a deprecated API.
[INFO] /mnt/c/Users/fujiwara yuma/evaluation/rts-trace/commonsNet/workingDir/src/test/java/org/apache/commons/net/tftp/TFTPServer.java: Recompile with -Xlint:deprecation for details.
[INFO] 
[INFO] --- animal-sniffer-maven-plugin:1.22:check (checkAPIcompatibility) @ commons-net ---
[INFO] Checking unresolved references to org.codehaus.mojo.signature:java18:1.0
[INFO] 
[INFO] --- maven-surefire-plugin:3.0.0-M7:test (default-test) @ commons-net ---
[INFO] Using auto detected provider org.apache.maven.surefire.junitplatform.JUnitPlatformProvider
[INFO] 
[INFO] -------------------------------------------------------
[INFO]  T E S T S
[INFO] -------------------------------------------------------
[INFO] Running org.apache.commons.net.ftp.ListingFunctionalTest
[ERROR] Tests run: 42, Failures: 2, Errors: 0, Skipped: 0, Time elapsed: 108.282 s <<< FAILURE! - in org.apache.commons.net.ftp.ListingFunctionalTest
[ERROR] ListingFunctionalTest.testListNamesWithPathButEmpty  Time elapsed: 1.152 s  <<< FAILURE!
junit.framework.AssertionFailedError: Expected: <null> but was: [Ljava.lang.String;@186978a6
	at junit.framework.Assert.fail(Assert.java:57)
	at junit.framework.Assert.assertTrue(Assert.java:22)
	at junit.framework.Assert.assertNull(Assert.java:277)
	at junit.framework.Assert.assertNull(Assert.java:268)
	at junit.framework.TestCase.assertNull(TestCase.java:410)
	at org.apache.commons.net.ftp.ListingFunctionalTest.testListNamesWithPathButEmpty(ListingFunctionalTest.java:346)
	at java.base/jdk.internal.reflect.NativeMethodAccessorImpl.invoke0(Native Method)
	at java.base/jdk.internal.reflect.NativeMethodAccessorImpl.invoke(NativeMethodAccessorImpl.java:77)
	at java.base/jdk.internal.reflect.DelegatingMethodAccessorImpl.invoke(DelegatingMethodAccessorImpl.java:43)
	at java.base/java.lang.reflect.Method.invoke(Method.java:568)
	at junit.framework.TestCase.runTest(TestCase.java:177)
	at junit.framework.TestCase.runBare(TestCase.java:142)
	at junit.framework.TestResult$1.protect(TestResult.java:122)
	at junit.framework.TestResult.runProtected(TestResult.java:142)
	at junit.framework.TestResult.run(TestResult.java:125)
	at junit.framework.TestCase.run(TestCase.java:130)
	at junit.framework.TestSuite.runTest(TestSuite.java:241)
	at junit.framework.TestSuite.run(TestSuite.java:236)
	at junit.framework.TestSuite.runTest(TestSuite.java:241)
	at junit.framework.TestSuite.run(TestSuite.java:236)
	at org.junit.internal.runners.JUnit38ClassRunner.run(JUnit38ClassRunner.java:90)
	at org.junit.runner.JUnitCore.run(JUnitCore.java:137)
	at org.junit.runner.JUnitCore.run(JUnitCore.java:115)
	at org.junit.vintage.engine.execution.RunnerExecutor.execute(RunnerExecutor.java:42)
	at org.junit.vintage.engine.VintageTestEngine.executeAllChildren(VintageTestEngine.java:80)
	at org.junit.vintage.engine.VintageTestEngine.execute(VintageTestEngine.java:72)
	at org.junit.platform.launcher.core.EngineExecutionOrchestrator.execute(EngineExecutionOrchestrator.java:147)
	at org.junit.platform.launcher.core.EngineExecutionOrchestrator.execute(EngineExecutionOrchestrator.java:127)
	at org.junit.platform.launcher.core.EngineExecutionOrchestrator.execute(EngineExecutionOrchestrator.java:90)
	at org.junit.platform.launcher.core.EngineExecutionOrchestrator.lambda$execute$0(EngineExecutionOrchestrator.java:55)
	at org.junit.platform.launcher.core.EngineExecutionOrchestrator.withInterceptedStreams(EngineExecutionOrchestrator.java:102)
	at org.junit.platform.launcher.core.EngineExecutionOrchestrator.execute(EngineExecutionOrchestrator.java:54)
	at org.junit.platform.launcher.core.DefaultLauncher.execute(DefaultLauncher.java:114)
	at org.junit.platform.launcher.core.DefaultLauncher.execute(DefaultLauncher.java:86)
	at org.junit.platform.launcher.core.DefaultLauncherSession$DelegatingLauncher.execute(DefaultLauncherSession.java:86)
	at org.apache.maven.surefire.junitplatform.LazyLauncher.execute(LazyLauncher.java:55)
	at org.apache.maven.surefire.junitplatform.JUnitPlatformProvider.execute(JUnitPlatformProvider.java:223)
	at org.apache.maven.surefire.junitplatform.JUnitPlatformProvider.invokeAllTests(JUnitPlatformProvider.java:175)
	at org.apache.maven.surefire.junitplatform.JUnitPlatformProvider.invoke(JUnitPlatformProvider.java:139)
	at org.apache.maven.surefire.booter.ForkedBooter.runSuitesInProcess(ForkedBooter.java:456)
	at org.apache.maven.surefire.booter.ForkedBooter.execute(ForkedBooter.java:169)
	at org.apache.maven.surefire.booter.ForkedBooter.run(ForkedBooter.java:595)
	at org.apache.maven.surefire.booter.ForkedBooter.main(ForkedBooter.java:581)

[ERROR] ListingFunctionalTest.testListFilesWithIncorrectParser  Time elapsed: 4.055 s  <<< FAILURE!
Expected empty array: [Total of 27 files, 2711/9248 blocks]: array lengths differed, expected.length=0 actual.length=1; arrays first differed at element [0]; expected:<end of array> but was:<Total of 27 files, 2711/9248 blocks>
	at org.junit.internal.ComparisonCriteria.arrayEquals(ComparisonCriteria.java:89)
	at org.junit.internal.ComparisonCriteria.arrayEquals(ComparisonCriteria.java:28)
	at org.junit.Assert.internalArrayEquals(Assert.java:534)
	at org.junit.Assert.assertArrayEquals(Assert.java:285)
	at org.apache.commons.net.ftp.ListingFunctionalTest.testListFilesWithIncorrectParser(ListingFunctionalTest.java:285)
	at java.base/jdk.internal.reflect.NativeMethodAccessorImpl.invoke0(Native Method)
	at java.base/jdk.internal.reflect.NativeMethodAccessorImpl.invoke(NativeMethodAccessorImpl.java:77)
	at java.base/jdk.internal.reflect.DelegatingMethodAccessorImpl.invoke(DelegatingMethodAccessorImpl.java:43)
	at java.base/java.lang.reflect.Method.invoke(Method.java:568)
	at junit.framework.TestCase.runTest(TestCase.java:177)
	at junit.framework.TestCase.runBare(TestCase.java:142)
	at junit.framework.TestResult$1.protect(TestResult.java:122)
	at junit.framework.TestResult.runProtected(TestResult.java:142)
	at junit.framework.TestResult.run(TestResult.java:125)
	at junit.framework.TestCase.run(TestCase.java:130)
	at junit.framework.TestSuite.runTest(TestSuite.java:241)
	at junit.framework.TestSuite.run(TestSuite.java:236)
	at junit.framework.TestSuite.runTest(TestSuite.java:241)
	at junit.framework.TestSuite.run(TestSuite.java:236)
	at org.junit.internal.runners.JUnit38ClassRunner.run(JUnit38ClassRunner.java:90)
	at org.junit.runner.JUnitCore.run(JUnitCore.java:137)
	at org.junit.runner.JUnitCore.run(JUnitCore.java:115)
	at org.junit.vintage.engine.execution.RunnerExecutor.execute(RunnerExecutor.java:42)
	at org.junit.vintage.engine.VintageTestEngine.executeAllChildren(VintageTestEngine.java:80)
	at org.junit.vintage.engine.VintageTestEngine.execute(VintageTestEngine.java:72)
	at org.junit.platform.launcher.core.EngineExecutionOrchestrator.execute(EngineExecutionOrchestrator.java:147)
	at org.junit.platform.launcher.core.EngineExecutionOrchestrator.execute(EngineExecutionOrchestrator.java:127)
	at org.junit.platform.launcher.core.EngineExecutionOrchestrator.execute(EngineExecutionOrchestrator.java:90)
	at org.junit.platform.launcher.core.EngineExecutionOrchestrator.lambda$execute$0(EngineExecutionOrchestrator.java:55)
	at org.junit.platform.launcher.core.EngineExecutionOrchestrator.withInterceptedStreams(EngineExecutionOrchestrator.java:102)
	at org.junit.platform.launcher.core.EngineExecutionOrchestrator.execute(EngineExecutionOrchestrator.java:54)
	at org.junit.platform.launcher.core.DefaultLauncher.execute(DefaultLauncher.java:114)
	at org.junit.platform.launcher.core.DefaultLauncher.execute(DefaultLauncher.java:86)
	at org.junit.platform.launcher.core.DefaultLauncherSession$DelegatingLauncher.execute(DefaultLauncherSession.java:86)
	at org.apache.maven.surefire.junitplatform.LazyLauncher.execute(LazyLauncher.java:55)
	at org.apache.maven.surefire.junitplatform.JUnitPlatformProvider.execute(JUnitPlatformProvider.java:223)
	at org.apache.maven.surefire.junitplatform.JUnitPlatformProvider.invokeAllTests(JUnitPlatformProvider.java:175)
	at org.apache.maven.surefire.junitplatform.JUnitPlatformProvider.invoke(JUnitPlatformProvider.java:139)
	at org.apache.maven.surefire.booter.ForkedBooter.runSuitesInProcess(ForkedBooter.java:456)
	at org.apache.maven.surefire.booter.ForkedBooter.execute(ForkedBooter.java:169)
	at org.apache.maven.surefire.booter.ForkedBooter.run(ForkedBooter.java:595)
	at org.apache.maven.surefire.booter.ForkedBooter.main(ForkedBooter.java:581)
Caused by: java.lang.AssertionError: expected:<end of array> but was:<Total of 27 files, 2711/9248 blocks>
	at org.junit.Assert.fail(Assert.java:89)
	at org.junit.Assert.failNotEquals(Assert.java:835)
	at org.junit.Assert.assertEquals(Assert.java:120)
	at org.junit.Assert.assertEquals(Assert.java:146)
	at org.junit.internal.ComparisonCriteria.arrayEquals(ComparisonCriteria.java:87)
	... 41 more

[INFO] Running org.apache.commons.net.ntp.TestNtpPacket
[INFO] Tests run: 7, Failures: 0, Errors: 0, Skipped: 0, Time elapsed: 0.224 s - in org.apache.commons.net.ntp.TestNtpPacket
[INFO] Running org.apache.commons.net.ntp.TestTimeInfo
[INFO] Tests run: 6, Failures: 0, Errors: 0, Skipped: 0, Time elapsed: 0.074 s - in org.apache.commons.net.ntp.TestTimeInfo
[INFO] Running org.apache.commons.net.smtp.SimpleSMTPHeaderTestCase
[INFO] Tests run: 6, Failures: 0, Errors: 0, Skipped: 0, Time elapsed: 0.018 s - in org.apache.commons.net.smtp.SimpleSMTPHeaderTestCase
[INFO] 
[INFO] Results:
[INFO] 
[ERROR] Failures: 
[ERROR] ListingFunctionalTest.testListFilesWithIncorrectParser
[INFO]   Run 1: PASS
[INFO]   Run 2: PASS
[ERROR]   Run 3: Expected empty array: [Total of 27 files, 2711/9248 blocks]: array lengths differed, expected.length=0 actual.length=1; arrays first differed at element [0]; expected:<end of array> but was:<Total of 27 files, 2711/9248 blocks>
[INFO] 
[ERROR] ListingFunctionalTest.testListNamesWithPathButEmpty
[INFO]   Run 1: PASS
[ERROR]   Run 2: Expected: <null> but was: [Ljava.lang.String;@186978a6
[INFO]   Run 3: PASS
[INFO] 
[INFO] 
[ERROR] Tests run: 57, Failures: 2, Errors: 0, Skipped: 0
[INFO] 
[INFO] ------------------------------------------------------------------------
[INFO] BUILD FAILURE
[INFO] ------------------------------------------------------------------------
[INFO] Total time:  02:04 min
[INFO] Finished at: 2023-12-29T21:09:04+09:00
[INFO] ------------------------------------------------------------------------
[ERROR] Failed to execute goal org.apache.maven.plugins:maven-surefire-plugin:3.0.0-M7:test (default-test) on project commons-net: There are test failures.
[ERROR] 
[ERROR] Please refer to /mnt/c/Users/fujiwara yuma/evaluation/rts-trace/commonsNet/workingDir/target/surefire-reports for the individual test results.
[ERROR] Please refer to dump files (if any exist) [date].dump, [date]-jvmRun[N].dump and [date].dumpstream.
[ERROR] -> [Help 1]
[ERROR] 
[ERROR] To see the full stack trace of the errors, re-run Maven with the -e switch.
[ERROR] Re-run Maven using the -X switch to enable full debug logging.
[ERROR] 
[ERROR] For more information about the errors and possible solutions, please read the following articles:
[ERROR] [Help 1] http://cwiki.apache.org/confluence/display/MAVEN/MojoFailureException
