[INFO] Scanning for projects...
[INFO] 
[INFO] -------------------< com.chrisnewland:jitwatch-core >-------------------
[INFO] Building JITWatch Core 1.4.0
[INFO] --------------------------------[ jar ]---------------------------------
[INFO] 
[INFO] --- maven-resources-plugin:3.0.2:resources (default-resources) @ jitwatch-core ---
[INFO] Using 'UTF-8' encoding to copy filtered resources.
[INFO] Copying 39 resources
[INFO] 
[INFO] --- maven-compiler-plugin:3.8.0:compile (default-compile) @ jitwatch-core ---
[INFO] Changes detected - recompiling the module!
[INFO] Compiling 180 source files to /mnt/c/Users/fujiwara yuma/evaluation/ALL/jitwatch/workingDir/core/target/classes
[INFO] 
[INFO] --- maven-resources-plugin:3.0.2:testResources (default-testResources) @ jitwatch-core ---
[INFO] Using 'UTF-8' encoding to copy filtered resources.
[INFO] Copying 1 resource
[INFO] 
[INFO] --- maven-compiler-plugin:3.8.0:testCompile (default-testCompile) @ jitwatch-core ---
[INFO] Changes detected - recompiling the module!
[INFO] Compiling 39 source files to /mnt/c/Users/fujiwara yuma/evaluation/ALL/jitwatch/workingDir/core/target/test-classes
[WARNING] /mnt/c/Users/fujiwara yuma/evaluation/ALL/jitwatch/workingDir/core/src/test/java/org/adoptopenjdk/jitwatch/test/TestTagProcessor.java:[307,17] <T>assertThat(java.lang.String,T,org.hamcrest.Matcher<? super T>) in org.junit.Assert has been deprecated
[WARNING] /mnt/c/Users/fujiwara yuma/evaluation/ALL/jitwatch/workingDir/core/src/test/java/org/adoptopenjdk/jitwatch/test/TestTagProcessor.java:[327,17] <T>assertThat(java.lang.String,T,org.hamcrest.Matcher<? super T>) in org.junit.Assert has been deprecated
[WARNING] /mnt/c/Users/fujiwara yuma/evaluation/ALL/jitwatch/workingDir/core/src/test/java/org/adoptopenjdk/jitwatch/test/TestTagProcessor.java:[350,17] <T>assertThat(java.lang.String,T,org.hamcrest.Matcher<? super T>) in org.junit.Assert has been deprecated
[WARNING] /mnt/c/Users/fujiwara yuma/evaluation/ALL/jitwatch/workingDir/core/src/test/java/org/adoptopenjdk/jitwatch/test/TestTagProcessor.java:[371,17] <T>assertThat(java.lang.String,T,org.hamcrest.Matcher<? super T>) in org.junit.Assert has been deprecated
[WARNING] /mnt/c/Users/fujiwara yuma/evaluation/ALL/jitwatch/workingDir/core/src/test/java/org/adoptopenjdk/jitwatch/test/TestPackageManager.java:[49,9] <T>assertThat(T,org.hamcrest.Matcher<? super T>) in org.junit.Assert has been deprecated
[WARNING] /mnt/c/Users/fujiwara yuma/evaluation/ALL/jitwatch/workingDir/core/src/test/java/org/adoptopenjdk/jitwatch/test/TestPackageManager.java:[70,9] <T>assertThat(T,org.hamcrest.Matcher<? super T>) in org.junit.Assert has been deprecated
[INFO] 
[INFO] --- maven-surefire-plugin:2.20:test (default-test) @ jitwatch-core ---
[INFO] 
[INFO] -------------------------------------------------------
[INFO]  T E S T S
[INFO] -------------------------------------------------------
[INFO] Running org.adoptopenjdk.jitwatch.test.TestAssemblyLabels
[INFO] Tests run: 7, Failures: 0, Errors: 0, Skipped: 0, Time elapsed: 0.331 s - in org.adoptopenjdk.jitwatch.test.TestAssemblyLabels
[INFO] Running org.adoptopenjdk.jitwatch.test.TestAssemblyParserARM
[INFO] Tests run: 1, Failures: 0, Errors: 0, Skipped: 0, Time elapsed: 0 s - in org.adoptopenjdk.jitwatch.test.TestAssemblyParserARM
[INFO] Running org.adoptopenjdk.jitwatch.test.TestAssemblyParserX86
[INFO] Tests run: 17, Failures: 0, Errors: 0, Skipped: 0, Time elapsed: 0.027 s - in org.adoptopenjdk.jitwatch.test.TestAssemblyParserX86
[INFO] Running org.adoptopenjdk.jitwatch.test.TestAssemblyProcessor
[INFO] Tests run: 12, Failures: 0, Errors: 0, Skipped: 0, Time elapsed: 0.064 s - in org.adoptopenjdk.jitwatch.test.TestAssemblyProcessor
[INFO] Running org.adoptopenjdk.jitwatch.test.TestBytecodeAnnotationBuilder
14:53:33.323 [main] ERROR o.a.j.u.ParseUtil - ClassNotFoundException: 'EscapeTest$Wrapper1'
14:53:33.326 [main] ERROR o.a.j.u.ParseUtil - metaClass not found: EscapeTest$Wrapper1
14:53:33.328 [main] ERROR o.a.j.u.ParseUtil - ClassNotFoundException: 'EscapeTest$Wrapper2'
14:53:33.328 [main] ERROR o.a.j.u.ParseUtil - metaClass not found: EscapeTest$Wrapper2
14:53:33.329 [main] ERROR o.a.j.u.ParseUtil - ClassNotFoundException: 'EscapeTest$Wrapper1'
14:53:33.329 [main] ERROR o.a.j.u.ParseUtil - metaClass not found: EscapeTest$Wrapper1
14:53:33.356 [main] ERROR o.a.j.u.ParseUtil - ClassNotFoundException: 'EscapeTest$Wrapper1'
14:53:33.356 [main] ERROR o.a.j.u.ParseUtil - metaClass not found: EscapeTest$Wrapper1
14:53:33.356 [main] ERROR o.a.j.u.ParseUtil - ClassNotFoundException: 'EscapeTest$Wrapper2'
14:53:33.356 [main] ERROR o.a.j.u.ParseUtil - metaClass not found: EscapeTest$Wrapper2
14:53:33.357 [main] ERROR o.a.j.u.ParseUtil - ClassNotFoundException: 'EscapeTest$Wrapper1'
14:53:33.357 [main] ERROR o.a.j.u.ParseUtil - metaClass not found: EscapeTest$Wrapper1
14:53:33.363 [main] WARN  o.a.j.p.AbstractLogParser - Didn't find compilation with ID null
[INFO] Tests run: 20, Failures: 0, Errors: 0, Skipped: 0, Time elapsed: 0.099 s - in org.adoptopenjdk.jitwatch.test.TestBytecodeAnnotationBuilder
[INFO] Running org.adoptopenjdk.jitwatch.test.TestBytecodeLoader
14:53:33.402 [main] ERROR o.a.j.p.j.ReflectionJavap - Could not load bytecode via reflection
java.lang.IllegalAccessException: class org.adoptopenjdk.jitwatch.process.javap.ReflectionJavap cannot access class com.sun.tools.javap.JavapTask (in module jdk.jdeps) because module jdk.jdeps does not export com.sun.tools.javap to unnamed module @4015e7ec
	at java.base/jdk.internal.reflect.Reflection.newIllegalAccessException(Reflection.java:392)
	at java.base/java.lang.reflect.AccessibleObject.checkAccess(AccessibleObject.java:674)
	at java.base/java.lang.reflect.Constructor.newInstanceWithCaller(Constructor.java:489)
	at java.base/java.lang.reflect.Constructor.newInstance(Constructor.java:480)
	at org.adoptopenjdk.jitwatch.process.javap.ReflectionJavap.createJavapTaskFromArguments(ReflectionJavap.java:135)
	at org.adoptopenjdk.jitwatch.process.javap.ReflectionJavap.getBytecode(ReflectionJavap.java:121)
	at org.adoptopenjdk.jitwatch.loader.BytecodeLoader.fetchBytecodeForClass(BytecodeLoader.java:134)
	at org.adoptopenjdk.jitwatch.loader.BytecodeLoader.fetchBytecodeForClass(BytecodeLoader.java:112)
	at org.adoptopenjdk.jitwatch.test.TestBytecodeLoader.testBytecodeSignature(TestBytecodeLoader.java:48)
	at java.base/jdk.internal.reflect.NativeMethodAccessorImpl.invoke0(Native Method)
	at java.base/jdk.internal.reflect.NativeMethodAccessorImpl.invoke(NativeMethodAccessorImpl.java:77)
	at java.base/jdk.internal.reflect.DelegatingMethodAccessorImpl.invoke(DelegatingMethodAccessorImpl.java:43)
	at java.base/java.lang.reflect.Method.invoke(Method.java:568)
	at org.junit.runners.model.FrameworkMethod$1.runReflectiveCall(FrameworkMethod.java:59)
	at org.junit.internal.runners.model.ReflectiveCallable.run(ReflectiveCallable.java:12)
	at org.junit.runners.model.FrameworkMethod.invokeExplosively(FrameworkMethod.java:56)
	at org.junit.internal.runners.statements.InvokeMethod.evaluate(InvokeMethod.java:17)
	at org.junit.runners.ParentRunner$3.evaluate(ParentRunner.java:306)
	at org.junit.runners.BlockJUnit4ClassRunner$1.evaluate(BlockJUnit4ClassRunner.java:100)
	at org.junit.runners.ParentRunner.runLeaf(ParentRunner.java:366)
	at org.junit.runners.BlockJUnit4ClassRunner.runChild(BlockJUnit4ClassRunner.java:103)
	at org.junit.runners.BlockJUnit4ClassRunner.runChild(BlockJUnit4ClassRunner.java:63)
	at org.junit.runners.ParentRunner$4.run(ParentRunner.java:331)
	at org.junit.runners.ParentRunner$1.schedule(ParentRunner.java:79)
	at org.junit.runners.ParentRunner.runChildren(ParentRunner.java:329)
	at org.junit.runners.ParentRunner.access$100(ParentRunner.java:66)
	at org.junit.runners.ParentRunner$2.evaluate(ParentRunner.java:293)
	at org.junit.runners.ParentRunner$3.evaluate(ParentRunner.java:306)
	at org.junit.runners.ParentRunner.run(ParentRunner.java:413)
	at org.apache.maven.surefire.junit4.JUnit4Provider.execute(JUnit4Provider.java:365)
	at org.apache.maven.surefire.junit4.JUnit4Provider.executeWithRerun(JUnit4Provider.java:272)
	at org.apache.maven.surefire.junit4.JUnit4Provider.executeTestSet(JUnit4Provider.java:236)
	at org.apache.maven.surefire.junit4.JUnit4Provider.invoke(JUnit4Provider.java:159)
	at org.apache.maven.surefire.booter.ForkedBooter.invokeProviderInSameClassLoader(ForkedBooter.java:386)
	at org.apache.maven.surefire.booter.ForkedBooter.runSuitesInProcess(ForkedBooter.java:323)
	at org.apache.maven.surefire.booter.ForkedBooter.main(ForkedBooter.java:143)
14:53:33.408 [main] ERROR o.a.j.p.j.ReflectionJavap - Could not load bytecode via reflection
java.lang.IllegalAccessException: class org.adoptopenjdk.jitwatch.process.javap.ReflectionJavap cannot access class com.sun.tools.javap.JavapTask (in module jdk.jdeps) because module jdk.jdeps does not export com.sun.tools.javap to unnamed module @4015e7ec
	at java.base/jdk.internal.reflect.Reflection.newIllegalAccessException(Reflection.java:392)
	at java.base/java.lang.reflect.AccessibleObject.checkAccess(AccessibleObject.java:674)
	at java.base/java.lang.reflect.Constructor.newInstanceWithCaller(Constructor.java:489)
	at java.base/java.lang.reflect.Constructor.newInstance(Constructor.java:480)
	at org.adoptopenjdk.jitwatch.process.javap.ReflectionJavap.createJavapTaskFromArguments(ReflectionJavap.java:135)
	at org.adoptopenjdk.jitwatch.process.javap.ReflectionJavap.getBytecode(ReflectionJavap.java:121)
	at org.adoptopenjdk.jitwatch.loader.BytecodeLoader.fetchBytecodeForClass(BytecodeLoader.java:134)
	at org.adoptopenjdk.jitwatch.loader.BytecodeLoader.fetchBytecodeForClass(BytecodeLoader.java:112)
	at org.adoptopenjdk.jitwatch.test.TestBytecodeLoader.doTestOverloadedMethod(TestBytecodeLoader.java:875)
	at org.adoptopenjdk.jitwatch.test.TestBytecodeLoader.testExampleOverloadedMethodObject(TestBytecodeLoader.java:897)
	at java.base/jdk.internal.reflect.NativeMethodAccessorImpl.invoke0(Native Method)
	at java.base/jdk.internal.reflect.NativeMethodAccessorImpl.invoke(NativeMethodAccessorImpl.java:77)
	at java.base/jdk.internal.reflect.DelegatingMethodAccessorImpl.invoke(DelegatingMethodAccessorImpl.java:43)
	at java.base/java.lang.reflect.Method.invoke(Method.java:568)
	at org.junit.runners.model.FrameworkMethod$1.runReflectiveCall(FrameworkMethod.java:59)
	at org.junit.internal.runners.model.ReflectiveCallable.run(ReflectiveCallable.java:12)
	at org.junit.runners.model.FrameworkMethod.invokeExplosively(FrameworkMethod.java:56)
	at org.junit.internal.runners.statements.InvokeMethod.evaluate(InvokeMethod.java:17)
	at org.junit.runners.ParentRunner$3.evaluate(ParentRunner.java:306)
	at org.junit.runners.BlockJUnit4ClassRunner$1.evaluate(BlockJUnit4ClassRunner.java:100)
	at org.junit.runners.ParentRunner.runLeaf(ParentRunner.java:366)
	at org.junit.runners.BlockJUnit4ClassRunner.runChild(BlockJUnit4ClassRunner.java:103)
	at org.junit.runners.BlockJUnit4ClassRunner.runChild(BlockJUnit4ClassRunner.java:63)
	at org.junit.runners.ParentRunner$4.run(ParentRunner.java:331)
	at org.junit.runners.ParentRunner$1.schedule(ParentRunner.java:79)
	at org.junit.runners.ParentRunner.runChildren(ParentRunner.java:329)
	at org.junit.runners.ParentRunner.access$100(ParentRunner.java:66)
	at org.junit.runners.ParentRunner$2.evaluate(ParentRunner.java:293)
	at org.junit.runners.ParentRunner$3.evaluate(ParentRunner.java:306)
	at org.junit.runners.ParentRunner.run(ParentRunner.java:413)
	at org.apache.maven.surefire.junit4.JUnit4Provider.execute(JUnit4Provider.java:365)
	at org.apache.maven.surefire.junit4.JUnit4Provider.executeWithRerun(JUnit4Provider.java:272)
	at org.apache.maven.surefire.junit4.JUnit4Provider.executeTestSet(JUnit4Provider.java:236)
	at org.apache.maven.surefire.junit4.JUnit4Provider.invoke(JUnit4Provider.java:159)
	at org.apache.maven.surefire.booter.ForkedBooter.invokeProviderInSameClassLoader(ForkedBooter.java:386)
	at org.apache.maven.surefire.booter.ForkedBooter.runSuitesInProcess(ForkedBooter.java:323)
	at org.apache.maven.surefire.booter.ForkedBooter.main(ForkedBooter.java:143)
14:53:33.412 [main] ERROR o.a.j.p.j.ReflectionJavap - Could not load bytecode via reflection
java.lang.IllegalAccessException: class org.adoptopenjdk.jitwatch.process.javap.ReflectionJavap cannot access class com.sun.tools.javap.JavapTask (in module jdk.jdeps) because module jdk.jdeps does not export com.sun.tools.javap to unnamed module @4015e7ec
	at java.base/jdk.internal.reflect.Reflection.newIllegalAccessException(Reflection.java:392)
	at java.base/java.lang.reflect.AccessibleObject.checkAccess(AccessibleObject.java:674)
	at java.base/java.lang.reflect.Constructor.newInstanceWithCaller(Constructor.java:489)
	at java.base/java.lang.reflect.Constructor.newInstance(Constructor.java:480)
	at org.adoptopenjdk.jitwatch.process.javap.ReflectionJavap.createJavapTaskFromArguments(ReflectionJavap.java:135)
	at org.adoptopenjdk.jitwatch.process.javap.ReflectionJavap.getBytecode(ReflectionJavap.java:121)
	at org.adoptopenjdk.jitwatch.loader.BytecodeLoader.fetchBytecodeForClass(BytecodeLoader.java:134)
	at org.adoptopenjdk.jitwatch.loader.BytecodeLoader.fetchBytecodeForClass(BytecodeLoader.java:112)
	at org.adoptopenjdk.jitwatch.test.TestBytecodeLoader.doTestOverloadedMethod(TestBytecodeLoader.java:875)
	at org.adoptopenjdk.jitwatch.test.TestBytecodeLoader.testExampleOverloadedMethodString(TestBytecodeLoader.java:891)
	at java.base/jdk.internal.reflect.NativeMethodAccessorImpl.invoke0(Native Method)
	at java.base/jdk.internal.reflect.NativeMethodAccessorImpl.invoke(NativeMethodAccessorImpl.java:77)
	at java.base/jdk.internal.reflect.DelegatingMethodAccessorImpl.invoke(DelegatingMethodAccessorImpl.java:43)
	at java.base/java.lang.reflect.Method.invoke(Method.java:568)
	at org.junit.runners.model.FrameworkMethod$1.runReflectiveCall(FrameworkMethod.java:59)
	at org.junit.internal.runners.model.ReflectiveCallable.run(ReflectiveCallable.java:12)
	at org.junit.runners.model.FrameworkMethod.invokeExplosively(FrameworkMethod.java:56)
	at org.junit.internal.runners.statements.InvokeMethod.evaluate(InvokeMethod.java:17)
	at org.junit.runners.ParentRunner$3.evaluate(ParentRunner.java:306)
	at org.junit.runners.BlockJUnit4ClassRunner$1.evaluate(BlockJUnit4ClassRunner.java:100)
	at org.junit.runners.ParentRunner.runLeaf(ParentRunner.java:366)
	at org.junit.runners.BlockJUnit4ClassRunner.runChild(BlockJUnit4ClassRunner.java:103)
	at org.junit.runners.BlockJUnit4ClassRunner.runChild(BlockJUnit4ClassRunner.java:63)
	at org.junit.runners.ParentRunner$4.run(ParentRunner.java:331)
	at org.junit.runners.ParentRunner$1.schedule(ParentRunner.java:79)
	at org.junit.runners.ParentRunner.runChildren(ParentRunner.java:329)
	at org.junit.runners.ParentRunner.access$100(ParentRunner.java:66)
	at org.junit.runners.ParentRunner$2.evaluate(ParentRunner.java:293)
	at org.junit.runners.ParentRunner$3.evaluate(ParentRunner.java:306)
	at org.junit.runners.ParentRunner.run(ParentRunner.java:413)
	at org.apache.maven.surefire.junit4.JUnit4Provider.execute(JUnit4Provider.java:365)
	at org.apache.maven.surefire.junit4.JUnit4Provider.executeWithRerun(JUnit4Provider.java:272)
	at org.apache.maven.surefire.junit4.JUnit4Provider.executeTestSet(JUnit4Provider.java:236)
	at org.apache.maven.surefire.junit4.JUnit4Provider.invoke(JUnit4Provider.java:159)
	at org.apache.maven.surefire.booter.ForkedBooter.invokeProviderInSameClassLoader(ForkedBooter.java:386)
	at org.apache.maven.surefire.booter.ForkedBooter.runSuitesInProcess(ForkedBooter.java:323)
	at org.apache.maven.surefire.booter.ForkedBooter.main(ForkedBooter.java:143)
[ERROR] Tests run: 19, Failures: 0, Errors: 3, Skipped: 0, Time elapsed: 0.041 s <<< FAILURE! - in org.adoptopenjdk.jitwatch.test.TestBytecodeLoader
[ERROR] testBytecodeSignature(org.adoptopenjdk.jitwatch.test.TestBytecodeLoader)  Time elapsed: 0.014 s  <<< ERROR!
java.lang.NullPointerException: Cannot invoke "org.adoptopenjdk.jitwatch.model.bytecode.ClassBC.getMemberBytecode(org.adoptopenjdk.jitwatch.model.IMetaMember)" because "<local5>" is null
	at org.adoptopenjdk.jitwatch.test.TestBytecodeLoader.testBytecodeSignature(TestBytecodeLoader.java:50)

[ERROR] testExampleOverloadedMethodObject(org.adoptopenjdk.jitwatch.test.TestBytecodeLoader)  Time elapsed: 0.001 s  <<< ERROR!
java.lang.NullPointerException: Cannot invoke "org.adoptopenjdk.jitwatch.model.bytecode.ClassBC.getMemberBytecode(org.adoptopenjdk.jitwatch.model.IMetaMember)" because "<local7>" is null
	at org.adoptopenjdk.jitwatch.test.TestBytecodeLoader.doTestOverloadedMethod(TestBytecodeLoader.java:877)
	at org.adoptopenjdk.jitwatch.test.TestBytecodeLoader.testExampleOverloadedMethodObject(TestBytecodeLoader.java:897)

[ERROR] testExampleOverloadedMethodString(org.adoptopenjdk.jitwatch.test.TestBytecodeLoader)  Time elapsed: 0.002 s  <<< ERROR!
java.lang.NullPointerException: Cannot invoke "org.adoptopenjdk.jitwatch.model.bytecode.ClassBC.getMemberBytecode(org.adoptopenjdk.jitwatch.model.IMetaMember)" because "<local7>" is null
	at org.adoptopenjdk.jitwatch.test.TestBytecodeLoader.doTestOverloadedMethod(TestBytecodeLoader.java:877)
	at org.adoptopenjdk.jitwatch.test.TestBytecodeLoader.testExampleOverloadedMethodString(TestBytecodeLoader.java:891)

[INFO] Running org.adoptopenjdk.jitwatch.test.TestBytecodeLoaderWithInnerClasses
14:53:34.219 [main] ERROR o.a.j.p.j.ReflectionJavap - Could not load bytecode via reflection
java.lang.IllegalAccessException: class org.adoptopenjdk.jitwatch.process.javap.ReflectionJavap cannot access class com.sun.tools.javap.JavapTask (in module jdk.jdeps) because module jdk.jdeps does not export com.sun.tools.javap to unnamed module @4015e7ec
	at java.base/jdk.internal.reflect.Reflection.newIllegalAccessException(Reflection.java:392)
	at java.base/java.lang.reflect.AccessibleObject.checkAccess(AccessibleObject.java:674)
	at java.base/java.lang.reflect.Constructor.newInstanceWithCaller(Constructor.java:489)
	at java.base/java.lang.reflect.Constructor.newInstance(Constructor.java:480)
	at org.adoptopenjdk.jitwatch.process.javap.ReflectionJavap.createJavapTaskFromArguments(ReflectionJavap.java:135)
	at org.adoptopenjdk.jitwatch.process.javap.ReflectionJavap.getBytecode(ReflectionJavap.java:121)
	at org.adoptopenjdk.jitwatch.loader.BytecodeLoader.fetchBytecodeForClass(BytecodeLoader.java:134)
	at org.adoptopenjdk.jitwatch.loader.BytecodeLoader.fetchBytecodeForClass(BytecodeLoader.java:112)
	at org.adoptopenjdk.jitwatch.test.TestBytecodeLoaderWithInnerClasses.setUp(TestBytecodeLoaderWithInnerClasses.java:125)
	at java.base/jdk.internal.reflect.NativeMethodAccessorImpl.invoke0(Native Method)
	at java.base/jdk.internal.reflect.NativeMethodAccessorImpl.invoke(NativeMethodAccessorImpl.java:77)
	at java.base/jdk.internal.reflect.DelegatingMethodAccessorImpl.invoke(DelegatingMethodAccessorImpl.java:43)
	at java.base/java.lang.reflect.Method.invoke(Method.java:568)
	at org.junit.runners.model.FrameworkMethod$1.runReflectiveCall(FrameworkMethod.java:59)
	at org.junit.internal.runners.model.ReflectiveCallable.run(ReflectiveCallable.java:12)
	at org.junit.runners.model.FrameworkMethod.invokeExplosively(FrameworkMethod.java:56)
	at org.junit.internal.runners.statements.RunBefores.invokeMethod(RunBefores.java:33)
	at org.junit.internal.runners.statements.RunBefores.evaluate(RunBefores.java:24)
	at org.junit.internal.runners.statements.RunAfters.evaluate(RunAfters.java:27)
	at org.junit.runners.ParentRunner$3.evaluate(ParentRunner.java:306)
	at org.junit.runners.BlockJUnit4ClassRunner$1.evaluate(BlockJUnit4ClassRunner.java:100)
	at org.junit.runners.ParentRunner.runLeaf(ParentRunner.java:366)
	at org.junit.runners.BlockJUnit4ClassRunner.runChild(BlockJUnit4ClassRunner.java:103)
	at org.junit.runners.BlockJUnit4ClassRunner.runChild(BlockJUnit4ClassRunner.java:63)
	at org.junit.runners.ParentRunner$4.run(ParentRunner.java:331)
	at org.junit.runners.ParentRunner$1.schedule(ParentRunner.java:79)
	at org.junit.runners.ParentRunner.runChildren(ParentRunner.java:329)
	at org.junit.runners.ParentRunner.access$100(ParentRunner.java:66)
	at org.junit.runners.ParentRunner$2.evaluate(ParentRunner.java:293)
	at org.junit.runners.ParentRunner$3.evaluate(ParentRunner.java:306)
	at org.junit.runners.ParentRunner.run(ParentRunner.java:413)
	at org.apache.maven.surefire.junit4.JUnit4Provider.execute(JUnit4Provider.java:365)
	at org.apache.maven.surefire.junit4.JUnit4Provider.executeWithRerun(JUnit4Provider.java:272)
	at org.apache.maven.surefire.junit4.JUnit4Provider.executeTestSet(JUnit4Provider.java:236)
	at org.apache.maven.surefire.junit4.JUnit4Provider.invoke(JUnit4Provider.java:159)
	at org.apache.maven.surefire.booter.ForkedBooter.invokeProviderInSameClassLoader(ForkedBooter.java:386)
	at org.apache.maven.surefire.booter.ForkedBooter.runSuitesInProcess(ForkedBooter.java:323)
	at org.apache.maven.surefire.booter.ForkedBooter.main(ForkedBooter.java:143)
14:53:34.220 [main] ERROR o.a.j.p.j.ReflectionJavap - Could not load bytecode via reflection
java.lang.IllegalAccessException: class org.adoptopenjdk.jitwatch.process.javap.ReflectionJavap cannot access class com.sun.tools.javap.JavapTask (in module jdk.jdeps) because module jdk.jdeps does not export com.sun.tools.javap to unnamed module @4015e7ec
	at java.base/jdk.internal.reflect.Reflection.newIllegalAccessException(Reflection.java:392)
	at java.base/java.lang.reflect.AccessibleObject.checkAccess(AccessibleObject.java:674)
	at java.base/java.lang.reflect.Constructor.newInstanceWithCaller(Constructor.java:489)
	at java.base/java.lang.reflect.Constructor.newInstance(Constructor.java:480)
	at org.adoptopenjdk.jitwatch.process.javap.ReflectionJavap.createJavapTaskFromArguments(ReflectionJavap.java:135)
	at org.adoptopenjdk.jitwatch.process.javap.ReflectionJavap.getBytecode(ReflectionJavap.java:121)
	at org.adoptopenjdk.jitwatch.loader.BytecodeLoader.fetchBytecodeForClass(BytecodeLoader.java:134)
	at org.adoptopenjdk.jitwatch.loader.BytecodeLoader.fetchBytecodeForClass(BytecodeLoader.java:112)
	at org.adoptopenjdk.jitwatch.test.TestBytecodeLoaderWithInnerClasses.setUp(TestBytecodeLoaderWithInnerClasses.java:127)
	at java.base/jdk.internal.reflect.NativeMethodAccessorImpl.invoke0(Native Method)
	at java.base/jdk.internal.reflect.NativeMethodAccessorImpl.invoke(NativeMethodAccessorImpl.java:77)
	at java.base/jdk.internal.reflect.DelegatingMethodAccessorImpl.invoke(DelegatingMethodAccessorImpl.java:43)
	at java.base/java.lang.reflect.Method.invoke(Method.java:568)
	at org.junit.runners.model.FrameworkMethod$1.runReflectiveCall(FrameworkMethod.java:59)
	at org.junit.internal.runners.model.ReflectiveCallable.run(ReflectiveCallable.java:12)
	at org.junit.runners.model.FrameworkMethod.invokeExplosively(FrameworkMethod.java:56)
	at org.junit.internal.runners.statements.RunBefores.invokeMethod(RunBefores.java:33)
	at org.junit.internal.runners.statements.RunBefores.evaluate(RunBefores.java:24)
	at org.junit.internal.runners.statements.RunAfters.evaluate(RunAfters.java:27)
	at org.junit.runners.ParentRunner$3.evaluate(ParentRunner.java:306)
	at org.junit.runners.BlockJUnit4ClassRunner$1.evaluate(BlockJUnit4ClassRunner.java:100)
	at org.junit.runners.ParentRunner.runLeaf(ParentRunner.java:366)
	at org.junit.runners.BlockJUnit4ClassRunner.runChild(BlockJUnit4ClassRunner.java:103)
	at org.junit.runners.BlockJUnit4ClassRunner.runChild(BlockJUnit4ClassRunner.java:63)
	at org.junit.runners.ParentRunner$4.run(ParentRunner.java:331)
	at org.junit.runners.ParentRunner$1.schedule(ParentRunner.java:79)
	at org.junit.runners.ParentRunner.runChildren(ParentRunner.java:329)
	at org.junit.runners.ParentRunner.access$100(ParentRunner.java:66)
	at org.junit.runners.ParentRunner$2.evaluate(ParentRunner.java:293)
	at org.junit.runners.ParentRunner$3.evaluate(ParentRunner.java:306)
	at org.junit.runners.ParentRunner.run(ParentRunner.java:413)
	at org.apache.maven.surefire.junit4.JUnit4Provider.execute(JUnit4Provider.java:365)
	at org.apache.maven.surefire.junit4.JUnit4Provider.executeWithRerun(JUnit4Provider.java:272)
	at org.apache.maven.surefire.junit4.JUnit4Provider.executeTestSet(JUnit4Provider.java:236)
	at org.apache.maven.surefire.junit4.JUnit4Provider.invoke(JUnit4Provider.java:159)
	at org.apache.maven.surefire.booter.ForkedBooter.invokeProviderInSameClassLoader(ForkedBooter.java:386)
	at org.apache.maven.surefire.booter.ForkedBooter.runSuitesInProcess(ForkedBooter.java:323)
	at org.apache.maven.surefire.booter.ForkedBooter.main(ForkedBooter.java:143)
14:53:34.221 [main] ERROR o.a.j.p.j.ReflectionJavap - Could not load bytecode via reflection
java.lang.IllegalAccessException: class org.adoptopenjdk.jitwatch.process.javap.ReflectionJavap cannot access class com.sun.tools.javap.JavapTask (in module jdk.jdeps) because module jdk.jdeps does not export com.sun.tools.javap to unnamed module @4015e7ec
	at java.base/jdk.internal.reflect.Reflection.newIllegalAccessException(Reflection.java:392)
	at java.base/java.lang.reflect.AccessibleObject.checkAccess(AccessibleObject.java:674)
	at java.base/java.lang.reflect.Constructor.newInstanceWithCaller(Constructor.java:489)
	at java.base/java.lang.reflect.Constructor.newInstance(Constructor.java:480)
	at org.adoptopenjdk.jitwatch.process.javap.ReflectionJavap.createJavapTaskFromArguments(ReflectionJavap.java:135)
	at org.adoptopenjdk.jitwatch.process.javap.ReflectionJavap.getBytecode(ReflectionJavap.java:121)
	at org.adoptopenjdk.jitwatch.loader.BytecodeLoader.fetchBytecodeForClass(BytecodeLoader.java:134)
	at org.adoptopenjdk.jitwatch.loader.BytecodeLoader.fetchBytecodeForClass(BytecodeLoader.java:112)
	at org.adoptopenjdk.jitwatch.test.TestBytecodeLoaderWithInnerClasses.setUp(TestBytecodeLoaderWithInnerClasses.java:128)
	at java.base/jdk.internal.reflect.NativeMethodAccessorImpl.invoke0(Native Method)
	at java.base/jdk.internal.reflect.NativeMethodAccessorImpl.invoke(NativeMethodAccessorImpl.java:77)
	at java.base/jdk.internal.reflect.DelegatingMethodAccessorImpl.invoke(DelegatingMethodAccessorImpl.java:43)
	at java.base/java.lang.reflect.Method.invoke(Method.java:568)
	at org.junit.runners.model.FrameworkMethod$1.runReflectiveCall(FrameworkMethod.java:59)
	at org.junit.internal.runners.model.ReflectiveCallable.run(ReflectiveCallable.java:12)
	at org.junit.runners.model.FrameworkMethod.invokeExplosively(FrameworkMethod.java:56)
	at org.junit.internal.runners.statements.RunBefores.invokeMethod(RunBefores.java:33)
	at org.junit.internal.runners.statements.RunBefores.evaluate(RunBefores.java:24)
	at org.junit.internal.runners.statements.RunAfters.evaluate(RunAfters.java:27)
	at org.junit.runners.ParentRunner$3.evaluate(ParentRunner.java:306)
	at org.junit.runners.BlockJUnit4ClassRunner$1.evaluate(BlockJUnit4ClassRunner.java:100)
	at org.junit.runners.ParentRunner.runLeaf(ParentRunner.java:366)
	at org.junit.runners.BlockJUnit4ClassRunner.runChild(BlockJUnit4ClassRunner.java:103)
	at org.junit.runners.BlockJUnit4ClassRunner.runChild(BlockJUnit4ClassRunner.java:63)
	at org.junit.runners.ParentRunner$4.run(ParentRunner.java:331)
	at org.junit.runners.ParentRunner$1.schedule(ParentRunner.java:79)
	at org.junit.runners.ParentRunner.runChildren(ParentRunner.java:329)
	at org.junit.runners.ParentRunner.access$100(ParentRunner.java:66)
	at org.junit.runners.ParentRunner$2.evaluate(ParentRunner.java:293)
	at org.junit.runners.ParentRunner$3.evaluate(ParentRunner.java:306)
	at org.junit.runners.ParentRunner.run(ParentRunner.java:413)
	at org.apache.maven.surefire.junit4.JUnit4Provider.execute(JUnit4Provider.java:365)
	at org.apache.maven.surefire.junit4.JUnit4Provider.executeWithRerun(JUnit4Provider.java:272)
	at org.apache.maven.surefire.junit4.JUnit4Provider.executeTestSet(JUnit4Provider.java:236)
	at org.apache.maven.surefire.junit4.JUnit4Provider.invoke(JUnit4Provider.java:159)
	at org.apache.maven.surefire.booter.ForkedBooter.invokeProviderInSameClassLoader(ForkedBooter.java:386)
	at org.apache.maven.surefire.booter.ForkedBooter.runSuitesInProcess(ForkedBooter.java:323)
	at org.apache.maven.surefire.booter.ForkedBooter.main(ForkedBooter.java:143)
14:53:35.000 [main] ERROR o.a.j.p.j.ReflectionJavap - Could not load bytecode via reflection
java.lang.IllegalAccessException: class org.adoptopenjdk.jitwatch.process.javap.ReflectionJavap cannot access class com.sun.tools.javap.JavapTask (in module jdk.jdeps) because module jdk.jdeps does not export com.sun.tools.javap to unnamed module @4015e7ec
	at java.base/jdk.internal.reflect.Reflection.newIllegalAccessException(Reflection.java:392)
	at java.base/java.lang.reflect.AccessibleObject.checkAccess(AccessibleObject.java:674)
	at java.base/java.lang.reflect.Constructor.newInstanceWithCaller(Constructor.java:489)
	at java.base/java.lang.reflect.Constructor.newInstance(Constructor.java:480)
	at org.adoptopenjdk.jitwatch.process.javap.ReflectionJavap.createJavapTaskFromArguments(ReflectionJavap.java:135)
	at org.adoptopenjdk.jitwatch.process.javap.ReflectionJavap.getBytecode(ReflectionJavap.java:121)
	at org.adoptopenjdk.jitwatch.loader.BytecodeLoader.fetchBytecodeForClass(BytecodeLoader.java:134)
	at org.adoptopenjdk.jitwatch.loader.BytecodeLoader.fetchBytecodeForClass(BytecodeLoader.java:112)
	at org.adoptopenjdk.jitwatch.test.TestBytecodeLoaderWithInnerClasses.setUp(TestBytecodeLoaderWithInnerClasses.java:125)
	at java.base/jdk.internal.reflect.NativeMethodAccessorImpl.invoke0(Native Method)
	at java.base/jdk.internal.reflect.NativeMethodAccessorImpl.invoke(NativeMethodAccessorImpl.java:77)
	at java.base/jdk.internal.reflect.DelegatingMethodAccessorImpl.invoke(DelegatingMethodAccessorImpl.java:43)
	at java.base/java.lang.reflect.Method.invoke(Method.java:568)
	at org.junit.runners.model.FrameworkMethod$1.runReflectiveCall(FrameworkMethod.java:59)
	at org.junit.internal.runners.model.ReflectiveCallable.run(ReflectiveCallable.java:12)
	at org.junit.runners.model.FrameworkMethod.invokeExplosively(FrameworkMethod.java:56)
	at org.junit.internal.runners.statements.RunBefores.invokeMethod(RunBefores.java:33)
	at org.junit.internal.runners.statements.RunBefores.evaluate(RunBefores.java:24)
	at org.junit.internal.runners.statements.RunAfters.evaluate(RunAfters.java:27)
	at org.junit.runners.ParentRunner$3.evaluate(ParentRunner.java:306)
	at org.junit.runners.BlockJUnit4ClassRunner$1.evaluate(BlockJUnit4ClassRunner.java:100)
	at org.junit.runners.ParentRunner.runLeaf(ParentRunner.java:366)
	at org.junit.runners.BlockJUnit4ClassRunner.runChild(BlockJUnit4ClassRunner.java:103)
	at org.junit.runners.BlockJUnit4ClassRunner.runChild(BlockJUnit4ClassRunner.java:63)
	at org.junit.runners.ParentRunner$4.run(ParentRunner.java:331)
	at org.junit.runners.ParentRunner$1.schedule(ParentRunner.java:79)
	at org.junit.runners.ParentRunner.runChildren(ParentRunner.java:329)
	at org.junit.runners.ParentRunner.access$100(ParentRunner.java:66)
	at org.junit.runners.ParentRunner$2.evaluate(ParentRunner.java:293)
	at org.junit.runners.ParentRunner$3.evaluate(ParentRunner.java:306)
	at org.junit.runners.ParentRunner.run(ParentRunner.java:413)
	at org.apache.maven.surefire.junit4.JUnit4Provider.execute(JUnit4Provider.java:365)
	at org.apache.maven.surefire.junit4.JUnit4Provider.executeWithRerun(JUnit4Provider.java:272)
	at org.apache.maven.surefire.junit4.JUnit4Provider.executeTestSet(JUnit4Provider.java:236)
	at org.apache.maven.surefire.junit4.JUnit4Provider.invoke(JUnit4Provider.java:159)
	at org.apache.maven.surefire.booter.ForkedBooter.invokeProviderInSameClassLoader(ForkedBooter.java:386)
	at org.apache.maven.surefire.booter.ForkedBooter.runSuitesInProcess(ForkedBooter.java:323)
	at org.apache.maven.surefire.booter.ForkedBooter.main(ForkedBooter.java:143)
14:53:35.001 [main] ERROR o.a.j.p.j.ReflectionJavap - Could not load bytecode via reflection
java.lang.IllegalAccessException: class org.adoptopenjdk.jitwatch.process.javap.ReflectionJavap cannot access class com.sun.tools.javap.JavapTask (in module jdk.jdeps) because module jdk.jdeps does not export com.sun.tools.javap to unnamed module @4015e7ec
	at java.base/jdk.internal.reflect.Reflection.newIllegalAccessException(Reflection.java:392)
	at java.base/java.lang.reflect.AccessibleObject.checkAccess(AccessibleObject.java:674)
	at java.base/java.lang.reflect.Constructor.newInstanceWithCaller(Constructor.java:489)
	at java.base/java.lang.reflect.Constructor.newInstance(Constructor.java:480)
	at org.adoptopenjdk.jitwatch.process.javap.ReflectionJavap.createJavapTaskFromArguments(ReflectionJavap.java:135)
	at org.adoptopenjdk.jitwatch.process.javap.ReflectionJavap.getBytecode(ReflectionJavap.java:121)
	at org.adoptopenjdk.jitwatch.loader.BytecodeLoader.fetchBytecodeForClass(BytecodeLoader.java:134)
	at org.adoptopenjdk.jitwatch.loader.BytecodeLoader.fetchBytecodeForClass(BytecodeLoader.java:112)
	at org.adoptopenjdk.jitwatch.test.TestBytecodeLoaderWithInnerClasses.setUp(TestBytecodeLoaderWithInnerClasses.java:127)
	at java.base/jdk.internal.reflect.NativeMethodAccessorImpl.invoke0(Native Method)
	at java.base/jdk.internal.reflect.NativeMethodAccessorImpl.invoke(NativeMethodAccessorImpl.java:77)
	at java.base/jdk.internal.reflect.DelegatingMethodAccessorImpl.invoke(DelegatingMethodAccessorImpl.java:43)
	at java.base/java.lang.reflect.Method.invoke(Method.java:568)
	at org.junit.runners.model.FrameworkMethod$1.runReflectiveCall(FrameworkMethod.java:59)
	at org.junit.internal.runners.model.ReflectiveCallable.run(ReflectiveCallable.java:12)
	at org.junit.runners.model.FrameworkMethod.invokeExplosively(FrameworkMethod.java:56)
	at org.junit.internal.runners.statements.RunBefores.invokeMethod(RunBefores.java:33)
	at org.junit.internal.runners.statements.RunBefores.evaluate(RunBefores.java:24)
	at org.junit.internal.runners.statements.RunAfters.evaluate(RunAfters.java:27)
	at org.junit.runners.ParentRunner$3.evaluate(ParentRunner.java:306)
	at org.junit.runners.BlockJUnit4ClassRunner$1.evaluate(BlockJUnit4ClassRunner.java:100)
	at org.junit.runners.ParentRunner.runLeaf(ParentRunner.java:366)
	at org.junit.runners.BlockJUnit4ClassRunner.runChild(BlockJUnit4ClassRunner.java:103)
	at org.junit.runners.BlockJUnit4ClassRunner.runChild(BlockJUnit4ClassRunner.java:63)
	at org.junit.runners.ParentRunner$4.run(ParentRunner.java:331)
	at org.junit.runners.ParentRunner$1.schedule(ParentRunner.java:79)
	at org.junit.runners.ParentRunner.runChildren(ParentRunner.java:329)
	at org.junit.runners.ParentRunner.access$100(ParentRunner.java:66)
	at org.junit.runners.ParentRunner$2.evaluate(ParentRunner.java:293)
	at org.junit.runners.ParentRunner$3.evaluate(ParentRunner.java:306)
	at org.junit.runners.ParentRunner.run(ParentRunner.java:413)
	at org.apache.maven.surefire.junit4.JUnit4Provider.execute(JUnit4Provider.java:365)
	at org.apache.maven.surefire.junit4.JUnit4Provider.executeWithRerun(JUnit4Provider.java:272)
	at org.apache.maven.surefire.junit4.JUnit4Provider.executeTestSet(JUnit4Provider.java:236)
	at org.apache.maven.surefire.junit4.JUnit4Provider.invoke(JUnit4Provider.java:159)
	at org.apache.maven.surefire.booter.ForkedBooter.invokeProviderInSameClassLoader(ForkedBooter.java:386)
	at org.apache.maven.surefire.booter.ForkedBooter.runSuitesInProcess(ForkedBooter.java:323)
	at org.apache.maven.surefire.booter.ForkedBooter.main(ForkedBooter.java:143)
14:53:35.002 [main] ERROR o.a.j.p.j.ReflectionJavap - Could not load bytecode via reflection
java.lang.IllegalAccessException: class org.adoptopenjdk.jitwatch.process.javap.ReflectionJavap cannot access class com.sun.tools.javap.JavapTask (in module jdk.jdeps) because module jdk.jdeps does not export com.sun.tools.javap to unnamed module @4015e7ec
	at java.base/jdk.internal.reflect.Reflection.newIllegalAccessException(Reflection.java:392)
	at java.base/java.lang.reflect.AccessibleObject.checkAccess(AccessibleObject.java:674)
	at java.base/java.lang.reflect.Constructor.newInstanceWithCaller(Constructor.java:489)
	at java.base/java.lang.reflect.Constructor.newInstance(Constructor.java:480)
	at org.adoptopenjdk.jitwatch.process.javap.ReflectionJavap.createJavapTaskFromArguments(ReflectionJavap.java:135)
	at org.adoptopenjdk.jitwatch.process.javap.ReflectionJavap.getBytecode(ReflectionJavap.java:121)
	at org.adoptopenjdk.jitwatch.loader.BytecodeLoader.fetchBytecodeForClass(BytecodeLoader.java:134)
	at org.adoptopenjdk.jitwatch.loader.BytecodeLoader.fetchBytecodeForClass(BytecodeLoader.java:112)
	at org.adoptopenjdk.jitwatch.test.TestBytecodeLoaderWithInnerClasses.setUp(TestBytecodeLoaderWithInnerClasses.java:128)
	at java.base/jdk.internal.reflect.NativeMethodAccessorImpl.invoke0(Native Method)
	at java.base/jdk.internal.reflect.NativeMethodAccessorImpl.invoke(NativeMethodAccessorImpl.java:77)
	at java.base/jdk.internal.reflect.DelegatingMethodAccessorImpl.invoke(DelegatingMethodAccessorImpl.java:43)
	at java.base/java.lang.reflect.Method.invoke(Method.java:568)
	at org.junit.runners.model.FrameworkMethod$1.runReflectiveCall(FrameworkMethod.java:59)
	at org.junit.internal.runners.model.ReflectiveCallable.run(ReflectiveCallable.java:12)
	at org.junit.runners.model.FrameworkMethod.invokeExplosively(FrameworkMethod.java:56)
	at org.junit.internal.runners.statements.RunBefores.invokeMethod(RunBefores.java:33)
	at org.junit.internal.runners.statements.RunBefores.evaluate(RunBefores.java:24)
	at org.junit.internal.runners.statements.RunAfters.evaluate(RunAfters.java:27)
	at org.junit.runners.ParentRunner$3.evaluate(ParentRunner.java:306)
	at org.junit.runners.BlockJUnit4ClassRunner$1.evaluate(BlockJUnit4ClassRunner.java:100)
	at org.junit.runners.ParentRunner.runLeaf(ParentRunner.java:366)
	at org.junit.runners.BlockJUnit4ClassRunner.runChild(BlockJUnit4ClassRunner.java:103)
	at org.junit.runners.BlockJUnit4ClassRunner.runChild(BlockJUnit4ClassRunner.java:63)
	at org.junit.runners.ParentRunner$4.run(ParentRunner.java:331)
	at org.junit.runners.ParentRunner$1.schedule(ParentRunner.java:79)
	at org.junit.runners.ParentRunner.runChildren(ParentRunner.java:329)
	at org.junit.runners.ParentRunner.access$100(ParentRunner.java:66)
	at org.junit.runners.ParentRunner$2.evaluate(ParentRunner.java:293)
	at org.junit.runners.ParentRunner$3.evaluate(ParentRunner.java:306)
	at org.junit.runners.ParentRunner.run(ParentRunner.java:413)
	at org.apache.maven.surefire.junit4.JUnit4Provider.execute(JUnit4Provider.java:365)
	at org.apache.maven.surefire.junit4.JUnit4Provider.executeWithRerun(JUnit4Provider.java:272)
	at org.apache.maven.surefire.junit4.JUnit4Provider.executeTestSet(JUnit4Provider.java:236)
	at org.apache.maven.surefire.junit4.JUnit4Provider.invoke(JUnit4Provider.java:159)
	at org.apache.maven.surefire.booter.ForkedBooter.invokeProviderInSameClassLoader(ForkedBooter.java:386)
	at org.apache.maven.surefire.booter.ForkedBooter.runSuitesInProcess(ForkedBooter.java:323)
	at org.apache.maven.surefire.booter.ForkedBooter.main(ForkedBooter.java:143)
14:53:35.759 [main] ERROR o.a.j.p.j.ReflectionJavap - Could not load bytecode via reflection
java.lang.IllegalAccessException: class org.adoptopenjdk.jitwatch.process.javap.ReflectionJavap cannot access class com.sun.tools.javap.JavapTask (in module jdk.jdeps) because module jdk.jdeps does not export com.sun.tools.javap to unnamed module @4015e7ec
	at java.base/jdk.internal.reflect.Reflection.newIllegalAccessException(Reflection.java:392)
	at java.base/java.lang.reflect.AccessibleObject.checkAccess(AccessibleObject.java:674)
	at java.base/java.lang.reflect.Constructor.newInstanceWithCaller(Constructor.java:489)
	at java.base/java.lang.reflect.Constructor.newInstance(Constructor.java:480)
	at org.adoptopenjdk.jitwatch.process.javap.ReflectionJavap.createJavapTaskFromArguments(ReflectionJavap.java:135)
	at org.adoptopenjdk.jitwatch.process.javap.ReflectionJavap.getBytecode(ReflectionJavap.java:121)
	at org.adoptopenjdk.jitwatch.loader.BytecodeLoader.fetchBytecodeForClass(BytecodeLoader.java:134)
	at org.adoptopenjdk.jitwatch.loader.BytecodeLoader.fetchBytecodeForClass(BytecodeLoader.java:112)
	at org.adoptopenjdk.jitwatch.test.TestBytecodeLoaderWithInnerClasses.setUp(TestBytecodeLoaderWithInnerClasses.java:125)
	at java.base/jdk.internal.reflect.NativeMethodAccessorImpl.invoke0(Native Method)
	at java.base/jdk.internal.reflect.NativeMethodAccessorImpl.invoke(NativeMethodAccessorImpl.java:77)
	at java.base/jdk.internal.reflect.DelegatingMethodAccessorImpl.invoke(DelegatingMethodAccessorImpl.java:43)
	at java.base/java.lang.reflect.Method.invoke(Method.java:568)
	at org.junit.runners.model.FrameworkMethod$1.runReflectiveCall(FrameworkMethod.java:59)
	at org.junit.internal.runners.model.ReflectiveCallable.run(ReflectiveCallable.java:12)
	at org.junit.runners.model.FrameworkMethod.invokeExplosively(FrameworkMethod.java:56)
	at org.junit.internal.runners.statements.RunBefores.invokeMethod(RunBefores.java:33)
	at org.junit.internal.runners.statements.RunBefores.evaluate(RunBefores.java:24)
	at org.junit.internal.runners.statements.RunAfters.evaluate(RunAfters.java:27)
	at org.junit.runners.ParentRunner$3.evaluate(ParentRunner.java:306)
	at org.junit.runners.BlockJUnit4ClassRunner$1.evaluate(BlockJUnit4ClassRunner.java:100)
	at org.junit.runners.ParentRunner.runLeaf(ParentRunner.java:366)
	at org.junit.runners.BlockJUnit4ClassRunner.runChild(BlockJUnit4ClassRunner.java:103)
	at org.junit.runners.BlockJUnit4ClassRunner.runChild(BlockJUnit4ClassRunner.java:63)
	at org.junit.runners.ParentRunner$4.run(ParentRunner.java:331)
	at org.junit.runners.ParentRunner$1.schedule(ParentRunner.java:79)
	at org.junit.runners.ParentRunner.runChildren(ParentRunner.java:329)
	at org.junit.runners.ParentRunner.access$100(ParentRunner.java:66)
	at org.junit.runners.ParentRunner$2.evaluate(ParentRunner.java:293)
	at org.junit.runners.ParentRunner$3.evaluate(ParentRunner.java:306)
	at org.junit.runners.ParentRunner.run(ParentRunner.java:413)
	at org.apache.maven.surefire.junit4.JUnit4Provider.execute(JUnit4Provider.java:365)
	at org.apache.maven.surefire.junit4.JUnit4Provider.executeWithRerun(JUnit4Provider.java:272)
	at org.apache.maven.surefire.junit4.JUnit4Provider.executeTestSet(JUnit4Provider.java:236)
	at org.apache.maven.surefire.junit4.JUnit4Provider.invoke(JUnit4Provider.java:159)
	at org.apache.maven.surefire.booter.ForkedBooter.invokeProviderInSameClassLoader(ForkedBooter.java:386)
	at org.apache.maven.surefire.booter.ForkedBooter.runSuitesInProcess(ForkedBooter.java:323)
	at org.apache.maven.surefire.booter.ForkedBooter.main(ForkedBooter.java:143)
14:53:35.760 [main] ERROR o.a.j.p.j.ReflectionJavap - Could not load bytecode via reflection
java.lang.IllegalAccessException: class org.adoptopenjdk.jitwatch.process.javap.ReflectionJavap cannot access class com.sun.tools.javap.JavapTask (in module jdk.jdeps) because module jdk.jdeps does not export com.sun.tools.javap to unnamed module @4015e7ec
	at java.base/jdk.internal.reflect.Reflection.newIllegalAccessException(Reflection.java:392)
	at java.base/java.lang.reflect.AccessibleObject.checkAccess(AccessibleObject.java:674)
	at java.base/java.lang.reflect.Constructor.newInstanceWithCaller(Constructor.java:489)
	at java.base/java.lang.reflect.Constructor.newInstance(Constructor.java:480)
	at org.adoptopenjdk.jitwatch.process.javap.ReflectionJavap.createJavapTaskFromArguments(ReflectionJavap.java:135)
	at org.adoptopenjdk.jitwatch.process.javap.ReflectionJavap.getBytecode(ReflectionJavap.java:121)
	at org.adoptopenjdk.jitwatch.loader.BytecodeLoader.fetchBytecodeForClass(BytecodeLoader.java:134)
	at org.adoptopenjdk.jitwatch.loader.BytecodeLoader.fetchBytecodeForClass(BytecodeLoader.java:112)
	at org.adoptopenjdk.jitwatch.test.TestBytecodeLoaderWithInnerClasses.setUp(TestBytecodeLoaderWithInnerClasses.java:127)
	at java.base/jdk.internal.reflect.NativeMethodAccessorImpl.invoke0(Native Method)
	at java.base/jdk.internal.reflect.NativeMethodAccessorImpl.invoke(NativeMethodAccessorImpl.java:77)
	at java.base/jdk.internal.reflect.DelegatingMethodAccessorImpl.invoke(DelegatingMethodAccessorImpl.java:43)
	at java.base/java.lang.reflect.Method.invoke(Method.java:568)
	at org.junit.runners.model.FrameworkMethod$1.runReflectiveCall(FrameworkMethod.java:59)
	at org.junit.internal.runners.model.ReflectiveCallable.run(ReflectiveCallable.java:12)
	at org.junit.runners.model.FrameworkMethod.invokeExplosively(FrameworkMethod.java:56)
	at org.junit.internal.runners.statements.RunBefores.invokeMethod(RunBefores.java:33)
	at org.junit.internal.runners.statements.RunBefores.evaluate(RunBefores.java:24)
	at org.junit.internal.runners.statements.RunAfters.evaluate(RunAfters.java:27)
	at org.junit.runners.ParentRunner$3.evaluate(ParentRunner.java:306)
	at org.junit.runners.BlockJUnit4ClassRunner$1.evaluate(BlockJUnit4ClassRunner.java:100)
	at org.junit.runners.ParentRunner.runLeaf(ParentRunner.java:366)
	at org.junit.runners.BlockJUnit4ClassRunner.runChild(BlockJUnit4ClassRunner.java:103)
	at org.junit.runners.BlockJUnit4ClassRunner.runChild(BlockJUnit4ClassRunner.java:63)
	at org.junit.runners.ParentRunner$4.run(ParentRunner.java:331)
	at org.junit.runners.ParentRunner$1.schedule(ParentRunner.java:79)
	at org.junit.runners.ParentRunner.runChildren(ParentRunner.java:329)
	at org.junit.runners.ParentRunner.access$100(ParentRunner.java:66)
	at org.junit.runners.ParentRunner$2.evaluate(ParentRunner.java:293)
	at org.junit.runners.ParentRunner$3.evaluate(ParentRunner.java:306)
	at org.junit.runners.ParentRunner.run(ParentRunner.java:413)
	at org.apache.maven.surefire.junit4.JUnit4Provider.execute(JUnit4Provider.java:365)
	at org.apache.maven.surefire.junit4.JUnit4Provider.executeWithRerun(JUnit4Provider.java:272)
	at org.apache.maven.surefire.junit4.JUnit4Provider.executeTestSet(JUnit4Provider.java:236)
	at org.apache.maven.surefire.junit4.JUnit4Provider.invoke(JUnit4Provider.java:159)
	at org.apache.maven.surefire.booter.ForkedBooter.invokeProviderInSameClassLoader(ForkedBooter.java:386)
	at org.apache.maven.surefire.booter.ForkedBooter.runSuitesInProcess(ForkedBooter.java:323)
	at org.apache.maven.surefire.booter.ForkedBooter.main(ForkedBooter.java:143)
14:53:35.761 [main] ERROR o.a.j.p.j.ReflectionJavap - Could not load bytecode via reflection
java.lang.IllegalAccessException: class org.adoptopenjdk.jitwatch.process.javap.ReflectionJavap cannot access class com.sun.tools.javap.JavapTask (in module jdk.jdeps) because module jdk.jdeps does not export com.sun.tools.javap to unnamed module @4015e7ec
	at java.base/jdk.internal.reflect.Reflection.newIllegalAccessException(Reflection.java:392)
	at java.base/java.lang.reflect.AccessibleObject.checkAccess(AccessibleObject.java:674)
	at java.base/java.lang.reflect.Constructor.newInstanceWithCaller(Constructor.java:489)
	at java.base/java.lang.reflect.Constructor.newInstance(Constructor.java:480)
	at org.adoptopenjdk.jitwatch.process.javap.ReflectionJavap.createJavapTaskFromArguments(ReflectionJavap.java:135)
	at org.adoptopenjdk.jitwatch.process.javap.ReflectionJavap.getBytecode(ReflectionJavap.java:121)
	at org.adoptopenjdk.jitwatch.loader.BytecodeLoader.fetchBytecodeForClass(BytecodeLoader.java:134)
	at org.adoptopenjdk.jitwatch.loader.BytecodeLoader.fetchBytecodeForClass(BytecodeLoader.java:112)
	at org.adoptopenjdk.jitwatch.test.TestBytecodeLoaderWithInnerClasses.setUp(TestBytecodeLoaderWithInnerClasses.java:128)
	at java.base/jdk.internal.reflect.NativeMethodAccessorImpl.invoke0(Native Method)
	at java.base/jdk.internal.reflect.NativeMethodAccessorImpl.invoke(NativeMethodAccessorImpl.java:77)
	at java.base/jdk.internal.reflect.DelegatingMethodAccessorImpl.invoke(DelegatingMethodAccessorImpl.java:43)
	at java.base/java.lang.reflect.Method.invoke(Method.java:568)
	at org.junit.runners.model.FrameworkMethod$1.runReflectiveCall(FrameworkMethod.java:59)
	at org.junit.internal.runners.model.ReflectiveCallable.run(ReflectiveCallable.java:12)
	at org.junit.runners.model.FrameworkMethod.invokeExplosively(FrameworkMethod.java:56)
	at org.junit.internal.runners.statements.RunBefores.invokeMethod(RunBefores.java:33)
	at org.junit.internal.runners.statements.RunBefores.evaluate(RunBefores.java:24)
	at org.junit.internal.runners.statements.RunAfters.evaluate(RunAfters.java:27)
	at org.junit.runners.ParentRunner$3.evaluate(ParentRunner.java:306)
	at org.junit.runners.BlockJUnit4ClassRunner$1.evaluate(BlockJUnit4ClassRunner.java:100)
	at org.junit.runners.ParentRunner.runLeaf(ParentRunner.java:366)
	at org.junit.runners.BlockJUnit4ClassRunner.runChild(BlockJUnit4ClassRunner.java:103)
	at org.junit.runners.BlockJUnit4ClassRunner.runChild(BlockJUnit4ClassRunner.java:63)
	at org.junit.runners.ParentRunner$4.run(ParentRunner.java:331)
	at org.junit.runners.ParentRunner$1.schedule(ParentRunner.java:79)
	at org.junit.runners.ParentRunner.runChildren(ParentRunner.java:329)
	at org.junit.runners.ParentRunner.access$100(ParentRunner.java:66)
	at org.junit.runners.ParentRunner$2.evaluate(ParentRunner.java:293)
	at org.junit.runners.ParentRunner$3.evaluate(ParentRunner.java:306)
	at org.junit.runners.ParentRunner.run(ParentRunner.java:413)
	at org.apache.maven.surefire.junit4.JUnit4Provider.execute(JUnit4Provider.java:365)
	at org.apache.maven.surefire.junit4.JUnit4Provider.executeWithRerun(JUnit4Provider.java:272)
	at org.apache.maven.surefire.junit4.JUnit4Provider.executeTestSet(JUnit4Provider.java:236)
	at org.apache.maven.surefire.junit4.JUnit4Provider.invoke(JUnit4Provider.java:159)
	at org.apache.maven.surefire.booter.ForkedBooter.invokeProviderInSameClassLoader(ForkedBooter.java:386)
	at org.apache.maven.surefire.booter.ForkedBooter.runSuitesInProcess(ForkedBooter.java:323)
	at org.apache.maven.surefire.booter.ForkedBooter.main(ForkedBooter.java:143)
14:53:36.554 [main] ERROR o.a.j.p.j.ReflectionJavap - Could not load bytecode via reflection
java.lang.IllegalAccessException: class org.adoptopenjdk.jitwatch.process.javap.ReflectionJavap cannot access class com.sun.tools.javap.JavapTask (in module jdk.jdeps) because module jdk.jdeps does not export com.sun.tools.javap to unnamed module @4015e7ec
	at java.base/jdk.internal.reflect.Reflection.newIllegalAccessException(Reflection.java:392)
	at java.base/java.lang.reflect.AccessibleObject.checkAccess(AccessibleObject.java:674)
	at java.base/java.lang.reflect.Constructor.newInstanceWithCaller(Constructor.java:489)
	at java.base/java.lang.reflect.Constructor.newInstance(Constructor.java:480)
	at org.adoptopenjdk.jitwatch.process.javap.ReflectionJavap.createJavapTaskFromArguments(ReflectionJavap.java:135)
	at org.adoptopenjdk.jitwatch.process.javap.ReflectionJavap.getBytecode(ReflectionJavap.java:121)
	at org.adoptopenjdk.jitwatch.loader.BytecodeLoader.fetchBytecodeForClass(BytecodeLoader.java:134)
	at org.adoptopenjdk.jitwatch.loader.BytecodeLoader.fetchBytecodeForClass(BytecodeLoader.java:112)
	at org.adoptopenjdk.jitwatch.test.TestBytecodeLoaderWithInnerClasses.setUp(TestBytecodeLoaderWithInnerClasses.java:125)
	at java.base/jdk.internal.reflect.NativeMethodAccessorImpl.invoke0(Native Method)
	at java.base/jdk.internal.reflect.NativeMethodAccessorImpl.invoke(NativeMethodAccessorImpl.java:77)
	at java.base/jdk.internal.reflect.DelegatingMethodAccessorImpl.invoke(DelegatingMethodAccessorImpl.java:43)
	at java.base/java.lang.reflect.Method.invoke(Method.java:568)
	at org.junit.runners.model.FrameworkMethod$1.runReflectiveCall(FrameworkMethod.java:59)
	at org.junit.internal.runners.model.ReflectiveCallable.run(ReflectiveCallable.java:12)
	at org.junit.runners.model.FrameworkMethod.invokeExplosively(FrameworkMethod.java:56)
	at org.junit.internal.runners.statements.RunBefores.invokeMethod(RunBefores.java:33)
	at org.junit.internal.runners.statements.RunBefores.evaluate(RunBefores.java:24)
	at org.junit.internal.runners.statements.RunAfters.evaluate(RunAfters.java:27)
	at org.junit.runners.ParentRunner$3.evaluate(ParentRunner.java:306)
	at org.junit.runners.BlockJUnit4ClassRunner$1.evaluate(BlockJUnit4ClassRunner.java:100)
	at org.junit.runners.ParentRunner.runLeaf(ParentRunner.java:366)
	at org.junit.runners.BlockJUnit4ClassRunner.runChild(BlockJUnit4ClassRunner.java:103)
	at org.junit.runners.BlockJUnit4ClassRunner.runChild(BlockJUnit4ClassRunner.java:63)
	at org.junit.runners.ParentRunner$4.run(ParentRunner.java:331)
	at org.junit.runners.ParentRunner$1.schedule(ParentRunner.java:79)
	at org.junit.runners.ParentRunner.runChildren(ParentRunner.java:329)
	at org.junit.runners.ParentRunner.access$100(ParentRunner.java:66)
	at org.junit.runners.ParentRunner$2.evaluate(ParentRunner.java:293)
	at org.junit.runners.ParentRunner$3.evaluate(ParentRunner.java:306)
	at org.junit.runners.ParentRunner.run(ParentRunner.java:413)
	at org.apache.maven.surefire.junit4.JUnit4Provider.execute(JUnit4Provider.java:365)
	at org.apache.maven.surefire.junit4.JUnit4Provider.executeWithRerun(JUnit4Provider.java:272)
	at org.apache.maven.surefire.junit4.JUnit4Provider.executeTestSet(JUnit4Provider.java:236)
	at org.apache.maven.surefire.junit4.JUnit4Provider.invoke(JUnit4Provider.java:159)
	at org.apache.maven.surefire.booter.ForkedBooter.invokeProviderInSameClassLoader(ForkedBooter.java:386)
	at org.apache.maven.surefire.booter.ForkedBooter.runSuitesInProcess(ForkedBooter.java:323)
	at org.apache.maven.surefire.booter.ForkedBooter.main(ForkedBooter.java:143)
14:53:36.555 [main] ERROR o.a.j.p.j.ReflectionJavap - Could not load bytecode via reflection
java.lang.IllegalAccessException: class org.adoptopenjdk.jitwatch.process.javap.ReflectionJavap cannot access class com.sun.tools.javap.JavapTask (in module jdk.jdeps) because module jdk.jdeps does not export com.sun.tools.javap to unnamed module @4015e7ec
	at java.base/jdk.internal.reflect.Reflection.newIllegalAccessException(Reflection.java:392)
	at java.base/java.lang.reflect.AccessibleObject.checkAccess(AccessibleObject.java:674)
	at java.base/java.lang.reflect.Constructor.newInstanceWithCaller(Constructor.java:489)
	at java.base/java.lang.reflect.Constructor.newInstance(Constructor.java:480)
	at org.adoptopenjdk.jitwatch.process.javap.ReflectionJavap.createJavapTaskFromArguments(ReflectionJavap.java:135)
	at org.adoptopenjdk.jitwatch.process.javap.ReflectionJavap.getBytecode(ReflectionJavap.java:121)
	at org.adoptopenjdk.jitwatch.loader.BytecodeLoader.fetchBytecodeForClass(BytecodeLoader.java:134)
	at org.adoptopenjdk.jitwatch.loader.BytecodeLoader.fetchBytecodeForClass(BytecodeLoader.java:112)
	at org.adoptopenjdk.jitwatch.test.TestBytecodeLoaderWithInnerClasses.setUp(TestBytecodeLoaderWithInnerClasses.java:127)
	at java.base/jdk.internal.reflect.NativeMethodAccessorImpl.invoke0(Native Method)
	at java.base/jdk.internal.reflect.NativeMethodAccessorImpl.invoke(NativeMethodAccessorImpl.java:77)
	at java.base/jdk.internal.reflect.DelegatingMethodAccessorImpl.invoke(DelegatingMethodAccessorImpl.java:43)
	at java.base/java.lang.reflect.Method.invoke(Method.java:568)
	at org.junit.runners.model.FrameworkMethod$1.runReflectiveCall(FrameworkMethod.java:59)
	at org.junit.internal.runners.model.ReflectiveCallable.run(ReflectiveCallable.java:12)
	at org.junit.runners.model.FrameworkMethod.invokeExplosively(FrameworkMethod.java:56)
	at org.junit.internal.runners.statements.RunBefores.invokeMethod(RunBefores.java:33)
	at org.junit.internal.runners.statements.RunBefores.evaluate(RunBefores.java:24)
	at org.junit.internal.runners.statements.RunAfters.evaluate(RunAfters.java:27)
	at org.junit.runners.ParentRunner$3.evaluate(ParentRunner.java:306)
	at org.junit.runners.BlockJUnit4ClassRunner$1.evaluate(BlockJUnit4ClassRunner.java:100)
	at org.junit.runners.ParentRunner.runLeaf(ParentRunner.java:366)
	at org.junit.runners.BlockJUnit4ClassRunner.runChild(BlockJUnit4ClassRunner.java:103)
	at org.junit.runners.BlockJUnit4ClassRunner.runChild(BlockJUnit4ClassRunner.java:63)
	at org.junit.runners.ParentRunner$4.run(ParentRunner.java:331)
	at org.junit.runners.ParentRunner$1.schedule(ParentRunner.java:79)
	at org.junit.runners.ParentRunner.runChildren(ParentRunner.java:329)
	at org.junit.runners.ParentRunner.access$100(ParentRunner.java:66)
	at org.junit.runners.ParentRunner$2.evaluate(ParentRunner.java:293)
	at org.junit.runners.ParentRunner$3.evaluate(ParentRunner.java:306)
	at org.junit.runners.ParentRunner.run(ParentRunner.java:413)
	at org.apache.maven.surefire.junit4.JUnit4Provider.execute(JUnit4Provider.java:365)
	at org.apache.maven.surefire.junit4.JUnit4Provider.executeWithRerun(JUnit4Provider.java:272)
	at org.apache.maven.surefire.junit4.JUnit4Provider.executeTestSet(JUnit4Provider.java:236)
	at org.apache.maven.surefire.junit4.JUnit4Provider.invoke(JUnit4Provider.java:159)
	at org.apache.maven.surefire.booter.ForkedBooter.invokeProviderInSameClassLoader(ForkedBooter.java:386)
	at org.apache.maven.surefire.booter.ForkedBooter.runSuitesInProcess(ForkedBooter.java:323)
	at org.apache.maven.surefire.booter.ForkedBooter.main(ForkedBooter.java:143)
14:53:36.556 [main] ERROR o.a.j.p.j.ReflectionJavap - Could not load bytecode via reflection
java.lang.IllegalAccessException: class org.adoptopenjdk.jitwatch.process.javap.ReflectionJavap cannot access class com.sun.tools.javap.JavapTask (in module jdk.jdeps) because module jdk.jdeps does not export com.sun.tools.javap to unnamed module @4015e7ec
	at java.base/jdk.internal.reflect.Reflection.newIllegalAccessException(Reflection.java:392)
	at java.base/java.lang.reflect.AccessibleObject.checkAccess(AccessibleObject.java:674)
	at java.base/java.lang.reflect.Constructor.newInstanceWithCaller(Constructor.java:489)
	at java.base/java.lang.reflect.Constructor.newInstance(Constructor.java:480)
	at org.adoptopenjdk.jitwatch.process.javap.ReflectionJavap.createJavapTaskFromArguments(ReflectionJavap.java:135)
	at org.adoptopenjdk.jitwatch.process.javap.ReflectionJavap.getBytecode(ReflectionJavap.java:121)
	at org.adoptopenjdk.jitwatch.loader.BytecodeLoader.fetchBytecodeForClass(BytecodeLoader.java:134)
	at org.adoptopenjdk.jitwatch.loader.BytecodeLoader.fetchBytecodeForClass(BytecodeLoader.java:112)
	at org.adoptopenjdk.jitwatch.test.TestBytecodeLoaderWithInnerClasses.setUp(TestBytecodeLoaderWithInnerClasses.java:128)
	at java.base/jdk.internal.reflect.NativeMethodAccessorImpl.invoke0(Native Method)
	at java.base/jdk.internal.reflect.NativeMethodAccessorImpl.invoke(NativeMethodAccessorImpl.java:77)
	at java.base/jdk.internal.reflect.DelegatingMethodAccessorImpl.invoke(DelegatingMethodAccessorImpl.java:43)
	at java.base/java.lang.reflect.Method.invoke(Method.java:568)
	at org.junit.runners.model.FrameworkMethod$1.runReflectiveCall(FrameworkMethod.java:59)
	at org.junit.internal.runners.model.ReflectiveCallable.run(ReflectiveCallable.java:12)
	at org.junit.runners.model.FrameworkMethod.invokeExplosively(FrameworkMethod.java:56)
	at org.junit.internal.runners.statements.RunBefores.invokeMethod(RunBefores.java:33)
	at org.junit.internal.runners.statements.RunBefores.evaluate(RunBefores.java:24)
	at org.junit.internal.runners.statements.RunAfters.evaluate(RunAfters.java:27)
	at org.junit.runners.ParentRunner$3.evaluate(ParentRunner.java:306)
	at org.junit.runners.BlockJUnit4ClassRunner$1.evaluate(BlockJUnit4ClassRunner.java:100)
	at org.junit.runners.ParentRunner.runLeaf(ParentRunner.java:366)
	at org.junit.runners.BlockJUnit4ClassRunner.runChild(BlockJUnit4ClassRunner.java:103)
	at org.junit.runners.BlockJUnit4ClassRunner.runChild(BlockJUnit4ClassRunner.java:63)
	at org.junit.runners.ParentRunner$4.run(ParentRunner.java:331)
	at org.junit.runners.ParentRunner$1.schedule(ParentRunner.java:79)
	at org.junit.runners.ParentRunner.runChildren(ParentRunner.java:329)
	at org.junit.runners.ParentRunner.access$100(ParentRunner.java:66)
	at org.junit.runners.ParentRunner$2.evaluate(ParentRunner.java:293)
	at org.junit.runners.ParentRunner$3.evaluate(ParentRunner.java:306)
	at org.junit.runners.ParentRunner.run(ParentRunner.java:413)
	at org.apache.maven.surefire.junit4.JUnit4Provider.execute(JUnit4Provider.java:365)
	at org.apache.maven.surefire.junit4.JUnit4Provider.executeWithRerun(JUnit4Provider.java:272)
	at org.apache.maven.surefire.junit4.JUnit4Provider.executeTestSet(JUnit4Provider.java:236)
	at org.apache.maven.surefire.junit4.JUnit4Provider.invoke(JUnit4Provider.java:159)
	at org.apache.maven.surefire.booter.ForkedBooter.invokeProviderInSameClassLoader(ForkedBooter.java:386)
	at org.apache.maven.surefire.booter.ForkedBooter.runSuitesInProcess(ForkedBooter.java:323)
	at org.apache.maven.surefire.booter.ForkedBooter.main(ForkedBooter.java:143)
14:53:37.524 [main] ERROR o.a.j.p.j.ReflectionJavap - Could not load bytecode via reflection
java.lang.IllegalAccessException: class org.adoptopenjdk.jitwatch.process.javap.ReflectionJavap cannot access class com.sun.tools.javap.JavapTask (in module jdk.jdeps) because module jdk.jdeps does not export com.sun.tools.javap to unnamed module @4015e7ec
	at java.base/jdk.internal.reflect.Reflection.newIllegalAccessException(Reflection.java:392)
	at java.base/java.lang.reflect.AccessibleObject.checkAccess(AccessibleObject.java:674)
	at java.base/java.lang.reflect.Constructor.newInstanceWithCaller(Constructor.java:489)
	at java.base/java.lang.reflect.Constructor.newInstance(Constructor.java:480)
	at org.adoptopenjdk.jitwatch.process.javap.ReflectionJavap.createJavapTaskFromArguments(ReflectionJavap.java:135)
	at org.adoptopenjdk.jitwatch.process.javap.ReflectionJavap.getBytecode(ReflectionJavap.java:121)
	at org.adoptopenjdk.jitwatch.loader.BytecodeLoader.fetchBytecodeForClass(BytecodeLoader.java:134)
	at org.adoptopenjdk.jitwatch.loader.BytecodeLoader.fetchBytecodeForClass(BytecodeLoader.java:112)
	at org.adoptopenjdk.jitwatch.test.TestBytecodeLoaderWithInnerClasses.setUp(TestBytecodeLoaderWithInnerClasses.java:125)
	at java.base/jdk.internal.reflect.NativeMethodAccessorImpl.invoke0(Native Method)
	at java.base/jdk.internal.reflect.NativeMethodAccessorImpl.invoke(NativeMethodAccessorImpl.java:77)
	at java.base/jdk.internal.reflect.DelegatingMethodAccessorImpl.invoke(DelegatingMethodAccessorImpl.java:43)
	at java.base/java.lang.reflect.Method.invoke(Method.java:568)
	at org.junit.runners.model.FrameworkMethod$1.runReflectiveCall(FrameworkMethod.java:59)
	at org.junit.internal.runners.model.ReflectiveCallable.run(ReflectiveCallable.java:12)
	at org.junit.runners.model.FrameworkMethod.invokeExplosively(FrameworkMethod.java:56)
	at org.junit.internal.runners.statements.RunBefores.invokeMethod(RunBefores.java:33)
	at org.junit.internal.runners.statements.RunBefores.evaluate(RunBefores.java:24)
	at org.junit.internal.runners.statements.RunAfters.evaluate(RunAfters.java:27)
	at org.junit.runners.ParentRunner$3.evaluate(ParentRunner.java:306)
	at org.junit.runners.BlockJUnit4ClassRunner$1.evaluate(BlockJUnit4ClassRunner.java:100)
	at org.junit.runners.ParentRunner.runLeaf(ParentRunner.java:366)
	at org.junit.runners.BlockJUnit4ClassRunner.runChild(BlockJUnit4ClassRunner.java:103)
	at org.junit.runners.BlockJUnit4ClassRunner.runChild(BlockJUnit4ClassRunner.java:63)
	at org.junit.runners.ParentRunner$4.run(ParentRunner.java:331)
	at org.junit.runners.ParentRunner$1.schedule(ParentRunner.java:79)
	at org.junit.runners.ParentRunner.runChildren(ParentRunner.java:329)
	at org.junit.runners.ParentRunner.access$100(ParentRunner.java:66)
	at org.junit.runners.ParentRunner$2.evaluate(ParentRunner.java:293)
	at org.junit.runners.ParentRunner$3.evaluate(ParentRunner.java:306)
	at org.junit.runners.ParentRunner.run(ParentRunner.java:413)
	at org.apache.maven.surefire.junit4.JUnit4Provider.execute(JUnit4Provider.java:365)
	at org.apache.maven.surefire.junit4.JUnit4Provider.executeWithRerun(JUnit4Provider.java:272)
	at org.apache.maven.surefire.junit4.JUnit4Provider.executeTestSet(JUnit4Provider.java:236)
	at org.apache.maven.surefire.junit4.JUnit4Provider.invoke(JUnit4Provider.java:159)
	at org.apache.maven.surefire.booter.ForkedBooter.invokeProviderInSameClassLoader(ForkedBooter.java:386)
	at org.apache.maven.surefire.booter.ForkedBooter.runSuitesInProcess(ForkedBooter.java:323)
	at org.apache.maven.surefire.booter.ForkedBooter.main(ForkedBooter.java:143)
14:53:37.525 [main] ERROR o.a.j.p.j.ReflectionJavap - Could not load bytecode via reflection
java.lang.IllegalAccessException: class org.adoptopenjdk.jitwatch.process.javap.ReflectionJavap cannot access class com.sun.tools.javap.JavapTask (in module jdk.jdeps) because module jdk.jdeps does not export com.sun.tools.javap to unnamed module @4015e7ec
	at java.base/jdk.internal.reflect.Reflection.newIllegalAccessException(Reflection.java:392)
	at java.base/java.lang.reflect.AccessibleObject.checkAccess(AccessibleObject.java:674)
	at java.base/java.lang.reflect.Constructor.newInstanceWithCaller(Constructor.java:489)
	at java.base/java.lang.reflect.Constructor.newInstance(Constructor.java:480)
	at org.adoptopenjdk.jitwatch.process.javap.ReflectionJavap.createJavapTaskFromArguments(ReflectionJavap.java:135)
	at org.adoptopenjdk.jitwatch.process.javap.ReflectionJavap.getBytecode(ReflectionJavap.java:121)
	at org.adoptopenjdk.jitwatch.loader.BytecodeLoader.fetchBytecodeForClass(BytecodeLoader.java:134)
	at org.adoptopenjdk.jitwatch.loader.BytecodeLoader.fetchBytecodeForClass(BytecodeLoader.java:112)
	at org.adoptopenjdk.jitwatch.test.TestBytecodeLoaderWithInnerClasses.setUp(TestBytecodeLoaderWithInnerClasses.java:127)
	at java.base/jdk.internal.reflect.NativeMethodAccessorImpl.invoke0(Native Method)
	at java.base/jdk.internal.reflect.NativeMethodAccessorImpl.invoke(NativeMethodAccessorImpl.java:77)
	at java.base/jdk.internal.reflect.DelegatingMethodAccessorImpl.invoke(DelegatingMethodAccessorImpl.java:43)
	at java.base/java.lang.reflect.Method.invoke(Method.java:568)
	at org.junit.runners.model.FrameworkMethod$1.runReflectiveCall(FrameworkMethod.java:59)
	at org.junit.internal.runners.model.ReflectiveCallable.run(ReflectiveCallable.java:12)
	at org.junit.runners.model.FrameworkMethod.invokeExplosively(FrameworkMethod.java:56)
	at org.junit.internal.runners.statements.RunBefores.invokeMethod(RunBefores.java:33)
	at org.junit.internal.runners.statements.RunBefores.evaluate(RunBefores.java:24)
	at org.junit.internal.runners.statements.RunAfters.evaluate(RunAfters.java:27)
	at org.junit.runners.ParentRunner$3.evaluate(ParentRunner.java:306)
	at org.junit.runners.BlockJUnit4ClassRunner$1.evaluate(BlockJUnit4ClassRunner.java:100)
	at org.junit.runners.ParentRunner.runLeaf(ParentRunner.java:366)
	at org.junit.runners.BlockJUnit4ClassRunner.runChild(BlockJUnit4ClassRunner.java:103)
	at org.junit.runners.BlockJUnit4ClassRunner.runChild(BlockJUnit4ClassRunner.java:63)
	at org.junit.runners.ParentRunner$4.run(ParentRunner.java:331)
	at org.junit.runners.ParentRunner$1.schedule(ParentRunner.java:79)
	at org.junit.runners.ParentRunner.runChildren(ParentRunner.java:329)
	at org.junit.runners.ParentRunner.access$100(ParentRunner.java:66)
	at org.junit.runners.ParentRunner$2.evaluate(ParentRunner.java:293)
	at org.junit.runners.ParentRunner$3.evaluate(ParentRunner.java:306)
	at org.junit.runners.ParentRunner.run(ParentRunner.java:413)
	at org.apache.maven.surefire.junit4.JUnit4Provider.execute(JUnit4Provider.java:365)
	at org.apache.maven.surefire.junit4.JUnit4Provider.executeWithRerun(JUnit4Provider.java:272)
	at org.apache.maven.surefire.junit4.JUnit4Provider.executeTestSet(JUnit4Provider.java:236)
	at org.apache.maven.surefire.junit4.JUnit4Provider.invoke(JUnit4Provider.java:159)
	at org.apache.maven.surefire.booter.ForkedBooter.invokeProviderInSameClassLoader(ForkedBooter.java:386)
	at org.apache.maven.surefire.booter.ForkedBooter.runSuitesInProcess(ForkedBooter.java:323)
	at org.apache.maven.surefire.booter.ForkedBooter.main(ForkedBooter.java:143)
14:53:37.526 [main] ERROR o.a.j.p.j.ReflectionJavap - Could not load bytecode via reflection
java.lang.IllegalAccessException: class org.adoptopenjdk.jitwatch.process.javap.ReflectionJavap cannot access class com.sun.tools.javap.JavapTask (in module jdk.jdeps) because module jdk.jdeps does not export com.sun.tools.javap to unnamed module @4015e7ec
	at java.base/jdk.internal.reflect.Reflection.newIllegalAccessException(Reflection.java:392)
	at java.base/java.lang.reflect.AccessibleObject.checkAccess(AccessibleObject.java:674)
	at java.base/java.lang.reflect.Constructor.newInstanceWithCaller(Constructor.java:489)
	at java.base/java.lang.reflect.Constructor.newInstance(Constructor.java:480)
	at org.adoptopenjdk.jitwatch.process.javap.ReflectionJavap.createJavapTaskFromArguments(ReflectionJavap.java:135)
	at org.adoptopenjdk.jitwatch.process.javap.ReflectionJavap.getBytecode(ReflectionJavap.java:121)
	at org.adoptopenjdk.jitwatch.loader.BytecodeLoader.fetchBytecodeForClass(BytecodeLoader.java:134)
	at org.adoptopenjdk.jitwatch.loader.BytecodeLoader.fetchBytecodeForClass(BytecodeLoader.java:112)
	at org.adoptopenjdk.jitwatch.test.TestBytecodeLoaderWithInnerClasses.setUp(TestBytecodeLoaderWithInnerClasses.java:128)
	at java.base/jdk.internal.reflect.NativeMethodAccessorImpl.invoke0(Native Method)
	at java.base/jdk.internal.reflect.NativeMethodAccessorImpl.invoke(NativeMethodAccessorImpl.java:77)
	at java.base/jdk.internal.reflect.DelegatingMethodAccessorImpl.invoke(DelegatingMethodAccessorImpl.java:43)
	at java.base/java.lang.reflect.Method.invoke(Method.java:568)
	at org.junit.runners.model.FrameworkMethod$1.runReflectiveCall(FrameworkMethod.java:59)
	at org.junit.internal.runners.model.ReflectiveCallable.run(ReflectiveCallable.java:12)
	at org.junit.runners.model.FrameworkMethod.invokeExplosively(FrameworkMethod.java:56)
	at org.junit.internal.runners.statements.RunBefores.invokeMethod(RunBefores.java:33)
	at org.junit.internal.runners.statements.RunBefores.evaluate(RunBefores.java:24)
	at org.junit.internal.runners.statements.RunAfters.evaluate(RunAfters.java:27)
	at org.junit.runners.ParentRunner$3.evaluate(ParentRunner.java:306)
	at org.junit.runners.BlockJUnit4ClassRunner$1.evaluate(BlockJUnit4ClassRunner.java:100)
	at org.junit.runners.ParentRunner.runLeaf(ParentRunner.java:366)
	at org.junit.runners.BlockJUnit4ClassRunner.runChild(BlockJUnit4ClassRunner.java:103)
	at org.junit.runners.BlockJUnit4ClassRunner.runChild(BlockJUnit4ClassRunner.java:63)
	at org.junit.runners.ParentRunner$4.run(ParentRunner.java:331)
	at org.junit.runners.ParentRunner$1.schedule(ParentRunner.java:79)
	at org.junit.runners.ParentRunner.runChildren(ParentRunner.java:329)
	at org.junit.runners.ParentRunner.access$100(ParentRunner.java:66)
	at org.junit.runners.ParentRunner$2.evaluate(ParentRunner.java:293)
	at org.junit.runners.ParentRunner$3.evaluate(ParentRunner.java:306)
	at org.junit.runners.ParentRunner.run(ParentRunner.java:413)
	at org.apache.maven.surefire.junit4.JUnit4Provider.execute(JUnit4Provider.java:365)
	at org.apache.maven.surefire.junit4.JUnit4Provider.executeWithRerun(JUnit4Provider.java:272)
	at org.apache.maven.surefire.junit4.JUnit4Provider.executeTestSet(JUnit4Provider.java:236)
	at org.apache.maven.surefire.junit4.JUnit4Provider.invoke(JUnit4Provider.java:159)
	at org.apache.maven.surefire.booter.ForkedBooter.invokeProviderInSameClassLoader(ForkedBooter.java:386)
	at org.apache.maven.surefire.booter.ForkedBooter.runSuitesInProcess(ForkedBooter.java:323)
	at org.apache.maven.surefire.booter.ForkedBooter.main(ForkedBooter.java:143)
14:53:38.350 [main] ERROR o.a.j.p.j.ReflectionJavap - Could not load bytecode via reflection
java.lang.IllegalAccessException: class org.adoptopenjdk.jitwatch.process.javap.ReflectionJavap cannot access class com.sun.tools.javap.JavapTask (in module jdk.jdeps) because module jdk.jdeps does not export com.sun.tools.javap to unnamed module @4015e7ec
	at java.base/jdk.internal.reflect.Reflection.newIllegalAccessException(Reflection.java:392)
	at java.base/java.lang.reflect.AccessibleObject.checkAccess(AccessibleObject.java:674)
	at java.base/java.lang.reflect.Constructor.newInstanceWithCaller(Constructor.java:489)
	at java.base/java.lang.reflect.Constructor.newInstance(Constructor.java:480)
	at org.adoptopenjdk.jitwatch.process.javap.ReflectionJavap.createJavapTaskFromArguments(ReflectionJavap.java:135)
	at org.adoptopenjdk.jitwatch.process.javap.ReflectionJavap.getBytecode(ReflectionJavap.java:121)
	at org.adoptopenjdk.jitwatch.loader.BytecodeLoader.fetchBytecodeForClass(BytecodeLoader.java:134)
	at org.adoptopenjdk.jitwatch.loader.BytecodeLoader.fetchBytecodeForClass(BytecodeLoader.java:112)
	at org.adoptopenjdk.jitwatch.test.TestBytecodeLoaderWithInnerClasses.setUp(TestBytecodeLoaderWithInnerClasses.java:125)
	at java.base/jdk.internal.reflect.NativeMethodAccessorImpl.invoke0(Native Method)
	at java.base/jdk.internal.reflect.NativeMethodAccessorImpl.invoke(NativeMethodAccessorImpl.java:77)
	at java.base/jdk.internal.reflect.DelegatingMethodAccessorImpl.invoke(DelegatingMethodAccessorImpl.java:43)
	at java.base/java.lang.reflect.Method.invoke(Method.java:568)
	at org.junit.runners.model.FrameworkMethod$1.runReflectiveCall(FrameworkMethod.java:59)
	at org.junit.internal.runners.model.ReflectiveCallable.run(ReflectiveCallable.java:12)
	at org.junit.runners.model.FrameworkMethod.invokeExplosively(FrameworkMethod.java:56)
	at org.junit.internal.runners.statements.RunBefores.invokeMethod(RunBefores.java:33)
	at org.junit.internal.runners.statements.RunBefores.evaluate(RunBefores.java:24)
	at org.junit.internal.runners.statements.RunAfters.evaluate(RunAfters.java:27)
	at org.junit.runners.ParentRunner$3.evaluate(ParentRunner.java:306)
	at org.junit.runners.BlockJUnit4ClassRunner$1.evaluate(BlockJUnit4ClassRunner.java:100)
	at org.junit.runners.ParentRunner.runLeaf(ParentRunner.java:366)
	at org.junit.runners.BlockJUnit4ClassRunner.runChild(BlockJUnit4ClassRunner.java:103)
	at org.junit.runners.BlockJUnit4ClassRunner.runChild(BlockJUnit4ClassRunner.java:63)
	at org.junit.runners.ParentRunner$4.run(ParentRunner.java:331)
	at org.junit.runners.ParentRunner$1.schedule(ParentRunner.java:79)
	at org.junit.runners.ParentRunner.runChildren(ParentRunner.java:329)
	at org.junit.runners.ParentRunner.access$100(ParentRunner.java:66)
	at org.junit.runners.ParentRunner$2.evaluate(ParentRunner.java:293)
	at org.junit.runners.ParentRunner$3.evaluate(ParentRunner.java:306)
	at org.junit.runners.ParentRunner.run(ParentRunner.java:413)
	at org.apache.maven.surefire.junit4.JUnit4Provider.execute(JUnit4Provider.java:365)
	at org.apache.maven.surefire.junit4.JUnit4Provider.executeWithRerun(JUnit4Provider.java:272)
	at org.apache.maven.surefire.junit4.JUnit4Provider.executeTestSet(JUnit4Provider.java:236)
	at org.apache.maven.surefire.junit4.JUnit4Provider.invoke(JUnit4Provider.java:159)
	at org.apache.maven.surefire.booter.ForkedBooter.invokeProviderInSameClassLoader(ForkedBooter.java:386)
	at org.apache.maven.surefire.booter.ForkedBooter.runSuitesInProcess(ForkedBooter.java:323)
	at org.apache.maven.surefire.booter.ForkedBooter.main(ForkedBooter.java:143)
14:53:38.351 [main] ERROR o.a.j.p.j.ReflectionJavap - Could not load bytecode via reflection
java.lang.IllegalAccessException: class org.adoptopenjdk.jitwatch.process.javap.ReflectionJavap cannot access class com.sun.tools.javap.JavapTask (in module jdk.jdeps) because module jdk.jdeps does not export com.sun.tools.javap to unnamed module @4015e7ec
	at java.base/jdk.internal.reflect.Reflection.newIllegalAccessException(Reflection.java:392)
	at java.base/java.lang.reflect.AccessibleObject.checkAccess(AccessibleObject.java:674)
	at java.base/java.lang.reflect.Constructor.newInstanceWithCaller(Constructor.java:489)
	at java.base/java.lang.reflect.Constructor.newInstance(Constructor.java:480)
	at org.adoptopenjdk.jitwatch.process.javap.ReflectionJavap.createJavapTaskFromArguments(ReflectionJavap.java:135)
	at org.adoptopenjdk.jitwatch.process.javap.ReflectionJavap.getBytecode(ReflectionJavap.java:121)
	at org.adoptopenjdk.jitwatch.loader.BytecodeLoader.fetchBytecodeForClass(BytecodeLoader.java:134)
	at org.adoptopenjdk.jitwatch.loader.BytecodeLoader.fetchBytecodeForClass(BytecodeLoader.java:112)
	at org.adoptopenjdk.jitwatch.test.TestBytecodeLoaderWithInnerClasses.setUp(TestBytecodeLoaderWithInnerClasses.java:127)
	at java.base/jdk.internal.reflect.NativeMethodAccessorImpl.invoke0(Native Method)
	at java.base/jdk.internal.reflect.NativeMethodAccessorImpl.invoke(NativeMethodAccessorImpl.java:77)
	at java.base/jdk.internal.reflect.DelegatingMethodAccessorImpl.invoke(DelegatingMethodAccessorImpl.java:43)
	at java.base/java.lang.reflect.Method.invoke(Method.java:568)
	at org.junit.runners.model.FrameworkMethod$1.runReflectiveCall(FrameworkMethod.java:59)
	at org.junit.internal.runners.model.ReflectiveCallable.run(ReflectiveCallable.java:12)
	at org.junit.runners.model.FrameworkMethod.invokeExplosively(FrameworkMethod.java:56)
	at org.junit.internal.runners.statements.RunBefores.invokeMethod(RunBefores.java:33)
	at org.junit.internal.runners.statements.RunBefores.evaluate(RunBefores.java:24)
	at org.junit.internal.runners.statements.RunAfters.evaluate(RunAfters.java:27)
	at org.junit.runners.ParentRunner$3.evaluate(ParentRunner.java:306)
	at org.junit.runners.BlockJUnit4ClassRunner$1.evaluate(BlockJUnit4ClassRunner.java:100)
	at org.junit.runners.ParentRunner.runLeaf(ParentRunner.java:366)
	at org.junit.runners.BlockJUnit4ClassRunner.runChild(BlockJUnit4ClassRunner.java:103)
	at org.junit.runners.BlockJUnit4ClassRunner.runChild(BlockJUnit4ClassRunner.java:63)
	at org.junit.runners.ParentRunner$4.run(ParentRunner.java:331)
	at org.junit.runners.ParentRunner$1.schedule(ParentRunner.java:79)
	at org.junit.runners.ParentRunner.runChildren(ParentRunner.java:329)
	at org.junit.runners.ParentRunner.access$100(ParentRunner.java:66)
	at org.junit.runners.ParentRunner$2.evaluate(ParentRunner.java:293)
	at org.junit.runners.ParentRunner$3.evaluate(ParentRunner.java:306)
	at org.junit.runners.ParentRunner.run(ParentRunner.java:413)
	at org.apache.maven.surefire.junit4.JUnit4Provider.execute(JUnit4Provider.java:365)
	at org.apache.maven.surefire.junit4.JUnit4Provider.executeWithRerun(JUnit4Provider.java:272)
	at org.apache.maven.surefire.junit4.JUnit4Provider.executeTestSet(JUnit4Provider.java:236)
	at org.apache.maven.surefire.junit4.JUnit4Provider.invoke(JUnit4Provider.java:159)
	at org.apache.maven.surefire.booter.ForkedBooter.invokeProviderInSameClassLoader(ForkedBooter.java:386)
	at org.apache.maven.surefire.booter.ForkedBooter.runSuitesInProcess(ForkedBooter.java:323)
	at org.apache.maven.surefire.booter.ForkedBooter.main(ForkedBooter.java:143)
14:53:38.351 [main] ERROR o.a.j.p.j.ReflectionJavap - Could not load bytecode via reflection
java.lang.IllegalAccessException: class org.adoptopenjdk.jitwatch.process.javap.ReflectionJavap cannot access class com.sun.tools.javap.JavapTask (in module jdk.jdeps) because module jdk.jdeps does not export com.sun.tools.javap to unnamed module @4015e7ec
	at java.base/jdk.internal.reflect.Reflection.newIllegalAccessException(Reflection.java:392)
	at java.base/java.lang.reflect.AccessibleObject.checkAccess(AccessibleObject.java:674)
	at java.base/java.lang.reflect.Constructor.newInstanceWithCaller(Constructor.java:489)
	at java.base/java.lang.reflect.Constructor.newInstance(Constructor.java:480)
	at org.adoptopenjdk.jitwatch.process.javap.ReflectionJavap.createJavapTaskFromArguments(ReflectionJavap.java:135)
	at org.adoptopenjdk.jitwatch.process.javap.ReflectionJavap.getBytecode(ReflectionJavap.java:121)
	at org.adoptopenjdk.jitwatch.loader.BytecodeLoader.fetchBytecodeForClass(BytecodeLoader.java:134)
	at org.adoptopenjdk.jitwatch.loader.BytecodeLoader.fetchBytecodeForClass(BytecodeLoader.java:112)
	at org.adoptopenjdk.jitwatch.test.TestBytecodeLoaderWithInnerClasses.setUp(TestBytecodeLoaderWithInnerClasses.java:128)
	at java.base/jdk.internal.reflect.NativeMethodAccessorImpl.invoke0(Native Method)
	at java.base/jdk.internal.reflect.NativeMethodAccessorImpl.invoke(NativeMethodAccessorImpl.java:77)
	at java.base/jdk.internal.reflect.DelegatingMethodAccessorImpl.invoke(DelegatingMethodAccessorImpl.java:43)
	at java.base/java.lang.reflect.Method.invoke(Method.java:568)
	at org.junit.runners.model.FrameworkMethod$1.runReflectiveCall(FrameworkMethod.java:59)
	at org.junit.internal.runners.model.ReflectiveCallable.run(ReflectiveCallable.java:12)
	at org.junit.runners.model.FrameworkMethod.invokeExplosively(FrameworkMethod.java:56)
	at org.junit.internal.runners.statements.RunBefores.invokeMethod(RunBefores.java:33)
	at org.junit.internal.runners.statements.RunBefores.evaluate(RunBefores.java:24)
	at org.junit.internal.runners.statements.RunAfters.evaluate(RunAfters.java:27)
	at org.junit.runners.ParentRunner$3.evaluate(ParentRunner.java:306)
	at org.junit.runners.BlockJUnit4ClassRunner$1.evaluate(BlockJUnit4ClassRunner.java:100)
	at org.junit.runners.ParentRunner.runLeaf(ParentRunner.java:366)
	at org.junit.runners.BlockJUnit4ClassRunner.runChild(BlockJUnit4ClassRunner.java:103)
	at org.junit.runners.BlockJUnit4ClassRunner.runChild(BlockJUnit4ClassRunner.java:63)
	at org.junit.runners.ParentRunner$4.run(ParentRunner.java:331)
	at org.junit.runners.ParentRunner$1.schedule(ParentRunner.java:79)
	at org.junit.runners.ParentRunner.runChildren(ParentRunner.java:329)
	at org.junit.runners.ParentRunner.access$100(ParentRunner.java:66)
	at org.junit.runners.ParentRunner$2.evaluate(ParentRunner.java:293)
	at org.junit.runners.ParentRunner$3.evaluate(ParentRunner.java:306)
	at org.junit.runners.ParentRunner.run(ParentRunner.java:413)
	at org.apache.maven.surefire.junit4.JUnit4Provider.execute(JUnit4Provider.java:365)
	at org.apache.maven.surefire.junit4.JUnit4Provider.executeWithRerun(JUnit4Provider.java:272)
	at org.apache.maven.surefire.junit4.JUnit4Provider.executeTestSet(JUnit4Provider.java:236)
	at org.apache.maven.surefire.junit4.JUnit4Provider.invoke(JUnit4Provider.java:159)
	at org.apache.maven.surefire.booter.ForkedBooter.invokeProviderInSameClassLoader(ForkedBooter.java:386)
	at org.apache.maven.surefire.booter.ForkedBooter.runSuitesInProcess(ForkedBooter.java:323)
	at org.apache.maven.surefire.booter.ForkedBooter.main(ForkedBooter.java:143)
14:53:39.101 [main] ERROR o.a.j.p.j.ReflectionJavap - Could not load bytecode via reflection
java.lang.IllegalAccessException: class org.adoptopenjdk.jitwatch.process.javap.ReflectionJavap cannot access class com.sun.tools.javap.JavapTask (in module jdk.jdeps) because module jdk.jdeps does not export com.sun.tools.javap to unnamed module @4015e7ec
	at java.base/jdk.internal.reflect.Reflection.newIllegalAccessException(Reflection.java:392)
	at java.base/java.lang.reflect.AccessibleObject.checkAccess(AccessibleObject.java:674)
	at java.base/java.lang.reflect.Constructor.newInstanceWithCaller(Constructor.java:489)
	at java.base/java.lang.reflect.Constructor.newInstance(Constructor.java:480)
	at org.adoptopenjdk.jitwatch.process.javap.ReflectionJavap.createJavapTaskFromArguments(ReflectionJavap.java:135)
	at org.adoptopenjdk.jitwatch.process.javap.ReflectionJavap.getBytecode(ReflectionJavap.java:121)
	at org.adoptopenjdk.jitwatch.loader.BytecodeLoader.fetchBytecodeForClass(BytecodeLoader.java:134)
	at org.adoptopenjdk.jitwatch.loader.BytecodeLoader.fetchBytecodeForClass(BytecodeLoader.java:112)
	at org.adoptopenjdk.jitwatch.test.TestBytecodeLoaderWithInnerClasses.setUp(TestBytecodeLoaderWithInnerClasses.java:125)
	at java.base/jdk.internal.reflect.NativeMethodAccessorImpl.invoke0(Native Method)
	at java.base/jdk.internal.reflect.NativeMethodAccessorImpl.invoke(NativeMethodAccessorImpl.java:77)
	at java.base/jdk.internal.reflect.DelegatingMethodAccessorImpl.invoke(DelegatingMethodAccessorImpl.java:43)
	at java.base/java.lang.reflect.Method.invoke(Method.java:568)
	at org.junit.runners.model.FrameworkMethod$1.runReflectiveCall(FrameworkMethod.java:59)
	at org.junit.internal.runners.model.ReflectiveCallable.run(ReflectiveCallable.java:12)
	at org.junit.runners.model.FrameworkMethod.invokeExplosively(FrameworkMethod.java:56)
	at org.junit.internal.runners.statements.RunBefores.invokeMethod(RunBefores.java:33)
	at org.junit.internal.runners.statements.RunBefores.evaluate(RunBefores.java:24)
	at org.junit.internal.runners.statements.RunAfters.evaluate(RunAfters.java:27)
	at org.junit.runners.ParentRunner$3.evaluate(ParentRunner.java:306)
	at org.junit.runners.BlockJUnit4ClassRunner$1.evaluate(BlockJUnit4ClassRunner.java:100)
	at org.junit.runners.ParentRunner.runLeaf(ParentRunner.java:366)
	at org.junit.runners.BlockJUnit4ClassRunner.runChild(BlockJUnit4ClassRunner.java:103)
	at org.junit.runners.BlockJUnit4ClassRunner.runChild(BlockJUnit4ClassRunner.java:63)
	at org.junit.runners.ParentRunner$4.run(ParentRunner.java:331)
	at org.junit.runners.ParentRunner$1.schedule(ParentRunner.java:79)
	at org.junit.runners.ParentRunner.runChildren(ParentRunner.java:329)
	at org.junit.runners.ParentRunner.access$100(ParentRunner.java:66)
	at org.junit.runners.ParentRunner$2.evaluate(ParentRunner.java:293)
	at org.junit.runners.ParentRunner$3.evaluate(ParentRunner.java:306)
	at org.junit.runners.ParentRunner.run(ParentRunner.java:413)
	at org.apache.maven.surefire.junit4.JUnit4Provider.execute(JUnit4Provider.java:365)
	at org.apache.maven.surefire.junit4.JUnit4Provider.executeWithRerun(JUnit4Provider.java:272)
	at org.apache.maven.surefire.junit4.JUnit4Provider.executeTestSet(JUnit4Provider.java:236)
	at org.apache.maven.surefire.junit4.JUnit4Provider.invoke(JUnit4Provider.java:159)
	at org.apache.maven.surefire.booter.ForkedBooter.invokeProviderInSameClassLoader(ForkedBooter.java:386)
	at org.apache.maven.surefire.booter.ForkedBooter.runSuitesInProcess(ForkedBooter.java:323)
	at org.apache.maven.surefire.booter.ForkedBooter.main(ForkedBooter.java:143)
14:53:39.102 [main] ERROR o.a.j.p.j.ReflectionJavap - Could not load bytecode via reflection
java.lang.IllegalAccessException: class org.adoptopenjdk.jitwatch.process.javap.ReflectionJavap cannot access class com.sun.tools.javap.JavapTask (in module jdk.jdeps) because module jdk.jdeps does not export com.sun.tools.javap to unnamed module @4015e7ec
	at java.base/jdk.internal.reflect.Reflection.newIllegalAccessException(Reflection.java:392)
	at java.base/java.lang.reflect.AccessibleObject.checkAccess(AccessibleObject.java:674)
	at java.base/java.lang.reflect.Constructor.newInstanceWithCaller(Constructor.java:489)
	at java.base/java.lang.reflect.Constructor.newInstance(Constructor.java:480)
	at org.adoptopenjdk.jitwatch.process.javap.ReflectionJavap.createJavapTaskFromArguments(ReflectionJavap.java:135)
	at org.adoptopenjdk.jitwatch.process.javap.ReflectionJavap.getBytecode(ReflectionJavap.java:121)
	at org.adoptopenjdk.jitwatch.loader.BytecodeLoader.fetchBytecodeForClass(BytecodeLoader.java:134)
	at org.adoptopenjdk.jitwatch.loader.BytecodeLoader.fetchBytecodeForClass(BytecodeLoader.java:112)
	at org.adoptopenjdk.jitwatch.test.TestBytecodeLoaderWithInnerClasses.setUp(TestBytecodeLoaderWithInnerClasses.java:127)
	at java.base/jdk.internal.reflect.NativeMethodAccessorImpl.invoke0(Native Method)
	at java.base/jdk.internal.reflect.NativeMethodAccessorImpl.invoke(NativeMethodAccessorImpl.java:77)
	at java.base/jdk.internal.reflect.DelegatingMethodAccessorImpl.invoke(DelegatingMethodAccessorImpl.java:43)
	at java.base/java.lang.reflect.Method.invoke(Method.java:568)
	at org.junit.runners.model.FrameworkMethod$1.runReflectiveCall(FrameworkMethod.java:59)
	at org.junit.internal.runners.model.ReflectiveCallable.run(ReflectiveCallable.java:12)
	at org.junit.runners.model.FrameworkMethod.invokeExplosively(FrameworkMethod.java:56)
	at org.junit.internal.runners.statements.RunBefores.invokeMethod(RunBefores.java:33)
	at org.junit.internal.runners.statements.RunBefores.evaluate(RunBefores.java:24)
	at org.junit.internal.runners.statements.RunAfters.evaluate(RunAfters.java:27)
	at org.junit.runners.ParentRunner$3.evaluate(ParentRunner.java:306)
	at org.junit.runners.BlockJUnit4ClassRunner$1.evaluate(BlockJUnit4ClassRunner.java:100)
	at org.junit.runners.ParentRunner.runLeaf(ParentRunner.java:366)
	at org.junit.runners.BlockJUnit4ClassRunner.runChild(BlockJUnit4ClassRunner.java:103)
	at org.junit.runners.BlockJUnit4ClassRunner.runChild(BlockJUnit4ClassRunner.java:63)
	at org.junit.runners.ParentRunner$4.run(ParentRunner.java:331)
	at org.junit.runners.ParentRunner$1.schedule(ParentRunner.java:79)
	at org.junit.runners.ParentRunner.runChildren(ParentRunner.java:329)
	at org.junit.runners.ParentRunner.access$100(ParentRunner.java:66)
	at org.junit.runners.ParentRunner$2.evaluate(ParentRunner.java:293)
	at org.junit.runners.ParentRunner$3.evaluate(ParentRunner.java:306)
	at org.junit.runners.ParentRunner.run(ParentRunner.java:413)
	at org.apache.maven.surefire.junit4.JUnit4Provider.execute(JUnit4Provider.java:365)
	at org.apache.maven.surefire.junit4.JUnit4Provider.executeWithRerun(JUnit4Provider.java:272)
	at org.apache.maven.surefire.junit4.JUnit4Provider.executeTestSet(JUnit4Provider.java:236)
	at org.apache.maven.surefire.junit4.JUnit4Provider.invoke(JUnit4Provider.java:159)
	at org.apache.maven.surefire.booter.ForkedBooter.invokeProviderInSameClassLoader(ForkedBooter.java:386)
	at org.apache.maven.surefire.booter.ForkedBooter.runSuitesInProcess(ForkedBooter.java:323)
	at org.apache.maven.surefire.booter.ForkedBooter.main(ForkedBooter.java:143)
14:53:39.102 [main] ERROR o.a.j.p.j.ReflectionJavap - Could not load bytecode via reflection
java.lang.IllegalAccessException: class org.adoptopenjdk.jitwatch.process.javap.ReflectionJavap cannot access class com.sun.tools.javap.JavapTask (in module jdk.jdeps) because module jdk.jdeps does not export com.sun.tools.javap to unnamed module @4015e7ec
	at java.base/jdk.internal.reflect.Reflection.newIllegalAccessException(Reflection.java:392)
	at java.base/java.lang.reflect.AccessibleObject.checkAccess(AccessibleObject.java:674)
	at java.base/java.lang.reflect.Constructor.newInstanceWithCaller(Constructor.java:489)
	at java.base/java.lang.reflect.Constructor.newInstance(Constructor.java:480)
	at org.adoptopenjdk.jitwatch.process.javap.ReflectionJavap.createJavapTaskFromArguments(ReflectionJavap.java:135)
	at org.adoptopenjdk.jitwatch.process.javap.ReflectionJavap.getBytecode(ReflectionJavap.java:121)
	at org.adoptopenjdk.jitwatch.loader.BytecodeLoader.fetchBytecodeForClass(BytecodeLoader.java:134)
	at org.adoptopenjdk.jitwatch.loader.BytecodeLoader.fetchBytecodeForClass(BytecodeLoader.java:112)
	at org.adoptopenjdk.jitwatch.test.TestBytecodeLoaderWithInnerClasses.setUp(TestBytecodeLoaderWithInnerClasses.java:128)
	at java.base/jdk.internal.reflect.NativeMethodAccessorImpl.invoke0(Native Method)
	at java.base/jdk.internal.reflect.NativeMethodAccessorImpl.invoke(NativeMethodAccessorImpl.java:77)
	at java.base/jdk.internal.reflect.DelegatingMethodAccessorImpl.invoke(DelegatingMethodAccessorImpl.java:43)
	at java.base/java.lang.reflect.Method.invoke(Method.java:568)
	at org.junit.runners.model.FrameworkMethod$1.runReflectiveCall(FrameworkMethod.java:59)
	at org.junit.internal.runners.model.ReflectiveCallable.run(ReflectiveCallable.java:12)
	at org.junit.runners.model.FrameworkMethod.invokeExplosively(FrameworkMethod.java:56)
	at org.junit.internal.runners.statements.RunBefores.invokeMethod(RunBefores.java:33)
	at org.junit.internal.runners.statements.RunBefores.evaluate(RunBefores.java:24)
	at org.junit.internal.runners.statements.RunAfters.evaluate(RunAfters.java:27)
	at org.junit.runners.ParentRunner$3.evaluate(ParentRunner.java:306)
	at org.junit.runners.BlockJUnit4ClassRunner$1.evaluate(BlockJUnit4ClassRunner.java:100)
	at org.junit.runners.ParentRunner.runLeaf(ParentRunner.java:366)
	at org.junit.runners.BlockJUnit4ClassRunner.runChild(BlockJUnit4ClassRunner.java:103)
	at org.junit.runners.BlockJUnit4ClassRunner.runChild(BlockJUnit4ClassRunner.java:63)
	at org.junit.runners.ParentRunner$4.run(ParentRunner.java:331)
	at org.junit.runners.ParentRunner$1.schedule(ParentRunner.java:79)
	at org.junit.runners.ParentRunner.runChildren(ParentRunner.java:329)
	at org.junit.runners.ParentRunner.access$100(ParentRunner.java:66)
	at org.junit.runners.ParentRunner$2.evaluate(ParentRunner.java:293)
	at org.junit.runners.ParentRunner$3.evaluate(ParentRunner.java:306)
	at org.junit.runners.ParentRunner.run(ParentRunner.java:413)
	at org.apache.maven.surefire.junit4.JUnit4Provider.execute(JUnit4Provider.java:365)
	at org.apache.maven.surefire.junit4.JUnit4Provider.executeWithRerun(JUnit4Provider.java:272)
	at org.apache.maven.surefire.junit4.JUnit4Provider.executeTestSet(JUnit4Provider.java:236)
	at org.apache.maven.surefire.junit4.JUnit4Provider.invoke(JUnit4Provider.java:159)
	at org.apache.maven.surefire.booter.ForkedBooter.invokeProviderInSameClassLoader(ForkedBooter.java:386)
	at org.apache.maven.surefire.booter.ForkedBooter.runSuitesInProcess(ForkedBooter.java:323)
	at org.apache.maven.surefire.booter.ForkedBooter.main(ForkedBooter.java:143)
14:53:39.890 [main] ERROR o.a.j.p.j.ReflectionJavap - Could not load bytecode via reflection
java.lang.IllegalAccessException: class org.adoptopenjdk.jitwatch.process.javap.ReflectionJavap cannot access class com.sun.tools.javap.JavapTask (in module jdk.jdeps) because module jdk.jdeps does not export com.sun.tools.javap to unnamed module @4015e7ec
	at java.base/jdk.internal.reflect.Reflection.newIllegalAccessException(Reflection.java:392)
	at java.base/java.lang.reflect.AccessibleObject.checkAccess(AccessibleObject.java:674)
	at java.base/java.lang.reflect.Constructor.newInstanceWithCaller(Constructor.java:489)
	at java.base/java.lang.reflect.Constructor.newInstance(Constructor.java:480)
	at org.adoptopenjdk.jitwatch.process.javap.ReflectionJavap.createJavapTaskFromArguments(ReflectionJavap.java:135)
	at org.adoptopenjdk.jitwatch.process.javap.ReflectionJavap.getBytecode(ReflectionJavap.java:121)
	at org.adoptopenjdk.jitwatch.loader.BytecodeLoader.fetchBytecodeForClass(BytecodeLoader.java:134)
	at org.adoptopenjdk.jitwatch.loader.BytecodeLoader.fetchBytecodeForClass(BytecodeLoader.java:112)
	at org.adoptopenjdk.jitwatch.test.TestBytecodeLoaderWithInnerClasses.setUp(TestBytecodeLoaderWithInnerClasses.java:125)
	at java.base/jdk.internal.reflect.NativeMethodAccessorImpl.invoke0(Native Method)
	at java.base/jdk.internal.reflect.NativeMethodAccessorImpl.invoke(NativeMethodAccessorImpl.java:77)
	at java.base/jdk.internal.reflect.DelegatingMethodAccessorImpl.invoke(DelegatingMethodAccessorImpl.java:43)
	at java.base/java.lang.reflect.Method.invoke(Method.java:568)
	at org.junit.runners.model.FrameworkMethod$1.runReflectiveCall(FrameworkMethod.java:59)
	at org.junit.internal.runners.model.ReflectiveCallable.run(ReflectiveCallable.java:12)
	at org.junit.runners.model.FrameworkMethod.invokeExplosively(FrameworkMethod.java:56)
	at org.junit.internal.runners.statements.RunBefores.invokeMethod(RunBefores.java:33)
	at org.junit.internal.runners.statements.RunBefores.evaluate(RunBefores.java:24)
	at org.junit.internal.runners.statements.RunAfters.evaluate(RunAfters.java:27)
	at org.junit.runners.ParentRunner$3.evaluate(ParentRunner.java:306)
	at org.junit.runners.BlockJUnit4ClassRunner$1.evaluate(BlockJUnit4ClassRunner.java:100)
	at org.junit.runners.ParentRunner.runLeaf(ParentRunner.java:366)
	at org.junit.runners.BlockJUnit4ClassRunner.runChild(BlockJUnit4ClassRunner.java:103)
	at org.junit.runners.BlockJUnit4ClassRunner.runChild(BlockJUnit4ClassRunner.java:63)
	at org.junit.runners.ParentRunner$4.run(ParentRunner.java:331)
	at org.junit.runners.ParentRunner$1.schedule(ParentRunner.java:79)
	at org.junit.runners.ParentRunner.runChildren(ParentRunner.java:329)
	at org.junit.runners.ParentRunner.access$100(ParentRunner.java:66)
	at org.junit.runners.ParentRunner$2.evaluate(ParentRunner.java:293)
	at org.junit.runners.ParentRunner$3.evaluate(ParentRunner.java:306)
	at org.junit.runners.ParentRunner.run(ParentRunner.java:413)
	at org.apache.maven.surefire.junit4.JUnit4Provider.execute(JUnit4Provider.java:365)
	at org.apache.maven.surefire.junit4.JUnit4Provider.executeWithRerun(JUnit4Provider.java:272)
	at org.apache.maven.surefire.junit4.JUnit4Provider.executeTestSet(JUnit4Provider.java:236)
	at org.apache.maven.surefire.junit4.JUnit4Provider.invoke(JUnit4Provider.java:159)
	at org.apache.maven.surefire.booter.ForkedBooter.invokeProviderInSameClassLoader(ForkedBooter.java:386)
	at org.apache.maven.surefire.booter.ForkedBooter.runSuitesInProcess(ForkedBooter.java:323)
	at org.apache.maven.surefire.booter.ForkedBooter.main(ForkedBooter.java:143)
14:53:39.891 [main] ERROR o.a.j.p.j.ReflectionJavap - Could not load bytecode via reflection
java.lang.IllegalAccessException: class org.adoptopenjdk.jitwatch.process.javap.ReflectionJavap cannot access class com.sun.tools.javap.JavapTask (in module jdk.jdeps) because module jdk.jdeps does not export com.sun.tools.javap to unnamed module @4015e7ec
	at java.base/jdk.internal.reflect.Reflection.newIllegalAccessException(Reflection.java:392)
	at java.base/java.lang.reflect.AccessibleObject.checkAccess(AccessibleObject.java:674)
	at java.base/java.lang.reflect.Constructor.newInstanceWithCaller(Constructor.java:489)
	at java.base/java.lang.reflect.Constructor.newInstance(Constructor.java:480)
	at org.adoptopenjdk.jitwatch.process.javap.ReflectionJavap.createJavapTaskFromArguments(ReflectionJavap.java:135)
	at org.adoptopenjdk.jitwatch.process.javap.ReflectionJavap.getBytecode(ReflectionJavap.java:121)
	at org.adoptopenjdk.jitwatch.loader.BytecodeLoader.fetchBytecodeForClass(BytecodeLoader.java:134)
	at org.adoptopenjdk.jitwatch.loader.BytecodeLoader.fetchBytecodeForClass(BytecodeLoader.java:112)
	at org.adoptopenjdk.jitwatch.test.TestBytecodeLoaderWithInnerClasses.setUp(TestBytecodeLoaderWithInnerClasses.java:127)
	at java.base/jdk.internal.reflect.NativeMethodAccessorImpl.invoke0(Native Method)
	at java.base/jdk.internal.reflect.NativeMethodAccessorImpl.invoke(NativeMethodAccessorImpl.java:77)
	at java.base/jdk.internal.reflect.DelegatingMethodAccessorImpl.invoke(DelegatingMethodAccessorImpl.java:43)
	at java.base/java.lang.reflect.Method.invoke(Method.java:568)
	at org.junit.runners.model.FrameworkMethod$1.runReflectiveCall(FrameworkMethod.java:59)
	at org.junit.internal.runners.model.ReflectiveCallable.run(ReflectiveCallable.java:12)
	at org.junit.runners.model.FrameworkMethod.invokeExplosively(FrameworkMethod.java:56)
	at org.junit.internal.runners.statements.RunBefores.invokeMethod(RunBefores.java:33)
	at org.junit.internal.runners.statements.RunBefores.evaluate(RunBefores.java:24)
	at org.junit.internal.runners.statements.RunAfters.evaluate(RunAfters.java:27)
	at org.junit.runners.ParentRunner$3.evaluate(ParentRunner.java:306)
	at org.junit.runners.BlockJUnit4ClassRunner$1.evaluate(BlockJUnit4ClassRunner.java:100)
	at org.junit.runners.ParentRunner.runLeaf(ParentRunner.java:366)
	at org.junit.runners.BlockJUnit4ClassRunner.runChild(BlockJUnit4ClassRunner.java:103)
	at org.junit.runners.BlockJUnit4ClassRunner.runChild(BlockJUnit4ClassRunner.java:63)
	at org.junit.runners.ParentRunner$4.run(ParentRunner.java:331)
	at org.junit.runners.ParentRunner$1.schedule(ParentRunner.java:79)
	at org.junit.runners.ParentRunner.runChildren(ParentRunner.java:329)
	at org.junit.runners.ParentRunner.access$100(ParentRunner.java:66)
	at org.junit.runners.ParentRunner$2.evaluate(ParentRunner.java:293)
	at org.junit.runners.ParentRunner$3.evaluate(ParentRunner.java:306)
	at org.junit.runners.ParentRunner.run(ParentRunner.java:413)
	at org.apache.maven.surefire.junit4.JUnit4Provider.execute(JUnit4Provider.java:365)
	at org.apache.maven.surefire.junit4.JUnit4Provider.executeWithRerun(JUnit4Provider.java:272)
	at org.apache.maven.surefire.junit4.JUnit4Provider.executeTestSet(JUnit4Provider.java:236)
	at org.apache.maven.surefire.junit4.JUnit4Provider.invoke(JUnit4Provider.java:159)
	at org.apache.maven.surefire.booter.ForkedBooter.invokeProviderInSameClassLoader(ForkedBooter.java:386)
	at org.apache.maven.surefire.booter.ForkedBooter.runSuitesInProcess(ForkedBooter.java:323)
	at org.apache.maven.surefire.booter.ForkedBooter.main(ForkedBooter.java:143)
14:53:39.891 [main] ERROR o.a.j.p.j.ReflectionJavap - Could not load bytecode via reflection
java.lang.IllegalAccessException: class org.adoptopenjdk.jitwatch.process.javap.ReflectionJavap cannot access class com.sun.tools.javap.JavapTask (in module jdk.jdeps) because module jdk.jdeps does not export com.sun.tools.javap to unnamed module @4015e7ec
	at java.base/jdk.internal.reflect.Reflection.newIllegalAccessException(Reflection.java:392)
	at java.base/java.lang.reflect.AccessibleObject.checkAccess(AccessibleObject.java:674)
	at java.base/java.lang.reflect.Constructor.newInstanceWithCaller(Constructor.java:489)
	at java.base/java.lang.reflect.Constructor.newInstance(Constructor.java:480)
	at org.adoptopenjdk.jitwatch.process.javap.ReflectionJavap.createJavapTaskFromArguments(ReflectionJavap.java:135)
	at org.adoptopenjdk.jitwatch.process.javap.ReflectionJavap.getBytecode(ReflectionJavap.java:121)
	at org.adoptopenjdk.jitwatch.loader.BytecodeLoader.fetchBytecodeForClass(BytecodeLoader.java:134)
	at org.adoptopenjdk.jitwatch.loader.BytecodeLoader.fetchBytecodeForClass(BytecodeLoader.java:112)
	at org.adoptopenjdk.jitwatch.test.TestBytecodeLoaderWithInnerClasses.setUp(TestBytecodeLoaderWithInnerClasses.java:128)
	at java.base/jdk.internal.reflect.NativeMethodAccessorImpl.invoke0(Native Method)
	at java.base/jdk.internal.reflect.NativeMethodAccessorImpl.invoke(NativeMethodAccessorImpl.java:77)
	at java.base/jdk.internal.reflect.DelegatingMethodAccessorImpl.invoke(DelegatingMethodAccessorImpl.java:43)
	at java.base/java.lang.reflect.Method.invoke(Method.java:568)
	at org.junit.runners.model.FrameworkMethod$1.runReflectiveCall(FrameworkMethod.java:59)
	at org.junit.internal.runners.model.ReflectiveCallable.run(ReflectiveCallable.java:12)
	at org.junit.runners.model.FrameworkMethod.invokeExplosively(FrameworkMethod.java:56)
	at org.junit.internal.runners.statements.RunBefores.invokeMethod(RunBefores.java:33)
	at org.junit.internal.runners.statements.RunBefores.evaluate(RunBefores.java:24)
	at org.junit.internal.runners.statements.RunAfters.evaluate(RunAfters.java:27)
	at org.junit.runners.ParentRunner$3.evaluate(ParentRunner.java:306)
	at org.junit.runners.BlockJUnit4ClassRunner$1.evaluate(BlockJUnit4ClassRunner.java:100)
	at org.junit.runners.ParentRunner.runLeaf(ParentRunner.java:366)
	at org.junit.runners.BlockJUnit4ClassRunner.runChild(BlockJUnit4ClassRunner.java:103)
	at org.junit.runners.BlockJUnit4ClassRunner.runChild(BlockJUnit4ClassRunner.java:63)
	at org.junit.runners.ParentRunner$4.run(ParentRunner.java:331)
	at org.junit.runners.ParentRunner$1.schedule(ParentRunner.java:79)
	at org.junit.runners.ParentRunner.runChildren(ParentRunner.java:329)
	at org.junit.runners.ParentRunner.access$100(ParentRunner.java:66)
	at org.junit.runners.ParentRunner$2.evaluate(ParentRunner.java:293)
	at org.junit.runners.ParentRunner$3.evaluate(ParentRunner.java:306)
	at org.junit.runners.ParentRunner.run(ParentRunner.java:413)
	at org.apache.maven.surefire.junit4.JUnit4Provider.execute(JUnit4Provider.java:365)
	at org.apache.maven.surefire.junit4.JUnit4Provider.executeWithRerun(JUnit4Provider.java:272)
	at org.apache.maven.surefire.junit4.JUnit4Provider.executeTestSet(JUnit4Provider.java:236)
	at org.apache.maven.surefire.junit4.JUnit4Provider.invoke(JUnit4Provider.java:159)
	at org.apache.maven.surefire.booter.ForkedBooter.invokeProviderInSameClassLoader(ForkedBooter.java:386)
	at org.apache.maven.surefire.booter.ForkedBooter.runSuitesInProcess(ForkedBooter.java:323)
	at org.apache.maven.surefire.booter.ForkedBooter.main(ForkedBooter.java:143)
14:53:40.681 [main] ERROR o.a.j.p.j.ReflectionJavap - Could not load bytecode via reflection
java.lang.IllegalAccessException: class org.adoptopenjdk.jitwatch.process.javap.ReflectionJavap cannot access class com.sun.tools.javap.JavapTask (in module jdk.jdeps) because module jdk.jdeps does not export com.sun.tools.javap to unnamed module @4015e7ec
	at java.base/jdk.internal.reflect.Reflection.newIllegalAccessException(Reflection.java:392)
	at java.base/java.lang.reflect.AccessibleObject.checkAccess(AccessibleObject.java:674)
	at java.base/java.lang.reflect.Constructor.newInstanceWithCaller(Constructor.java:489)
	at java.base/java.lang.reflect.Constructor.newInstance(Constructor.java:480)
	at org.adoptopenjdk.jitwatch.process.javap.ReflectionJavap.createJavapTaskFromArguments(ReflectionJavap.java:135)
	at org.adoptopenjdk.jitwatch.process.javap.ReflectionJavap.getBytecode(ReflectionJavap.java:121)
	at org.adoptopenjdk.jitwatch.loader.BytecodeLoader.fetchBytecodeForClass(BytecodeLoader.java:134)
	at org.adoptopenjdk.jitwatch.loader.BytecodeLoader.fetchBytecodeForClass(BytecodeLoader.java:112)
	at org.adoptopenjdk.jitwatch.test.TestBytecodeLoaderWithInnerClasses.setUp(TestBytecodeLoaderWithInnerClasses.java:125)
	at java.base/jdk.internal.reflect.NativeMethodAccessorImpl.invoke0(Native Method)
	at java.base/jdk.internal.reflect.NativeMethodAccessorImpl.invoke(NativeMethodAccessorImpl.java:77)
	at java.base/jdk.internal.reflect.DelegatingMethodAccessorImpl.invoke(DelegatingMethodAccessorImpl.java:43)
	at java.base/java.lang.reflect.Method.invoke(Method.java:568)
	at org.junit.runners.model.FrameworkMethod$1.runReflectiveCall(FrameworkMethod.java:59)
	at org.junit.internal.runners.model.ReflectiveCallable.run(ReflectiveCallable.java:12)
	at org.junit.runners.model.FrameworkMethod.invokeExplosively(FrameworkMethod.java:56)
	at org.junit.internal.runners.statements.RunBefores.invokeMethod(RunBefores.java:33)
	at org.junit.internal.runners.statements.RunBefores.evaluate(RunBefores.java:24)
	at org.junit.internal.runners.statements.RunAfters.evaluate(RunAfters.java:27)
	at org.junit.runners.ParentRunner$3.evaluate(ParentRunner.java:306)
	at org.junit.runners.BlockJUnit4ClassRunner$1.evaluate(BlockJUnit4ClassRunner.java:100)
	at org.junit.runners.ParentRunner.runLeaf(ParentRunner.java:366)
	at org.junit.runners.BlockJUnit4ClassRunner.runChild(BlockJUnit4ClassRunner.java:103)
	at org.junit.runners.BlockJUnit4ClassRunner.runChild(BlockJUnit4ClassRunner.java:63)
	at org.junit.runners.ParentRunner$4.run(ParentRunner.java:331)
	at org.junit.runners.ParentRunner$1.schedule(ParentRunner.java:79)
	at org.junit.runners.ParentRunner.runChildren(ParentRunner.java:329)
	at org.junit.runners.ParentRunner.access$100(ParentRunner.java:66)
	at org.junit.runners.ParentRunner$2.evaluate(ParentRunner.java:293)
	at org.junit.runners.ParentRunner$3.evaluate(ParentRunner.java:306)
	at org.junit.runners.ParentRunner.run(ParentRunner.java:413)
	at org.apache.maven.surefire.junit4.JUnit4Provider.execute(JUnit4Provider.java:365)
	at org.apache.maven.surefire.junit4.JUnit4Provider.executeWithRerun(JUnit4Provider.java:272)
	at org.apache.maven.surefire.junit4.JUnit4Provider.executeTestSet(JUnit4Provider.java:236)
	at org.apache.maven.surefire.junit4.JUnit4Provider.invoke(JUnit4Provider.java:159)
	at org.apache.maven.surefire.booter.ForkedBooter.invokeProviderInSameClassLoader(ForkedBooter.java:386)
	at org.apache.maven.surefire.booter.ForkedBooter.runSuitesInProcess(ForkedBooter.java:323)
	at org.apache.maven.surefire.booter.ForkedBooter.main(ForkedBooter.java:143)
14:53:40.681 [main] ERROR o.a.j.p.j.ReflectionJavap - Could not load bytecode via reflection
java.lang.IllegalAccessException: class org.adoptopenjdk.jitwatch.process.javap.ReflectionJavap cannot access class com.sun.tools.javap.JavapTask (in module jdk.jdeps) because module jdk.jdeps does not export com.sun.tools.javap to unnamed module @4015e7ec
	at java.base/jdk.internal.reflect.Reflection.newIllegalAccessException(Reflection.java:392)
	at java.base/java.lang.reflect.AccessibleObject.checkAccess(AccessibleObject.java:674)
	at java.base/java.lang.reflect.Constructor.newInstanceWithCaller(Constructor.java:489)
	at java.base/java.lang.reflect.Constructor.newInstance(Constructor.java:480)
	at org.adoptopenjdk.jitwatch.process.javap.ReflectionJavap.createJavapTaskFromArguments(ReflectionJavap.java:135)
	at org.adoptopenjdk.jitwatch.process.javap.ReflectionJavap.getBytecode(ReflectionJavap.java:121)
	at org.adoptopenjdk.jitwatch.loader.BytecodeLoader.fetchBytecodeForClass(BytecodeLoader.java:134)
	at org.adoptopenjdk.jitwatch.loader.BytecodeLoader.fetchBytecodeForClass(BytecodeLoader.java:112)
	at org.adoptopenjdk.jitwatch.test.TestBytecodeLoaderWithInnerClasses.setUp(TestBytecodeLoaderWithInnerClasses.java:127)
	at java.base/jdk.internal.reflect.NativeMethodAccessorImpl.invoke0(Native Method)
	at java.base/jdk.internal.reflect.NativeMethodAccessorImpl.invoke(NativeMethodAccessorImpl.java:77)
	at java.base/jdk.internal.reflect.DelegatingMethodAccessorImpl.invoke(DelegatingMethodAccessorImpl.java:43)
	at java.base/java.lang.reflect.Method.invoke(Method.java:568)
	at org.junit.runners.model.FrameworkMethod$1.runReflectiveCall(FrameworkMethod.java:59)
	at org.junit.internal.runners.model.ReflectiveCallable.run(ReflectiveCallable.java:12)
	at org.junit.runners.model.FrameworkMethod.invokeExplosively(FrameworkMethod.java:56)
	at org.junit.internal.runners.statements.RunBefores.invokeMethod(RunBefores.java:33)
	at org.junit.internal.runners.statements.RunBefores.evaluate(RunBefores.java:24)
	at org.junit.internal.runners.statements.RunAfters.evaluate(RunAfters.java:27)
	at org.junit.runners.ParentRunner$3.evaluate(ParentRunner.java:306)
	at org.junit.runners.BlockJUnit4ClassRunner$1.evaluate(BlockJUnit4ClassRunner.java:100)
	at org.junit.runners.ParentRunner.runLeaf(ParentRunner.java:366)
	at org.junit.runners.BlockJUnit4ClassRunner.runChild(BlockJUnit4ClassRunner.java:103)
	at org.junit.runners.BlockJUnit4ClassRunner.runChild(BlockJUnit4ClassRunner.java:63)
	at org.junit.runners.ParentRunner$4.run(ParentRunner.java:331)
	at org.junit.runners.ParentRunner$1.schedule(ParentRunner.java:79)
	at org.junit.runners.ParentRunner.runChildren(ParentRunner.java:329)
	at org.junit.runners.ParentRunner.access$100(ParentRunner.java:66)
	at org.junit.runners.ParentRunner$2.evaluate(ParentRunner.java:293)
	at org.junit.runners.ParentRunner$3.evaluate(ParentRunner.java:306)
	at org.junit.runners.ParentRunner.run(ParentRunner.java:413)
	at org.apache.maven.surefire.junit4.JUnit4Provider.execute(JUnit4Provider.java:365)
	at org.apache.maven.surefire.junit4.JUnit4Provider.executeWithRerun(JUnit4Provider.java:272)
	at org.apache.maven.surefire.junit4.JUnit4Provider.executeTestSet(JUnit4Provider.java:236)
	at org.apache.maven.surefire.junit4.JUnit4Provider.invoke(JUnit4Provider.java:159)
	at org.apache.maven.surefire.booter.ForkedBooter.invokeProviderInSameClassLoader(ForkedBooter.java:386)
	at org.apache.maven.surefire.booter.ForkedBooter.runSuitesInProcess(ForkedBooter.java:323)
	at org.apache.maven.surefire.booter.ForkedBooter.main(ForkedBooter.java:143)
14:53:40.681 [main] ERROR o.a.j.p.j.ReflectionJavap - Could not load bytecode via reflection
java.lang.IllegalAccessException: class org.adoptopenjdk.jitwatch.process.javap.ReflectionJavap cannot access class com.sun.tools.javap.JavapTask (in module jdk.jdeps) because module jdk.jdeps does not export com.sun.tools.javap to unnamed module @4015e7ec
	at java.base/jdk.internal.reflect.Reflection.newIllegalAccessException(Reflection.java:392)
	at java.base/java.lang.reflect.AccessibleObject.checkAccess(AccessibleObject.java:674)
	at java.base/java.lang.reflect.Constructor.newInstanceWithCaller(Constructor.java:489)
	at java.base/java.lang.reflect.Constructor.newInstance(Constructor.java:480)
	at org.adoptopenjdk.jitwatch.process.javap.ReflectionJavap.createJavapTaskFromArguments(ReflectionJavap.java:135)
	at org.adoptopenjdk.jitwatch.process.javap.ReflectionJavap.getBytecode(ReflectionJavap.java:121)
	at org.adoptopenjdk.jitwatch.loader.BytecodeLoader.fetchBytecodeForClass(BytecodeLoader.java:134)
	at org.adoptopenjdk.jitwatch.loader.BytecodeLoader.fetchBytecodeForClass(BytecodeLoader.java:112)
	at org.adoptopenjdk.jitwatch.test.TestBytecodeLoaderWithInnerClasses.setUp(TestBytecodeLoaderWithInnerClasses.java:128)
	at java.base/jdk.internal.reflect.NativeMethodAccessorImpl.invoke0(Native Method)
	at java.base/jdk.internal.reflect.NativeMethodAccessorImpl.invoke(NativeMethodAccessorImpl.java:77)
	at java.base/jdk.internal.reflect.DelegatingMethodAccessorImpl.invoke(DelegatingMethodAccessorImpl.java:43)
	at java.base/java.lang.reflect.Method.invoke(Method.java:568)
	at org.junit.runners.model.FrameworkMethod$1.runReflectiveCall(FrameworkMethod.java:59)
	at org.junit.internal.runners.model.ReflectiveCallable.run(ReflectiveCallable.java:12)
	at org.junit.runners.model.FrameworkMethod.invokeExplosively(FrameworkMethod.java:56)
	at org.junit.internal.runners.statements.RunBefores.invokeMethod(RunBefores.java:33)
	at org.junit.internal.runners.statements.RunBefores.evaluate(RunBefores.java:24)
	at org.junit.internal.runners.statements.RunAfters.evaluate(RunAfters.java:27)
	at org.junit.runners.ParentRunner$3.evaluate(ParentRunner.java:306)
	at org.junit.runners.BlockJUnit4ClassRunner$1.evaluate(BlockJUnit4ClassRunner.java:100)
	at org.junit.runners.ParentRunner.runLeaf(ParentRunner.java:366)
	at org.junit.runners.BlockJUnit4ClassRunner.runChild(BlockJUnit4ClassRunner.java:103)
	at org.junit.runners.BlockJUnit4ClassRunner.runChild(BlockJUnit4ClassRunner.java:63)
	at org.junit.runners.ParentRunner$4.run(ParentRunner.java:331)
	at org.junit.runners.ParentRunner$1.schedule(ParentRunner.java:79)
	at org.junit.runners.ParentRunner.runChildren(ParentRunner.java:329)
	at org.junit.runners.ParentRunner.access$100(ParentRunner.java:66)
	at org.junit.runners.ParentRunner$2.evaluate(ParentRunner.java:293)
	at org.junit.runners.ParentRunner$3.evaluate(ParentRunner.java:306)
	at org.junit.runners.ParentRunner.run(ParentRunner.java:413)
	at org.apache.maven.surefire.junit4.JUnit4Provider.execute(JUnit4Provider.java:365)
	at org.apache.maven.surefire.junit4.JUnit4Provider.executeWithRerun(JUnit4Provider.java:272)
	at org.apache.maven.surefire.junit4.JUnit4Provider.executeTestSet(JUnit4Provider.java:236)
	at org.apache.maven.surefire.junit4.JUnit4Provider.invoke(JUnit4Provider.java:159)
	at org.apache.maven.surefire.booter.ForkedBooter.invokeProviderInSameClassLoader(ForkedBooter.java:386)
	at org.apache.maven.surefire.booter.ForkedBooter.runSuitesInProcess(ForkedBooter.java:323)
	at org.apache.maven.surefire.booter.ForkedBooter.main(ForkedBooter.java:143)
14:53:41.494 [main] ERROR o.a.j.p.j.ReflectionJavap - Could not load bytecode via reflection
java.lang.IllegalAccessException: class org.adoptopenjdk.jitwatch.process.javap.ReflectionJavap cannot access class com.sun.tools.javap.JavapTask (in module jdk.jdeps) because module jdk.jdeps does not export com.sun.tools.javap to unnamed module @4015e7ec
	at java.base/jdk.internal.reflect.Reflection.newIllegalAccessException(Reflection.java:392)
	at java.base/java.lang.reflect.AccessibleObject.checkAccess(AccessibleObject.java:674)
	at java.base/java.lang.reflect.Constructor.newInstanceWithCaller(Constructor.java:489)
	at java.base/java.lang.reflect.Constructor.newInstance(Constructor.java:480)
	at org.adoptopenjdk.jitwatch.process.javap.ReflectionJavap.createJavapTaskFromArguments(ReflectionJavap.java:135)
	at org.adoptopenjdk.jitwatch.process.javap.ReflectionJavap.getBytecode(ReflectionJavap.java:121)
	at org.adoptopenjdk.jitwatch.loader.BytecodeLoader.fetchBytecodeForClass(BytecodeLoader.java:134)
	at org.adoptopenjdk.jitwatch.loader.BytecodeLoader.fetchBytecodeForClass(BytecodeLoader.java:112)
	at org.adoptopenjdk.jitwatch.test.TestBytecodeLoaderWithInnerClasses.setUp(TestBytecodeLoaderWithInnerClasses.java:125)
	at java.base/jdk.internal.reflect.NativeMethodAccessorImpl.invoke0(Native Method)
	at java.base/jdk.internal.reflect.NativeMethodAccessorImpl.invoke(NativeMethodAccessorImpl.java:77)
	at java.base/jdk.internal.reflect.DelegatingMethodAccessorImpl.invoke(DelegatingMethodAccessorImpl.java:43)
	at java.base/java.lang.reflect.Method.invoke(Method.java:568)
	at org.junit.runners.model.FrameworkMethod$1.runReflectiveCall(FrameworkMethod.java:59)
	at org.junit.internal.runners.model.ReflectiveCallable.run(ReflectiveCallable.java:12)
	at org.junit.runners.model.FrameworkMethod.invokeExplosively(FrameworkMethod.java:56)
	at org.junit.internal.runners.statements.RunBefores.invokeMethod(RunBefores.java:33)
	at org.junit.internal.runners.statements.RunBefores.evaluate(RunBefores.java:24)
	at org.junit.internal.runners.statements.RunAfters.evaluate(RunAfters.java:27)
	at org.junit.runners.ParentRunner$3.evaluate(ParentRunner.java:306)
	at org.junit.runners.BlockJUnit4ClassRunner$1.evaluate(BlockJUnit4ClassRunner.java:100)
	at org.junit.runners.ParentRunner.runLeaf(ParentRunner.java:366)
	at org.junit.runners.BlockJUnit4ClassRunner.runChild(BlockJUnit4ClassRunner.java:103)
	at org.junit.runners.BlockJUnit4ClassRunner.runChild(BlockJUnit4ClassRunner.java:63)
	at org.junit.runners.ParentRunner$4.run(ParentRunner.java:331)
	at org.junit.runners.ParentRunner$1.schedule(ParentRunner.java:79)
	at org.junit.runners.ParentRunner.runChildren(ParentRunner.java:329)
	at org.junit.runners.ParentRunner.access$100(ParentRunner.java:66)
	at org.junit.runners.ParentRunner$2.evaluate(ParentRunner.java:293)
	at org.junit.runners.ParentRunner$3.evaluate(ParentRunner.java:306)
	at org.junit.runners.ParentRunner.run(ParentRunner.java:413)
	at org.apache.maven.surefire.junit4.JUnit4Provider.execute(JUnit4Provider.java:365)
	at org.apache.maven.surefire.junit4.JUnit4Provider.executeWithRerun(JUnit4Provider.java:272)
	at org.apache.maven.surefire.junit4.JUnit4Provider.executeTestSet(JUnit4Provider.java:236)
	at org.apache.maven.surefire.junit4.JUnit4Provider.invoke(JUnit4Provider.java:159)
	at org.apache.maven.surefire.booter.ForkedBooter.invokeProviderInSameClassLoader(ForkedBooter.java:386)
	at org.apache.maven.surefire.booter.ForkedBooter.runSuitesInProcess(ForkedBooter.java:323)
	at org.apache.maven.surefire.booter.ForkedBooter.main(ForkedBooter.java:143)
14:53:41.495 [main] ERROR o.a.j.p.j.ReflectionJavap - Could not load bytecode via reflection
java.lang.IllegalAccessException: class org.adoptopenjdk.jitwatch.process.javap.ReflectionJavap cannot access class com.sun.tools.javap.JavapTask (in module jdk.jdeps) because module jdk.jdeps does not export com.sun.tools.javap to unnamed module @4015e7ec
	at java.base/jdk.internal.reflect.Reflection.newIllegalAccessException(Reflection.java:392)
	at java.base/java.lang.reflect.AccessibleObject.checkAccess(AccessibleObject.java:674)
	at java.base/java.lang.reflect.Constructor.newInstanceWithCaller(Constructor.java:489)
	at java.base/java.lang.reflect.Constructor.newInstance(Constructor.java:480)
	at org.adoptopenjdk.jitwatch.process.javap.ReflectionJavap.createJavapTaskFromArguments(ReflectionJavap.java:135)
	at org.adoptopenjdk.jitwatch.process.javap.ReflectionJavap.getBytecode(ReflectionJavap.java:121)
	at org.adoptopenjdk.jitwatch.loader.BytecodeLoader.fetchBytecodeForClass(BytecodeLoader.java:134)
	at org.adoptopenjdk.jitwatch.loader.BytecodeLoader.fetchBytecodeForClass(BytecodeLoader.java:112)
	at org.adoptopenjdk.jitwatch.test.TestBytecodeLoaderWithInnerClasses.setUp(TestBytecodeLoaderWithInnerClasses.java:127)
	at java.base/jdk.internal.reflect.NativeMethodAccessorImpl.invoke0(Native Method)
	at java.base/jdk.internal.reflect.NativeMethodAccessorImpl.invoke(NativeMethodAccessorImpl.java:77)
	at java.base/jdk.internal.reflect.DelegatingMethodAccessorImpl.invoke(DelegatingMethodAccessorImpl.java:43)
	at java.base/java.lang.reflect.Method.invoke(Method.java:568)
	at org.junit.runners.model.FrameworkMethod$1.runReflectiveCall(FrameworkMethod.java:59)
	at org.junit.internal.runners.model.ReflectiveCallable.run(ReflectiveCallable.java:12)
	at org.junit.runners.model.FrameworkMethod.invokeExplosively(FrameworkMethod.java:56)
	at org.junit.internal.runners.statements.RunBefores.invokeMethod(RunBefores.java:33)
	at org.junit.internal.runners.statements.RunBefores.evaluate(RunBefores.java:24)
	at org.junit.internal.runners.statements.RunAfters.evaluate(RunAfters.java:27)
	at org.junit.runners.ParentRunner$3.evaluate(ParentRunner.java:306)
	at org.junit.runners.BlockJUnit4ClassRunner$1.evaluate(BlockJUnit4ClassRunner.java:100)
	at org.junit.runners.ParentRunner.runLeaf(ParentRunner.java:366)
	at org.junit.runners.BlockJUnit4ClassRunner.runChild(BlockJUnit4ClassRunner.java:103)
	at org.junit.runners.BlockJUnit4ClassRunner.runChild(BlockJUnit4ClassRunner.java:63)
	at org.junit.runners.ParentRunner$4.run(ParentRunner.java:331)
	at org.junit.runners.ParentRunner$1.schedule(ParentRunner.java:79)
	at org.junit.runners.ParentRunner.runChildren(ParentRunner.java:329)
	at org.junit.runners.ParentRunner.access$100(ParentRunner.java:66)
	at org.junit.runners.ParentRunner$2.evaluate(ParentRunner.java:293)
	at org.junit.runners.ParentRunner$3.evaluate(ParentRunner.java:306)
	at org.junit.runners.ParentRunner.run(ParentRunner.java:413)
	at org.apache.maven.surefire.junit4.JUnit4Provider.execute(JUnit4Provider.java:365)
	at org.apache.maven.surefire.junit4.JUnit4Provider.executeWithRerun(JUnit4Provider.java:272)
	at org.apache.maven.surefire.junit4.JUnit4Provider.executeTestSet(JUnit4Provider.java:236)
	at org.apache.maven.surefire.junit4.JUnit4Provider.invoke(JUnit4Provider.java:159)
	at org.apache.maven.surefire.booter.ForkedBooter.invokeProviderInSameClassLoader(ForkedBooter.java:386)
	at org.apache.maven.surefire.booter.ForkedBooter.runSuitesInProcess(ForkedBooter.java:323)
	at org.apache.maven.surefire.booter.ForkedBooter.main(ForkedBooter.java:143)
14:53:41.495 [main] ERROR o.a.j.p.j.ReflectionJavap - Could not load bytecode via reflection
java.lang.IllegalAccessException: class org.adoptopenjdk.jitwatch.process.javap.ReflectionJavap cannot access class com.sun.tools.javap.JavapTask (in module jdk.jdeps) because module jdk.jdeps does not export com.sun.tools.javap to unnamed module @4015e7ec
	at java.base/jdk.internal.reflect.Reflection.newIllegalAccessException(Reflection.java:392)
	at java.base/java.lang.reflect.AccessibleObject.checkAccess(AccessibleObject.java:674)
	at java.base/java.lang.reflect.Constructor.newInstanceWithCaller(Constructor.java:489)
	at java.base/java.lang.reflect.Constructor.newInstance(Constructor.java:480)
	at org.adoptopenjdk.jitwatch.process.javap.ReflectionJavap.createJavapTaskFromArguments(ReflectionJavap.java:135)
	at org.adoptopenjdk.jitwatch.process.javap.ReflectionJavap.getBytecode(ReflectionJavap.java:121)
	at org.adoptopenjdk.jitwatch.loader.BytecodeLoader.fetchBytecodeForClass(BytecodeLoader.java:134)
	at org.adoptopenjdk.jitwatch.loader.BytecodeLoader.fetchBytecodeForClass(BytecodeLoader.java:112)
	at org.adoptopenjdk.jitwatch.test.TestBytecodeLoaderWithInnerClasses.setUp(TestBytecodeLoaderWithInnerClasses.java:128)
	at java.base/jdk.internal.reflect.NativeMethodAccessorImpl.invoke0(Native Method)
	at java.base/jdk.internal.reflect.NativeMethodAccessorImpl.invoke(NativeMethodAccessorImpl.java:77)
	at java.base/jdk.internal.reflect.DelegatingMethodAccessorImpl.invoke(DelegatingMethodAccessorImpl.java:43)
	at java.base/java.lang.reflect.Method.invoke(Method.java:568)
	at org.junit.runners.model.FrameworkMethod$1.runReflectiveCall(FrameworkMethod.java:59)
	at org.junit.internal.runners.model.ReflectiveCallable.run(ReflectiveCallable.java:12)
	at org.junit.runners.model.FrameworkMethod.invokeExplosively(FrameworkMethod.java:56)
	at org.junit.internal.runners.statements.RunBefores.invokeMethod(RunBefores.java:33)
	at org.junit.internal.runners.statements.RunBefores.evaluate(RunBefores.java:24)
	at org.junit.internal.runners.statements.RunAfters.evaluate(RunAfters.java:27)
	at org.junit.runners.ParentRunner$3.evaluate(ParentRunner.java:306)
	at org.junit.runners.BlockJUnit4ClassRunner$1.evaluate(BlockJUnit4ClassRunner.java:100)
	at org.junit.runners.ParentRunner.runLeaf(ParentRunner.java:366)
	at org.junit.runners.BlockJUnit4ClassRunner.runChild(BlockJUnit4ClassRunner.java:103)
	at org.junit.runners.BlockJUnit4ClassRunner.runChild(BlockJUnit4ClassRunner.java:63)
	at org.junit.runners.ParentRunner$4.run(ParentRunner.java:331)
	at org.junit.runners.ParentRunner$1.schedule(ParentRunner.java:79)
	at org.junit.runners.ParentRunner.runChildren(ParentRunner.java:329)
	at org.junit.runners.ParentRunner.access$100(ParentRunner.java:66)
	at org.junit.runners.ParentRunner$2.evaluate(ParentRunner.java:293)
	at org.junit.runners.ParentRunner$3.evaluate(ParentRunner.java:306)
	at org.junit.runners.ParentRunner.run(ParentRunner.java:413)
	at org.apache.maven.surefire.junit4.JUnit4Provider.execute(JUnit4Provider.java:365)
	at org.apache.maven.surefire.junit4.JUnit4Provider.executeWithRerun(JUnit4Provider.java:272)
	at org.apache.maven.surefire.junit4.JUnit4Provider.executeTestSet(JUnit4Provider.java:236)
	at org.apache.maven.surefire.junit4.JUnit4Provider.invoke(JUnit4Provider.java:159)
	at org.apache.maven.surefire.booter.ForkedBooter.invokeProviderInSameClassLoader(ForkedBooter.java:386)
	at org.apache.maven.surefire.booter.ForkedBooter.runSuitesInProcess(ForkedBooter.java:323)
	at org.apache.maven.surefire.booter.ForkedBooter.main(ForkedBooter.java:143)
14:53:42.291 [main] ERROR o.a.j.p.j.ReflectionJavap - Could not load bytecode via reflection
java.lang.IllegalAccessException: class org.adoptopenjdk.jitwatch.process.javap.ReflectionJavap cannot access class com.sun.tools.javap.JavapTask (in module jdk.jdeps) because module jdk.jdeps does not export com.sun.tools.javap to unnamed module @4015e7ec
	at java.base/jdk.internal.reflect.Reflection.newIllegalAccessException(Reflection.java:392)
	at java.base/java.lang.reflect.AccessibleObject.checkAccess(AccessibleObject.java:674)
	at java.base/java.lang.reflect.Constructor.newInstanceWithCaller(Constructor.java:489)
	at java.base/java.lang.reflect.Constructor.newInstance(Constructor.java:480)
	at org.adoptopenjdk.jitwatch.process.javap.ReflectionJavap.createJavapTaskFromArguments(ReflectionJavap.java:135)
	at org.adoptopenjdk.jitwatch.process.javap.ReflectionJavap.getBytecode(ReflectionJavap.java:121)
	at org.adoptopenjdk.jitwatch.loader.BytecodeLoader.fetchBytecodeForClass(BytecodeLoader.java:134)
	at org.adoptopenjdk.jitwatch.loader.BytecodeLoader.fetchBytecodeForClass(BytecodeLoader.java:112)
	at org.adoptopenjdk.jitwatch.test.TestBytecodeLoaderWithInnerClasses.setUp(TestBytecodeLoaderWithInnerClasses.java:125)
	at java.base/jdk.internal.reflect.NativeMethodAccessorImpl.invoke0(Native Method)
	at java.base/jdk.internal.reflect.NativeMethodAccessorImpl.invoke(NativeMethodAccessorImpl.java:77)
	at java.base/jdk.internal.reflect.DelegatingMethodAccessorImpl.invoke(DelegatingMethodAccessorImpl.java:43)
	at java.base/java.lang.reflect.Method.invoke(Method.java:568)
	at org.junit.runners.model.FrameworkMethod$1.runReflectiveCall(FrameworkMethod.java:59)
	at org.junit.internal.runners.model.ReflectiveCallable.run(ReflectiveCallable.java:12)
	at org.junit.runners.model.FrameworkMethod.invokeExplosively(FrameworkMethod.java:56)
	at org.junit.internal.runners.statements.RunBefores.invokeMethod(RunBefores.java:33)
	at org.junit.internal.runners.statements.RunBefores.evaluate(RunBefores.java:24)
	at org.junit.internal.runners.statements.RunAfters.evaluate(RunAfters.java:27)
	at org.junit.runners.ParentRunner$3.evaluate(ParentRunner.java:306)
	at org.junit.runners.BlockJUnit4ClassRunner$1.evaluate(BlockJUnit4ClassRunner.java:100)
	at org.junit.runners.ParentRunner.runLeaf(ParentRunner.java:366)
	at org.junit.runners.BlockJUnit4ClassRunner.runChild(BlockJUnit4ClassRunner.java:103)
	at org.junit.runners.BlockJUnit4ClassRunner.runChild(BlockJUnit4ClassRunner.java:63)
	at org.junit.runners.ParentRunner$4.run(ParentRunner.java:331)
	at org.junit.runners.ParentRunner$1.schedule(ParentRunner.java:79)
	at org.junit.runners.ParentRunner.runChildren(ParentRunner.java:329)
	at org.junit.runners.ParentRunner.access$100(ParentRunner.java:66)
	at org.junit.runners.ParentRunner$2.evaluate(ParentRunner.java:293)
	at org.junit.runners.ParentRunner$3.evaluate(ParentRunner.java:306)
	at org.junit.runners.ParentRunner.run(ParentRunner.java:413)
	at org.apache.maven.surefire.junit4.JUnit4Provider.execute(JUnit4Provider.java:365)
	at org.apache.maven.surefire.junit4.JUnit4Provider.executeWithRerun(JUnit4Provider.java:272)
	at org.apache.maven.surefire.junit4.JUnit4Provider.executeTestSet(JUnit4Provider.java:236)
	at org.apache.maven.surefire.junit4.JUnit4Provider.invoke(JUnit4Provider.java:159)
	at org.apache.maven.surefire.booter.ForkedBooter.invokeProviderInSameClassLoader(ForkedBooter.java:386)
	at org.apache.maven.surefire.booter.ForkedBooter.runSuitesInProcess(ForkedBooter.java:323)
	at org.apache.maven.surefire.booter.ForkedBooter.main(ForkedBooter.java:143)
14:53:42.292 [main] ERROR o.a.j.p.j.ReflectionJavap - Could not load bytecode via reflection
java.lang.IllegalAccessException: class org.adoptopenjdk.jitwatch.process.javap.ReflectionJavap cannot access class com.sun.tools.javap.JavapTask (in module jdk.jdeps) because module jdk.jdeps does not export com.sun.tools.javap to unnamed module @4015e7ec
	at java.base/jdk.internal.reflect.Reflection.newIllegalAccessException(Reflection.java:392)
	at java.base/java.lang.reflect.AccessibleObject.checkAccess(AccessibleObject.java:674)
	at java.base/java.lang.reflect.Constructor.newInstanceWithCaller(Constructor.java:489)
	at java.base/java.lang.reflect.Constructor.newInstance(Constructor.java:480)
	at org.adoptopenjdk.jitwatch.process.javap.ReflectionJavap.createJavapTaskFromArguments(ReflectionJavap.java:135)
	at org.adoptopenjdk.jitwatch.process.javap.ReflectionJavap.getBytecode(ReflectionJavap.java:121)
	at org.adoptopenjdk.jitwatch.loader.BytecodeLoader.fetchBytecodeForClass(BytecodeLoader.java:134)
	at org.adoptopenjdk.jitwatch.loader.BytecodeLoader.fetchBytecodeForClass(BytecodeLoader.java:112)
	at org.adoptopenjdk.jitwatch.test.TestBytecodeLoaderWithInnerClasses.setUp(TestBytecodeLoaderWithInnerClasses.java:127)
	at java.base/jdk.internal.reflect.NativeMethodAccessorImpl.invoke0(Native Method)
	at java.base/jdk.internal.reflect.NativeMethodAccessorImpl.invoke(NativeMethodAccessorImpl.java:77)
	at java.base/jdk.internal.reflect.DelegatingMethodAccessorImpl.invoke(DelegatingMethodAccessorImpl.java:43)
	at java.base/java.lang.reflect.Method.invoke(Method.java:568)
	at org.junit.runners.model.FrameworkMethod$1.runReflectiveCall(FrameworkMethod.java:59)
	at org.junit.internal.runners.model.ReflectiveCallable.run(ReflectiveCallable.java:12)
	at org.junit.runners.model.FrameworkMethod.invokeExplosively(FrameworkMethod.java:56)
	at org.junit.internal.runners.statements.RunBefores.invokeMethod(RunBefores.java:33)
	at org.junit.internal.runners.statements.RunBefores.evaluate(RunBefores.java:24)
	at org.junit.internal.runners.statements.RunAfters.evaluate(RunAfters.java:27)
	at org.junit.runners.ParentRunner$3.evaluate(ParentRunner.java:306)
	at org.junit.runners.BlockJUnit4ClassRunner$1.evaluate(BlockJUnit4ClassRunner.java:100)
	at org.junit.runners.ParentRunner.runLeaf(ParentRunner.java:366)
	at org.junit.runners.BlockJUnit4ClassRunner.runChild(BlockJUnit4ClassRunner.java:103)
	at org.junit.runners.BlockJUnit4ClassRunner.runChild(BlockJUnit4ClassRunner.java:63)
	at org.junit.runners.ParentRunner$4.run(ParentRunner.java:331)
	at org.junit.runners.ParentRunner$1.schedule(ParentRunner.java:79)
	at org.junit.runners.ParentRunner.runChildren(ParentRunner.java:329)
	at org.junit.runners.ParentRunner.access$100(ParentRunner.java:66)
	at org.junit.runners.ParentRunner$2.evaluate(ParentRunner.java:293)
	at org.junit.runners.ParentRunner$3.evaluate(ParentRunner.java:306)
	at org.junit.runners.ParentRunner.run(ParentRunner.java:413)
	at org.apache.maven.surefire.junit4.JUnit4Provider.execute(JUnit4Provider.java:365)
	at org.apache.maven.surefire.junit4.JUnit4Provider.executeWithRerun(JUnit4Provider.java:272)
	at org.apache.maven.surefire.junit4.JUnit4Provider.executeTestSet(JUnit4Provider.java:236)
	at org.apache.maven.surefire.junit4.JUnit4Provider.invoke(JUnit4Provider.java:159)
	at org.apache.maven.surefire.booter.ForkedBooter.invokeProviderInSameClassLoader(ForkedBooter.java:386)
	at org.apache.maven.surefire.booter.ForkedBooter.runSuitesInProcess(ForkedBooter.java:323)
	at org.apache.maven.surefire.booter.ForkedBooter.main(ForkedBooter.java:143)
14:53:42.292 [main] ERROR o.a.j.p.j.ReflectionJavap - Could not load bytecode via reflection
java.lang.IllegalAccessException: class org.adoptopenjdk.jitwatch.process.javap.ReflectionJavap cannot access class com.sun.tools.javap.JavapTask (in module jdk.jdeps) because module jdk.jdeps does not export com.sun.tools.javap to unnamed module @4015e7ec
	at java.base/jdk.internal.reflect.Reflection.newIllegalAccessException(Reflection.java:392)
	at java.base/java.lang.reflect.AccessibleObject.checkAccess(AccessibleObject.java:674)
	at java.base/java.lang.reflect.Constructor.newInstanceWithCaller(Constructor.java:489)
	at java.base/java.lang.reflect.Constructor.newInstance(Constructor.java:480)
	at org.adoptopenjdk.jitwatch.process.javap.ReflectionJavap.createJavapTaskFromArguments(ReflectionJavap.java:135)
	at org.adoptopenjdk.jitwatch.process.javap.ReflectionJavap.getBytecode(ReflectionJavap.java:121)
	at org.adoptopenjdk.jitwatch.loader.BytecodeLoader.fetchBytecodeForClass(BytecodeLoader.java:134)
	at org.adoptopenjdk.jitwatch.loader.BytecodeLoader.fetchBytecodeForClass(BytecodeLoader.java:112)
	at org.adoptopenjdk.jitwatch.test.TestBytecodeLoaderWithInnerClasses.setUp(TestBytecodeLoaderWithInnerClasses.java:128)
	at java.base/jdk.internal.reflect.NativeMethodAccessorImpl.invoke0(Native Method)
	at java.base/jdk.internal.reflect.NativeMethodAccessorImpl.invoke(NativeMethodAccessorImpl.java:77)
	at java.base/jdk.internal.reflect.DelegatingMethodAccessorImpl.invoke(DelegatingMethodAccessorImpl.java:43)
	at java.base/java.lang.reflect.Method.invoke(Method.java:568)
	at org.junit.runners.model.FrameworkMethod$1.runReflectiveCall(FrameworkMethod.java:59)
	at org.junit.internal.runners.model.ReflectiveCallable.run(ReflectiveCallable.java:12)
	at org.junit.runners.model.FrameworkMethod.invokeExplosively(FrameworkMethod.java:56)
	at org.junit.internal.runners.statements.RunBefores.invokeMethod(RunBefores.java:33)
	at org.junit.internal.runners.statements.RunBefores.evaluate(RunBefores.java:24)
	at org.junit.internal.runners.statements.RunAfters.evaluate(RunAfters.java:27)
	at org.junit.runners.ParentRunner$3.evaluate(ParentRunner.java:306)
	at org.junit.runners.BlockJUnit4ClassRunner$1.evaluate(BlockJUnit4ClassRunner.java:100)
	at org.junit.runners.ParentRunner.runLeaf(ParentRunner.java:366)
	at org.junit.runners.BlockJUnit4ClassRunner.runChild(BlockJUnit4ClassRunner.java:103)
	at org.junit.runners.BlockJUnit4ClassRunner.runChild(BlockJUnit4ClassRunner.java:63)
	at org.junit.runners.ParentRunner$4.run(ParentRunner.java:331)
	at org.junit.runners.ParentRunner$1.schedule(ParentRunner.java:79)
	at org.junit.runners.ParentRunner.runChildren(ParentRunner.java:329)
	at org.junit.runners.ParentRunner.access$100(ParentRunner.java:66)
	at org.junit.runners.ParentRunner$2.evaluate(ParentRunner.java:293)
	at org.junit.runners.ParentRunner$3.evaluate(ParentRunner.java:306)
	at org.junit.runners.ParentRunner.run(ParentRunner.java:413)
	at org.apache.maven.surefire.junit4.JUnit4Provider.execute(JUnit4Provider.java:365)
	at org.apache.maven.surefire.junit4.JUnit4Provider.executeWithRerun(JUnit4Provider.java:272)
	at org.apache.maven.surefire.junit4.JUnit4Provider.executeTestSet(JUnit4Provider.java:236)
	at org.apache.maven.surefire.junit4.JUnit4Provider.invoke(JUnit4Provider.java:159)
	at org.apache.maven.surefire.booter.ForkedBooter.invokeProviderInSameClassLoader(ForkedBooter.java:386)
	at org.apache.maven.surefire.booter.ForkedBooter.runSuitesInProcess(ForkedBooter.java:323)
	at org.apache.maven.surefire.booter.ForkedBooter.main(ForkedBooter.java:143)
14:53:43.071 [main] ERROR o.a.j.p.j.ReflectionJavap - Could not load bytecode via reflection
java.lang.IllegalAccessException: class org.adoptopenjdk.jitwatch.process.javap.ReflectionJavap cannot access class com.sun.tools.javap.JavapTask (in module jdk.jdeps) because module jdk.jdeps does not export com.sun.tools.javap to unnamed module @4015e7ec
	at java.base/jdk.internal.reflect.Reflection.newIllegalAccessException(Reflection.java:392)
	at java.base/java.lang.reflect.AccessibleObject.checkAccess(AccessibleObject.java:674)
	at java.base/java.lang.reflect.Constructor.newInstanceWithCaller(Constructor.java:489)
	at java.base/java.lang.reflect.Constructor.newInstance(Constructor.java:480)
	at org.adoptopenjdk.jitwatch.process.javap.ReflectionJavap.createJavapTaskFromArguments(ReflectionJavap.java:135)
	at org.adoptopenjdk.jitwatch.process.javap.ReflectionJavap.getBytecode(ReflectionJavap.java:121)
	at org.adoptopenjdk.jitwatch.loader.BytecodeLoader.fetchBytecodeForClass(BytecodeLoader.java:134)
	at org.adoptopenjdk.jitwatch.loader.BytecodeLoader.fetchBytecodeForClass(BytecodeLoader.java:112)
	at org.adoptopenjdk.jitwatch.test.TestBytecodeLoaderWithInnerClasses.setUp(TestBytecodeLoaderWithInnerClasses.java:125)
	at java.base/jdk.internal.reflect.NativeMethodAccessorImpl.invoke0(Native Method)
	at java.base/jdk.internal.reflect.NativeMethodAccessorImpl.invoke(NativeMethodAccessorImpl.java:77)
	at java.base/jdk.internal.reflect.DelegatingMethodAccessorImpl.invoke(DelegatingMethodAccessorImpl.java:43)
	at java.base/java.lang.reflect.Method.invoke(Method.java:568)
	at org.junit.runners.model.FrameworkMethod$1.runReflectiveCall(FrameworkMethod.java:59)
	at org.junit.internal.runners.model.ReflectiveCallable.run(ReflectiveCallable.java:12)
	at org.junit.runners.model.FrameworkMethod.invokeExplosively(FrameworkMethod.java:56)
	at org.junit.internal.runners.statements.RunBefores.invokeMethod(RunBefores.java:33)
	at org.junit.internal.runners.statements.RunBefores.evaluate(RunBefores.java:24)
	at org.junit.internal.runners.statements.RunAfters.evaluate(RunAfters.java:27)
	at org.junit.runners.ParentRunner$3.evaluate(ParentRunner.java:306)
	at org.junit.runners.BlockJUnit4ClassRunner$1.evaluate(BlockJUnit4ClassRunner.java:100)
	at org.junit.runners.ParentRunner.runLeaf(ParentRunner.java:366)
	at org.junit.runners.BlockJUnit4ClassRunner.runChild(BlockJUnit4ClassRunner.java:103)
	at org.junit.runners.BlockJUnit4ClassRunner.runChild(BlockJUnit4ClassRunner.java:63)
	at org.junit.runners.ParentRunner$4.run(ParentRunner.java:331)
	at org.junit.runners.ParentRunner$1.schedule(ParentRunner.java:79)
	at org.junit.runners.ParentRunner.runChildren(ParentRunner.java:329)
	at org.junit.runners.ParentRunner.access$100(ParentRunner.java:66)
	at org.junit.runners.ParentRunner$2.evaluate(ParentRunner.java:293)
	at org.junit.runners.ParentRunner$3.evaluate(ParentRunner.java:306)
	at org.junit.runners.ParentRunner.run(ParentRunner.java:413)
	at org.apache.maven.surefire.junit4.JUnit4Provider.execute(JUnit4Provider.java:365)
	at org.apache.maven.surefire.junit4.JUnit4Provider.executeWithRerun(JUnit4Provider.java:272)
	at org.apache.maven.surefire.junit4.JUnit4Provider.executeTestSet(JUnit4Provider.java:236)
	at org.apache.maven.surefire.junit4.JUnit4Provider.invoke(JUnit4Provider.java:159)
	at org.apache.maven.surefire.booter.ForkedBooter.invokeProviderInSameClassLoader(ForkedBooter.java:386)
	at org.apache.maven.surefire.booter.ForkedBooter.runSuitesInProcess(ForkedBooter.java:323)
	at org.apache.maven.surefire.booter.ForkedBooter.main(ForkedBooter.java:143)
14:53:43.071 [main] ERROR o.a.j.p.j.ReflectionJavap - Could not load bytecode via reflection
java.lang.IllegalAccessException: class org.adoptopenjdk.jitwatch.process.javap.ReflectionJavap cannot access class com.sun.tools.javap.JavapTask (in module jdk.jdeps) because module jdk.jdeps does not export com.sun.tools.javap to unnamed module @4015e7ec
	at java.base/jdk.internal.reflect.Reflection.newIllegalAccessException(Reflection.java:392)
	at java.base/java.lang.reflect.AccessibleObject.checkAccess(AccessibleObject.java:674)
	at java.base/java.lang.reflect.Constructor.newInstanceWithCaller(Constructor.java:489)
	at java.base/java.lang.reflect.Constructor.newInstance(Constructor.java:480)
	at org.adoptopenjdk.jitwatch.process.javap.ReflectionJavap.createJavapTaskFromArguments(ReflectionJavap.java:135)
	at org.adoptopenjdk.jitwatch.process.javap.ReflectionJavap.getBytecode(ReflectionJavap.java:121)
	at org.adoptopenjdk.jitwatch.loader.BytecodeLoader.fetchBytecodeForClass(BytecodeLoader.java:134)
	at org.adoptopenjdk.jitwatch.loader.BytecodeLoader.fetchBytecodeForClass(BytecodeLoader.java:112)
	at org.adoptopenjdk.jitwatch.test.TestBytecodeLoaderWithInnerClasses.setUp(TestBytecodeLoaderWithInnerClasses.java:127)
	at java.base/jdk.internal.reflect.NativeMethodAccessorImpl.invoke0(Native Method)
	at java.base/jdk.internal.reflect.NativeMethodAccessorImpl.invoke(NativeMethodAccessorImpl.java:77)
	at java.base/jdk.internal.reflect.DelegatingMethodAccessorImpl.invoke(DelegatingMethodAccessorImpl.java:43)
	at java.base/java.lang.reflect.Method.invoke(Method.java:568)
	at org.junit.runners.model.FrameworkMethod$1.runReflectiveCall(FrameworkMethod.java:59)
	at org.junit.internal.runners.model.ReflectiveCallable.run(ReflectiveCallable.java:12)
	at org.junit.runners.model.FrameworkMethod.invokeExplosively(FrameworkMethod.java:56)
	at org.junit.internal.runners.statements.RunBefores.invokeMethod(RunBefores.java:33)
	at org.junit.internal.runners.statements.RunBefores.evaluate(RunBefores.java:24)
	at org.junit.internal.runners.statements.RunAfters.evaluate(RunAfters.java:27)
	at org.junit.runners.ParentRunner$3.evaluate(ParentRunner.java:306)
	at org.junit.runners.BlockJUnit4ClassRunner$1.evaluate(BlockJUnit4ClassRunner.java:100)
	at org.junit.runners.ParentRunner.runLeaf(ParentRunner.java:366)
	at org.junit.runners.BlockJUnit4ClassRunner.runChild(BlockJUnit4ClassRunner.java:103)
	at org.junit.runners.BlockJUnit4ClassRunner.runChild(BlockJUnit4ClassRunner.java:63)
	at org.junit.runners.ParentRunner$4.run(ParentRunner.java:331)
	at org.junit.runners.ParentRunner$1.schedule(ParentRunner.java:79)
	at org.junit.runners.ParentRunner.runChildren(ParentRunner.java:329)
	at org.junit.runners.ParentRunner.access$100(ParentRunner.java:66)
	at org.junit.runners.ParentRunner$2.evaluate(ParentRunner.java:293)
	at org.junit.runners.ParentRunner$3.evaluate(ParentRunner.java:306)
	at org.junit.runners.ParentRunner.run(ParentRunner.java:413)
	at org.apache.maven.surefire.junit4.JUnit4Provider.execute(JUnit4Provider.java:365)
	at org.apache.maven.surefire.junit4.JUnit4Provider.executeWithRerun(JUnit4Provider.java:272)
	at org.apache.maven.surefire.junit4.JUnit4Provider.executeTestSet(JUnit4Provider.java:236)
	at org.apache.maven.surefire.junit4.JUnit4Provider.invoke(JUnit4Provider.java:159)
	at org.apache.maven.surefire.booter.ForkedBooter.invokeProviderInSameClassLoader(ForkedBooter.java:386)
	at org.apache.maven.surefire.booter.ForkedBooter.runSuitesInProcess(ForkedBooter.java:323)
	at org.apache.maven.surefire.booter.ForkedBooter.main(ForkedBooter.java:143)
14:53:43.071 [main] ERROR o.a.j.p.j.ReflectionJavap - Could not load bytecode via reflection
java.lang.IllegalAccessException: class org.adoptopenjdk.jitwatch.process.javap.ReflectionJavap cannot access class com.sun.tools.javap.JavapTask (in module jdk.jdeps) because module jdk.jdeps does not export com.sun.tools.javap to unnamed module @4015e7ec
	at java.base/jdk.internal.reflect.Reflection.newIllegalAccessException(Reflection.java:392)
	at java.base/java.lang.reflect.AccessibleObject.checkAccess(AccessibleObject.java:674)
	at java.base/java.lang.reflect.Constructor.newInstanceWithCaller(Constructor.java:489)
	at java.base/java.lang.reflect.Constructor.newInstance(Constructor.java:480)
	at org.adoptopenjdk.jitwatch.process.javap.ReflectionJavap.createJavapTaskFromArguments(ReflectionJavap.java:135)
	at org.adoptopenjdk.jitwatch.process.javap.ReflectionJavap.getBytecode(ReflectionJavap.java:121)
	at org.adoptopenjdk.jitwatch.loader.BytecodeLoader.fetchBytecodeForClass(BytecodeLoader.java:134)
	at org.adoptopenjdk.jitwatch.loader.BytecodeLoader.fetchBytecodeForClass(BytecodeLoader.java:112)
	at org.adoptopenjdk.jitwatch.test.TestBytecodeLoaderWithInnerClasses.setUp(TestBytecodeLoaderWithInnerClasses.java:128)
	at java.base/jdk.internal.reflect.NativeMethodAccessorImpl.invoke0(Native Method)
	at java.base/jdk.internal.reflect.NativeMethodAccessorImpl.invoke(NativeMethodAccessorImpl.java:77)
	at java.base/jdk.internal.reflect.DelegatingMethodAccessorImpl.invoke(DelegatingMethodAccessorImpl.java:43)
	at java.base/java.lang.reflect.Method.invoke(Method.java:568)
	at org.junit.runners.model.FrameworkMethod$1.runReflectiveCall(FrameworkMethod.java:59)
	at org.junit.internal.runners.model.ReflectiveCallable.run(ReflectiveCallable.java:12)
	at org.junit.runners.model.FrameworkMethod.invokeExplosively(FrameworkMethod.java:56)
	at org.junit.internal.runners.statements.RunBefores.invokeMethod(RunBefores.java:33)
	at org.junit.internal.runners.statements.RunBefores.evaluate(RunBefores.java:24)
	at org.junit.internal.runners.statements.RunAfters.evaluate(RunAfters.java:27)
	at org.junit.runners.ParentRunner$3.evaluate(ParentRunner.java:306)
	at org.junit.runners.BlockJUnit4ClassRunner$1.evaluate(BlockJUnit4ClassRunner.java:100)
	at org.junit.runners.ParentRunner.runLeaf(ParentRunner.java:366)
	at org.junit.runners.BlockJUnit4ClassRunner.runChild(BlockJUnit4ClassRunner.java:103)
	at org.junit.runners.BlockJUnit4ClassRunner.runChild(BlockJUnit4ClassRunner.java:63)
	at org.junit.runners.ParentRunner$4.run(ParentRunner.java:331)
	at org.junit.runners.ParentRunner$1.schedule(ParentRunner.java:79)
	at org.junit.runners.ParentRunner.runChildren(ParentRunner.java:329)
	at org.junit.runners.ParentRunner.access$100(ParentRunner.java:66)
	at org.junit.runners.ParentRunner$2.evaluate(ParentRunner.java:293)
	at org.junit.runners.ParentRunner$3.evaluate(ParentRunner.java:306)
	at org.junit.runners.ParentRunner.run(ParentRunner.java:413)
	at org.apache.maven.surefire.junit4.JUnit4Provider.execute(JUnit4Provider.java:365)
	at org.apache.maven.surefire.junit4.JUnit4Provider.executeWithRerun(JUnit4Provider.java:272)
	at org.apache.maven.surefire.junit4.JUnit4Provider.executeTestSet(JUnit4Provider.java:236)
	at org.apache.maven.surefire.junit4.JUnit4Provider.invoke(JUnit4Provider.java:159)
	at org.apache.maven.surefire.booter.ForkedBooter.invokeProviderInSameClassLoader(ForkedBooter.java:386)
	at org.apache.maven.surefire.booter.ForkedBooter.runSuitesInProcess(ForkedBooter.java:323)
	at org.apache.maven.surefire.booter.ForkedBooter.main(ForkedBooter.java:143)
14:53:43.901 [main] ERROR o.a.j.p.j.ReflectionJavap - Could not load bytecode via reflection
java.lang.IllegalAccessException: class org.adoptopenjdk.jitwatch.process.javap.ReflectionJavap cannot access class com.sun.tools.javap.JavapTask (in module jdk.jdeps) because module jdk.jdeps does not export com.sun.tools.javap to unnamed module @4015e7ec
	at java.base/jdk.internal.reflect.Reflection.newIllegalAccessException(Reflection.java:392)
	at java.base/java.lang.reflect.AccessibleObject.checkAccess(AccessibleObject.java:674)
	at java.base/java.lang.reflect.Constructor.newInstanceWithCaller(Constructor.java:489)
	at java.base/java.lang.reflect.Constructor.newInstance(Constructor.java:480)
	at org.adoptopenjdk.jitwatch.process.javap.ReflectionJavap.createJavapTaskFromArguments(ReflectionJavap.java:135)
	at org.adoptopenjdk.jitwatch.process.javap.ReflectionJavap.getBytecode(ReflectionJavap.java:121)
	at org.adoptopenjdk.jitwatch.loader.BytecodeLoader.fetchBytecodeForClass(BytecodeLoader.java:134)
	at org.adoptopenjdk.jitwatch.loader.BytecodeLoader.fetchBytecodeForClass(BytecodeLoader.java:112)
	at org.adoptopenjdk.jitwatch.test.TestBytecodeLoaderWithInnerClasses.setUp(TestBytecodeLoaderWithInnerClasses.java:125)
	at java.base/jdk.internal.reflect.NativeMethodAccessorImpl.invoke0(Native Method)
	at java.base/jdk.internal.reflect.NativeMethodAccessorImpl.invoke(NativeMethodAccessorImpl.java:77)
	at java.base/jdk.internal.reflect.DelegatingMethodAccessorImpl.invoke(DelegatingMethodAccessorImpl.java:43)
	at java.base/java.lang.reflect.Method.invoke(Method.java:568)
	at org.junit.runners.model.FrameworkMethod$1.runReflectiveCall(FrameworkMethod.java:59)
	at org.junit.internal.runners.model.ReflectiveCallable.run(ReflectiveCallable.java:12)
	at org.junit.runners.model.FrameworkMethod.invokeExplosively(FrameworkMethod.java:56)
	at org.junit.internal.runners.statements.RunBefores.invokeMethod(RunBefores.java:33)
	at org.junit.internal.runners.statements.RunBefores.evaluate(RunBefores.java:24)
	at org.junit.internal.runners.statements.RunAfters.evaluate(RunAfters.java:27)
	at org.junit.runners.ParentRunner$3.evaluate(ParentRunner.java:306)
	at org.junit.runners.BlockJUnit4ClassRunner$1.evaluate(BlockJUnit4ClassRunner.java:100)
	at org.junit.runners.ParentRunner.runLeaf(ParentRunner.java:366)
	at org.junit.runners.BlockJUnit4ClassRunner.runChild(BlockJUnit4ClassRunner.java:103)
	at org.junit.runners.BlockJUnit4ClassRunner.runChild(BlockJUnit4ClassRunner.java:63)
	at org.junit.runners.ParentRunner$4.run(ParentRunner.java:331)
	at org.junit.runners.ParentRunner$1.schedule(ParentRunner.java:79)
	at org.junit.runners.ParentRunner.runChildren(ParentRunner.java:329)
	at org.junit.runners.ParentRunner.access$100(ParentRunner.java:66)
	at org.junit.runners.ParentRunner$2.evaluate(ParentRunner.java:293)
	at org.junit.runners.ParentRunner$3.evaluate(ParentRunner.java:306)
	at org.junit.runners.ParentRunner.run(ParentRunner.java:413)
	at org.apache.maven.surefire.junit4.JUnit4Provider.execute(JUnit4Provider.java:365)
	at org.apache.maven.surefire.junit4.JUnit4Provider.executeWithRerun(JUnit4Provider.java:272)
	at org.apache.maven.surefire.junit4.JUnit4Provider.executeTestSet(JUnit4Provider.java:236)
	at org.apache.maven.surefire.junit4.JUnit4Provider.invoke(JUnit4Provider.java:159)
	at org.apache.maven.surefire.booter.ForkedBooter.invokeProviderInSameClassLoader(ForkedBooter.java:386)
	at org.apache.maven.surefire.booter.ForkedBooter.runSuitesInProcess(ForkedBooter.java:323)
	at org.apache.maven.surefire.booter.ForkedBooter.main(ForkedBooter.java:143)
14:53:43.902 [main] ERROR o.a.j.p.j.ReflectionJavap - Could not load bytecode via reflection
java.lang.IllegalAccessException: class org.adoptopenjdk.jitwatch.process.javap.ReflectionJavap cannot access class com.sun.tools.javap.JavapTask (in module jdk.jdeps) because module jdk.jdeps does not export com.sun.tools.javap to unnamed module @4015e7ec
	at java.base/jdk.internal.reflect.Reflection.newIllegalAccessException(Reflection.java:392)
	at java.base/java.lang.reflect.AccessibleObject.checkAccess(AccessibleObject.java:674)
	at java.base/java.lang.reflect.Constructor.newInstanceWithCaller(Constructor.java:489)
	at java.base/java.lang.reflect.Constructor.newInstance(Constructor.java:480)
	at org.adoptopenjdk.jitwatch.process.javap.ReflectionJavap.createJavapTaskFromArguments(ReflectionJavap.java:135)
	at org.adoptopenjdk.jitwatch.process.javap.ReflectionJavap.getBytecode(ReflectionJavap.java:121)
	at org.adoptopenjdk.jitwatch.loader.BytecodeLoader.fetchBytecodeForClass(BytecodeLoader.java:134)
	at org.adoptopenjdk.jitwatch.loader.BytecodeLoader.fetchBytecodeForClass(BytecodeLoader.java:112)
	at org.adoptopenjdk.jitwatch.test.TestBytecodeLoaderWithInnerClasses.setUp(TestBytecodeLoaderWithInnerClasses.java:127)
	at java.base/jdk.internal.reflect.NativeMethodAccessorImpl.invoke0(Native Method)
	at java.base/jdk.internal.reflect.NativeMethodAccessorImpl.invoke(NativeMethodAccessorImpl.java:77)
	at java.base/jdk.internal.reflect.DelegatingMethodAccessorImpl.invoke(DelegatingMethodAccessorImpl.java:43)
	at java.base/java.lang.reflect.Method.invoke(Method.java:568)
	at org.junit.runners.model.FrameworkMethod$1.runReflectiveCall(FrameworkMethod.java:59)
	at org.junit.internal.runners.model.ReflectiveCallable.run(ReflectiveCallable.java:12)
	at org.junit.runners.model.FrameworkMethod.invokeExplosively(FrameworkMethod.java:56)
	at org.junit.internal.runners.statements.RunBefores.invokeMethod(RunBefores.java:33)
	at org.junit.internal.runners.statements.RunBefores.evaluate(RunBefores.java:24)
	at org.junit.internal.runners.statements.RunAfters.evaluate(RunAfters.java:27)
	at org.junit.runners.ParentRunner$3.evaluate(ParentRunner.java:306)
	at org.junit.runners.BlockJUnit4ClassRunner$1.evaluate(BlockJUnit4ClassRunner.java:100)
	at org.junit.runners.ParentRunner.runLeaf(ParentRunner.java:366)
	at org.junit.runners.BlockJUnit4ClassRunner.runChild(BlockJUnit4ClassRunner.java:103)
	at org.junit.runners.BlockJUnit4ClassRunner.runChild(BlockJUnit4ClassRunner.java:63)
	at org.junit.runners.ParentRunner$4.run(ParentRunner.java:331)
	at org.junit.runners.ParentRunner$1.schedule(ParentRunner.java:79)
	at org.junit.runners.ParentRunner.runChildren(ParentRunner.java:329)
	at org.junit.runners.ParentRunner.access$100(ParentRunner.java:66)
	at org.junit.runners.ParentRunner$2.evaluate(ParentRunner.java:293)
	at org.junit.runners.ParentRunner$3.evaluate(ParentRunner.java:306)
	at org.junit.runners.ParentRunner.run(ParentRunner.java:413)
	at org.apache.maven.surefire.junit4.JUnit4Provider.execute(JUnit4Provider.java:365)
	at org.apache.maven.surefire.junit4.JUnit4Provider.executeWithRerun(JUnit4Provider.java:272)
	at org.apache.maven.surefire.junit4.JUnit4Provider.executeTestSet(JUnit4Provider.java:236)
	at org.apache.maven.surefire.junit4.JUnit4Provider.invoke(JUnit4Provider.java:159)
	at org.apache.maven.surefire.booter.ForkedBooter.invokeProviderInSameClassLoader(ForkedBooter.java:386)
	at org.apache.maven.surefire.booter.ForkedBooter.runSuitesInProcess(ForkedBooter.java:323)
	at org.apache.maven.surefire.booter.ForkedBooter.main(ForkedBooter.java:143)
14:53:43.902 [main] ERROR o.a.j.p.j.ReflectionJavap - Could not load bytecode via reflection
java.lang.IllegalAccessException: class org.adoptopenjdk.jitwatch.process.javap.ReflectionJavap cannot access class com.sun.tools.javap.JavapTask (in module jdk.jdeps) because module jdk.jdeps does not export com.sun.tools.javap to unnamed module @4015e7ec
	at java.base/jdk.internal.reflect.Reflection.newIllegalAccessException(Reflection.java:392)
	at java.base/java.lang.reflect.AccessibleObject.checkAccess(AccessibleObject.java:674)
	at java.base/java.lang.reflect.Constructor.newInstanceWithCaller(Constructor.java:489)
	at java.base/java.lang.reflect.Constructor.newInstance(Constructor.java:480)
	at org.adoptopenjdk.jitwatch.process.javap.ReflectionJavap.createJavapTaskFromArguments(ReflectionJavap.java:135)
	at org.adoptopenjdk.jitwatch.process.javap.ReflectionJavap.getBytecode(ReflectionJavap.java:121)
	at org.adoptopenjdk.jitwatch.loader.BytecodeLoader.fetchBytecodeForClass(BytecodeLoader.java:134)
	at org.adoptopenjdk.jitwatch.loader.BytecodeLoader.fetchBytecodeForClass(BytecodeLoader.java:112)
	at org.adoptopenjdk.jitwatch.test.TestBytecodeLoaderWithInnerClasses.setUp(TestBytecodeLoaderWithInnerClasses.java:128)
	at java.base/jdk.internal.reflect.NativeMethodAccessorImpl.invoke0(Native Method)
	at java.base/jdk.internal.reflect.NativeMethodAccessorImpl.invoke(NativeMethodAccessorImpl.java:77)
	at java.base/jdk.internal.reflect.DelegatingMethodAccessorImpl.invoke(DelegatingMethodAccessorImpl.java:43)
	at java.base/java.lang.reflect.Method.invoke(Method.java:568)
	at org.junit.runners.model.FrameworkMethod$1.runReflectiveCall(FrameworkMethod.java:59)
	at org.junit.internal.runners.model.ReflectiveCallable.run(ReflectiveCallable.java:12)
	at org.junit.runners.model.FrameworkMethod.invokeExplosively(FrameworkMethod.java:56)
	at org.junit.internal.runners.statements.RunBefores.invokeMethod(RunBefores.java:33)
	at org.junit.internal.runners.statements.RunBefores.evaluate(RunBefores.java:24)
	at org.junit.internal.runners.statements.RunAfters.evaluate(RunAfters.java:27)
	at org.junit.runners.ParentRunner$3.evaluate(ParentRunner.java:306)
	at org.junit.runners.BlockJUnit4ClassRunner$1.evaluate(BlockJUnit4ClassRunner.java:100)
	at org.junit.runners.ParentRunner.runLeaf(ParentRunner.java:366)
	at org.junit.runners.BlockJUnit4ClassRunner.runChild(BlockJUnit4ClassRunner.java:103)
	at org.junit.runners.BlockJUnit4ClassRunner.runChild(BlockJUnit4ClassRunner.java:63)
	at org.junit.runners.ParentRunner$4.run(ParentRunner.java:331)
	at org.junit.runners.ParentRunner$1.schedule(ParentRunner.java:79)
	at org.junit.runners.ParentRunner.runChildren(ParentRunner.java:329)
	at org.junit.runners.ParentRunner.access$100(ParentRunner.java:66)
	at org.junit.runners.ParentRunner$2.evaluate(ParentRunner.java:293)
	at org.junit.runners.ParentRunner$3.evaluate(ParentRunner.java:306)
	at org.junit.runners.ParentRunner.run(ParentRunner.java:413)
	at org.apache.maven.surefire.junit4.JUnit4Provider.execute(JUnit4Provider.java:365)
	at org.apache.maven.surefire.junit4.JUnit4Provider.executeWithRerun(JUnit4Provider.java:272)
	at org.apache.maven.surefire.junit4.JUnit4Provider.executeTestSet(JUnit4Provider.java:236)
	at org.apache.maven.surefire.junit4.JUnit4Provider.invoke(JUnit4Provider.java:159)
	at org.apache.maven.surefire.booter.ForkedBooter.invokeProviderInSameClassLoader(ForkedBooter.java:386)
	at org.apache.maven.surefire.booter.ForkedBooter.runSuitesInProcess(ForkedBooter.java:323)
	at org.apache.maven.surefire.booter.ForkedBooter.main(ForkedBooter.java:143)
[ERROR] Tests run: 13, Failures: 0, Errors: 13, Skipped: 0, Time elapsed: 10.411 s <<< FAILURE! - in org.adoptopenjdk.jitwatch.test.TestBytecodeLoaderWithInnerClasses
[ERROR] testSearchFromSourceOuterClassMethod(org.adoptopenjdk.jitwatch.test.TestBytecodeLoaderWithInnerClasses)  Time elapsed: 0.735 s  <<< ERROR!
java.lang.NullPointerException: Cannot invoke "org.adoptopenjdk.jitwatch.model.bytecode.ClassBC.getPackageName()" because "<parameter1>" is null
	at org.adoptopenjdk.jitwatch.test.TestBytecodeLoaderWithInnerClasses.setUp(TestBytecodeLoaderWithInnerClasses.java:130)

[ERROR] testCompilationCreatedCorrectOutputs(org.adoptopenjdk.jitwatch.test.TestBytecodeLoaderWithInnerClasses)  Time elapsed: 0.776 s  <<< ERROR!
java.lang.NullPointerException: Cannot invoke "org.adoptopenjdk.jitwatch.model.bytecode.ClassBC.getPackageName()" because "<parameter1>" is null
	at org.adoptopenjdk.jitwatch.test.TestBytecodeLoaderWithInnerClasses.setUp(TestBytecodeLoaderWithInnerClasses.java:130)

[ERROR] testSearchFromBytecodeOuterClassMethod(org.adoptopenjdk.jitwatch.test.TestBytecodeLoaderWithInnerClasses)  Time elapsed: 0.761 s  <<< ERROR!
java.lang.NullPointerException: Cannot invoke "org.adoptopenjdk.jitwatch.model.bytecode.ClassBC.getPackageName()" because "<parameter1>" is null
	at org.adoptopenjdk.jitwatch.test.TestBytecodeLoaderWithInnerClasses.setUp(TestBytecodeLoaderWithInnerClasses.java:130)

[ERROR] testSearchFromSourceInner2ClassConstructor(org.adoptopenjdk.jitwatch.test.TestBytecodeLoaderWithInnerClasses)  Time elapsed: 0.796 s  <<< ERROR!
java.lang.NullPointerException: Cannot invoke "org.adoptopenjdk.jitwatch.model.bytecode.ClassBC.getPackageName()" because "<parameter1>" is null
	at org.adoptopenjdk.jitwatch.test.TestBytecodeLoaderWithInnerClasses.setUp(TestBytecodeLoaderWithInnerClasses.java:130)

[ERROR] testSearchFromSourceOuterClassConstructor(org.adoptopenjdk.jitwatch.test.TestBytecodeLoaderWithInnerClasses)  Time elapsed: 0.969 s  <<< ERROR!
java.lang.NullPointerException: Cannot invoke "org.adoptopenjdk.jitwatch.model.bytecode.ClassBC.getPackageName()" because "<parameter1>" is null
	at org.adoptopenjdk.jitwatch.test.TestBytecodeLoaderWithInnerClasses.setUp(TestBytecodeLoaderWithInnerClasses.java:130)

[ERROR] testSearchFromBytecodeInner1ClassMethod(org.adoptopenjdk.jitwatch.test.TestBytecodeLoaderWithInnerClasses)  Time elapsed: 0.825 s  <<< ERROR!
java.lang.NullPointerException: Cannot invoke "org.adoptopenjdk.jitwatch.model.bytecode.ClassBC.getPackageName()" because "<parameter1>" is null
	at org.adoptopenjdk.jitwatch.test.TestBytecodeLoaderWithInnerClasses.setUp(TestBytecodeLoaderWithInnerClasses.java:130)

[ERROR] testSearchFromBytecodeInner2ClassMethod(org.adoptopenjdk.jitwatch.test.TestBytecodeLoaderWithInnerClasses)  Time elapsed: 0.748 s  <<< ERROR!
java.lang.NullPointerException: Cannot invoke "org.adoptopenjdk.jitwatch.model.bytecode.ClassBC.getPackageName()" because "<parameter1>" is null
	at org.adoptopenjdk.jitwatch.test.TestBytecodeLoaderWithInnerClasses.setUp(TestBytecodeLoaderWithInnerClasses.java:130)

[ERROR] testSearchFromBytecodeInner1ClassConstructor(org.adoptopenjdk.jitwatch.test.TestBytecodeLoaderWithInnerClasses)  Time elapsed: 0.787 s  <<< ERROR!
java.lang.NullPointerException: Cannot invoke "org.adoptopenjdk.jitwatch.model.bytecode.ClassBC.getPackageName()" because "<parameter1>" is null
	at org.adoptopenjdk.jitwatch.test.TestBytecodeLoaderWithInnerClasses.setUp(TestBytecodeLoaderWithInnerClasses.java:130)

[ERROR] testSearchFromSourceInner1ClassMethod(org.adoptopenjdk.jitwatch.test.TestBytecodeLoaderWithInnerClasses)  Time elapsed: 0.796 s  <<< ERROR!
java.lang.NullPointerException: Cannot invoke "org.adoptopenjdk.jitwatch.model.bytecode.ClassBC.getPackageName()" because "<parameter1>" is null
	at org.adoptopenjdk.jitwatch.test.TestBytecodeLoaderWithInnerClasses.setUp(TestBytecodeLoaderWithInnerClasses.java:130)

[ERROR] testSearchFromSourceInner2ClassMethod(org.adoptopenjdk.jitwatch.test.TestBytecodeLoaderWithInnerClasses)  Time elapsed: 0.813 s  <<< ERROR!
java.lang.NullPointerException: Cannot invoke "org.adoptopenjdk.jitwatch.model.bytecode.ClassBC.getPackageName()" because "<parameter1>" is null
	at org.adoptopenjdk.jitwatch.test.TestBytecodeLoaderWithInnerClasses.setUp(TestBytecodeLoaderWithInnerClasses.java:130)

[ERROR] testSearchFromSourceInner1ClassConstructor(org.adoptopenjdk.jitwatch.test.TestBytecodeLoaderWithInnerClasses)  Time elapsed: 0.793 s  <<< ERROR!
java.lang.NullPointerException: Cannot invoke "org.adoptopenjdk.jitwatch.model.bytecode.ClassBC.getPackageName()" because "<parameter1>" is null
	at org.adoptopenjdk.jitwatch.test.TestBytecodeLoaderWithInnerClasses.setUp(TestBytecodeLoaderWithInnerClasses.java:130)

[ERROR] testSearchFromBytecodeOuterClassConstructor(org.adoptopenjdk.jitwatch.test.TestBytecodeLoaderWithInnerClasses)  Time elapsed: 0.779 s  <<< ERROR!
java.lang.NullPointerException: Cannot invoke "org.adoptopenjdk.jitwatch.model.bytecode.ClassBC.getPackageName()" because "<parameter1>" is null
	at org.adoptopenjdk.jitwatch.test.TestBytecodeLoaderWithInnerClasses.setUp(TestBytecodeLoaderWithInnerClasses.java:130)

[ERROR] testSearchFromBytecodeInner2ClassConstructor(org.adoptopenjdk.jitwatch.test.TestBytecodeLoaderWithInnerClasses)  Time elapsed: 0.831 s  <<< ERROR!
java.lang.NullPointerException: Cannot invoke "org.adoptopenjdk.jitwatch.model.bytecode.ClassBC.getPackageName()" because "<parameter1>" is null
	at org.adoptopenjdk.jitwatch.test.TestBytecodeLoaderWithInnerClasses.setUp(TestBytecodeLoaderWithInnerClasses.java:130)

[INFO] Running org.adoptopenjdk.jitwatch.test.TestCompilationUtil
[INFO] Tests run: 1, Failures: 0, Errors: 0, Skipped: 0, Time elapsed: 0.002 s - in org.adoptopenjdk.jitwatch.test.TestCompilationUtil
[INFO] Running org.adoptopenjdk.jitwatch.test.TestCompileChain
[INFO] Tests run: 5, Failures: 0, Errors: 0, Skipped: 0, Time elapsed: 0.012 s - in org.adoptopenjdk.jitwatch.test.TestCompileChain
[INFO] Running org.adoptopenjdk.jitwatch.test.TestCompositeObjectEquality
[INFO] Tests run: 7, Failures: 0, Errors: 0, Skipped: 0, Time elapsed: 0 s - in org.adoptopenjdk.jitwatch.test.TestCompositeObjectEquality
[INFO] Running org.adoptopenjdk.jitwatch.test.TestExecutionUtil
[ERROR] Tests run: 1, Failures: 1, Errors: 0, Skipped: 0, Time elapsed: 0.029 s <<< FAILURE! - in org.adoptopenjdk.jitwatch.test.TestExecutionUtil
[ERROR] testExecuteDemo(org.adoptopenjdk.jitwatch.test.TestExecutionUtil)  Time elapsed: 0.029 s  <<< FAILURE!
java.lang.AssertionError
	at org.adoptopenjdk.jitwatch.test.TestExecutionUtil.testExecuteDemo(TestExecutionUtil.java:78)

[INFO] Running org.adoptopenjdk.jitwatch.test.TestHisto
[INFO] Tests run: 1, Failures: 0, Errors: 0, Skipped: 0, Time elapsed: 0 s - in org.adoptopenjdk.jitwatch.test.TestHisto
[INFO] Running org.adoptopenjdk.jitwatch.test.TestInnerClassRelationship
[INFO] Tests run: 2, Failures: 0, Errors: 0, Skipped: 0, Time elapsed: 0.001 s - in org.adoptopenjdk.jitwatch.test.TestInnerClassRelationship
[INFO] Running org.adoptopenjdk.jitwatch.test.TestIntrinsicFinder
[INFO] Tests run: 2, Failures: 0, Errors: 0, Skipped: 0, Time elapsed: 0.001 s - in org.adoptopenjdk.jitwatch.test.TestIntrinsicFinder
[INFO] Running org.adoptopenjdk.jitwatch.test.TestJ9Parser
[INFO] Tests run: 3, Failures: 0, Errors: 0, Skipped: 0, Time elapsed: 0.002 s - in org.adoptopenjdk.jitwatch.test.TestJ9Parser
[INFO] Running org.adoptopenjdk.jitwatch.test.TestJarScan
[INFO] Tests run: 8, Failures: 0, Errors: 0, Skipped: 0, Time elapsed: 0.01 s - in org.adoptopenjdk.jitwatch.test.TestJarScan
[INFO] Running org.adoptopenjdk.jitwatch.test.TestJITWatchConfig
[INFO] Tests run: 4, Failures: 0, Errors: 0, Skipped: 0, Time elapsed: 0.031 s - in org.adoptopenjdk.jitwatch.test.TestJITWatchConfig
[INFO] Running org.adoptopenjdk.jitwatch.test.TestLineTable
[INFO] Tests run: 4, Failures: 0, Errors: 0, Skipped: 0, Time elapsed: 0.002 s - in org.adoptopenjdk.jitwatch.test.TestLineTable
[INFO] Running org.adoptopenjdk.jitwatch.test.TestLocales
[INFO] Tests run: 2, Failures: 0, Errors: 0, Skipped: 0, Time elapsed: 0.002 s - in org.adoptopenjdk.jitwatch.test.TestLocales
[INFO] Running org.adoptopenjdk.jitwatch.test.TestLogSplitting
[INFO] Tests run: 3, Failures: 0, Errors: 0, Skipped: 0, Time elapsed: 0.042 s - in org.adoptopenjdk.jitwatch.test.TestLogSplitting
[INFO] Running org.adoptopenjdk.jitwatch.test.TestMemberBytecode
[INFO] Tests run: 2, Failures: 0, Errors: 0, Skipped: 0, Time elapsed: 0.006 s - in org.adoptopenjdk.jitwatch.test.TestMemberBytecode
[INFO] Running org.adoptopenjdk.jitwatch.test.TestMemberSignatureParts
[INFO] Tests run: 17, Failures: 0, Errors: 0, Skipped: 0, Time elapsed: 0.001 s - in org.adoptopenjdk.jitwatch.test.TestMemberSignatureParts
[INFO] Running org.adoptopenjdk.jitwatch.test.TestMetaClass
[INFO] Tests run: 14, Failures: 0, Errors: 0, Skipped: 0, Time elapsed: 0.003 s - in org.adoptopenjdk.jitwatch.test.TestMetaClass
[INFO] Running org.adoptopenjdk.jitwatch.test.TestOpcode
[INFO] Tests run: 1, Failures: 0, Errors: 0, Skipped: 0, Time elapsed: 0 s - in org.adoptopenjdk.jitwatch.test.TestOpcode
[INFO] Running org.adoptopenjdk.jitwatch.test.TestPackageManager
[INFO] Tests run: 2, Failures: 0, Errors: 0, Skipped: 0, Time elapsed: 0 s - in org.adoptopenjdk.jitwatch.test.TestPackageManager
[INFO] Running org.adoptopenjdk.jitwatch.test.TestParseUtil
[INFO] Tests run: 53, Failures: 0, Errors: 0, Skipped: 0, Time elapsed: 0.019 s - in org.adoptopenjdk.jitwatch.test.TestParseUtil
[INFO] Running org.adoptopenjdk.jitwatch.test.TestReport
[INFO] Tests run: 2, Failures: 0, Errors: 0, Skipped: 0, Time elapsed: 0.001 s - in org.adoptopenjdk.jitwatch.test.TestReport
[INFO] Running org.adoptopenjdk.jitwatch.test.TestResourceLoader
[INFO] Tests run: 1, Failures: 0, Errors: 0, Skipped: 0, Time elapsed: 0.091 s - in org.adoptopenjdk.jitwatch.test.TestResourceLoader
[INFO] Running org.adoptopenjdk.jitwatch.test.TestStringUtil
[INFO] Tests run: 3, Failures: 0, Errors: 0, Skipped: 0, Time elapsed: 0.011 s - in org.adoptopenjdk.jitwatch.test.TestStringUtil
[INFO] Running org.adoptopenjdk.jitwatch.test.TestTagProcessor
14:53:45.011 [main] WARN  o.a.j.c.TagProcessor - Found a <fragment> in the HotSpot log. The VM exited before the hotspot log was fully written. JIT information may have been lost.
14:53:45.011 [main] WARN  o.a.j.c.TagProcessor - Found a <fragment> in the HotSpot log. The VM exited before the hotspot log was fully written. JIT information may have been lost.
[INFO] Tests run: 13, Failures: 0, Errors: 0, Skipped: 0, Time elapsed: 0.001 s - in org.adoptopenjdk.jitwatch.test.TestTagProcessor
[INFO] Running org.adoptopenjdk.jitwatch.test.TestVmVersionDetector
[INFO] Tests run: 1, Failures: 0, Errors: 0, Skipped: 0, Time elapsed: 0 s - in org.adoptopenjdk.jitwatch.test.TestVmVersionDetector
[INFO] Running org.adoptopenjdk.jitwatch.test.TestZingParser
[INFO] Tests run: 10, Failures: 0, Errors: 0, Skipped: 0, Time elapsed: 0.004 s - in org.adoptopenjdk.jitwatch.test.TestZingParser
[INFO] 
[INFO] Results:
[INFO] 
[ERROR] Failures: 
[ERROR]   TestExecutionUtil.testExecuteDemo:78
[ERROR] Errors: 
[ERROR]   TestBytecodeLoader.testBytecodeSignature:50 NullPointer Cannot invoke "org.ado...
[ERROR]   TestBytecodeLoader.testExampleOverloadedMethodObject:897->doTestOverloadedMethod:877 NullPointer
[ERROR]   TestBytecodeLoader.testExampleOverloadedMethodString:891->doTestOverloadedMethod:877 NullPointer
[ERROR]   TestBytecodeLoaderWithInnerClasses.setUp:130 » NullPointer Cannot invoke "org....
[ERROR]   TestBytecodeLoaderWithInnerClasses.setUp:130 » NullPointer Cannot invoke "org....
[ERROR]   TestBytecodeLoaderWithInnerClasses.setUp:130 » NullPointer Cannot invoke "org....
[ERROR]   TestBytecodeLoaderWithInnerClasses.setUp:130 » NullPointer Cannot invoke "org....
[ERROR]   TestBytecodeLoaderWithInnerClasses.setUp:130 » NullPointer Cannot invoke "org....
[ERROR]   TestBytecodeLoaderWithInnerClasses.setUp:130 » NullPointer Cannot invoke "org....
[ERROR]   TestBytecodeLoaderWithInnerClasses.setUp:130 » NullPointer Cannot invoke "org....
[ERROR]   TestBytecodeLoaderWithInnerClasses.setUp:130 » NullPointer Cannot invoke "org....
[ERROR]   TestBytecodeLoaderWithInnerClasses.setUp:130 » NullPointer Cannot invoke "org....
[ERROR]   TestBytecodeLoaderWithInnerClasses.setUp:130 » NullPointer Cannot invoke "org....
[ERROR]   TestBytecodeLoaderWithInnerClasses.setUp:130 » NullPointer Cannot invoke "org....
[ERROR]   TestBytecodeLoaderWithInnerClasses.setUp:130 » NullPointer Cannot invoke "org....
[ERROR]   TestBytecodeLoaderWithInnerClasses.setUp:130 » NullPointer Cannot invoke "org....
[INFO] 
[ERROR] Tests run: 251, Failures: 1, Errors: 16, Skipped: 0
[INFO] 
[INFO] ------------------------------------------------------------------------
[INFO] BUILD FAILURE
[INFO] ------------------------------------------------------------------------
[INFO] Total time:  21.735 s
[INFO] Finished at: 2023-12-14T14:53:45+09:00
[INFO] ------------------------------------------------------------------------
[ERROR] Failed to execute goal org.apache.maven.plugins:maven-surefire-plugin:2.20:test (default-test) on project jitwatch-core: There are test failures.
[ERROR] 
[ERROR] Please refer to /mnt/c/Users/fujiwara yuma/evaluation/ALL/jitwatch/workingDir/core/target/surefire-reports for the individual test results.
[ERROR] Please refer to dump files (if any exist) [date]-jvmRun[N].dump, [date].dumpstream and [date]-jvmRun[N].dumpstream.
[ERROR] -> [Help 1]
[ERROR] 
[ERROR] To see the full stack trace of the errors, re-run Maven with the -e switch.
[ERROR] Re-run Maven using the -X switch to enable full debug logging.
[ERROR] 
[ERROR] For more information about the errors and possible solutions, please read the following articles:
[ERROR] [Help 1] http://cwiki.apache.org/confluence/display/MAVEN/MojoFailureException
