[INFO] Scanning for projects...
[INFO] 
[INFO] -------------------< com.chrisnewland:jitwatch-core >-------------------
[INFO] Building JITWatch Core 1.4.0
[INFO] --------------------------------[ jar ]---------------------------------
[INFO] 
[INFO] --- maven-resources-plugin:3.0.2:resources (default-resources) @ jitwatch-core ---
[INFO] Using 'UTF-8' encoding to copy filtered resources.
[INFO] Copying 39 resources
[INFO] 
[INFO] --- maven-compiler-plugin:3.8.0:compile (default-compile) @ jitwatch-core ---
[INFO] Changes detected - recompiling the module!
[INFO] Compiling 180 source files to /mnt/c/Users/fujiwara yuma/evaluation/ALL/jitwatch/workingDir/core/target/classes
[INFO] 
[INFO] --- maven-resources-plugin:3.0.2:testResources (default-testResources) @ jitwatch-core ---
[INFO] Using 'UTF-8' encoding to copy filtered resources.
[INFO] Copying 1 resource
[INFO] 
[INFO] --- maven-compiler-plugin:3.8.0:testCompile (default-testCompile) @ jitwatch-core ---
[INFO] Changes detected - recompiling the module!
[INFO] Compiling 39 source files to /mnt/c/Users/fujiwara yuma/evaluation/ALL/jitwatch/workingDir/core/target/test-classes
[WARNING] /mnt/c/Users/fujiwara yuma/evaluation/ALL/jitwatch/workingDir/core/src/test/java/org/adoptopenjdk/jitwatch/test/TestTagProcessor.java:[307,17] <T>assertThat(java.lang.String,T,org.hamcrest.Matcher<? super T>) in org.junit.Assert has been deprecated
[WARNING] /mnt/c/Users/fujiwara yuma/evaluation/ALL/jitwatch/workingDir/core/src/test/java/org/adoptopenjdk/jitwatch/test/TestTagProcessor.java:[327,17] <T>assertThat(java.lang.String,T,org.hamcrest.Matcher<? super T>) in org.junit.Assert has been deprecated
[WARNING] /mnt/c/Users/fujiwara yuma/evaluation/ALL/jitwatch/workingDir/core/src/test/java/org/adoptopenjdk/jitwatch/test/TestTagProcessor.java:[350,17] <T>assertThat(java.lang.String,T,org.hamcrest.Matcher<? super T>) in org.junit.Assert has been deprecated
[WARNING] /mnt/c/Users/fujiwara yuma/evaluation/ALL/jitwatch/workingDir/core/src/test/java/org/adoptopenjdk/jitwatch/test/TestTagProcessor.java:[371,17] <T>assertThat(java.lang.String,T,org.hamcrest.Matcher<? super T>) in org.junit.Assert has been deprecated
[WARNING] /mnt/c/Users/fujiwara yuma/evaluation/ALL/jitwatch/workingDir/core/src/test/java/org/adoptopenjdk/jitwatch/test/TestPackageManager.java:[49,9] <T>assertThat(T,org.hamcrest.Matcher<? super T>) in org.junit.Assert has been deprecated
[WARNING] /mnt/c/Users/fujiwara yuma/evaluation/ALL/jitwatch/workingDir/core/src/test/java/org/adoptopenjdk/jitwatch/test/TestPackageManager.java:[70,9] <T>assertThat(T,org.hamcrest.Matcher<? super T>) in org.junit.Assert has been deprecated
[INFO] 
[INFO] --- maven-surefire-plugin:2.20:test (default-test) @ jitwatch-core ---
[INFO] 
[INFO] -------------------------------------------------------
[INFO]  T E S T S
[INFO] -------------------------------------------------------
[INFO] Running org.adoptopenjdk.jitwatch.test.TestAssemblyLabels
[INFO] Tests run: 7, Failures: 0, Errors: 0, Skipped: 0, Time elapsed: 0.386 s - in org.adoptopenjdk.jitwatch.test.TestAssemblyLabels
[INFO] Running org.adoptopenjdk.jitwatch.test.TestAssemblyParserARM
[INFO] Tests run: 1, Failures: 0, Errors: 0, Skipped: 0, Time elapsed: 0 s - in org.adoptopenjdk.jitwatch.test.TestAssemblyParserARM
[INFO] Running org.adoptopenjdk.jitwatch.test.TestAssemblyParserX86
[INFO] Tests run: 17, Failures: 0, Errors: 0, Skipped: 0, Time elapsed: 0.031 s - in org.adoptopenjdk.jitwatch.test.TestAssemblyParserX86
[INFO] Running org.adoptopenjdk.jitwatch.test.TestAssemblyProcessor
[INFO] Tests run: 12, Failures: 0, Errors: 0, Skipped: 0, Time elapsed: 0.073 s - in org.adoptopenjdk.jitwatch.test.TestAssemblyProcessor
[INFO] Running org.adoptopenjdk.jitwatch.test.TestBytecodeAnnotationBuilder
14:54:54.409 [main] ERROR o.a.j.u.ParseUtil - ClassNotFoundException: 'EscapeTest$Wrapper1'
14:54:54.412 [main] ERROR o.a.j.u.ParseUtil - metaClass not found: EscapeTest$Wrapper1
14:54:54.414 [main] ERROR o.a.j.u.ParseUtil - ClassNotFoundException: 'EscapeTest$Wrapper2'
14:54:54.414 [main] ERROR o.a.j.u.ParseUtil - metaClass not found: EscapeTest$Wrapper2
14:54:54.414 [main] ERROR o.a.j.u.ParseUtil - ClassNotFoundException: 'EscapeTest$Wrapper1'
14:54:54.415 [main] ERROR o.a.j.u.ParseUtil - metaClass not found: EscapeTest$Wrapper1
14:54:54.442 [main] ERROR o.a.j.u.ParseUtil - ClassNotFoundException: 'EscapeTest$Wrapper1'
14:54:54.442 [main] ERROR o.a.j.u.ParseUtil - metaClass not found: EscapeTest$Wrapper1
14:54:54.443 [main] ERROR o.a.j.u.ParseUtil - ClassNotFoundException: 'EscapeTest$Wrapper2'
14:54:54.443 [main] ERROR o.a.j.u.ParseUtil - metaClass not found: EscapeTest$Wrapper2
14:54:54.443 [main] ERROR o.a.j.u.ParseUtil - ClassNotFoundException: 'EscapeTest$Wrapper1'
14:54:54.444 [main] ERROR o.a.j.u.ParseUtil - metaClass not found: EscapeTest$Wrapper1
14:54:54.450 [main] WARN  o.a.j.p.AbstractLogParser - Didn't find compilation with ID null
[INFO] Tests run: 20, Failures: 0, Errors: 0, Skipped: 0, Time elapsed: 0.106 s - in org.adoptopenjdk.jitwatch.test.TestBytecodeAnnotationBuilder
[INFO] Running org.adoptopenjdk.jitwatch.test.TestBytecodeLoader
14:54:54.489 [main] INFO  o.a.j.l.BytecodeLoader - Could not fetch bytecode via reflection, trying Process
14:54:54.527 [main] INFO  o.a.j.p.r.RuntimeJava - JavapProcess() executablePath: /usr/lib/jvm/java-17-openjdk-amd64/bin/javap
14:54:54.528 [main] INFO  o.a.j.p.r.RuntimeJava - Process: /usr/lib/jvm/java-17-openjdk-amd64/bin/javap -c -p -v java.lang.StringBuilder 
14:54:55.066 [main] INFO  o.a.j.l.BytecodeLoader - Could not fetch bytecode via reflection, trying Process
14:54:55.068 [main] INFO  o.a.j.p.r.RuntimeJava - JavapProcess() executablePath: /usr/lib/jvm/java-17-openjdk-amd64/bin/javap
14:54:55.068 [main] INFO  o.a.j.p.r.RuntimeJava - Process: /usr/lib/jvm/java-17-openjdk-amd64/bin/javap -c -p -v -classpath /mnt/c/Users/fujiwara yuma/evaluation/ALL/jitwatch/workingDir/core/target/test-classes org.adoptopenjdk.jitwatch.test.TestBytecodeLoader 
14:54:55.770 [main] INFO  o.a.j.l.BytecodeLoader - Could not fetch bytecode via reflection, trying Process
14:54:55.773 [main] INFO  o.a.j.p.r.RuntimeJava - JavapProcess() executablePath: /usr/lib/jvm/java-17-openjdk-amd64/bin/javap
14:54:55.773 [main] INFO  o.a.j.p.r.RuntimeJava - Process: /usr/lib/jvm/java-17-openjdk-amd64/bin/javap -c -p -v -classpath /mnt/c/Users/fujiwara yuma/evaluation/ALL/jitwatch/workingDir/core/target/test-classes org.adoptopenjdk.jitwatch.test.TestBytecodeLoader 
[INFO] Tests run: 19, Failures: 0, Errors: 0, Skipped: 0, Time elapsed: 2.027 s - in org.adoptopenjdk.jitwatch.test.TestBytecodeLoader
[INFO] Running org.adoptopenjdk.jitwatch.test.TestBytecodeLoaderWithInnerClasses
14:54:56.505 [main] INFO  o.a.j.p.r.RuntimeJava - Process: /usr/lib/jvm/java-17-openjdk-amd64/bin/javac -g -d /tmp/testInnerClasses16725878197582272978 /mnt/c/Users/fujiwara yuma/evaluation/ALL/jitwatch/workingDir/core/src/main/resources/examples/TestInner.java 
14:54:57.249 [main] INFO  o.a.j.l.BytecodeLoader - Could not fetch bytecode via reflection, trying Process
14:54:57.251 [main] INFO  o.a.j.p.r.RuntimeJava - JavapProcess() executablePath: /usr/lib/jvm/java-17-openjdk-amd64/bin/javap
14:54:57.251 [main] INFO  o.a.j.p.r.RuntimeJava - Process: /usr/lib/jvm/java-17-openjdk-amd64/bin/javap -c -p -v -classpath /tmp/testInnerClasses16725878197582272978 TestInner 
14:54:57.628 [main] INFO  o.a.j.l.BytecodeLoader - Could not fetch bytecode via reflection, trying Process
14:54:57.629 [main] INFO  o.a.j.p.r.RuntimeJava - JavapProcess() executablePath: /usr/lib/jvm/java-17-openjdk-amd64/bin/javap
14:54:57.630 [main] INFO  o.a.j.p.r.RuntimeJava - Process: /usr/lib/jvm/java-17-openjdk-amd64/bin/javap -c -p -v -classpath /tmp/testInnerClasses16725878197582272978 TestInner$Inner1 
14:54:58.001 [main] INFO  o.a.j.l.BytecodeLoader - Could not fetch bytecode via reflection, trying Process
14:54:58.003 [main] INFO  o.a.j.p.r.RuntimeJava - JavapProcess() executablePath: /usr/lib/jvm/java-17-openjdk-amd64/bin/javap
14:54:58.003 [main] INFO  o.a.j.p.r.RuntimeJava - Process: /usr/lib/jvm/java-17-openjdk-amd64/bin/javap -c -p -v -classpath /tmp/testInnerClasses16725878197582272978 TestInner$Inner1$Inner2 
14:54:58.376 [main] INFO  o.a.j.p.r.RuntimeJava - Process: /usr/lib/jvm/java-17-openjdk-amd64/bin/javac -g -d /tmp/testInnerClasses15084695321335441982 /mnt/c/Users/fujiwara yuma/evaluation/ALL/jitwatch/workingDir/core/src/main/resources/examples/TestInner.java 
14:54:59.122 [main] INFO  o.a.j.l.BytecodeLoader - Could not fetch bytecode via reflection, trying Process
14:54:59.124 [main] INFO  o.a.j.p.r.RuntimeJava - JavapProcess() executablePath: /usr/lib/jvm/java-17-openjdk-amd64/bin/javap
14:54:59.124 [main] INFO  o.a.j.p.r.RuntimeJava - Process: /usr/lib/jvm/java-17-openjdk-amd64/bin/javap -c -p -v -classpath /tmp/testInnerClasses15084695321335441982 TestInner 
14:54:59.500 [main] INFO  o.a.j.l.BytecodeLoader - Could not fetch bytecode via reflection, trying Process
14:54:59.502 [main] INFO  o.a.j.p.r.RuntimeJava - JavapProcess() executablePath: /usr/lib/jvm/java-17-openjdk-amd64/bin/javap
14:54:59.502 [main] INFO  o.a.j.p.r.RuntimeJava - Process: /usr/lib/jvm/java-17-openjdk-amd64/bin/javap -c -p -v -classpath /tmp/testInnerClasses15084695321335441982 TestInner$Inner1 
14:54:59.870 [main] INFO  o.a.j.l.BytecodeLoader - Could not fetch bytecode via reflection, trying Process
14:54:59.872 [main] INFO  o.a.j.p.r.RuntimeJava - JavapProcess() executablePath: /usr/lib/jvm/java-17-openjdk-amd64/bin/javap
14:54:59.873 [main] INFO  o.a.j.p.r.RuntimeJava - Process: /usr/lib/jvm/java-17-openjdk-amd64/bin/javap -c -p -v -classpath /tmp/testInnerClasses15084695321335441982 TestInner$Inner1$Inner2 
14:55:00.258 [main] INFO  o.a.j.p.r.RuntimeJava - Process: /usr/lib/jvm/java-17-openjdk-amd64/bin/javac -g -d /tmp/testInnerClasses17895406298829574785 /mnt/c/Users/fujiwara yuma/evaluation/ALL/jitwatch/workingDir/core/src/main/resources/examples/TestInner.java 
14:55:00.982 [main] INFO  o.a.j.l.BytecodeLoader - Could not fetch bytecode via reflection, trying Process
14:55:00.984 [main] INFO  o.a.j.p.r.RuntimeJava - JavapProcess() executablePath: /usr/lib/jvm/java-17-openjdk-amd64/bin/javap
14:55:00.984 [main] INFO  o.a.j.p.r.RuntimeJava - Process: /usr/lib/jvm/java-17-openjdk-amd64/bin/javap -c -p -v -classpath /tmp/testInnerClasses17895406298829574785 TestInner 
14:55:01.359 [main] INFO  o.a.j.l.BytecodeLoader - Could not fetch bytecode via reflection, trying Process
14:55:01.361 [main] INFO  o.a.j.p.r.RuntimeJava - JavapProcess() executablePath: /usr/lib/jvm/java-17-openjdk-amd64/bin/javap
14:55:01.361 [main] INFO  o.a.j.p.r.RuntimeJava - Process: /usr/lib/jvm/java-17-openjdk-amd64/bin/javap -c -p -v -classpath /tmp/testInnerClasses17895406298829574785 TestInner$Inner1 
14:55:01.746 [main] INFO  o.a.j.l.BytecodeLoader - Could not fetch bytecode via reflection, trying Process
14:55:01.748 [main] INFO  o.a.j.p.r.RuntimeJava - JavapProcess() executablePath: /usr/lib/jvm/java-17-openjdk-amd64/bin/javap
14:55:01.748 [main] INFO  o.a.j.p.r.RuntimeJava - Process: /usr/lib/jvm/java-17-openjdk-amd64/bin/javap -c -p -v -classpath /tmp/testInnerClasses17895406298829574785 TestInner$Inner1$Inner2 
14:55:02.116 [main] INFO  o.a.j.p.r.RuntimeJava - Process: /usr/lib/jvm/java-17-openjdk-amd64/bin/javac -g -d /tmp/testInnerClasses11282583853435426712 /mnt/c/Users/fujiwara yuma/evaluation/ALL/jitwatch/workingDir/core/src/main/resources/examples/TestInner.java 
14:55:02.834 [main] INFO  o.a.j.l.BytecodeLoader - Could not fetch bytecode via reflection, trying Process
14:55:02.836 [main] INFO  o.a.j.p.r.RuntimeJava - JavapProcess() executablePath: /usr/lib/jvm/java-17-openjdk-amd64/bin/javap
14:55:02.836 [main] INFO  o.a.j.p.r.RuntimeJava - Process: /usr/lib/jvm/java-17-openjdk-amd64/bin/javap -c -p -v -classpath /tmp/testInnerClasses11282583853435426712 TestInner 
14:55:03.229 [main] INFO  o.a.j.l.BytecodeLoader - Could not fetch bytecode via reflection, trying Process
14:55:03.230 [main] INFO  o.a.j.p.r.RuntimeJava - JavapProcess() executablePath: /usr/lib/jvm/java-17-openjdk-amd64/bin/javap
14:55:03.230 [main] INFO  o.a.j.p.r.RuntimeJava - Process: /usr/lib/jvm/java-17-openjdk-amd64/bin/javap -c -p -v -classpath /tmp/testInnerClasses11282583853435426712 TestInner$Inner1 
14:55:03.625 [main] INFO  o.a.j.l.BytecodeLoader - Could not fetch bytecode via reflection, trying Process
14:55:03.626 [main] INFO  o.a.j.p.r.RuntimeJava - JavapProcess() executablePath: /usr/lib/jvm/java-17-openjdk-amd64/bin/javap
14:55:03.627 [main] INFO  o.a.j.p.r.RuntimeJava - Process: /usr/lib/jvm/java-17-openjdk-amd64/bin/javap -c -p -v -classpath /tmp/testInnerClasses11282583853435426712 TestInner$Inner1$Inner2 
14:55:04.024 [main] INFO  o.a.j.p.r.RuntimeJava - Process: /usr/lib/jvm/java-17-openjdk-amd64/bin/javac -g -d /tmp/testInnerClasses12762310189336764154 /mnt/c/Users/fujiwara yuma/evaluation/ALL/jitwatch/workingDir/core/src/main/resources/examples/TestInner.java 
14:55:04.735 [main] INFO  o.a.j.l.BytecodeLoader - Could not fetch bytecode via reflection, trying Process
14:55:04.737 [main] INFO  o.a.j.p.r.RuntimeJava - JavapProcess() executablePath: /usr/lib/jvm/java-17-openjdk-amd64/bin/javap
14:55:04.737 [main] INFO  o.a.j.p.r.RuntimeJava - Process: /usr/lib/jvm/java-17-openjdk-amd64/bin/javap -c -p -v -classpath /tmp/testInnerClasses12762310189336764154 TestInner 
14:55:05.116 [main] INFO  o.a.j.l.BytecodeLoader - Could not fetch bytecode via reflection, trying Process
14:55:05.118 [main] INFO  o.a.j.p.r.RuntimeJava - JavapProcess() executablePath: /usr/lib/jvm/java-17-openjdk-amd64/bin/javap
14:55:05.118 [main] INFO  o.a.j.p.r.RuntimeJava - Process: /usr/lib/jvm/java-17-openjdk-amd64/bin/javap -c -p -v -classpath /tmp/testInnerClasses12762310189336764154 TestInner$Inner1 
14:55:05.484 [main] INFO  o.a.j.l.BytecodeLoader - Could not fetch bytecode via reflection, trying Process
14:55:05.486 [main] INFO  o.a.j.p.r.RuntimeJava - JavapProcess() executablePath: /usr/lib/jvm/java-17-openjdk-amd64/bin/javap
14:55:05.486 [main] INFO  o.a.j.p.r.RuntimeJava - Process: /usr/lib/jvm/java-17-openjdk-amd64/bin/javap -c -p -v -classpath /tmp/testInnerClasses12762310189336764154 TestInner$Inner1$Inner2 
14:55:05.862 [main] INFO  o.a.j.p.r.RuntimeJava - Process: /usr/lib/jvm/java-17-openjdk-amd64/bin/javac -g -d /tmp/testInnerClasses13515080979895799506 /mnt/c/Users/fujiwara yuma/evaluation/ALL/jitwatch/workingDir/core/src/main/resources/examples/TestInner.java 
14:55:06.604 [main] INFO  o.a.j.l.BytecodeLoader - Could not fetch bytecode via reflection, trying Process
14:55:06.606 [main] INFO  o.a.j.p.r.RuntimeJava - JavapProcess() executablePath: /usr/lib/jvm/java-17-openjdk-amd64/bin/javap
14:55:06.606 [main] INFO  o.a.j.p.r.RuntimeJava - Process: /usr/lib/jvm/java-17-openjdk-amd64/bin/javap -c -p -v -classpath /tmp/testInnerClasses13515080979895799506 TestInner 
14:55:06.974 [main] INFO  o.a.j.l.BytecodeLoader - Could not fetch bytecode via reflection, trying Process
14:55:06.975 [main] INFO  o.a.j.p.r.RuntimeJava - JavapProcess() executablePath: /usr/lib/jvm/java-17-openjdk-amd64/bin/javap
14:55:06.976 [main] INFO  o.a.j.p.r.RuntimeJava - Process: /usr/lib/jvm/java-17-openjdk-amd64/bin/javap -c -p -v -classpath /tmp/testInnerClasses13515080979895799506 TestInner$Inner1 
14:55:07.373 [main] INFO  o.a.j.l.BytecodeLoader - Could not fetch bytecode via reflection, trying Process
14:55:07.375 [main] INFO  o.a.j.p.r.RuntimeJava - JavapProcess() executablePath: /usr/lib/jvm/java-17-openjdk-amd64/bin/javap
14:55:07.375 [main] INFO  o.a.j.p.r.RuntimeJava - Process: /usr/lib/jvm/java-17-openjdk-amd64/bin/javap -c -p -v -classpath /tmp/testInnerClasses13515080979895799506 TestInner$Inner1$Inner2 
14:55:07.751 [main] INFO  o.a.j.p.r.RuntimeJava - Process: /usr/lib/jvm/java-17-openjdk-amd64/bin/javac -g -d /tmp/testInnerClasses13061285761054205846 /mnt/c/Users/fujiwara yuma/evaluation/ALL/jitwatch/workingDir/core/src/main/resources/examples/TestInner.java 
14:55:08.547 [main] INFO  o.a.j.l.BytecodeLoader - Could not fetch bytecode via reflection, trying Process
14:55:08.549 [main] INFO  o.a.j.p.r.RuntimeJava - JavapProcess() executablePath: /usr/lib/jvm/java-17-openjdk-amd64/bin/javap
14:55:08.549 [main] INFO  o.a.j.p.r.RuntimeJava - Process: /usr/lib/jvm/java-17-openjdk-amd64/bin/javap -c -p -v -classpath /tmp/testInnerClasses13061285761054205846 TestInner 
14:55:08.925 [main] INFO  o.a.j.l.BytecodeLoader - Could not fetch bytecode via reflection, trying Process
14:55:08.927 [main] INFO  o.a.j.p.r.RuntimeJava - JavapProcess() executablePath: /usr/lib/jvm/java-17-openjdk-amd64/bin/javap
14:55:08.927 [main] INFO  o.a.j.p.r.RuntimeJava - Process: /usr/lib/jvm/java-17-openjdk-amd64/bin/javap -c -p -v -classpath /tmp/testInnerClasses13061285761054205846 TestInner$Inner1 
14:55:09.317 [main] INFO  o.a.j.l.BytecodeLoader - Could not fetch bytecode via reflection, trying Process
14:55:09.318 [main] INFO  o.a.j.p.r.RuntimeJava - JavapProcess() executablePath: /usr/lib/jvm/java-17-openjdk-amd64/bin/javap
14:55:09.319 [main] INFO  o.a.j.p.r.RuntimeJava - Process: /usr/lib/jvm/java-17-openjdk-amd64/bin/javap -c -p -v -classpath /tmp/testInnerClasses13061285761054205846 TestInner$Inner1$Inner2 
14:55:09.718 [main] INFO  o.a.j.p.r.RuntimeJava - Process: /usr/lib/jvm/java-17-openjdk-amd64/bin/javac -g -d /tmp/testInnerClasses17493401975180743896 /mnt/c/Users/fujiwara yuma/evaluation/ALL/jitwatch/workingDir/core/src/main/resources/examples/TestInner.java 
14:55:10.557 [main] INFO  o.a.j.l.BytecodeLoader - Could not fetch bytecode via reflection, trying Process
14:55:10.559 [main] INFO  o.a.j.p.r.RuntimeJava - JavapProcess() executablePath: /usr/lib/jvm/java-17-openjdk-amd64/bin/javap
14:55:10.559 [main] INFO  o.a.j.p.r.RuntimeJava - Process: /usr/lib/jvm/java-17-openjdk-amd64/bin/javap -c -p -v -classpath /tmp/testInnerClasses17493401975180743896 TestInner 
14:55:10.960 [main] INFO  o.a.j.l.BytecodeLoader - Could not fetch bytecode via reflection, trying Process
14:55:10.962 [main] INFO  o.a.j.p.r.RuntimeJava - JavapProcess() executablePath: /usr/lib/jvm/java-17-openjdk-amd64/bin/javap
14:55:10.962 [main] INFO  o.a.j.p.r.RuntimeJava - Process: /usr/lib/jvm/java-17-openjdk-amd64/bin/javap -c -p -v -classpath /tmp/testInnerClasses17493401975180743896 TestInner$Inner1 
14:55:11.346 [main] INFO  o.a.j.l.BytecodeLoader - Could not fetch bytecode via reflection, trying Process
14:55:11.348 [main] INFO  o.a.j.p.r.RuntimeJava - JavapProcess() executablePath: /usr/lib/jvm/java-17-openjdk-amd64/bin/javap
14:55:11.348 [main] INFO  o.a.j.p.r.RuntimeJava - Process: /usr/lib/jvm/java-17-openjdk-amd64/bin/javap -c -p -v -classpath /tmp/testInnerClasses17493401975180743896 TestInner$Inner1$Inner2 
14:55:11.746 [main] INFO  o.a.j.p.r.RuntimeJava - Process: /usr/lib/jvm/java-17-openjdk-amd64/bin/javac -g -d /tmp/testInnerClasses14726176789154900062 /mnt/c/Users/fujiwara yuma/evaluation/ALL/jitwatch/workingDir/core/src/main/resources/examples/TestInner.java 
14:55:12.552 [main] INFO  o.a.j.l.BytecodeLoader - Could not fetch bytecode via reflection, trying Process
14:55:12.554 [main] INFO  o.a.j.p.r.RuntimeJava - JavapProcess() executablePath: /usr/lib/jvm/java-17-openjdk-amd64/bin/javap
14:55:12.554 [main] INFO  o.a.j.p.r.RuntimeJava - Process: /usr/lib/jvm/java-17-openjdk-amd64/bin/javap -c -p -v -classpath /tmp/testInnerClasses14726176789154900062 TestInner 
14:55:12.956 [main] INFO  o.a.j.l.BytecodeLoader - Could not fetch bytecode via reflection, trying Process
14:55:12.958 [main] INFO  o.a.j.p.r.RuntimeJava - JavapProcess() executablePath: /usr/lib/jvm/java-17-openjdk-amd64/bin/javap
14:55:12.958 [main] INFO  o.a.j.p.r.RuntimeJava - Process: /usr/lib/jvm/java-17-openjdk-amd64/bin/javap -c -p -v -classpath /tmp/testInnerClasses14726176789154900062 TestInner$Inner1 
14:55:13.366 [main] INFO  o.a.j.l.BytecodeLoader - Could not fetch bytecode via reflection, trying Process
14:55:13.368 [main] INFO  o.a.j.p.r.RuntimeJava - JavapProcess() executablePath: /usr/lib/jvm/java-17-openjdk-amd64/bin/javap
14:55:13.368 [main] INFO  o.a.j.p.r.RuntimeJava - Process: /usr/lib/jvm/java-17-openjdk-amd64/bin/javap -c -p -v -classpath /tmp/testInnerClasses14726176789154900062 TestInner$Inner1$Inner2 
14:55:13.797 [main] INFO  o.a.j.p.r.RuntimeJava - Process: /usr/lib/jvm/java-17-openjdk-amd64/bin/javac -g -d /tmp/testInnerClasses1583425591272046054 /mnt/c/Users/fujiwara yuma/evaluation/ALL/jitwatch/workingDir/core/src/main/resources/examples/TestInner.java 
14:55:14.671 [main] INFO  o.a.j.l.BytecodeLoader - Could not fetch bytecode via reflection, trying Process
14:55:14.674 [main] INFO  o.a.j.p.r.RuntimeJava - JavapProcess() executablePath: /usr/lib/jvm/java-17-openjdk-amd64/bin/javap
14:55:14.675 [main] INFO  o.a.j.p.r.RuntimeJava - Process: /usr/lib/jvm/java-17-openjdk-amd64/bin/javap -c -p -v -classpath /tmp/testInnerClasses1583425591272046054 TestInner 
14:55:15.065 [main] INFO  o.a.j.l.BytecodeLoader - Could not fetch bytecode via reflection, trying Process
14:55:15.066 [main] INFO  o.a.j.p.r.RuntimeJava - JavapProcess() executablePath: /usr/lib/jvm/java-17-openjdk-amd64/bin/javap
14:55:15.067 [main] INFO  o.a.j.p.r.RuntimeJava - Process: /usr/lib/jvm/java-17-openjdk-amd64/bin/javap -c -p -v -classpath /tmp/testInnerClasses1583425591272046054 TestInner$Inner1 
14:55:15.446 [main] INFO  o.a.j.l.BytecodeLoader - Could not fetch bytecode via reflection, trying Process
14:55:15.447 [main] INFO  o.a.j.p.r.RuntimeJava - JavapProcess() executablePath: /usr/lib/jvm/java-17-openjdk-amd64/bin/javap
14:55:15.447 [main] INFO  o.a.j.p.r.RuntimeJava - Process: /usr/lib/jvm/java-17-openjdk-amd64/bin/javap -c -p -v -classpath /tmp/testInnerClasses1583425591272046054 TestInner$Inner1$Inner2 
14:55:15.845 [main] INFO  o.a.j.p.r.RuntimeJava - Process: /usr/lib/jvm/java-17-openjdk-amd64/bin/javac -g -d /tmp/testInnerClasses3511268200306136776 /mnt/c/Users/fujiwara yuma/evaluation/ALL/jitwatch/workingDir/core/src/main/resources/examples/TestInner.java 
14:55:16.671 [main] INFO  o.a.j.l.BytecodeLoader - Could not fetch bytecode via reflection, trying Process
14:55:16.675 [main] INFO  o.a.j.p.r.RuntimeJava - JavapProcess() executablePath: /usr/lib/jvm/java-17-openjdk-amd64/bin/javap
14:55:16.675 [main] INFO  o.a.j.p.r.RuntimeJava - Process: /usr/lib/jvm/java-17-openjdk-amd64/bin/javap -c -p -v -classpath /tmp/testInnerClasses3511268200306136776 TestInner 
14:55:17.084 [main] INFO  o.a.j.l.BytecodeLoader - Could not fetch bytecode via reflection, trying Process
14:55:17.086 [main] INFO  o.a.j.p.r.RuntimeJava - JavapProcess() executablePath: /usr/lib/jvm/java-17-openjdk-amd64/bin/javap
14:55:17.086 [main] INFO  o.a.j.p.r.RuntimeJava - Process: /usr/lib/jvm/java-17-openjdk-amd64/bin/javap -c -p -v -classpath /tmp/testInnerClasses3511268200306136776 TestInner$Inner1 
14:55:17.477 [main] INFO  o.a.j.l.BytecodeLoader - Could not fetch bytecode via reflection, trying Process
14:55:17.478 [main] INFO  o.a.j.p.r.RuntimeJava - JavapProcess() executablePath: /usr/lib/jvm/java-17-openjdk-amd64/bin/javap
14:55:17.478 [main] INFO  o.a.j.p.r.RuntimeJava - Process: /usr/lib/jvm/java-17-openjdk-amd64/bin/javap -c -p -v -classpath /tmp/testInnerClasses3511268200306136776 TestInner$Inner1$Inner2 
14:55:17.924 [main] INFO  o.a.j.p.r.RuntimeJava - Process: /usr/lib/jvm/java-17-openjdk-amd64/bin/javac -g -d /tmp/testInnerClasses15510598093898636828 /mnt/c/Users/fujiwara yuma/evaluation/ALL/jitwatch/workingDir/core/src/main/resources/examples/TestInner.java 
14:55:18.733 [main] INFO  o.a.j.l.BytecodeLoader - Could not fetch bytecode via reflection, trying Process
14:55:18.735 [main] INFO  o.a.j.p.r.RuntimeJava - JavapProcess() executablePath: /usr/lib/jvm/java-17-openjdk-amd64/bin/javap
14:55:18.735 [main] INFO  o.a.j.p.r.RuntimeJava - Process: /usr/lib/jvm/java-17-openjdk-amd64/bin/javap -c -p -v -classpath /tmp/testInnerClasses15510598093898636828 TestInner 
14:55:19.148 [main] INFO  o.a.j.l.BytecodeLoader - Could not fetch bytecode via reflection, trying Process
14:55:19.149 [main] INFO  o.a.j.p.r.RuntimeJava - JavapProcess() executablePath: /usr/lib/jvm/java-17-openjdk-amd64/bin/javap
14:55:19.150 [main] INFO  o.a.j.p.r.RuntimeJava - Process: /usr/lib/jvm/java-17-openjdk-amd64/bin/javap -c -p -v -classpath /tmp/testInnerClasses15510598093898636828 TestInner$Inner1 
14:55:19.542 [main] INFO  o.a.j.l.BytecodeLoader - Could not fetch bytecode via reflection, trying Process
14:55:19.544 [main] INFO  o.a.j.p.r.RuntimeJava - JavapProcess() executablePath: /usr/lib/jvm/java-17-openjdk-amd64/bin/javap
14:55:19.544 [main] INFO  o.a.j.p.r.RuntimeJava - Process: /usr/lib/jvm/java-17-openjdk-amd64/bin/javap -c -p -v -classpath /tmp/testInnerClasses15510598093898636828 TestInner$Inner1$Inner2 
14:55:19.988 [main] INFO  o.a.j.p.r.RuntimeJava - Process: /usr/lib/jvm/java-17-openjdk-amd64/bin/javac -g -d /tmp/testInnerClasses667787949741596092 /mnt/c/Users/fujiwara yuma/evaluation/ALL/jitwatch/workingDir/core/src/main/resources/examples/TestInner.java 
14:55:20.838 [main] INFO  o.a.j.l.BytecodeLoader - Could not fetch bytecode via reflection, trying Process
14:55:20.841 [main] INFO  o.a.j.p.r.RuntimeJava - JavapProcess() executablePath: /usr/lib/jvm/java-17-openjdk-amd64/bin/javap
14:55:20.841 [main] INFO  o.a.j.p.r.RuntimeJava - Process: /usr/lib/jvm/java-17-openjdk-amd64/bin/javap -c -p -v -classpath /tmp/testInnerClasses667787949741596092 TestInner 
14:55:21.248 [main] INFO  o.a.j.l.BytecodeLoader - Could not fetch bytecode via reflection, trying Process
14:55:21.250 [main] INFO  o.a.j.p.r.RuntimeJava - JavapProcess() executablePath: /usr/lib/jvm/java-17-openjdk-amd64/bin/javap
14:55:21.250 [main] INFO  o.a.j.p.r.RuntimeJava - Process: /usr/lib/jvm/java-17-openjdk-amd64/bin/javap -c -p -v -classpath /tmp/testInnerClasses667787949741596092 TestInner$Inner1 
14:55:21.670 [main] INFO  o.a.j.l.BytecodeLoader - Could not fetch bytecode via reflection, trying Process
14:55:21.671 [main] INFO  o.a.j.p.r.RuntimeJava - JavapProcess() executablePath: /usr/lib/jvm/java-17-openjdk-amd64/bin/javap
14:55:21.671 [main] INFO  o.a.j.p.r.RuntimeJava - Process: /usr/lib/jvm/java-17-openjdk-amd64/bin/javap -c -p -v -classpath /tmp/testInnerClasses667787949741596092 TestInner$Inner1$Inner2 
[INFO] Tests run: 13, Failures: 0, Errors: 0, Skipped: 0, Time elapsed: 25.592 s - in org.adoptopenjdk.jitwatch.test.TestBytecodeLoaderWithInnerClasses
[INFO] Running org.adoptopenjdk.jitwatch.test.TestCompilationUtil
14:55:22.100 [main] INFO  o.a.j.p.r.RuntimeJava - Process: /usr/lib/jvm/java-17-openjdk-amd64/bin/javac -g -d /tmp/test_compilation_util1511855413086523288 /tmp/test_compilation_util1511855413086523288/org/adoptopenjdk/jitwatch/compiletest/CompileTest.java 
[INFO] Tests run: 1, Failures: 0, Errors: 0, Skipped: 0, Time elapsed: 0.691 s - in org.adoptopenjdk.jitwatch.test.TestCompilationUtil
[INFO] Running org.adoptopenjdk.jitwatch.test.TestCompileChain
[INFO] Tests run: 5, Failures: 0, Errors: 0, Skipped: 0, Time elapsed: 0.008 s - in org.adoptopenjdk.jitwatch.test.TestCompileChain
[INFO] Running org.adoptopenjdk.jitwatch.test.TestCompositeObjectEquality
[INFO] Tests run: 7, Failures: 0, Errors: 0, Skipped: 0, Time elapsed: 0.011 s - in org.adoptopenjdk.jitwatch.test.TestCompositeObjectEquality
[INFO] Running org.adoptopenjdk.jitwatch.test.TestExecutionUtil
14:55:22.806 [main] INFO  o.a.j.p.r.RuntimeJava - Process: /usr/lib/jvm/java-17-openjdk-amd64/bin/java -XX:+UnlockDiagnosticVMOptions -XX:+TraceClassLoading -XX:+LogCompilation -cp /mnt/c/Users/fujiwara yuma/evaluation/ALL/jitwatch/workingDir/core/target/classes:/mnt/c/Users/fujiwara yuma/evaluation/ALL/jitwatch/workingDir/core/../lib/hamcrest-core-1.3.jar:/mnt/c/Users/fujiwara yuma/evaluation/ALL/jitwatch/workingDir/core/../lib/junit-4.8.2.jar:/mnt/c/Users/fujiwara yuma/evaluation/ALL/jitwatch/workingDir/core/../lib/logback-classic-1.1.2.jar:/mnt/c/Users/fujiwara yuma/evaluation/ALL/jitwatch/workingDir/core/../lib/logback-core-1.1.2.jar:/mnt/c/Users/fujiwara yuma/evaluation/ALL/jitwatch/workingDir/core/../lib/slf4j-api-1.7.7.jar org.adoptopenjdk.jitwatch.demo.MakeHotSpotLog 
[ERROR] Tests run: 1, Failures: 1, Errors: 0, Skipped: 0, Time elapsed: 0.036 s <<< FAILURE! - in org.adoptopenjdk.jitwatch.test.TestExecutionUtil
[ERROR] testExecuteDemo(org.adoptopenjdk.jitwatch.test.TestExecutionUtil)  Time elapsed: 0.036 s  <<< FAILURE!
java.lang.AssertionError
	at org.adoptopenjdk.jitwatch.test.TestExecutionUtil.testExecuteDemo(TestExecutionUtil.java:78)

[INFO] Running org.adoptopenjdk.jitwatch.test.TestHisto
[INFO] Tests run: 1, Failures: 0, Errors: 0, Skipped: 0, Time elapsed: 0 s - in org.adoptopenjdk.jitwatch.test.TestHisto
[INFO] Running org.adoptopenjdk.jitwatch.test.TestInnerClassRelationship
[INFO] Tests run: 2, Failures: 0, Errors: 0, Skipped: 0, Time elapsed: 0 s - in org.adoptopenjdk.jitwatch.test.TestInnerClassRelationship
[INFO] Running org.adoptopenjdk.jitwatch.test.TestIntrinsicFinder
[INFO] Tests run: 2, Failures: 0, Errors: 0, Skipped: 0, Time elapsed: 0.011 s - in org.adoptopenjdk.jitwatch.test.TestIntrinsicFinder
[INFO] Running org.adoptopenjdk.jitwatch.test.TestJ9Parser
[INFO] Tests run: 3, Failures: 0, Errors: 0, Skipped: 0, Time elapsed: 0 s - in org.adoptopenjdk.jitwatch.test.TestJ9Parser
[INFO] Running org.adoptopenjdk.jitwatch.test.TestJarScan
[INFO] Tests run: 8, Failures: 0, Errors: 0, Skipped: 0, Time elapsed: 0 s - in org.adoptopenjdk.jitwatch.test.TestJarScan
[INFO] Running org.adoptopenjdk.jitwatch.test.TestJITWatchConfig
[INFO] Tests run: 4, Failures: 0, Errors: 0, Skipped: 0, Time elapsed: 0.036 s - in org.adoptopenjdk.jitwatch.test.TestJITWatchConfig
[INFO] Running org.adoptopenjdk.jitwatch.test.TestLineTable
[INFO] Tests run: 4, Failures: 0, Errors: 0, Skipped: 0, Time elapsed: 0.001 s - in org.adoptopenjdk.jitwatch.test.TestLineTable
[INFO] Running org.adoptopenjdk.jitwatch.test.TestLocales
[INFO] Tests run: 2, Failures: 0, Errors: 0, Skipped: 0, Time elapsed: 0.005 s - in org.adoptopenjdk.jitwatch.test.TestLocales
[INFO] Running org.adoptopenjdk.jitwatch.test.TestLogSplitting
[INFO] Tests run: 3, Failures: 0, Errors: 0, Skipped: 0, Time elapsed: 0.041 s - in org.adoptopenjdk.jitwatch.test.TestLogSplitting
[INFO] Running org.adoptopenjdk.jitwatch.test.TestMemberBytecode
[INFO] Tests run: 2, Failures: 0, Errors: 0, Skipped: 0, Time elapsed: 0 s - in org.adoptopenjdk.jitwatch.test.TestMemberBytecode
[INFO] Running org.adoptopenjdk.jitwatch.test.TestMemberSignatureParts
[INFO] Tests run: 17, Failures: 0, Errors: 0, Skipped: 0, Time elapsed: 0.001 s - in org.adoptopenjdk.jitwatch.test.TestMemberSignatureParts
[INFO] Running org.adoptopenjdk.jitwatch.test.TestMetaClass
[INFO] Tests run: 14, Failures: 0, Errors: 0, Skipped: 0, Time elapsed: 0.003 s - in org.adoptopenjdk.jitwatch.test.TestMetaClass
[INFO] Running org.adoptopenjdk.jitwatch.test.TestOpcode
[INFO] Tests run: 1, Failures: 0, Errors: 0, Skipped: 0, Time elapsed: 0 s - in org.adoptopenjdk.jitwatch.test.TestOpcode
[INFO] Running org.adoptopenjdk.jitwatch.test.TestPackageManager
[INFO] Tests run: 2, Failures: 0, Errors: 0, Skipped: 0, Time elapsed: 0 s - in org.adoptopenjdk.jitwatch.test.TestPackageManager
[INFO] Running org.adoptopenjdk.jitwatch.test.TestParseUtil
[INFO] Tests run: 53, Failures: 0, Errors: 0, Skipped: 0, Time elapsed: 0.018 s - in org.adoptopenjdk.jitwatch.test.TestParseUtil
[INFO] Running org.adoptopenjdk.jitwatch.test.TestReport
[INFO] Tests run: 2, Failures: 0, Errors: 0, Skipped: 0, Time elapsed: 0 s - in org.adoptopenjdk.jitwatch.test.TestReport
[INFO] Running org.adoptopenjdk.jitwatch.test.TestResourceLoader
[INFO] Tests run: 1, Failures: 0, Errors: 0, Skipped: 0, Time elapsed: 0.088 s - in org.adoptopenjdk.jitwatch.test.TestResourceLoader
[INFO] Running org.adoptopenjdk.jitwatch.test.TestStringUtil
[INFO] Tests run: 3, Failures: 0, Errors: 0, Skipped: 0, Time elapsed: 0.016 s - in org.adoptopenjdk.jitwatch.test.TestStringUtil
[INFO] Running org.adoptopenjdk.jitwatch.test.TestTagProcessor
14:55:23.113 [main] WARN  o.a.j.c.TagProcessor - Found a <fragment> in the HotSpot log. The VM exited before the hotspot log was fully written. JIT information may have been lost.
14:55:23.113 [main] WARN  o.a.j.c.TagProcessor - Found a <fragment> in the HotSpot log. The VM exited before the hotspot log was fully written. JIT information may have been lost.
[INFO] Tests run: 13, Failures: 0, Errors: 0, Skipped: 0, Time elapsed: 0 s - in org.adoptopenjdk.jitwatch.test.TestTagProcessor
[INFO] Running org.adoptopenjdk.jitwatch.test.TestVmVersionDetector
[INFO] Tests run: 1, Failures: 0, Errors: 0, Skipped: 0, Time elapsed: 0 s - in org.adoptopenjdk.jitwatch.test.TestVmVersionDetector
[INFO] Running org.adoptopenjdk.jitwatch.test.TestZingParser
[INFO] Tests run: 10, Failures: 0, Errors: 0, Skipped: 0, Time elapsed: 0 s - in org.adoptopenjdk.jitwatch.test.TestZingParser
[INFO] 
[INFO] Results:
[INFO] 
[ERROR] Failures: 
[ERROR]   TestExecutionUtil.testExecuteDemo:78
[INFO] 
[ERROR] Tests run: 251, Failures: 1, Errors: 0, Skipped: 0
[INFO] 
[INFO] ------------------------------------------------------------------------
[INFO] BUILD FAILURE
[INFO] ------------------------------------------------------------------------
[INFO] Total time:  37.979 s
[INFO] Finished at: 2023-12-14T14:55:23+09:00
[INFO] ------------------------------------------------------------------------
[ERROR] Failed to execute goal org.apache.maven.plugins:maven-surefire-plugin:2.20:test (default-test) on project jitwatch-core: There are test failures.
[ERROR] 
[ERROR] Please refer to /mnt/c/Users/fujiwara yuma/evaluation/ALL/jitwatch/workingDir/core/target/surefire-reports for the individual test results.
[ERROR] Please refer to dump files (if any exist) [date]-jvmRun[N].dump, [date].dumpstream and [date]-jvmRun[N].dumpstream.
[ERROR] -> [Help 1]
[ERROR] 
[ERROR] To see the full stack trace of the errors, re-run Maven with the -e switch.
[ERROR] Re-run Maven using the -X switch to enable full debug logging.
[ERROR] 
[ERROR] For more information about the errors and possible solutions, please read the following articles:
[ERROR] [Help 1] http://cwiki.apache.org/confluence/display/MAVEN/MojoFailureException
