[INFO] Scanning for projects...
[INFO] Inspecting build with total of 1 modules...
[INFO] Installing Nexus Staging features:
[INFO]   ... total of 1 executions of maven-deploy-plugin replaced with nexus-staging-maven-plugin
[INFO] 
[INFO] ------< com.fasterxml.jackson.dataformat:jackson-dataformat-xml >-------
[INFO] Building Jackson-dataformat-XML 2.15.0-SNAPSHOT
[INFO] --------------------------------[ jar ]---------------------------------
[INFO] 
[INFO] --- maven-enforcer-plugin:3.2.1:enforce (enforce-java) @ jackson-dataformat-xml ---
[INFO] Rule 0: org.apache.maven.enforcer.rules.version.RequireJavaVersion passed
[INFO] Rule 1: org.apache.maven.enforcer.rules.version.RequireMavenVersion passed
[INFO] Rule 2: org.apache.maven.enforcer.rules.RequirePluginVersions passed
[INFO] 
[INFO] --- jacoco-maven-plugin:0.8.8:prepare-agent (default) @ jackson-dataformat-xml ---
[INFO] argLine set to "-javaagent:/home/ym-fujwr/.m2/repository/org/jacoco/org.jacoco.agent/0.8.8/org.jacoco.agent-0.8.8-runtime.jar=destfile=/mnt/c/Users/fujiwara yuma/evaluation/rts-trace2/jacksonXML/workingDir/target/jacoco.exec"
[INFO] 
[INFO] --- build-helper-maven-plugin:3.3.0:add-source (add-generated-sources) @ jackson-dataformat-xml ---
[INFO] Source directory: /mnt/c/Users/fujiwara yuma/evaluation/rts-trace2/jacksonXML/workingDir/target/generated-sources added.
[INFO] 
[INFO] --- replacer:1.5.3:replace (process-packageVersion) @ jackson-dataformat-xml ---
[INFO] Replacement run on 1 file.
[INFO] 
[INFO] --- build-helper-maven-plugin:3.3.0:add-resource (add-resource) @ jackson-dataformat-xml ---
[INFO] 
[INFO] --- maven-resources-plugin:3.3.0:resources (default-resources) @ jackson-dataformat-xml ---
[INFO] Copying 4 resources
[INFO] Copying 1 resource to META-INF
[INFO] 
[INFO] --- maven-compiler-plugin:3.10.1:compile (default-compile) @ jackson-dataformat-xml ---
[INFO] Changes detected - recompiling the module!
[INFO] Compiling 43 source files to /mnt/c/Users/fujiwara yuma/evaluation/rts-trace2/jacksonXML/workingDir/target/classes
[WARNING] bootstrap class path not set in conjunction with -source 8
[INFO] 
[INFO] --- maven-bundle-plugin:5.1.8:manifest (bundle-manifest) @ jackson-dataformat-xml ---
[INFO] Writing manifest: /mnt/c/Users/fujiwara yuma/evaluation/rts-trace2/jacksonXML/workingDir/target/classes/META-INF/MANIFEST.MF
[INFO] 
[INFO] --- maven-resources-plugin:3.3.0:testResources (default-testResources) @ jackson-dataformat-xml ---
[INFO] Copying 2 resources
[INFO] 
[INFO] --- maven-compiler-plugin:3.10.1:testCompile (default-testCompile) @ jackson-dataformat-xml ---
[INFO] Changes detected - recompiling the module!
[INFO] Compiling 135 source files to /mnt/c/Users/fujiwara yuma/evaluation/rts-trace2/jacksonXML/workingDir/target/test-classes
[WARNING] bootstrap class path not set in conjunction with -source 8
[INFO] 
[INFO] --- maven-surefire-plugin:3.0.0-M9:test (default-test) @ jackson-dataformat-xml ---
[INFO] Using auto detected provider org.apache.maven.surefire.junit4.JUnit4Provider
[INFO] 
[INFO] -------------------------------------------------------
[INFO]  T E S T S
[INFO] -------------------------------------------------------
[INFO] Running com.fasterxml.jackson.dataformat.xml.adapters.TestIssue47Attribute
[INFO] Tests run: 1, Failures: 0, Errors: 0, Skipped: 0, Time elapsed: 2.941 s - in com.fasterxml.jackson.dataformat.xml.adapters.TestIssue47Attribute
[INFO] Running com.fasterxml.jackson.dataformat.xml.deser.builder.BuilderSimpleTest
[INFO] Tests run: 9, Failures: 0, Errors: 0, Skipped: 0, Time elapsed: 0.212 s - in com.fasterxml.jackson.dataformat.xml.deser.builder.BuilderSimpleTest
[INFO] Running com.fasterxml.jackson.dataformat.xml.deser.builder.BuilderWithXmlText345Test
[INFO] Tests run: 1, Failures: 0, Errors: 0, Skipped: 0, Time elapsed: 0.12 s - in com.fasterxml.jackson.dataformat.xml.deser.builder.BuilderWithXmlText345Test
[INFO] Running com.fasterxml.jackson.dataformat.xml.deser.CaseInsensitiveDeserTest
[INFO] Tests run: 2, Failures: 0, Errors: 0, Skipped: 0, Time elapsed: 0.08 s - in com.fasterxml.jackson.dataformat.xml.deser.CaseInsensitiveDeserTest
[INFO] Running com.fasterxml.jackson.dataformat.xml.deser.CoerceFromEmptyStringTest
[INFO] Tests run: 5, Failures: 0, Errors: 0, Skipped: 0, Time elapsed: 0.141 s - in com.fasterxml.jackson.dataformat.xml.deser.CoerceFromEmptyStringTest
[INFO] Running com.fasterxml.jackson.dataformat.xml.deser.convert.CoerceStringToIntsTest
[INFO] Tests run: 6, Failures: 0, Errors: 0, Skipped: 0, Time elapsed: 0.093 s - in com.fasterxml.jackson.dataformat.xml.deser.convert.CoerceStringToIntsTest
[INFO] Running com.fasterxml.jackson.dataformat.xml.deser.convert.CoerceToBooleanTest
[INFO] Tests run: 3, Failures: 0, Errors: 0, Skipped: 0, Time elapsed: 0.035 s - in com.fasterxml.jackson.dataformat.xml.deser.convert.CoerceToBooleanTest
[INFO] Running com.fasterxml.jackson.dataformat.xml.deser.creator.NestedSingleArgCtors547Test
[INFO] Tests run: 2, Failures: 0, Errors: 0, Skipped: 0, Time elapsed: 0.031 s - in com.fasterxml.jackson.dataformat.xml.deser.creator.NestedSingleArgCtors547Test
[INFO] Running com.fasterxml.jackson.dataformat.xml.deser.creator.NoArgCtorDeser491Test
[INFO] Tests run: 1, Failures: 0, Errors: 0, Skipped: 0, Time elapsed: 0.047 s - in com.fasterxml.jackson.dataformat.xml.deser.creator.NoArgCtorDeser491Test
[INFO] Running com.fasterxml.jackson.dataformat.xml.deser.creator.PojoWithCreatorRequired538Test
[INFO] Tests run: 1, Failures: 0, Errors: 0, Skipped: 0, Time elapsed: 0.007 s - in com.fasterxml.jackson.dataformat.xml.deser.creator.PojoWithCreatorRequired538Test
[INFO] Running com.fasterxml.jackson.dataformat.xml.deser.DefaultTyping325Test
[INFO] Tests run: 1, Failures: 0, Errors: 0, Skipped: 0, Time elapsed: 0.089 s - in com.fasterxml.jackson.dataformat.xml.deser.DefaultTyping325Test
[INFO] Running com.fasterxml.jackson.dataformat.xml.deser.DelegatingCreator254Test
[INFO] Tests run: 1, Failures: 0, Errors: 0, Skipped: 0, Time elapsed: 0.004 s - in com.fasterxml.jackson.dataformat.xml.deser.DelegatingCreator254Test
[INFO] Running com.fasterxml.jackson.dataformat.xml.deser.DeserErrorHandling236Test
[INFO] Tests run: 1, Failures: 0, Errors: 0, Skipped: 0, Time elapsed: 0.011 s - in com.fasterxml.jackson.dataformat.xml.deser.DeserErrorHandling236Test
[INFO] Running com.fasterxml.jackson.dataformat.xml.deser.ElementWithScalarAndAttr412Test
[INFO] Tests run: 7, Failures: 0, Errors: 0, Skipped: 0, Time elapsed: 0.074 s - in com.fasterxml.jackson.dataformat.xml.deser.ElementWithScalarAndAttr412Test
[INFO] Running com.fasterxml.jackson.dataformat.xml.deser.EmptyBeanDeser318Test
[INFO] Tests run: 5, Failures: 0, Errors: 0, Skipped: 0, Time elapsed: 0.031 s - in com.fasterxml.jackson.dataformat.xml.deser.EmptyBeanDeser318Test
[INFO] Running com.fasterxml.jackson.dataformat.xml.deser.EmptyStringValueTest
[INFO] Tests run: 5, Failures: 0, Errors: 0, Skipped: 0, Time elapsed: 0.053 s - in com.fasterxml.jackson.dataformat.xml.deser.EmptyStringValueTest
[INFO] Running com.fasterxml.jackson.dataformat.xml.deser.EmptyWithScalarsTest
[INFO] Tests run: 6, Failures: 0, Errors: 0, Skipped: 0, Time elapsed: 0.049 s - in com.fasterxml.jackson.dataformat.xml.deser.EmptyWithScalarsTest
[INFO] Running com.fasterxml.jackson.dataformat.xml.deser.EnumDeserTest
[INFO] Tests run: 2, Failures: 0, Errors: 0, Skipped: 0, Time elapsed: 0.028 s - in com.fasterxml.jackson.dataformat.xml.deser.EnumDeserTest
[INFO] Running com.fasterxml.jackson.dataformat.xml.deser.ExceptionDeserializationTest
[INFO] Tests run: 1, Failures: 0, Errors: 0, Skipped: 0, Time elapsed: 0.038 s - in com.fasterxml.jackson.dataformat.xml.deser.ExceptionDeserializationTest
[INFO] Running com.fasterxml.jackson.dataformat.xml.deser.Issue274PropertyNameTest
[INFO] Tests run: 1, Failures: 0, Errors: 0, Skipped: 0, Time elapsed: 0.012 s - in com.fasterxml.jackson.dataformat.xml.deser.Issue274PropertyNameTest
[INFO] Running com.fasterxml.jackson.dataformat.xml.deser.MapDeserializationTest
[INFO] Tests run: 1, Failures: 0, Errors: 0, Skipped: 0, Time elapsed: 0.001 s - in com.fasterxml.jackson.dataformat.xml.deser.MapDeserializationTest
[INFO] Running com.fasterxml.jackson.dataformat.xml.deser.MapWithDupsDeser498Test
[INFO] Tests run: 1, Failures: 0, Errors: 0, Skipped: 0, Time elapsed: 0.005 s - in com.fasterxml.jackson.dataformat.xml.deser.MapWithDupsDeser498Test
[INFO] Running com.fasterxml.jackson.dataformat.xml.deser.NonNamespaceAwareDeser422Test
[INFO] Tests run: 1, Failures: 0, Errors: 0, Skipped: 0, Time elapsed: 0.017 s - in com.fasterxml.jackson.dataformat.xml.deser.NonNamespaceAwareDeser422Test
[INFO] Running com.fasterxml.jackson.dataformat.xml.deser.NullConversionsSkipTest
[INFO] Tests run: 5, Failures: 0, Errors: 0, Skipped: 0, Time elapsed: 0.039 s - in com.fasterxml.jackson.dataformat.xml.deser.NullConversionsSkipTest
[INFO] Running com.fasterxml.jackson.dataformat.xml.deser.NumberDeserWithXMLTest
[INFO] Tests run: 6, Failures: 0, Errors: 0, Skipped: 0, Time elapsed: 0.089 s - in com.fasterxml.jackson.dataformat.xml.deser.NumberDeserWithXMLTest
[INFO] Running com.fasterxml.jackson.dataformat.xml.deser.RootValueDeserTest
[INFO] Tests run: 1, Failures: 0, Errors: 0, Skipped: 0, Time elapsed: 0.013 s - in com.fasterxml.jackson.dataformat.xml.deser.RootValueDeserTest
[INFO] Running com.fasterxml.jackson.dataformat.xml.deser.SimpleStringValuesTest
[INFO] Tests run: 7, Failures: 0, Errors: 0, Skipped: 0, Time elapsed: 0.039 s - in com.fasterxml.jackson.dataformat.xml.deser.SimpleStringValuesTest
[INFO] Running com.fasterxml.jackson.dataformat.xml.deser.TestBinaryData
[INFO] Tests run: 1, Failures: 0, Errors: 0, Skipped: 0, Time elapsed: 0.029 s - in com.fasterxml.jackson.dataformat.xml.deser.TestBinaryData
[INFO] Running com.fasterxml.jackson.dataformat.xml.deser.TestDeserialization
[INFO] Tests run: 5, Failures: 0, Errors: 0, Skipped: 0, Time elapsed: 0.094 s - in com.fasterxml.jackson.dataformat.xml.deser.TestDeserialization
[INFO] Running com.fasterxml.jackson.dataformat.xml.deser.TestViews
[INFO] Tests run: 1, Failures: 0, Errors: 0, Skipped: 0, Time elapsed: 0.023 s - in com.fasterxml.jackson.dataformat.xml.deser.TestViews
[INFO] Running com.fasterxml.jackson.dataformat.xml.deser.TypeAttributeOrder242Test
[INFO] Tests run: 1, Failures: 0, Errors: 0, Skipped: 0, Time elapsed: 0.02 s - in com.fasterxml.jackson.dataformat.xml.deser.TypeAttributeOrder242Test
[INFO] Running com.fasterxml.jackson.dataformat.xml.deser.UntypedObjectDeserTest
[INFO] Tests run: 3, Failures: 0, Errors: 0, Skipped: 0, Time elapsed: 0.039 s - in com.fasterxml.jackson.dataformat.xml.deser.UntypedObjectDeserTest
[INFO] Running com.fasterxml.jackson.dataformat.xml.deser.XsiNilBasicTest
[INFO] Tests run: 8, Failures: 0, Errors: 0, Skipped: 0, Time elapsed: 0.047 s - in com.fasterxml.jackson.dataformat.xml.deser.XsiNilBasicTest
[INFO] Running com.fasterxml.jackson.dataformat.xml.deser.XsiNilForStringsTest
[INFO] Tests run: 2, Failures: 0, Errors: 0, Skipped: 0, Time elapsed: 0.005 s - in com.fasterxml.jackson.dataformat.xml.deser.XsiNilForStringsTest
[INFO] Running com.fasterxml.jackson.dataformat.xml.deser.XsiNilNestingTest
[INFO] Tests run: 1, Failures: 0, Errors: 0, Skipped: 0, Time elapsed: 0.01 s - in com.fasterxml.jackson.dataformat.xml.deser.XsiNilNestingTest
[INFO] Running com.fasterxml.jackson.dataformat.xml.failing.PolymorphicList576Test
[ERROR] Tests run: 2, Failures: 2, Errors: 0, Skipped: 0, Time elapsed: 0.043 s <<< FAILURE! - in com.fasterxml.jackson.dataformat.xml.failing.PolymorphicList576Test
[ERROR] com.fasterxml.jackson.dataformat.xml.failing.PolymorphicList576Test.test_2itemsInObject_expect_2itemsInObjectAfterRoundTripDeserializationToBaseClass  Time elapsed: 0.038 s  <<< FAILURE!
junit.framework.AssertionFailedError: expected:<2> but was:<1>
	at junit.framework.Assert.fail(Assert.java:57)
	at junit.framework.Assert.failNotEquals(Assert.java:329)
	at junit.framework.Assert.assertEquals(Assert.java:78)
	at junit.framework.Assert.assertEquals(Assert.java:234)
	at junit.framework.Assert.assertEquals(Assert.java:241)
	at junit.framework.TestCase.assertEquals(TestCase.java:384)
	at com.fasterxml.jackson.dataformat.xml.failing.PolymorphicList576Test.test_2itemsInObject_expect_2itemsInObjectAfterRoundTripDeserializationToBaseClass(PolymorphicList576Test.java:116)
	at java.base/jdk.internal.reflect.NativeMethodAccessorImpl.invoke0(Native Method)
	at java.base/jdk.internal.reflect.NativeMethodAccessorImpl.invoke(NativeMethodAccessorImpl.java:77)
	at java.base/jdk.internal.reflect.DelegatingMethodAccessorImpl.invoke(DelegatingMethodAccessorImpl.java:43)
	at java.base/java.lang.reflect.Method.invoke(Method.java:568)
	at junit.framework.TestCase.runTest(TestCase.java:177)
	at junit.framework.TestCase.runBare(TestCase.java:142)
	at junit.framework.TestResult$1.protect(TestResult.java:122)
	at junit.framework.TestResult.runProtected(TestResult.java:142)
	at junit.framework.TestResult.run(TestResult.java:125)
	at junit.framework.TestCase.run(TestCase.java:130)
	at junit.framework.TestSuite.runTest(TestSuite.java:241)
	at junit.framework.TestSuite.run(TestSuite.java:236)
	at org.junit.internal.runners.JUnit38ClassRunner.run(JUnit38ClassRunner.java:90)
	at org.apache.maven.surefire.junit4.JUnit4Provider.execute(JUnit4Provider.java:377)
	at org.apache.maven.surefire.junit4.JUnit4Provider.executeWithRerun(JUnit4Provider.java:284)
	at org.apache.maven.surefire.junit4.JUnit4Provider.executeTestSet(JUnit4Provider.java:248)
	at org.apache.maven.surefire.junit4.JUnit4Provider.invoke(JUnit4Provider.java:167)
	at org.apache.maven.surefire.booter.ForkedBooter.runSuitesInProcess(ForkedBooter.java:456)
	at org.apache.maven.surefire.booter.ForkedBooter.execute(ForkedBooter.java:169)
	at org.apache.maven.surefire.booter.ForkedBooter.run(ForkedBooter.java:595)
	at org.apache.maven.surefire.booter.ForkedBooter.main(ForkedBooter.java:581)

[ERROR] com.fasterxml.jackson.dataformat.xml.failing.PolymorphicList576Test.test_3itemsInXml_expect_3itemsInDeserializedObject  Time elapsed: 0.005 s  <<< FAILURE!
junit.framework.AssertionFailedError: expected:<3> but was:<2>
	at junit.framework.Assert.fail(Assert.java:57)
	at junit.framework.Assert.failNotEquals(Assert.java:329)
	at junit.framework.Assert.assertEquals(Assert.java:78)
	at junit.framework.Assert.assertEquals(Assert.java:234)
	at junit.framework.Assert.assertEquals(Assert.java:241)
	at junit.framework.TestCase.assertEquals(TestCase.java:384)
	at com.fasterxml.jackson.dataformat.xml.failing.PolymorphicList576Test.test_3itemsInXml_expect_3itemsInDeserializedObject(PolymorphicList576Test.java:104)
	at java.base/jdk.internal.reflect.NativeMethodAccessorImpl.invoke0(Native Method)
	at java.base/jdk.internal.reflect.NativeMethodAccessorImpl.invoke(NativeMethodAccessorImpl.java:77)
	at java.base/jdk.internal.reflect.DelegatingMethodAccessorImpl.invoke(DelegatingMethodAccessorImpl.java:43)
	at java.base/java.lang.reflect.Method.invoke(Method.java:568)
	at junit.framework.TestCase.runTest(TestCase.java:177)
	at junit.framework.TestCase.runBare(TestCase.java:142)
	at junit.framework.TestResult$1.protect(TestResult.java:122)
	at junit.framework.TestResult.runProtected(TestResult.java:142)
	at junit.framework.TestResult.run(TestResult.java:125)
	at junit.framework.TestCase.run(TestCase.java:130)
	at junit.framework.TestSuite.runTest(TestSuite.java:241)
	at junit.framework.TestSuite.run(TestSuite.java:236)
	at org.junit.internal.runners.JUnit38ClassRunner.run(JUnit38ClassRunner.java:90)
	at org.apache.maven.surefire.junit4.JUnit4Provider.execute(JUnit4Provider.java:377)
	at org.apache.maven.surefire.junit4.JUnit4Provider.executeWithRerun(JUnit4Provider.java:284)
	at org.apache.maven.surefire.junit4.JUnit4Provider.executeTestSet(JUnit4Provider.java:248)
	at org.apache.maven.surefire.junit4.JUnit4Provider.invoke(JUnit4Provider.java:167)
	at org.apache.maven.surefire.booter.ForkedBooter.runSuitesInProcess(ForkedBooter.java:456)
	at org.apache.maven.surefire.booter.ForkedBooter.execute(ForkedBooter.java:169)
	at org.apache.maven.surefire.booter.ForkedBooter.run(ForkedBooter.java:595)
	at org.apache.maven.surefire.booter.ForkedBooter.main(ForkedBooter.java:581)

[INFO] Running com.fasterxml.jackson.dataformat.xml.fuzz.Fuzz465_32906_CDataReadTest
[INFO] Tests run: 1, Failures: 0, Errors: 0, Skipped: 0, Time elapsed: 0.001 s - in com.fasterxml.jackson.dataformat.xml.fuzz.Fuzz465_32906_CDataReadTest
[INFO] Running com.fasterxml.jackson.dataformat.xml.fuzz.FuzzXXX_32969_UTF32Test
[INFO] Tests run: 1, Failures: 0, Errors: 0, Skipped: 0, Time elapsed: 0 s - in com.fasterxml.jackson.dataformat.xml.fuzz.FuzzXXX_32969_UTF32Test
[INFO] Running com.fasterxml.jackson.dataformat.xml.incr.PartialReadTest
[INFO] Tests run: 1, Failures: 0, Errors: 0, Skipped: 0, Time elapsed: 0 s - in com.fasterxml.jackson.dataformat.xml.incr.PartialReadTest
[INFO] Running com.fasterxml.jackson.dataformat.xml.interop.NonWoodstoxStaxImpl482Test
[INFO] Tests run: 2, Failures: 0, Errors: 0, Skipped: 0, Time elapsed: 0.059 s - in com.fasterxml.jackson.dataformat.xml.interop.NonWoodstoxStaxImpl482Test
[INFO] Running com.fasterxml.jackson.dataformat.xml.jaxb.BuilderWithJAXB291Test
[INFO] Tests run: 1, Failures: 0, Errors: 0, Skipped: 0, Time elapsed: 0.066 s - in com.fasterxml.jackson.dataformat.xml.jaxb.BuilderWithJAXB291Test
[INFO] Running com.fasterxml.jackson.dataformat.xml.jaxb.JAXBObjectId170Test
[INFO] Tests run: 1, Failures: 0, Errors: 0, Skipped: 0, Time elapsed: 0.05 s - in com.fasterxml.jackson.dataformat.xml.jaxb.JAXBObjectId170Test
[INFO] Running com.fasterxml.jackson.dataformat.xml.jaxb.WithJAXBAnnotationsTest
[INFO] Tests run: 1, Failures: 0, Errors: 0, Skipped: 0, Time elapsed: 0.007 s - in com.fasterxml.jackson.dataformat.xml.jaxb.WithJAXBAnnotationsTest
[INFO] Running com.fasterxml.jackson.dataformat.xml.lists.DeserializePolyList178Test
[INFO] Tests run: 1, Failures: 0, Errors: 0, Skipped: 0, Time elapsed: 0.024 s - in com.fasterxml.jackson.dataformat.xml.lists.DeserializePolyList178Test
[INFO] Running com.fasterxml.jackson.dataformat.xml.lists.EmptyListDeserTest
[INFO] Tests run: 5, Failures: 0, Errors: 0, Skipped: 0, Time elapsed: 0.051 s - in com.fasterxml.jackson.dataformat.xml.lists.EmptyListDeserTest
[INFO] Running com.fasterxml.jackson.dataformat.xml.lists.Issue101UnwrappedListAttributesTest
[INFO] Tests run: 1, Failures: 0, Errors: 0, Skipped: 0, Time elapsed: 0.011 s - in com.fasterxml.jackson.dataformat.xml.lists.Issue101UnwrappedListAttributesTest
[INFO] Running com.fasterxml.jackson.dataformat.xml.lists.ListAnnotationSharingTest
[INFO] Tests run: 1, Failures: 0, Errors: 0, Skipped: 0, Time elapsed: 0.027 s - in com.fasterxml.jackson.dataformat.xml.lists.ListAnnotationSharingTest
[INFO] Running com.fasterxml.jackson.dataformat.xml.lists.ListDeser393Test
[INFO] Tests run: 1, Failures: 0, Errors: 0, Skipped: 0, Time elapsed: 0.005 s - in com.fasterxml.jackson.dataformat.xml.lists.ListDeser393Test
[INFO] Running com.fasterxml.jackson.dataformat.xml.lists.ListDeser399Test
[INFO] Tests run: 1, Failures: 0, Errors: 0, Skipped: 0, Time elapsed: 0.008 s - in com.fasterxml.jackson.dataformat.xml.lists.ListDeser399Test
[INFO] Running com.fasterxml.jackson.dataformat.xml.lists.ListDeser469Test
[INFO] Tests run: 2, Failures: 0, Errors: 0, Skipped: 0, Time elapsed: 0.044 s - in com.fasterxml.jackson.dataformat.xml.lists.ListDeser469Test
[INFO] Running com.fasterxml.jackson.dataformat.xml.lists.ListDeserializationTest
[INFO] Tests run: 11, Failures: 0, Errors: 0, Skipped: 0, Time elapsed: 0.157 s - in com.fasterxml.jackson.dataformat.xml.lists.ListDeserializationTest
[INFO] Running com.fasterxml.jackson.dataformat.xml.lists.ListRoundtripTest
[INFO] Tests run: 3, Failures: 0, Errors: 0, Skipped: 0, Time elapsed: 0.048 s - in com.fasterxml.jackson.dataformat.xml.lists.ListRoundtripTest
[INFO] Running com.fasterxml.jackson.dataformat.xml.lists.ListWithAttributesDeserTest
[INFO] Tests run: 8, Failures: 0, Errors: 0, Skipped: 0, Time elapsed: 0.122 s - in com.fasterxml.jackson.dataformat.xml.lists.ListWithAttributesDeserTest
[INFO] Running com.fasterxml.jackson.dataformat.xml.lists.NestedUnwrappedLists180Test
[INFO] Tests run: 1, Failures: 0, Errors: 0, Skipped: 0, Time elapsed: 0.015 s - in com.fasterxml.jackson.dataformat.xml.lists.NestedUnwrappedLists180Test
[INFO] Running com.fasterxml.jackson.dataformat.xml.lists.NestedUnwrappedLists86Test
[INFO] Tests run: 1, Failures: 0, Errors: 0, Skipped: 0, Time elapsed: 0.021 s - in com.fasterxml.jackson.dataformat.xml.lists.NestedUnwrappedLists86Test
[INFO] Running com.fasterxml.jackson.dataformat.xml.lists.NestedUnwrappedListsTest
[INFO] Tests run: 5, Failures: 0, Errors: 0, Skipped: 0, Time elapsed: 0.03 s - in com.fasterxml.jackson.dataformat.xml.lists.NestedUnwrappedListsTest
[INFO] Running com.fasterxml.jackson.dataformat.xml.lists.PolymorphicList97Test
[INFO] Tests run: 2, Failures: 0, Errors: 0, Skipped: 0, Time elapsed: 0.026 s - in com.fasterxml.jackson.dataformat.xml.lists.PolymorphicList97Test
[INFO] Running com.fasterxml.jackson.dataformat.xml.lists.RootListHandlingTest
[INFO] Tests run: 2, Failures: 0, Errors: 0, Skipped: 0, Time elapsed: 0.031 s - in com.fasterxml.jackson.dataformat.xml.lists.RootListHandlingTest
[INFO] Running com.fasterxml.jackson.dataformat.xml.lists.UnwrappedListsTest
[INFO] Tests run: 5, Failures: 0, Errors: 0, Skipped: 0, Time elapsed: 0.051 s - in com.fasterxml.jackson.dataformat.xml.lists.UnwrappedListsTest
[INFO] Running com.fasterxml.jackson.dataformat.xml.lists.UnwrappedListWithEmptyCData129Test
[INFO] Tests run: 1, Failures: 0, Errors: 0, Skipped: 0, Time elapsed: 0.003 s - in com.fasterxml.jackson.dataformat.xml.lists.UnwrappedListWithEmptyCData129Test
[INFO] Running com.fasterxml.jackson.dataformat.xml.lists.UnwrappedPolymorphicList490Test
[INFO] Tests run: 1, Failures: 0, Errors: 0, Skipped: 0, Time elapsed: 0.009 s - in com.fasterxml.jackson.dataformat.xml.lists.UnwrappedPolymorphicList490Test
[INFO] Running com.fasterxml.jackson.dataformat.xml.misc.ArrayConversionsTest
[INFO] Tests run: 1, Failures: 0, Errors: 0, Skipped: 0, Time elapsed: 0.026 s - in com.fasterxml.jackson.dataformat.xml.misc.ArrayConversionsTest
[INFO] Running com.fasterxml.jackson.dataformat.xml.misc.BadEncodingTest
[INFO] Tests run: 1, Failures: 0, Errors: 0, Skipped: 0, Time elapsed: 0.001 s - in com.fasterxml.jackson.dataformat.xml.misc.BadEncodingTest
[INFO] Running com.fasterxml.jackson.dataformat.xml.misc.DTDSupportTest
[INFO] Tests run: 1, Failures: 0, Errors: 0, Skipped: 0, Time elapsed: 0 s - in com.fasterxml.jackson.dataformat.xml.misc.DTDSupportTest
[INFO] Running com.fasterxml.jackson.dataformat.xml.misc.ObjectId104Test
[INFO] Tests run: 1, Failures: 0, Errors: 0, Skipped: 0, Time elapsed: 0.014 s - in com.fasterxml.jackson.dataformat.xml.misc.ObjectId104Test
[INFO] Running com.fasterxml.jackson.dataformat.xml.misc.PolymorphicTypesTest
[INFO] Tests run: 4, Failures: 0, Errors: 0, Skipped: 0, Time elapsed: 0.059 s - in com.fasterxml.jackson.dataformat.xml.misc.PolymorphicTypesTest
[INFO] Running com.fasterxml.jackson.dataformat.xml.misc.RootNameWrapping374Test
[INFO] Tests run: 2, Failures: 0, Errors: 0, Skipped: 0, Time elapsed: 0.013 s - in com.fasterxml.jackson.dataformat.xml.misc.RootNameWrapping374Test
[INFO] Running com.fasterxml.jackson.dataformat.xml.misc.StreamingDecoratorsTest
[INFO] Tests run: 1, Failures: 0, Errors: 0, Skipped: 0, Time elapsed: 0.037 s - in com.fasterxml.jackson.dataformat.xml.misc.StreamingDecoratorsTest
[INFO] Running com.fasterxml.jackson.dataformat.xml.misc.TagEscapeTest
[INFO] Tests run: 5, Failures: 0, Errors: 0, Skipped: 0, Time elapsed: 0.092 s - in com.fasterxml.jackson.dataformat.xml.misc.TagEscapeTest
[INFO] Running com.fasterxml.jackson.dataformat.xml.misc.TextValueTest
[INFO] Tests run: 6, Failures: 0, Errors: 0, Skipped: 0, Time elapsed: 0.063 s - in com.fasterxml.jackson.dataformat.xml.misc.TextValueTest
[INFO] Running com.fasterxml.jackson.dataformat.xml.misc.UnwrappingWithXMLTest
[INFO] Tests run: 3, Failures: 0, Errors: 0, Skipped: 0, Time elapsed: 0.052 s - in com.fasterxml.jackson.dataformat.xml.misc.UnwrappingWithXMLTest
[INFO] Running com.fasterxml.jackson.dataformat.xml.misc.XmlTextTest
[INFO] Tests run: 2, Failures: 0, Errors: 0, Skipped: 0, Time elapsed: 0.021 s - in com.fasterxml.jackson.dataformat.xml.misc.XmlTextTest
[INFO] Running com.fasterxml.jackson.dataformat.xml.node.JsonNodeBasicDeserTest
[INFO] Tests run: 3, Failures: 0, Errors: 0, Skipped: 0, Time elapsed: 0.007 s - in com.fasterxml.jackson.dataformat.xml.node.JsonNodeBasicDeserTest
[INFO] Running com.fasterxml.jackson.dataformat.xml.node.JsonNodeMixedContent403Test
[INFO] Tests run: 5, Failures: 0, Errors: 0, Skipped: 0, Time elapsed: 0.016 s - in com.fasterxml.jackson.dataformat.xml.node.JsonNodeMixedContent403Test
[INFO] Running com.fasterxml.jackson.dataformat.xml.RoundtripContentTest
[INFO] Tests run: 1, Failures: 0, Errors: 0, Skipped: 0, Time elapsed: 0.115 s - in com.fasterxml.jackson.dataformat.xml.RoundtripContentTest
[INFO] Running com.fasterxml.jackson.dataformat.xml.ser.Base64VariantWriteTest
[INFO] Tests run: 2, Failures: 0, Errors: 0, Skipped: 0, Time elapsed: 0.017 s - in com.fasterxml.jackson.dataformat.xml.ser.Base64VariantWriteTest
[INFO] Running com.fasterxml.jackson.dataformat.xml.ser.EmptyPolymorphicTest
[INFO] Tests run: 1, Failures: 0, Errors: 0, Skipped: 0, Time elapsed: 0.025 s - in com.fasterxml.jackson.dataformat.xml.ser.EmptyPolymorphicTest
[INFO] Running com.fasterxml.jackson.dataformat.xml.ser.TestJDKSerializability
[INFO] Tests run: 1, Failures: 0, Errors: 0, Skipped: 0, Time elapsed: 0.109 s - in com.fasterxml.jackson.dataformat.xml.ser.TestJDKSerializability
[INFO] Running com.fasterxml.jackson.dataformat.xml.ser.TestSerialization
[INFO] Tests run: 1, Failures: 0, Errors: 0, Skipped: 0, Time elapsed: 0.028 s - in com.fasterxml.jackson.dataformat.xml.ser.TestSerialization
[INFO] Running com.fasterxml.jackson.dataformat.xml.ser.TestSerializerCustom
[INFO] Tests run: 1, Failures: 0, Errors: 0, Skipped: 0, Time elapsed: 0.07 s - in com.fasterxml.jackson.dataformat.xml.ser.TestSerializerCustom
[INFO] Running com.fasterxml.jackson.dataformat.xml.ser.XmlPrettyPrinterTest
[INFO] Tests run: 9, Failures: 0, Errors: 0, Skipped: 0, Time elapsed: 0.078 s - in com.fasterxml.jackson.dataformat.xml.ser.XmlPrettyPrinterTest
[INFO] Running com.fasterxml.jackson.dataformat.xml.ser.XsiNilSerializationTest
[INFO] Tests run: 3, Failures: 0, Errors: 0, Skipped: 0, Time elapsed: 0.01 s - in com.fasterxml.jackson.dataformat.xml.ser.XsiNilSerializationTest
[INFO] Running com.fasterxml.jackson.dataformat.xml.stream.FormatDetectionTest
[INFO] Tests run: 7, Failures: 0, Errors: 0, Skipped: 0, Time elapsed: 0.044 s - in com.fasterxml.jackson.dataformat.xml.stream.FormatDetectionTest
[INFO] Running com.fasterxml.jackson.dataformat.xml.stream.StreamCapabilitiesTest
[INFO] Tests run: 1, Failures: 0, Errors: 0, Skipped: 0, Time elapsed: 0 s - in com.fasterxml.jackson.dataformat.xml.stream.StreamCapabilitiesTest
[INFO] Running com.fasterxml.jackson.dataformat.xml.stream.XmlParser442Test
[INFO] Tests run: 1, Failures: 0, Errors: 0, Skipped: 0, Time elapsed: 0 s - in com.fasterxml.jackson.dataformat.xml.stream.XmlParser442Test
[INFO] Running com.fasterxml.jackson.dataformat.xml.stream.XmlParserNextXxxTest
[INFO] Tests run: 1, Failures: 0, Errors: 0, Skipped: 0, Time elapsed: 0 s - in com.fasterxml.jackson.dataformat.xml.stream.XmlParserNextXxxTest
[INFO] Running com.fasterxml.jackson.dataformat.xml.stream.XmlParserTest
[INFO] Tests run: 10, Failures: 0, Errors: 0, Skipped: 0, Time elapsed: 0.019 s - in com.fasterxml.jackson.dataformat.xml.stream.XmlParserTest
[INFO] 
[INFO] Results:
[INFO] 
[ERROR] Failures: 
[ERROR]   PolymorphicList576Test.test_2itemsInObject_expect_2itemsInObjectAfterRoundTripDeserializationToBaseClass:116 expected:<2> but was:<1>
[ERROR]   PolymorphicList576Test.test_3itemsInXml_expect_3itemsInDeserializedObject:104 expected:<3> but was:<2>
[INFO] 
[ERROR] Tests run: 241, Failures: 2, Errors: 0, Skipped: 0
[INFO] 
[INFO] ------------------------------------------------------------------------
[INFO] BUILD FAILURE
[INFO] ------------------------------------------------------------------------
[INFO] Total time:  22.630 s
[INFO] Finished at: 2024-01-23T17:24:11+09:00
[INFO] ------------------------------------------------------------------------
[ERROR] Failed to execute goal org.apache.maven.plugins:maven-surefire-plugin:3.0.0-M9:test (default-test) on project jackson-dataformat-xml: There are test failures.
[ERROR] 
[ERROR] Please refer to /mnt/c/Users/fujiwara yuma/evaluation/rts-trace2/jacksonXML/workingDir/target/surefire-reports for the individual test results.
[ERROR] Please refer to dump files (if any exist) [date].dump, [date]-jvmRun[N].dump and [date].dumpstream.
[ERROR] -> [Help 1]
[ERROR] 
[ERROR] To see the full stack trace of the errors, re-run Maven with the -e switch.
[ERROR] Re-run Maven using the -X switch to enable full debug logging.
[ERROR] 
[ERROR] For more information about the errors and possible solutions, please read the following articles:
[ERROR] [Help 1] http://cwiki.apache.org/confluence/display/MAVEN/MojoFailureException
